SpinLab Experiment Logfile2023-6-7_18-32-34
2023-06-07 13:32:34.701970 OPEN_ : '' 
2023-06-07 13:32:34.836569 GPIB0::15::INSTR OPEN_ : '' 
2023-06-07 13:32:34.885794 GPIB0::6::INSTR OPEN_ : '' 
2023-06-07 13:32:34.886791 KEPCO BOP 50-8D write : '*CLS' 
2023-06-07 13:32:34.890781 KEPCO BOP 50-8D write : '*RST' 
2023-06-07 13:32:34.892774 KEPCO BOP 50-8D write : 'OUTPUT ON' 
2023-06-07 13:32:34.894769 KEPCO BOP 50-8D write : 'FUNC:MODE CURR' 
2023-06-07 13:32:34.896764 KEPCO BOP 50-8D write : 'VOLT 40.0000' 
2023-06-07 13:32:34.900371 KEPCO BOP 50-8D write : 'CURR 0.0000' 
2023-06-07 13:32:34.949244 ASRL4::INSTR OPEN_ : '' 
2023-06-07 13:32:34.950243 SRS_SR830 write : 'OUTX 0' 
2023-06-07 13:32:34.951239 SRS_SR830 write : 'OVRM 1' 
2023-06-07 13:32:34.952247 KEPCO BOP 50-8D query : 'MEAS:CURR?' 
2023-06-07 13:32:34.984794 KEPCO BOP 50-8D resp  : '-7.33595E0' 
2023-06-07 13:32:34.984794 KEPCO BOP 50-8D query : 'MEAS:VOLT?' 
2023-06-07 13:32:35.015046 KEPCO BOP 50-8D resp  : '-4.84038E1' 
2023-06-07 13:32:35.016050 KEPCO BOP 50-8D query : 'FUNC:MODE?' 
2023-06-07 13:32:35.025056 KEPCO BOP 50-8D resp  : '1' 
2023-06-07 13:32:35.027052 HP 8673G CW Gen query : 'OK' 
2023-06-07 13:32:35.064172 HP 8673G CW Gen resp  : 'FR03000000000HZ' 
2023-06-07 13:32:35.065173 HP 8673G CW Gen query : 'LE OA' 
2023-06-07 13:32:35.076067 HP 8673G CW Gen resp  : 'LE-70.0DM' 
2023-06-07 13:32:35.077065 SRS_SR830 query : 'SENS?' 
2023-06-07 13:32:35.114092 SRS_SR830 resp  : '15' 
2023-06-07 13:32:35.115091 SRS_SR830 query : 'ISRC?' 
2023-06-07 13:32:35.152167 SRS_SR830 resp  : '1' 
2023-06-07 13:32:35.153126 SRS_SR830 query : 'OFLT?' 
2023-06-07 13:32:35.191024 SRS_SR830 resp  : '9' 
2023-06-07 13:32:36.402672 HP 8673G CW Gen write : 'LE -3 DB' 
2023-06-07 13:32:36.408655 HP 8673G CW Gen query : 'MG' 
2023-06-07 13:32:36.417632 HP 8673G CW Gen resp  : '00' 
