SpinLab Experiment Logfile2023-6-6_21-22-1
2023-06-06 16:22:01.006761 OPEN_ : '' 
2023-06-06 16:22:01.121472 GPIB0::15::INSTR OPEN_ : '' 
2023-06-06 16:22:01.138506 GPIB0::6::INSTR OPEN_ : '' 
2023-06-06 16:22:01.140182 KEPCO BOP 50-8D write : '*CLS' 
2023-06-06 16:22:01.141900 KEPCO BOP 50-8D write : '*RST' 
2023-06-06 16:22:01.143898 KEPCO BOP 50-8D write : 'OUTPUT ON' 
2023-06-06 16:22:01.146300 KEPCO BOP 50-8D write : 'FUNC:MODE CURR' 
2023-06-06 16:22:01.148591 KEPCO BOP 50-8D write : 'VOLT 20.0000' 
2023-06-06 16:22:01.151822 KEPCO BOP 50-8D write : 'CURR 0.0000' 
2023-06-06 16:22:01.167143 ASRL4::INSTR OPEN_ : '' 
2023-06-06 16:22:01.168140 SRS_SR830 write : 'OUTX 0' 
2023-06-06 16:22:01.168140 SRS_SR830 write : 'OVRM 1' 
2023-06-06 16:22:01.169138 KEPCO BOP 50-8D query : 'MEAS:CURR?' 
2023-06-06 16:22:01.196135 KEPCO BOP 50-8D resp  : '5.566E-2' 
2023-06-06 16:22:01.196135 KEPCO BOP 50-8D query : 'MEAS:VOLT?' 
2023-06-06 16:22:01.226861 KEPCO BOP 50-8D resp  : '-4.21580E1' 
2023-06-06 16:22:01.226861 KEPCO BOP 50-8D query : 'FUNC:MODE?' 
2023-06-06 16:22:01.233437 KEPCO BOP 50-8D resp  : '1' 
2023-06-06 16:22:01.234441 HP 8673G CW Gen query : 'OK' 
2023-06-06 16:22:01.343536 HP 8673G CW Gen resp  : 'FR03000000000HZ' 
2023-06-06 16:22:01.344534 HP 8673G CW Gen query : 'LE OA' 
2023-06-06 16:22:01.355682 HP 8673G CW Gen resp  : 'LE-70.0DM' 
2023-06-06 16:22:01.356674 SRS_SR830 query : 'SENS?' 
2023-06-06 16:22:01.395357 SRS_SR830 resp  : '15' 
2023-06-06 16:22:01.395357 SRS_SR830 query : 'ISRC?' 
2023-06-06 16:22:01.430295 SRS_SR830 resp  : '1' 
2023-06-06 16:22:01.431292 SRS_SR830 query : 'OFLT?' 
2023-06-06 16:22:01.467185 SRS_SR830 resp  : '9' 
2023-06-06 16:22:02.534576 HP 8673G CW Gen write : 'LE -3 DB' 
2023-06-06 16:22:02.540608 HP 8673G CW Gen query : 'MG' 
2023-06-06 16:22:02.550581 HP 8673G CW Gen resp  : '00' 
2023-06-06 16:22:16.221386 HP 8673G CW Gen write : 'FR 3.0 GZ' 
2023-06-06 16:22:16.229372 HP 8673G CW Gen query : 'MG' 
2023-06-06 16:22:16.236374 HP 8673G CW Gen resp  : '00' 
2023-06-06 16:22:16.337525 KEPCO BOP 50-8D write : 'CURR 0.0448' 
2023-06-06 16:22:16.843583 SRS_SR830 query : 'OUTP? 1' 
2023-06-06 16:22:16.900170 SRS_SR830 resp  : '-3.8788e-005' 
2023-06-06 16:22:16.900170 SRS_SR830 query : 'OUTP? 2' 
2023-06-06 16:22:16.958960 SRS_SR830 resp  : '-2.85209e-005' 
2023-06-06 16:22:17.101720 KEPCO BOP 50-8D write : 'CURR 0.0474' 
2023-06-06 16:22:17.611282 SRS_SR830 query : 'OUTP? 1' 
2023-06-06 16:22:17.671546 SRS_SR830 resp  : '-3.97118e-005' 
2023-06-06 16:22:17.671546 SRS_SR830 query : 'OUTP? 2' 
2023-06-06 16:22:17.728450 SRS_SR830 resp  : '-2.7679e-005' 
2023-06-06 16:22:17.795265 KEPCO BOP 50-8D write : 'CURR 0.0500' 
2023-06-06 16:22:18.300278 SRS_SR830 query : 'OUTP? 1' 
2023-06-06 16:22:18.359101 SRS_SR830 resp  : '-3.97863e-005' 
2023-06-06 16:22:18.359101 SRS_SR830 query : 'OUTP? 2' 
2023-06-06 16:22:18.416855 SRS_SR830 resp  : '-2.66657e-005' 
2023-06-06 16:22:18.469706 KEPCO BOP 50-8D write : 'CURR 0.0525' 
2023-06-06 16:22:18.974998 SRS_SR830 query : 'OUTP? 1' 
2023-06-06 16:22:19.033908 SRS_SR830 resp  : '-3.99055e-005' 
2023-06-06 16:22:19.034907 SRS_SR830 query : 'OUTP? 2' 
2023-06-06 16:22:19.093032 SRS_SR830 resp  : '-2.63081e-005' 
2023-06-06 16:22:19.146892 KEPCO BOP 50-8D write : 'CURR 0.0551' 
2023-06-06 16:22:19.658981 SRS_SR830 query : 'OUTP? 1' 
2023-06-06 16:22:19.716770 SRS_SR830 resp  : '-3.97193e-005' 
2023-06-06 16:22:19.717549 SRS_SR830 query : 'OUTP? 2' 
2023-06-06 16:22:19.773840 SRS_SR830 resp  : '-2.6256e-005' 
2023-06-06 16:22:19.819724 KEPCO BOP 50-8D write : 'CURR 0.0577' 
2023-06-06 16:22:20.332118 SRS_SR830 query : 'OUTP? 1' 
2023-06-06 16:22:20.390501 SRS_SR830 resp  : '-3.9682e-005' 
2023-06-06 16:22:20.391496 SRS_SR830 query : 'OUTP? 2' 
2023-06-06 16:22:20.451334 SRS_SR830 resp  : '-2.56748e-005' 
2023-06-06 16:22:20.525082 KEPCO BOP 50-8D write : 'CURR 0.0602' 
2023-06-06 16:22:21.041663 SRS_SR830 query : 'OUTP? 1' 
2023-06-06 16:22:21.098847 SRS_SR830 resp  : '-3.83335e-005' 
2023-06-06 16:22:21.100850 SRS_SR830 query : 'OUTP? 2' 
2023-06-06 16:22:21.159046 SRS_SR830 resp  : '-2.32906e-005' 
2023-06-06 16:22:21.458289 KEPCO BOP 50-8D write : 'CURR 0.0628' 
2023-06-06 16:22:21.970026 SRS_SR830 query : 'OUTP? 1' 
2023-06-06 16:22:22.029545 SRS_SR830 resp  : '-3.49062e-005' 
2023-06-06 16:22:22.030542 SRS_SR830 query : 'OUTP? 2' 
2023-06-06 16:22:22.089321 SRS_SR830 resp  : '-1.80231e-005' 
2023-06-06 16:22:22.156170 KEPCO BOP 50-8D write : 'CURR 0.0654' 
2023-06-06 16:22:22.663363 SRS_SR830 query : 'OUTP? 1' 
2023-06-06 16:22:22.723130 SRS_SR830 resp  : '-3.76629e-005' 
2023-06-06 16:22:22.724124 SRS_SR830 query : 'OUTP? 2' 
2023-06-06 16:22:22.782696 SRS_SR830 resp  : '-2.02731e-005' 
2023-06-06 16:22:22.826808 KEPCO BOP 50-8D write : 'CURR 0.0679' 
2023-06-06 16:22:23.341843 SRS_SR830 query : 'OUTP? 1' 
2023-06-06 16:22:23.400600 SRS_SR830 resp  : '-4.00322e-005' 
2023-06-06 16:22:23.401598 SRS_SR830 query : 'OUTP? 2' 
2023-06-06 16:22:23.458300 SRS_SR830 resp  : '-2.2784e-005' 
2023-06-06 16:22:23.521135 KEPCO BOP 50-8D write : 'CURR 0.0705' 
2023-06-06 16:22:24.036142 SRS_SR830 query : 'OUTP? 1' 
2023-06-06 16:22:24.094885 SRS_SR830 resp  : '-4.3005e-005' 
2023-06-06 16:22:24.095901 SRS_SR830 query : 'OUTP? 2' 
2023-06-06 16:22:24.157645 SRS_SR830 resp  : '-2.35067e-005' 
2023-06-06 16:22:24.223505 KEPCO BOP 50-8D write : 'CURR 0.0731' 
2023-06-06 16:22:24.736994 SRS_SR830 query : 'OUTP? 1' 
2023-06-06 16:22:24.795381 SRS_SR830 resp  : '-4.48676e-005' 
2023-06-06 16:22:24.795381 SRS_SR830 query : 'OUTP? 2' 
2023-06-06 16:22:24.854352 SRS_SR830 resp  : '-2.28436e-005' 
2023-06-06 16:22:24.908196 KEPCO BOP 50-8D write : 'CURR 0.0756' 
2023-06-06 16:22:25.414007 SRS_SR830 query : 'OUTP? 1' 
2023-06-06 16:22:25.472339 SRS_SR830 resp  : '-4.54637e-005' 
2023-06-06 16:22:25.473330 SRS_SR830 query : 'OUTP? 2' 
2023-06-06 16:22:25.530699 SRS_SR830 resp  : '-2.2337e-005' 
2023-06-06 16:22:25.604507 KEPCO BOP 50-8D write : 'CURR 0.0782' 
2023-06-06 16:22:26.108129 SRS_SR830 query : 'OUTP? 1' 
2023-06-06 16:22:26.166782 SRS_SR830 resp  : '-4.59703e-005' 
2023-06-06 16:22:26.167787 SRS_SR830 query : 'OUTP? 2' 
2023-06-06 16:22:26.225871 SRS_SR830 resp  : '-2.27169e-005' 
2023-06-06 16:22:26.281716 KEPCO BOP 50-8D write : 'CURR 0.0808' 
2023-06-06 16:22:26.798414 SRS_SR830 query : 'OUTP? 1' 
2023-06-06 16:22:26.858666 SRS_SR830 resp  : '-4.70581e-005' 
2023-06-06 16:22:26.859663 SRS_SR830 query : 'OUTP? 2' 
2023-06-06 16:22:26.919095 SRS_SR830 resp  : '-2.18527e-005' 
2023-06-06 16:22:26.980956 KEPCO BOP 50-8D write : 'CURR 0.0833' 
2023-06-06 16:22:27.490068 SRS_SR830 query : 'OUTP? 1' 
2023-06-06 16:22:27.549003 SRS_SR830 resp  : '-4.77063e-005' 
2023-06-06 16:22:27.549003 SRS_SR830 query : 'OUTP? 2' 
2023-06-06 16:22:27.606412 SRS_SR830 resp  : '-2.0519e-005' 
2023-06-06 16:22:27.653288 KEPCO BOP 50-8D write : 'CURR 0.0859' 
2023-06-06 16:22:28.165103 SRS_SR830 query : 'OUTP? 1' 
2023-06-06 16:22:28.223542 SRS_SR830 resp  : '-4.83172e-005' 
2023-06-06 16:22:28.224496 SRS_SR830 query : 'OUTP? 2' 
2023-06-06 16:22:28.283595 SRS_SR830 resp  : '-1.98336e-005' 
2023-06-06 16:22:28.346422 KEPCO BOP 50-8D write : 'CURR 0.0885' 
2023-06-06 16:22:28.858104 SRS_SR830 query : 'OUTP? 1' 
2023-06-06 16:22:28.917101 SRS_SR830 resp  : '-4.90623e-005' 
2023-06-06 16:22:28.918076 SRS_SR830 query : 'OUTP? 2' 
2023-06-06 16:22:28.976417 SRS_SR830 resp  : '-1.83136e-005' 
2023-06-06 16:22:29.036261 KEPCO BOP 50-8D write : 'CURR 0.0910' 
2023-06-06 16:22:29.549117 SRS_SR830 query : 'OUTP? 1' 
2023-06-06 16:22:29.608199 SRS_SR830 resp  : '-5.04183e-005' 
2023-06-06 16:22:29.608199 SRS_SR830 query : 'OUTP? 2' 
2023-06-06 16:22:29.672169 SRS_SR830 resp  : '-1.68086e-005' 
2023-06-06 16:22:29.734033 KEPCO BOP 50-8D write : 'CURR 0.0936' 
2023-06-06 16:22:30.252268 SRS_SR830 query : 'OUTP? 1' 
2023-06-06 16:22:30.312891 SRS_SR830 resp  : '-5.11261e-005' 
2023-06-06 16:22:30.313893 SRS_SR830 query : 'OUTP? 2' 
2023-06-06 16:22:30.372193 SRS_SR830 resp  : '-1.52664e-005' 
2023-06-06 16:22:30.436021 KEPCO BOP 50-8D write : 'CURR 0.0962' 
2023-06-06 16:22:30.939107 SRS_SR830 query : 'OUTP? 1' 
2023-06-06 16:22:30.998434 SRS_SR830 resp  : '-5.22139e-005' 
2023-06-06 16:22:30.999431 SRS_SR830 query : 'OUTP? 2' 
2023-06-06 16:22:31.057766 SRS_SR830 resp  : '-1.41487e-005' 
2023-06-06 16:22:31.120616 KEPCO BOP 50-8D write : 'CURR 0.0987' 
2023-06-06 16:22:31.626842 SRS_SR830 query : 'OUTP? 1' 
2023-06-06 16:22:31.686686 SRS_SR830 resp  : '-5.41362e-005' 
2023-06-06 16:22:31.687649 SRS_SR830 query : 'OUTP? 2' 
2023-06-06 16:22:31.746041 SRS_SR830 resp  : '-1.19806e-005' 
2023-06-06 16:22:31.802925 KEPCO BOP 50-8D write : 'CURR 0.1013' 
2023-06-06 16:22:32.317895 SRS_SR830 query : 'OUTP? 1' 
2023-06-06 16:22:32.377688 SRS_SR830 resp  : '-5.61478e-005' 
2023-06-06 16:22:32.378695 SRS_SR830 query : 'OUTP? 2' 
2023-06-06 16:22:32.439026 SRS_SR830 resp  : '-9.51445e-006' 
2023-06-06 16:22:32.518845 KEPCO BOP 50-8D write : 'CURR 0.1039' 
2023-06-06 16:22:33.034206 SRS_SR830 query : 'OUTP? 1' 
2023-06-06 16:22:33.093593 SRS_SR830 resp  : '-5.78987e-005' 
2023-06-06 16:22:33.093593 SRS_SR830 query : 'OUTP? 2' 
2023-06-06 16:22:33.153655 SRS_SR830 resp  : '-6.78751e-006' 
2023-06-06 16:22:33.214497 KEPCO BOP 50-8D write : 'CURR 0.1064' 
2023-06-06 16:22:33.726207 SRS_SR830 query : 'OUTP? 1' 
2023-06-06 16:22:33.785664 SRS_SR830 resp  : '-5.96049e-005' 
2023-06-06 16:22:33.786661 SRS_SR830 query : 'OUTP? 2' 
2023-06-06 16:22:33.845729 SRS_SR830 resp  : '-3.51669e-006' 
2023-06-06 16:22:33.911586 KEPCO BOP 50-8D write : 'CURR 0.1090' 
2023-06-06 16:22:34.414746 SRS_SR830 query : 'OUTP? 1' 
2023-06-06 16:22:34.474244 SRS_SR830 resp  : '-6.26524e-005' 
2023-06-06 16:22:34.475241 SRS_SR830 query : 'OUTP? 2' 
2023-06-06 16:22:34.534365 SRS_SR830 resp  : '5.21543e-008' 
2023-06-06 16:22:34.581245 KEPCO BOP 50-8D write : 'CURR 0.1116' 
2023-06-06 16:22:35.086878 SRS_SR830 query : 'OUTP? 1' 
2023-06-06 16:22:35.144023 SRS_SR830 resp  : '-6.5953e-005' 
2023-06-06 16:22:35.144841 SRS_SR830 query : 'OUTP? 2' 
2023-06-06 16:22:35.201879 SRS_SR830 resp  : '4.35117e-006' 
2023-06-06 16:22:35.264717 KEPCO BOP 50-8D write : 'CURR 0.1141' 
2023-06-06 16:22:35.782691 SRS_SR830 query : 'OUTP? 1' 
2023-06-06 16:22:35.841332 SRS_SR830 resp  : '-6.94771e-005' 
2023-06-06 16:22:35.842339 SRS_SR830 query : 'OUTP? 2' 
2023-06-06 16:22:35.900820 SRS_SR830 resp  : '9.51445e-006' 
2023-06-06 16:22:35.944740 KEPCO BOP 50-8D write : 'CURR 0.1167' 
2023-06-06 16:22:36.453987 SRS_SR830 query : 'OUTP? 1' 
2023-06-06 16:22:36.512510 SRS_SR830 resp  : '-7.38059e-005' 
2023-06-06 16:22:36.513510 SRS_SR830 query : 'OUTP? 2' 
2023-06-06 16:22:36.570104 SRS_SR830 resp  : '1.56985e-005' 
2023-06-06 16:22:36.630981 KEPCO BOP 50-8D write : 'CURR 0.1193' 
2023-06-06 16:22:37.146710 SRS_SR830 query : 'OUTP? 1' 
2023-06-06 16:22:37.205901 SRS_SR830 resp  : '-7.92225e-005' 
2023-06-06 16:22:37.206896 SRS_SR830 query : 'OUTP? 2' 
2023-06-06 16:22:37.263651 SRS_SR830 resp  : '2.42592e-005' 
2023-06-06 16:22:37.323452 KEPCO BOP 50-8D write : 'CURR 0.1218' 
2023-06-06 16:22:37.837625 SRS_SR830 query : 'OUTP? 1' 
2023-06-06 16:22:37.898077 SRS_SR830 resp  : '-8.51308e-005' 
2023-06-06 16:22:37.898077 SRS_SR830 query : 'OUTP? 2' 
2023-06-06 16:22:37.956143 SRS_SR830 resp  : '3.44294e-005' 
2023-06-06 16:22:38.004970 KEPCO BOP 50-8D write : 'CURR 0.1244' 
2023-06-06 16:22:38.512261 SRS_SR830 query : 'OUTP? 1' 
2023-06-06 16:22:38.570385 SRS_SR830 resp  : '-9.25888e-005' 
2023-06-06 16:22:38.572388 SRS_SR830 query : 'OUTP? 2' 
2023-06-06 16:22:38.629892 SRS_SR830 resp  : '4.55754e-005' 
2023-06-06 16:22:38.674804 KEPCO BOP 50-8D write : 'CURR 0.1270' 
2023-06-06 16:22:39.183863 SRS_SR830 query : 'OUTP? 1' 
2023-06-06 16:22:39.241037 SRS_SR830 resp  : '-0.00010179' 
2023-06-06 16:22:39.243041 SRS_SR830 query : 'OUTP? 2' 
2023-06-06 16:22:39.299410 SRS_SR830 resp  : '5.93441e-005' 
2023-06-06 16:22:39.365192 KEPCO BOP 50-8D write : 'CURR 0.1295' 
2023-06-06 16:22:39.876139 SRS_SR830 query : 'OUTP? 1' 
2023-06-06 16:22:39.936650 SRS_SR830 resp  : '-0.000112534' 
2023-06-06 16:22:39.937630 SRS_SR830 query : 'OUTP? 2' 
2023-06-06 16:22:39.995196 SRS_SR830 resp  : '7.61528e-005' 
2023-06-06 16:22:40.067009 KEPCO BOP 50-8D write : 'CURR 0.1321' 
2023-06-06 16:22:40.572102 SRS_SR830 query : 'OUTP? 1' 
2023-06-06 16:22:40.630243 SRS_SR830 resp  : '-0.000124388' 
2023-06-06 16:22:40.632244 SRS_SR830 query : 'OUTP? 2' 
2023-06-06 16:22:40.689153 SRS_SR830 resp  : '9.33637e-005' 
2023-06-06 16:22:40.761981 KEPCO BOP 50-8D write : 'CURR 0.1347' 
2023-06-06 16:22:41.266252 SRS_SR830 query : 'OUTP? 1' 
2023-06-06 16:22:41.325627 SRS_SR830 resp  : '-0.000136928' 
2023-06-06 16:22:41.326625 SRS_SR830 query : 'OUTP? 2' 
2023-06-06 16:22:41.383126 SRS_SR830 resp  : '0.000112057' 
2023-06-06 16:22:41.430999 KEPCO BOP 50-8D write : 'CURR 0.1372' 
2023-06-06 16:22:41.937627 SRS_SR830 query : 'OUTP? 1' 
2023-06-06 16:22:41.997340 SRS_SR830 resp  : '-0.000149229' 
2023-06-06 16:22:41.998337 SRS_SR830 query : 'OUTP? 2' 
2023-06-06 16:22:42.054848 SRS_SR830 resp  : '0.000130207' 
2023-06-06 16:22:42.102731 KEPCO BOP 50-8D write : 'CURR 0.1398' 
2023-06-06 16:22:42.611864 SRS_SR830 query : 'OUTP? 1' 
2023-06-06 16:22:42.671176 SRS_SR830 resp  : '-0.000160419' 
2023-06-06 16:22:42.672173 SRS_SR830 query : 'OUTP? 2' 
2023-06-06 16:22:42.728538 SRS_SR830 resp  : '0.000145667' 
2023-06-06 16:22:42.771429 KEPCO BOP 50-8D write : 'CURR 0.1424' 
2023-06-06 16:22:43.275006 SRS_SR830 query : 'OUTP? 1' 
2023-06-06 16:22:43.334632 SRS_SR830 resp  : '-0.000168667' 
2023-06-06 16:22:43.335581 SRS_SR830 query : 'OUTP? 2' 
2023-06-06 16:22:43.392128 SRS_SR830 resp  : '0.00015583' 
2023-06-06 16:22:43.453908 KEPCO BOP 50-8D write : 'CURR 0.1449' 
2023-06-06 16:22:43.967512 SRS_SR830 query : 'OUTP? 1' 
2023-06-06 16:22:44.026765 SRS_SR830 resp  : '-0.000171878' 
2023-06-06 16:22:44.027765 SRS_SR830 query : 'OUTP? 2' 
2023-06-06 16:22:44.083827 SRS_SR830 resp  : '0.00015913' 
2023-06-06 16:22:44.148679 KEPCO BOP 50-8D write : 'CURR 0.1475' 
2023-06-06 16:22:44.658567 SRS_SR830 query : 'OUTP? 1' 
2023-06-06 16:22:44.717940 SRS_SR830 resp  : '-0.000168235' 
2023-06-06 16:22:44.718935 SRS_SR830 query : 'OUTP? 2' 
2023-06-06 16:22:44.774840 SRS_SR830 resp  : '0.00015241' 
2023-06-06 16:22:44.834685 KEPCO BOP 50-8D write : 'CURR 0.1501' 
2023-06-06 16:22:45.347236 SRS_SR830 query : 'OUTP? 1' 
2023-06-06 16:22:45.405887 SRS_SR830 resp  : '-0.000157536' 
2023-06-06 16:22:45.405887 SRS_SR830 query : 'OUTP? 2' 
2023-06-06 16:22:45.462047 SRS_SR830 resp  : '0.000134603' 
2023-06-06 16:22:45.505933 KEPCO BOP 50-8D write : 'CURR 0.1526' 
2023-06-06 16:22:46.019216 SRS_SR830 query : 'OUTP? 1' 
2023-06-06 16:22:46.078297 SRS_SR830 resp  : '-0.000140161' 
2023-06-06 16:22:46.079254 SRS_SR830 query : 'OUTP? 2' 
2023-06-06 16:22:46.134940 SRS_SR830 resp  : '0.000107907' 
2023-06-06 16:22:46.180841 KEPCO BOP 50-8D write : 'CURR 0.1552' 
2023-06-06 16:22:46.702809 SRS_SR830 query : 'OUTP? 1' 
2023-06-06 16:22:46.762462 SRS_SR830 resp  : '-0.000116699' 
2023-06-06 16:22:46.763457 SRS_SR830 query : 'OUTP? 2' 
2023-06-06 16:22:46.821424 SRS_SR830 resp  : '7.20699e-005' 
2023-06-06 16:22:46.866307 KEPCO BOP 50-8D write : 'CURR 0.1578' 
2023-06-06 16:22:47.377053 SRS_SR830 query : 'OUTP? 1' 
2023-06-06 16:22:47.436710 SRS_SR830 resp  : '-8.97055e-005' 
2023-06-06 16:22:47.437704 SRS_SR830 query : 'OUTP? 2' 
2023-06-06 16:22:47.494882 SRS_SR830 resp  : '3.03165e-005' 
2023-06-06 16:22:47.541795 KEPCO BOP 50-8D write : 'CURR 0.1603' 
2023-06-06 16:22:48.052604 SRS_SR830 query : 'OUTP? 1' 
2023-06-06 16:22:48.112580 SRS_SR830 resp  : '-5.93292e-005' 
2023-06-06 16:22:48.113576 SRS_SR830 query : 'OUTP? 2' 
2023-06-06 16:22:48.171614 SRS_SR830 resp  : '-1.40742e-005' 
2023-06-06 16:22:48.238472 KEPCO BOP 50-8D write : 'CURR 0.1629' 
2023-06-06 16:22:48.743210 SRS_SR830 query : 'OUTP? 1' 
2023-06-06 16:22:48.802977 SRS_SR830 resp  : '-2.88711e-005' 
2023-06-06 16:22:48.803973 SRS_SR830 query : 'OUTP? 2' 
2023-06-06 16:22:48.862050 SRS_SR830 resp  : '-5.90312e-005' 
2023-06-06 16:22:48.908959 KEPCO BOP 50-8D write : 'CURR 0.1655' 
2023-06-06 16:22:49.421764 SRS_SR830 query : 'OUTP? 1' 
2023-06-06 16:22:49.480527 SRS_SR830 resp  : '1.05054e-006' 
2023-06-06 16:22:49.482530 SRS_SR830 query : 'OUTP? 2' 
2023-06-06 16:22:49.541524 SRS_SR830 resp  : '-0.000102237' 
2023-06-06 16:22:49.610335 KEPCO BOP 50-8D write : 'CURR 0.1680' 
2023-06-06 16:22:50.125200 SRS_SR830 query : 'OUTP? 1' 
2023-06-06 16:22:50.183934 SRS_SR830 resp  : '3.01005e-005' 
2023-06-06 16:22:50.184929 SRS_SR830 query : 'OUTP? 2' 
2023-06-06 16:22:50.243046 SRS_SR830 resp  : '-0.000144408' 
2023-06-06 16:22:50.306874 KEPCO BOP 50-8D write : 'CURR 0.1706' 
2023-06-06 16:22:50.811634 SRS_SR830 query : 'OUTP? 1' 
2023-06-06 16:22:50.868198 SRS_SR830 resp  : '5.6036e-005' 
2023-06-06 16:22:50.869156 SRS_SR830 query : 'OUTP? 2' 
2023-06-06 16:22:50.927104 SRS_SR830 resp  : '-0.000180573' 
2023-06-06 16:22:50.993956 KEPCO BOP 50-8D write : 'CURR 0.1732' 
2023-06-06 16:22:51.501135 SRS_SR830 query : 'OUTP? 1' 
2023-06-06 16:22:51.559543 SRS_SR830 resp  : '7.96099e-005' 
2023-06-06 16:22:51.560531 SRS_SR830 query : 'OUTP? 2' 
2023-06-06 16:22:51.617718 SRS_SR830 resp  : '-0.000212432' 
2023-06-06 16:22:51.696546 KEPCO BOP 50-8D write : 'CURR 0.1757' 
2023-06-06 16:22:52.202670 SRS_SR830 query : 'OUTP? 1' 
2023-06-06 16:22:52.261193 SRS_SR830 resp  : '9.88995e-005' 
2023-06-06 16:22:52.262201 SRS_SR830 query : 'OUTP? 2' 
2023-06-06 16:22:52.321325 SRS_SR830 resp  : '-0.000218445' 
2023-06-06 16:22:52.387146 KEPCO BOP 50-8D write : 'CURR 0.1783' 
2023-06-06 16:22:52.891629 SRS_SR830 query : 'OUTP? 1' 
2023-06-06 16:22:52.949490 SRS_SR830 resp  : '0.000111089' 
2023-06-06 16:22:52.950485 SRS_SR830 query : 'OUTP? 2' 
2023-06-06 16:22:53.009233 SRS_SR830 resp  : '-0.000218445' 
2023-06-06 16:22:53.077081 KEPCO BOP 50-8D write : 'CURR 0.1809' 
2023-06-06 16:22:53.584059 SRS_SR830 query : 'OUTP? 1' 
2023-06-06 16:22:53.641350 SRS_SR830 resp  : '0.000116818' 
2023-06-06 16:22:53.643353 SRS_SR830 query : 'OUTP? 2' 
2023-06-06 16:22:53.700289 SRS_SR830 resp  : '-0.000218445' 
2023-06-06 16:22:53.743165 KEPCO BOP 50-8D write : 'CURR 0.1834' 
2023-06-06 16:22:54.253807 SRS_SR830 query : 'OUTP? 1' 
2023-06-06 16:22:54.311327 SRS_SR830 resp  : '0.000115812' 
2023-06-06 16:22:54.313329 SRS_SR830 query : 'OUTP? 2' 
2023-06-06 16:22:54.371311 SRS_SR830 resp  : '-0.000218445' 
2023-06-06 16:22:54.437133 KEPCO BOP 50-8D write : 'CURR 0.1860' 
2023-06-06 16:22:54.942618 SRS_SR830 query : 'OUTP? 1' 
2023-06-06 16:22:55.001297 SRS_SR830 resp  : '0.000107766' 
2023-06-06 16:22:55.002291 SRS_SR830 query : 'OUTP? 2' 
2023-06-06 16:22:55.060056 SRS_SR830 resp  : '-0.000218445' 
2023-06-06 16:22:55.123890 KEPCO BOP 50-8D write : 'CURR 0.1886' 
2023-06-06 16:22:55.636110 SRS_SR830 query : 'OUTP? 1' 
2023-06-06 16:22:55.693941 SRS_SR830 resp  : '9.47048e-005' 
2023-06-06 16:22:55.694938 SRS_SR830 query : 'OUTP? 2' 
2023-06-06 16:22:55.753650 SRS_SR830 resp  : '-0.000218445' 
2023-06-06 16:22:55.799531 KEPCO BOP 50-8D write : 'CURR 0.1911' 
2023-06-06 16:22:56.307257 SRS_SR830 query : 'OUTP? 1' 
2023-06-06 16:22:56.365132 SRS_SR830 resp  : '7.74865e-005' 
2023-06-06 16:22:56.366128 SRS_SR830 query : 'OUTP? 2' 
2023-06-06 16:22:56.423228 SRS_SR830 resp  : '-0.000201673' 
2023-06-06 16:22:56.488088 KEPCO BOP 50-8D write : 'CURR 0.1937' 
2023-06-06 16:22:56.997256 SRS_SR830 query : 'OUTP? 1' 
2023-06-06 16:22:57.055982 SRS_SR830 resp  : '5.75634e-005' 
2023-06-06 16:22:57.055982 SRS_SR830 query : 'OUTP? 2' 
2023-06-06 16:22:57.114571 SRS_SR830 resp  : '-0.000173026' 
2023-06-06 16:22:57.176403 KEPCO BOP 50-8D write : 'CURR 0.1963' 
2023-06-06 16:22:57.684967 SRS_SR830 query : 'OUTP? 1' 
2023-06-06 16:22:57.743780 SRS_SR830 resp  : '3.85644e-005' 
2023-06-06 16:22:57.744776 SRS_SR830 query : 'OUTP? 2' 
2023-06-06 16:22:57.803776 SRS_SR830 resp  : '-0.000146003' 
2023-06-06 16:22:57.867633 KEPCO BOP 50-8D write : 'CURR 0.1988' 
2023-06-06 16:22:58.378275 SRS_SR830 query : 'OUTP? 1' 
2023-06-06 16:22:58.436626 SRS_SR830 resp  : '2.07872e-005' 
2023-06-06 16:22:58.438618 SRS_SR830 query : 'OUTP? 2' 
2023-06-06 16:22:58.495995 SRS_SR830 resp  : '-0.000121207' 
2023-06-06 16:22:58.553890 KEPCO BOP 50-8D write : 'CURR 0.2014' 
2023-06-06 16:22:59.061803 SRS_SR830 query : 'OUTP? 1' 
2023-06-06 16:22:59.120623 SRS_SR830 resp  : '7.19729e-006' 
2023-06-06 16:22:59.121573 SRS_SR830 query : 'OUTP? 2' 
2023-06-06 16:22:59.178551 SRS_SR830 resp  : '-0.000101053' 
2023-06-06 16:22:59.243371 KEPCO BOP 50-8D write : 'CURR 0.2040' 
2023-06-06 16:22:59.753058 SRS_SR830 query : 'OUTP? 1' 
2023-06-06 16:22:59.811295 SRS_SR830 resp  : '-4.88016e-006' 
2023-06-06 16:22:59.812297 SRS_SR830 query : 'OUTP? 2' 
2023-06-06 16:22:59.870311 SRS_SR830 resp  : '-8.43634e-005' 
2023-06-06 16:22:59.914205 KEPCO BOP 50-8D write : 'CURR 0.2065' 
2023-06-06 16:23:00.424712 SRS_SR830 query : 'OUTP? 1' 
2023-06-06 16:23:00.484761 SRS_SR830 resp  : '-1.35974e-005' 
2023-06-06 16:23:00.485759 SRS_SR830 query : 'OUTP? 2' 
2023-06-06 16:23:00.544825 SRS_SR830 resp  : '-7.18911e-005' 
2023-06-06 16:23:00.609600 KEPCO BOP 50-8D write : 'CURR 0.2091' 
2023-06-06 16:23:01.125899 SRS_SR830 query : 'OUTP? 1' 
2023-06-06 16:23:01.185295 SRS_SR830 resp  : '-2.08319e-005' 
2023-06-06 16:23:01.186302 SRS_SR830 query : 'OUTP? 2' 
2023-06-06 16:23:01.245063 SRS_SR830 resp  : '-6.22203e-005' 
2023-06-06 16:23:01.309889 KEPCO BOP 50-8D write : 'CURR 0.2117' 
2023-06-06 16:23:01.812822 SRS_SR830 query : 'OUTP? 1' 
2023-06-06 16:23:01.873541 SRS_SR830 resp  : '-2.60622e-005' 
2023-06-06 16:23:01.874535 SRS_SR830 query : 'OUTP? 2' 
2023-06-06 16:23:01.932130 SRS_SR830 resp  : '-5.46428e-005' 
2023-06-06 16:23:01.995917 KEPCO BOP 50-8D write : 'CURR 0.2143' 
2023-06-06 16:23:02.501422 SRS_SR830 query : 'OUTP? 1' 
2023-06-06 16:23:02.559203 SRS_SR830 resp  : '-2.9415e-005' 
2023-06-06 16:23:02.561205 SRS_SR830 query : 'OUTP? 2' 
2023-06-06 16:23:02.619212 SRS_SR830 resp  : '-4.88835e-005' 
2023-06-06 16:23:02.681054 KEPCO BOP 50-8D write : 'CURR 0.2168' 
2023-06-06 16:23:03.187396 SRS_SR830 query : 'OUTP? 1' 
2023-06-06 16:23:03.246823 SRS_SR830 resp  : '-3.24773e-005' 
2023-06-06 16:23:03.247818 SRS_SR830 query : 'OUTP? 2' 
2023-06-06 16:23:03.305694 SRS_SR830 resp  : '-4.53594e-005' 
2023-06-06 16:23:03.347613 KEPCO BOP 50-8D write : 'CURR 0.2194' 
2023-06-06 16:23:03.858348 SRS_SR830 query : 'OUTP? 1' 
2023-06-06 16:23:03.917860 SRS_SR830 resp  : '-3.51893e-005' 
2023-06-06 16:23:03.919867 SRS_SR830 query : 'OUTP? 2' 
2023-06-06 16:23:03.977999 SRS_SR830 resp  : '-4.26027e-005' 
2023-06-06 16:23:04.043827 KEPCO BOP 50-8D write : 'CURR 0.2220' 
2023-06-06 16:23:04.548340 SRS_SR830 query : 'OUTP? 1' 
2023-06-06 16:23:04.607941 SRS_SR830 resp  : '-3.64112e-005' 
2023-06-06 16:23:04.608936 SRS_SR830 query : 'OUTP? 2' 
2023-06-06 16:23:04.667068 SRS_SR830 resp  : '-4.02855e-005' 
2023-06-06 16:23:04.712984 KEPCO BOP 50-8D write : 'CURR 0.2245' 
2023-06-06 16:23:05.219129 SRS_SR830 query : 'OUTP? 1' 
2023-06-06 16:23:05.279682 SRS_SR830 resp  : '-3.76555e-005' 
2023-06-06 16:23:05.280676 SRS_SR830 query : 'OUTP? 2' 
2023-06-06 16:23:05.339016 SRS_SR830 resp  : '-3.80578e-005' 
2023-06-06 16:23:05.390748 KEPCO BOP 50-8D write : 'CURR 0.2271' 
2023-06-06 16:23:05.902008 SRS_SR830 query : 'OUTP? 1' 
2023-06-06 16:23:05.961345 SRS_SR830 resp  : '-3.86315e-005' 
2023-06-06 16:23:05.962300 SRS_SR830 query : 'OUTP? 2' 
2023-06-06 16:23:06.018780 SRS_SR830 resp  : '-3.6061e-005' 
2023-06-06 16:23:06.082649 KEPCO BOP 50-8D write : 'CURR 0.2297' 
2023-06-06 16:23:06.592338 SRS_SR830 query : 'OUTP? 1' 
2023-06-06 16:23:06.650403 SRS_SR830 resp  : '-3.96448e-005' 
2023-06-06 16:23:06.652405 SRS_SR830 query : 'OUTP? 2' 
2023-06-06 16:23:06.709052 SRS_SR830 resp  : '-3.5547e-005' 
2023-06-06 16:23:06.753918 KEPCO BOP 50-8D write : 'CURR 0.2322' 
2023-06-06 16:23:07.263445 SRS_SR830 query : 'OUTP? 1' 
2023-06-06 16:23:07.322300 SRS_SR830 resp  : '-4.01142e-005' 
2023-06-06 16:23:07.323343 SRS_SR830 query : 'OUTP? 2' 
2023-06-06 16:23:07.382524 SRS_SR830 resp  : '-3.46678e-005' 
2023-06-06 16:23:07.444339 KEPCO BOP 50-8D write : 'CURR 0.2348' 
2023-06-06 16:23:07.953639 SRS_SR830 query : 'OUTP? 1' 
2023-06-06 16:23:08.012864 SRS_SR830 resp  : '-4.02334e-005' 
2023-06-06 16:23:08.013861 SRS_SR830 query : 'OUTP? 2' 
2023-06-06 16:23:08.072166 SRS_SR830 resp  : '-3.36322e-005' 
2023-06-06 16:23:08.138984 KEPCO BOP 50-8D write : 'CURR 0.2374' 
2023-06-06 16:23:08.647278 SRS_SR830 query : 'OUTP? 1' 
2023-06-06 16:23:08.707691 SRS_SR830 resp  : '-4.12392e-005' 
2023-06-06 16:23:08.708687 SRS_SR830 query : 'OUTP? 2' 
2023-06-06 16:23:08.767957 SRS_SR830 resp  : '-3.28498e-005' 
2023-06-06 16:23:08.834772 KEPCO BOP 50-8D write : 'CURR 0.2399' 
2023-06-06 16:23:09.337898 SRS_SR830 query : 'OUTP? 1' 
2023-06-06 16:23:09.401121 SRS_SR830 resp  : '-4.1716e-005' 
2023-06-06 16:23:09.402128 SRS_SR830 query : 'OUTP? 2' 
2023-06-06 16:23:09.460278 SRS_SR830 resp  : '-3.22463e-005' 
2023-06-06 16:23:09.526138 KEPCO BOP 50-8D write : 'CURR 0.2425' 
2023-06-06 16:23:10.043179 SRS_SR830 query : 'OUTP? 1' 
2023-06-06 16:23:10.103647 SRS_SR830 resp  : '-4.22823e-005' 
2023-06-06 16:23:10.103647 SRS_SR830 query : 'OUTP? 2' 
2023-06-06 16:23:10.162229 SRS_SR830 resp  : '-3.1613e-005' 
2023-06-06 16:23:10.229093 KEPCO BOP 50-8D write : 'CURR 0.2451' 
2023-06-06 16:23:10.745813 SRS_SR830 query : 'OUTP? 1' 
2023-06-06 16:23:10.804670 SRS_SR830 resp  : '-4.2394e-005' 
2023-06-06 16:23:10.805680 SRS_SR830 query : 'OUTP? 2' 
2023-06-06 16:23:10.864882 SRS_SR830 resp  : '-3.15609e-005' 
2023-06-06 16:23:10.929730 KEPCO BOP 50-8D write : 'CURR 0.2476' 
2023-06-06 16:23:11.432731 SRS_SR830 query : 'OUTP? 1' 
2023-06-06 16:23:11.492081 SRS_SR830 resp  : '-4.25579e-005' 
2023-06-06 16:23:11.493077 SRS_SR830 query : 'OUTP? 2' 
2023-06-06 16:23:11.551142 SRS_SR830 resp  : '-3.12927e-005' 
2023-06-06 16:23:11.626945 KEPCO BOP 50-8D write : 'CURR 0.2502' 
2023-06-06 16:23:12.138998 SRS_SR830 query : 'OUTP? 1' 
2023-06-06 16:23:12.198052 SRS_SR830 resp  : '-4.31316e-005' 
2023-06-06 16:23:12.199047 SRS_SR830 query : 'OUTP? 2' 
2023-06-06 16:23:12.257998 SRS_SR830 resp  : '-3.08829e-005' 
2023-06-06 16:23:12.305874 KEPCO BOP 50-8D write : 'CURR 0.2528' 
2023-06-06 16:23:12.815492 SRS_SR830 query : 'OUTP? 1' 
2023-06-06 16:23:12.875441 SRS_SR830 resp  : '-4.35936e-005' 
2023-06-06 16:23:12.876399 SRS_SR830 query : 'OUTP? 2' 
2023-06-06 16:23:12.935478 SRS_SR830 resp  : '-3.04059e-005' 
2023-06-06 16:23:13.009279 KEPCO BOP 50-8D write : 'CURR 0.2553' 
2023-06-06 16:23:13.523231 SRS_SR830 query : 'OUTP? 1' 
2023-06-06 16:23:13.582525 SRS_SR830 resp  : '-4.31093e-005' 
2023-06-06 16:23:13.583486 SRS_SR830 query : 'OUTP? 2' 
2023-06-06 16:23:13.641609 SRS_SR830 resp  : '-3.02718e-005' 
2023-06-06 16:23:13.702451 KEPCO BOP 50-8D write : 'CURR 0.2579' 
2023-06-06 16:23:14.212062 SRS_SR830 query : 'OUTP? 1' 
2023-06-06 16:23:14.270639 SRS_SR830 resp  : '-4.33328e-005' 
2023-06-06 16:23:14.270639 SRS_SR830 query : 'OUTP? 2' 
2023-06-06 16:23:14.330002 SRS_SR830 resp  : '-3.01824e-005' 
2023-06-06 16:23:14.381894 KEPCO BOP 50-8D write : 'CURR 0.2605' 
2023-06-06 16:23:14.888827 SRS_SR830 query : 'OUTP? 1' 
2023-06-06 16:23:14.947697 SRS_SR830 resp  : '-4.37351e-005' 
2023-06-06 16:23:14.948659 SRS_SR830 query : 'OUTP? 2' 
2023-06-06 16:23:15.007058 SRS_SR830 resp  : '-2.99216e-005' 
2023-06-06 16:23:15.071895 KEPCO BOP 50-8D write : 'CURR 0.2630' 
2023-06-06 16:23:15.576859 SRS_SR830 query : 'OUTP? 1' 
2023-06-06 16:23:15.634902 SRS_SR830 resp  : '-4.4279e-005' 
2023-06-06 16:23:15.635941 SRS_SR830 query : 'OUTP? 2' 
2023-06-06 16:23:15.694259 SRS_SR830 resp  : '-2.96981e-005' 
2023-06-06 16:23:15.761105 KEPCO BOP 50-8D write : 'CURR 0.2656' 
2023-06-06 16:23:16.269271 SRS_SR830 query : 'OUTP? 1' 
2023-06-06 16:23:16.328320 SRS_SR830 resp  : '-4.47484e-005' 
2023-06-06 16:23:16.329279 SRS_SR830 query : 'OUTP? 2' 
2023-06-06 16:23:16.387323 SRS_SR830 resp  : '-2.95342e-005' 
2023-06-06 16:23:16.439220 KEPCO BOP 50-8D write : 'CURR 0.2682' 
2023-06-06 16:23:16.942303 SRS_SR830 query : 'OUTP? 1' 
2023-06-06 16:23:17.000748 SRS_SR830 resp  : '-4.43237e-005' 
2023-06-06 16:23:17.001715 SRS_SR830 query : 'OUTP? 2' 
2023-06-06 16:23:17.060805 SRS_SR830 resp  : '-2.95119e-005' 
2023-06-06 16:23:17.130622 KEPCO BOP 50-8D write : 'CURR 0.2707' 
2023-06-06 16:23:17.646172 SRS_SR830 query : 'OUTP? 1' 
2023-06-06 16:23:17.704874 SRS_SR830 resp  : '-4.41449e-005' 
2023-06-06 16:23:17.705921 SRS_SR830 query : 'OUTP? 2' 
2023-06-06 16:23:17.765895 SRS_SR830 resp  : '-2.86476e-005' 
2023-06-06 16:23:17.812766 KEPCO BOP 50-8D write : 'CURR 0.2733' 
2023-06-06 16:23:18.319119 SRS_SR830 query : 'OUTP? 1' 
2023-06-06 16:23:18.377069 SRS_SR830 resp  : '-4.41002e-005' 
2023-06-06 16:23:18.377069 SRS_SR830 query : 'OUTP? 2' 
2023-06-06 16:23:18.435289 SRS_SR830 resp  : '-2.89456e-005' 
2023-06-06 16:23:18.495161 KEPCO BOP 50-8D write : 'CURR 0.2759' 
2023-06-06 16:23:19.009697 SRS_SR830 query : 'OUTP? 1' 
2023-06-06 16:23:19.070217 SRS_SR830 resp  : '-4.39065e-005' 
2023-06-06 16:23:19.071215 SRS_SR830 query : 'OUTP? 2' 
2023-06-06 16:23:19.131074 SRS_SR830 resp  : '-2.95715e-005' 
2023-06-06 16:23:19.176913 KEPCO BOP 50-8D write : 'CURR 0.2784' 
2023-06-06 16:23:19.681586 SRS_SR830 query : 'OUTP? 1' 
2023-06-06 16:23:19.741286 SRS_SR830 resp  : '-4.44951e-005' 
2023-06-06 16:23:19.742283 SRS_SR830 query : 'OUTP? 2' 
2023-06-06 16:23:19.800070 SRS_SR830 resp  : '-2.91915e-005' 
2023-06-06 16:23:19.847947 KEPCO BOP 50-8D write : 'CURR 0.2810' 
2023-06-06 16:23:20.357057 SRS_SR830 query : 'OUTP? 1' 
2023-06-06 16:23:20.415681 SRS_SR830 resp  : '-4.48676e-005' 
2023-06-06 16:23:20.417684 SRS_SR830 query : 'OUTP? 2' 
2023-06-06 16:23:20.475458 SRS_SR830 resp  : '-2.90574e-005' 
2023-06-06 16:23:20.542277 KEPCO BOP 50-8D write : 'CURR 0.2836' 
2023-06-06 16:23:21.052367 SRS_SR830 query : 'OUTP? 1' 
2023-06-06 16:23:21.110252 SRS_SR830 resp  : '-4.45696e-005' 
2023-06-06 16:23:21.111247 SRS_SR830 query : 'OUTP? 2' 
2023-06-06 16:23:21.170073 SRS_SR830 resp  : '-2.88711e-005' 
2023-06-06 16:23:21.216951 KEPCO BOP 50-8D write : 'CURR 0.2861' 
2023-06-06 16:23:21.726304 SRS_SR830 query : 'OUTP? 1' 
2023-06-06 16:23:21.784885 SRS_SR830 resp  : '-4.45771e-005' 
2023-06-06 16:23:21.784885 SRS_SR830 query : 'OUTP? 2' 
2023-06-06 16:23:21.842424 SRS_SR830 resp  : '-2.90648e-005' 
2023-06-06 16:23:21.909249 KEPCO BOP 50-8D write : 'CURR 0.2887' 
2023-06-06 16:23:22.417996 SRS_SR830 query : 'OUTP? 1' 
2023-06-06 16:23:22.477520 SRS_SR830 resp  : '-4.50837e-005' 
2023-06-06 16:23:22.479570 SRS_SR830 query : 'OUTP? 2' 
2023-06-06 16:23:22.534877 SRS_SR830 resp  : '-2.867e-005' 
2023-06-06 16:23:22.588736 KEPCO BOP 50-8D write : 'CURR 0.2913' 
2023-06-06 16:23:23.104263 SRS_SR830 query : 'OUTP? 1' 
2023-06-06 16:23:23.163939 SRS_SR830 resp  : '-4.49049e-005' 
2023-06-06 16:23:23.164946 SRS_SR830 query : 'OUTP? 2' 
2023-06-06 16:23:23.222486 SRS_SR830 resp  : '-2.84613e-005' 
2023-06-06 16:23:23.290303 KEPCO BOP 50-8D write : 'CURR 0.2938' 
2023-06-06 16:23:23.807462 SRS_SR830 query : 'OUTP? 1' 
2023-06-06 16:23:23.866032 SRS_SR830 resp  : '-4.43535e-005' 
2023-06-06 16:23:23.867066 SRS_SR830 query : 'OUTP? 2' 
2023-06-06 16:23:23.925946 SRS_SR830 resp  : '-2.84837e-005' 
2023-06-06 16:23:23.992729 KEPCO BOP 50-8D write : 'CURR 0.2964' 
2023-06-06 16:23:24.501616 SRS_SR830 query : 'OUTP? 1' 
2023-06-06 16:23:24.560844 SRS_SR830 resp  : '-4.40257e-005' 
2023-06-06 16:23:24.561853 SRS_SR830 query : 'OUTP? 2' 
2023-06-06 16:23:24.619881 SRS_SR830 resp  : '-2.86252e-005' 
2023-06-06 16:23:24.689716 KEPCO BOP 50-8D write : 'CURR 0.2990' 
2023-06-06 16:23:25.200561 SRS_SR830 query : 'OUTP? 1' 
2023-06-06 16:23:25.260633 SRS_SR830 resp  : '-4.43461e-005' 
2023-06-06 16:23:25.261604 SRS_SR830 query : 'OUTP? 2' 
2023-06-06 16:23:25.319239 SRS_SR830 resp  : '-2.85209e-005' 
2023-06-06 16:23:25.394076 KEPCO BOP 50-8D write : 'CURR 0.0000' 
2023-06-06 16:36:13.923484 SRS_SR830 query : 'SENS?' 
2023-06-06 16:36:13.960621 SRS_SR830 resp  : '15' 
2023-06-06 16:36:13.960621 SRS_SR830 query : 'ISRC?' 
2023-06-06 16:36:13.996380 SRS_SR830 resp  : '1' 
