SpinLab Experiment Logfile2023-6-8_12-8-44
2023-06-08 07:08:44.413052 OPEN_ : '' 
2023-06-08 07:08:44.439982 GPIB0::15::INSTR OPEN_ : '' 
2023-06-08 07:08:44.456934 GPIB0::6::INSTR OPEN_ : '' 
2023-06-08 07:08:44.457933 KEPCO BOP 50-8D write : '*CLS' 
2023-06-08 07:08:44.459926 KEPCO BOP 50-8D write : '*RST' 
2023-06-08 07:08:44.461920 KEPCO BOP 50-8D write : 'OUTPUT ON' 
2023-06-08 07:08:44.463914 KEPCO BOP 50-8D write : 'FUNC:MODE CURR' 
2023-06-08 07:08:44.466906 KEPCO BOP 50-8D write : 'VOLT 40.0000' 
2023-06-08 07:08:44.470899 KEPCO BOP 50-8D write : 'CURR 0.0000' 
2023-06-08 07:08:44.509793 ASRL4::INSTR OPEN_ : '' 
2023-06-08 07:08:44.510790 SRS_SR830 write : 'OUTX 0' 
2023-06-08 07:08:44.510790 SRS_SR830 write : 'OVRM 1' 
2023-06-08 07:08:44.511787 KEPCO BOP 50-8D query : 'MEAS:CURR?' 
2023-06-08 07:08:44.543701 KEPCO BOP 50-8D resp  : '3.15107E0' 
2023-06-08 07:08:44.543701 KEPCO BOP 50-8D query : 'MEAS:VOLT?' 
2023-06-08 07:08:44.573623 KEPCO BOP 50-8D resp  : '5.22036E1' 
2023-06-08 07:08:44.574620 KEPCO BOP 50-8D query : 'FUNC:MODE?' 
2023-06-08 07:08:44.579605 KEPCO BOP 50-8D resp  : '1' 
2023-06-08 07:08:44.580603 HP 8673G CW Gen query : 'OK' 
2023-06-08 07:08:44.689335 HP 8673G CW Gen resp  : 'FR03000000000HZ' 
2023-06-08 07:08:44.691308 HP 8673G CW Gen query : 'LE OA' 
2023-06-08 07:08:44.700282 HP 8673G CW Gen resp  : 'LE-70.0DM' 
2023-06-08 07:08:44.700282 SRS_SR830 query : 'SENS?' 
2023-06-08 07:08:44.737184 SRS_SR830 resp  : '16' 
2023-06-08 07:08:44.737184 SRS_SR830 query : 'ISRC?' 
2023-06-08 07:08:44.773096 SRS_SR830 resp  : '1' 
2023-06-08 07:08:44.774087 SRS_SR830 query : 'OFLT?' 
2023-06-08 07:08:44.809172 SRS_SR830 resp  : '9' 
2023-06-08 07:08:44.812165 HP 8673G CW Gen write : 'LE -3 DB' 
2023-06-08 07:08:44.819152 HP 8673G CW Gen query : 'MG' 
2023-06-08 07:08:44.828315 HP 8673G CW Gen resp  : '00' 
2023-06-08 07:08:44.830348 KEPCO BOP 50-8D query : 'MEAS:CURR?' 
2023-06-08 07:08:44.863456 KEPCO BOP 50-8D resp  : '-7.34310E0' 
2023-06-08 07:08:44.864531 KEPCO BOP 50-8D query : 'MEAS:VOLT?' 
2023-06-08 07:08:44.896108 KEPCO BOP 50-8D resp  : '4.97831E1' 
2023-06-08 07:08:44.897058 KEPCO BOP 50-8D query : 'FUNC:MODE?' 
2023-06-08 07:08:44.904878 KEPCO BOP 50-8D resp  : '1' 
2023-06-08 07:08:44.906884 HP 8673G CW Gen query : 'OK' 
2023-06-08 07:08:44.917189 HP 8673G CW Gen resp  : 'FR03000000000HZ' 
2023-06-08 07:08:44.919191 HP 8673G CW Gen query : 'LE OA' 
2023-06-08 07:08:44.930299 HP 8673G CW Gen resp  : 'LE-3.0DM' 
2023-06-08 07:08:44.931346 SRS_SR830 query : 'SENS?' 
2023-06-08 07:08:44.967969 SRS_SR830 resp  : '16' 
2023-06-08 07:08:44.970545 SRS_SR830 query : 'ISRC?' 
2023-06-08 07:08:45.007121 SRS_SR830 resp  : '1' 
2023-06-08 07:08:45.008112 SRS_SR830 query : 'OFLT?' 
2023-06-08 07:08:45.044113 SRS_SR830 resp  : '9' 
2023-06-08 07:08:45.045085 SRS_SR830 query : 'ISRC?' 
2023-06-08 07:08:45.080370 SRS_SR830 resp  : '1' 
2023-06-08 07:08:45.080370 SRS_SR830 write : 'SENS 15' 
2023-06-08 07:08:45.081372 HP 8673G CW Gen write : 'FR 3.0 GZ' 
2023-06-08 07:08:45.089286 HP 8673G CW Gen query : 'MG' 
2023-06-08 07:08:45.096336 HP 8673G CW Gen resp  : '00' 
2023-06-08 07:08:45.151247 KEPCO BOP 50-8D write : 'CURR 0.0747' 
2023-06-08 07:08:50.154469 KEPCO BOP 50-8D write : 'CURR 0.0747' 
2023-06-08 07:08:50.659881 SRS_SR830 query : 'OUTP? 1' 
2023-06-08 07:08:50.719340 SRS_SR830 resp  : '-0.000100621' 
2023-06-08 07:08:50.825425 SRS_SR830 query : 'OUTP? 1' 
2023-06-08 07:08:50.884117 SRS_SR830 resp  : '-0.00010068' 
2023-06-08 07:08:50.989605 SRS_SR830 query : 'OUTP? 1' 
2023-06-08 07:08:51.046880 SRS_SR830 resp  : '-0.000100643' 
2023-06-08 07:08:51.161160 SRS_SR830 query : 'OUTP? 1' 
2023-06-08 07:08:51.218544 SRS_SR830 resp  : '-0.000100501' 
2023-06-08 07:08:51.321512 SRS_SR830 query : 'OUTP? 1' 
2023-06-08 07:08:51.380562 SRS_SR830 resp  : '-0.000100352' 
2023-06-08 07:08:51.496058 SRS_SR830 query : 'OUTP? 1' 
2023-06-08 07:08:51.556189 SRS_SR830 resp  : '-0.000100181' 
2023-06-08 07:08:51.661884 SRS_SR830 query : 'OUTP? 1' 
2023-06-08 07:08:51.720246 SRS_SR830 resp  : '-0.000100017' 
2023-06-08 07:08:51.827331 SRS_SR830 query : 'OUTP? 1' 
2023-06-08 07:08:51.884069 SRS_SR830 resp  : '-9.9868e-005' 
2023-06-08 07:08:51.996729 SRS_SR830 query : 'OUTP? 1' 
2023-06-08 07:08:52.055486 SRS_SR830 resp  : '-9.97637e-005' 
2023-06-08 07:08:52.163161 SRS_SR830 query : 'OUTP? 1' 
2023-06-08 07:08:52.223028 SRS_SR830 resp  : '-9.97488e-005' 
2023-06-08 07:08:52.329153 SRS_SR830 query : 'SENS?' 
2023-06-08 07:08:52.365895 SRS_SR830 resp  : '15' 
2023-06-08 07:08:52.366893 SRS_SR830 query : 'ISRC?' 
2023-06-08 07:08:52.402290 SRS_SR830 resp  : '1' 
2023-06-08 07:08:52.402290 SRS_SR830 query : 'OUTP? 2' 
2023-06-08 07:08:52.458214 SRS_SR830 resp  : '5.08579e-005' 
2023-06-08 07:08:52.561675 SRS_SR830 query : 'OUTP? 2' 
2023-06-08 07:08:52.618515 SRS_SR830 resp  : '5.10144e-005' 
2023-06-08 07:08:52.720525 SRS_SR830 query : 'OUTP? 2' 
2023-06-08 07:08:52.776392 SRS_SR830 resp  : '5.1223e-005' 
2023-06-08 07:08:52.881741 SRS_SR830 query : 'OUTP? 2' 
2023-06-08 07:08:52.937058 SRS_SR830 resp  : '5.13645e-005' 
2023-06-08 07:08:53.048151 SRS_SR830 query : 'OUTP? 2' 
2023-06-08 07:08:53.104493 SRS_SR830 resp  : '5.13645e-005' 
2023-06-08 07:08:53.207159 SRS_SR830 query : 'OUTP? 2' 
2023-06-08 07:08:53.263619 SRS_SR830 resp  : '5.13273e-005' 
2023-06-08 07:08:53.366882 SRS_SR830 query : 'OUTP? 2' 
2023-06-08 07:08:53.424484 SRS_SR830 resp  : '5.13198e-005' 
2023-06-08 07:08:53.537367 SRS_SR830 query : 'OUTP? 2' 
2023-06-08 07:08:53.593818 SRS_SR830 resp  : '5.13273e-005' 
2023-06-08 07:08:53.701407 SRS_SR830 query : 'OUTP? 2' 
2023-06-08 07:08:53.757886 SRS_SR830 resp  : '5.13422e-005' 
2023-06-08 07:08:53.860046 SRS_SR830 query : 'OUTP? 2' 
2023-06-08 07:08:53.915387 SRS_SR830 resp  : '5.13049e-005' 
2023-06-08 07:08:54.019089 SRS_SR830 query : 'SENS?' 
2023-06-08 07:08:54.057927 SRS_SR830 resp  : '15' 
2023-06-08 07:08:54.058923 SRS_SR830 query : 'ISRC?' 
2023-06-08 07:08:54.094217 SRS_SR830 resp  : '1' 
2023-06-08 07:08:54.250041 KEPCO BOP 50-8D write : 'CURR 0.0762' 
2023-06-08 07:08:54.755959 SRS_SR830 query : 'OUTP? 1' 
2023-06-08 07:08:54.814797 SRS_SR830 resp  : '-0.000101552' 
2023-06-08 07:08:54.921191 SRS_SR830 query : 'OUTP? 1' 
2023-06-08 07:08:54.981493 SRS_SR830 resp  : '-0.000101902' 
2023-06-08 07:08:55.090503 SRS_SR830 query : 'OUTP? 1' 
2023-06-08 07:08:55.149401 SRS_SR830 resp  : '-0.000102133' 
2023-06-08 07:08:55.253981 SRS_SR830 query : 'OUTP? 1' 
2023-06-08 07:08:55.310739 SRS_SR830 resp  : '-0.000102289' 
2023-06-08 07:08:55.425437 SRS_SR830 query : 'OUTP? 1' 
2023-06-08 07:08:55.484896 SRS_SR830 resp  : '-0.000102416' 
2023-06-08 07:08:55.596675 SRS_SR830 query : 'OUTP? 1' 
2023-06-08 07:08:55.654549 SRS_SR830 resp  : '-0.000102558' 
2023-06-08 07:08:55.768374 SRS_SR830 query : 'OUTP? 1' 
2023-06-08 07:08:55.828406 SRS_SR830 resp  : '-0.000102699' 
2023-06-08 07:08:55.941149 SRS_SR830 query : 'OUTP? 1' 
2023-06-08 07:08:55.999200 SRS_SR830 resp  : '-0.000102841' 
2023-06-08 07:08:56.111756 SRS_SR830 query : 'OUTP? 1' 
2023-06-08 07:08:56.170967 SRS_SR830 resp  : '-0.000102938' 
2023-06-08 07:08:56.282946 SRS_SR830 query : 'OUTP? 1' 
2023-06-08 07:08:56.340731 SRS_SR830 resp  : '-0.000103057' 
2023-06-08 07:08:56.453053 SRS_SR830 query : 'SENS?' 
2023-06-08 07:08:56.491529 SRS_SR830 resp  : '15' 
2023-06-08 07:08:56.491529 SRS_SR830 query : 'ISRC?' 
2023-06-08 07:08:56.527044 SRS_SR830 resp  : '1' 
2023-06-08 07:08:56.527044 SRS_SR830 query : 'OUTP? 2' 
2023-06-08 07:08:56.584957 SRS_SR830 resp  : '5.46949e-005' 
2023-06-08 07:08:56.689927 SRS_SR830 query : 'OUTP? 2' 
2023-06-08 07:08:56.748092 SRS_SR830 resp  : '5.46651e-005' 
2023-06-08 07:08:56.862402 SRS_SR830 query : 'OUTP? 2' 
2023-06-08 07:08:56.918737 SRS_SR830 resp  : '5.46577e-005' 
2023-06-08 07:08:57.031719 SRS_SR830 query : 'OUTP? 2' 
2023-06-08 07:08:57.094912 SRS_SR830 resp  : '5.46726e-005' 
2023-06-08 07:08:57.202968 SRS_SR830 query : 'OUTP? 2' 
2023-06-08 07:08:57.259064 SRS_SR830 resp  : '5.48663e-005' 
2023-06-08 07:08:57.373544 SRS_SR830 query : 'OUTP? 2' 
2023-06-08 07:08:57.431535 SRS_SR830 resp  : '5.51569e-005' 
2023-06-08 07:08:57.546930 SRS_SR830 query : 'OUTP? 2' 
2023-06-08 07:08:57.604056 SRS_SR830 resp  : '5.54549e-005' 
2023-06-08 07:08:57.719272 SRS_SR830 query : 'OUTP? 2' 
2023-06-08 07:08:57.774516 SRS_SR830 resp  : '5.5738e-005' 
2023-06-08 07:08:57.889637 SRS_SR830 query : 'OUTP? 2' 
2023-06-08 07:08:57.947400 SRS_SR830 resp  : '5.6036e-005' 
2023-06-08 07:08:58.060444 SRS_SR830 query : 'OUTP? 2' 
2023-06-08 07:08:58.116564 SRS_SR830 resp  : '5.62223e-005' 
2023-06-08 07:08:58.218698 SRS_SR830 query : 'SENS?' 
2023-06-08 07:08:58.255662 SRS_SR830 resp  : '15' 
2023-06-08 07:08:58.255662 SRS_SR830 query : 'ISRC?' 
2023-06-08 07:08:58.290492 SRS_SR830 resp  : '1' 
2023-06-08 07:08:58.355985 KEPCO BOP 50-8D write : 'CURR 0.0778' 
2023-06-08 07:08:58.873639 SRS_SR830 query : 'OUTP? 1' 
2023-06-08 07:08:58.931968 SRS_SR830 resp  : '-0.000104003' 
2023-06-08 07:08:59.047645 SRS_SR830 query : 'OUTP? 1' 
2023-06-08 07:08:59.106058 SRS_SR830 resp  : '-0.000104376' 
2023-06-08 07:08:59.220954 SRS_SR830 query : 'OUTP? 1' 
2023-06-08 07:08:59.280266 SRS_SR830 resp  : '-0.000104771' 
2023-06-08 07:08:59.394501 SRS_SR830 query : 'OUTP? 1' 
2023-06-08 07:08:59.453469 SRS_SR830 resp  : '-0.000105128' 
2023-06-08 07:08:59.567670 SRS_SR830 query : 'OUTP? 1' 
2023-06-08 07:08:59.626673 SRS_SR830 resp  : '-0.000105493' 
2023-06-08 07:08:59.740316 SRS_SR830 query : 'OUTP? 1' 
2023-06-08 07:08:59.799005 SRS_SR830 resp  : '-0.000105858' 
2023-06-08 07:08:59.911623 SRS_SR830 query : 'OUTP? 1' 
2023-06-08 07:08:59.971261 SRS_SR830 resp  : '-0.000106216' 
2023-06-08 07:09:00.084488 SRS_SR830 query : 'OUTP? 1' 
2023-06-08 07:09:00.143510 SRS_SR830 resp  : '-0.000106484' 
2023-06-08 07:09:00.256202 SRS_SR830 query : 'OUTP? 1' 
2023-06-08 07:09:00.314346 SRS_SR830 resp  : '-0.000106663' 
2023-06-08 07:09:00.427974 SRS_SR830 query : 'OUTP? 1' 
2023-06-08 07:09:00.486372 SRS_SR830 resp  : '-0.000106842' 
2023-06-08 07:09:00.599572 SRS_SR830 query : 'SENS?' 
2023-06-08 07:09:00.638023 SRS_SR830 resp  : '15' 
2023-06-08 07:09:00.639007 SRS_SR830 query : 'ISRC?' 
2023-06-08 07:09:00.674249 SRS_SR830 resp  : '1' 
2023-06-08 07:09:00.675238 SRS_SR830 query : 'OUTP? 2' 
2023-06-08 07:09:00.731008 SRS_SR830 resp  : '5.8979e-005' 
2023-06-08 07:09:00.835211 SRS_SR830 query : 'OUTP? 2' 
2023-06-08 07:09:00.891463 SRS_SR830 resp  : '5.90237e-005' 
2023-06-08 07:09:01.006912 SRS_SR830 query : 'OUTP? 2' 
2023-06-08 07:09:01.065185 SRS_SR830 resp  : '5.91206e-005' 
2023-06-08 07:09:01.179448 SRS_SR830 query : 'OUTP? 2' 
2023-06-08 07:09:01.237233 SRS_SR830 resp  : '5.92249e-005' 
2023-06-08 07:09:01.350455 SRS_SR830 query : 'OUTP? 2' 
2023-06-08 07:09:01.408678 SRS_SR830 resp  : '5.92696e-005' 
2023-06-08 07:09:01.519506 SRS_SR830 query : 'OUTP? 2' 
2023-06-08 07:09:01.577806 SRS_SR830 resp  : '5.92547e-005' 
2023-06-08 07:09:01.679446 SRS_SR830 query : 'OUTP? 2' 
2023-06-08 07:09:01.736930 SRS_SR830 resp  : '5.92323e-005' 
2023-06-08 07:09:01.852762 SRS_SR830 query : 'OUTP? 2' 
2023-06-08 07:09:01.909931 SRS_SR830 resp  : '5.92025e-005' 
2023-06-08 07:09:02.026146 SRS_SR830 query : 'OUTP? 2' 
2023-06-08 07:09:02.083491 SRS_SR830 resp  : '5.91578e-005' 
2023-06-08 07:09:02.183695 SRS_SR830 query : 'OUTP? 2' 
2023-06-08 07:09:02.240932 SRS_SR830 resp  : '5.90535e-005' 
2023-06-08 07:09:02.355735 SRS_SR830 query : 'SENS?' 
2023-06-08 07:09:02.393193 SRS_SR830 resp  : '15' 
2023-06-08 07:09:02.393193 SRS_SR830 query : 'ISRC?' 
2023-06-08 07:09:02.429870 SRS_SR830 resp  : '1' 
2023-06-08 07:09:03.473919 KEPCO BOP 50-8D write : 'CURR 0.0793' 
2023-06-08 07:09:03.980252 SRS_SR830 query : 'OUTP? 1' 
2023-06-08 07:09:04.038979 SRS_SR830 resp  : '-0.000107229' 
2023-06-08 07:09:04.151928 SRS_SR830 query : 'OUTP? 1' 
2023-06-08 07:09:04.211346 SRS_SR830 resp  : '-0.000107684' 
2023-06-08 07:09:04.323472 SRS_SR830 query : 'OUTP? 1' 
2023-06-08 07:09:04.382656 SRS_SR830 resp  : '-0.000108101' 
2023-06-08 07:09:04.495647 SRS_SR830 query : 'OUTP? 1' 
2023-06-08 07:09:04.554228 SRS_SR830 resp  : '-0.000108518' 
2023-06-08 07:09:04.665553 SRS_SR830 query : 'OUTP? 1' 
2023-06-08 07:09:04.724470 SRS_SR830 resp  : '-0.000108928' 
2023-06-08 07:09:04.838585 SRS_SR830 query : 'OUTP? 1' 
2023-06-08 07:09:04.896050 SRS_SR830 resp  : '-0.000109338' 
2023-06-08 07:09:05.009314 SRS_SR830 query : 'OUTP? 1' 
2023-06-08 07:09:05.067604 SRS_SR830 resp  : '-0.000109733' 
2023-06-08 07:09:05.181650 SRS_SR830 query : 'OUTP? 1' 
2023-06-08 07:09:05.239294 SRS_SR830 resp  : '-0.000110023' 
2023-06-08 07:09:05.354053 SRS_SR830 query : 'OUTP? 1' 
2023-06-08 07:09:05.413026 SRS_SR830 resp  : '-0.000110314' 
2023-06-08 07:09:05.526595 SRS_SR830 query : 'OUTP? 1' 
2023-06-08 07:09:05.585429 SRS_SR830 resp  : '-0.000110627' 
2023-06-08 07:09:05.699343 SRS_SR830 query : 'SENS?' 
2023-06-08 07:09:05.739000 SRS_SR830 resp  : '15' 
2023-06-08 07:09:05.739996 SRS_SR830 query : 'ISRC?' 
2023-06-08 07:09:05.775665 SRS_SR830 resp  : '1' 
2023-06-08 07:09:05.776715 SRS_SR830 query : 'OUTP? 2' 
2023-06-08 07:09:05.834931 SRS_SR830 resp  : '6.31814e-005' 
2023-06-08 07:09:05.951665 SRS_SR830 query : 'OUTP? 2' 
2023-06-08 07:09:06.010127 SRS_SR830 resp  : '6.33379e-005' 
2023-06-08 07:09:06.123153 SRS_SR830 query : 'OUTP? 2' 
2023-06-08 07:09:06.180894 SRS_SR830 resp  : '6.34571e-005' 
2023-06-08 07:09:06.284051 SRS_SR830 query : 'OUTP? 2' 
2023-06-08 07:09:06.341831 SRS_SR830 resp  : '6.35018e-005' 
2023-06-08 07:09:06.456695 SRS_SR830 query : 'OUTP? 2' 
2023-06-08 07:09:06.514279 SRS_SR830 resp  : '6.35018e-005' 
2023-06-08 07:09:06.615396 SRS_SR830 query : 'OUTP? 2' 
2023-06-08 07:09:06.674144 SRS_SR830 resp  : '6.34422e-005' 
2023-06-08 07:09:06.789471 SRS_SR830 query : 'OUTP? 2' 
2023-06-08 07:09:06.846320 SRS_SR830 resp  : '6.3323e-005' 
2023-06-08 07:09:06.959728 SRS_SR830 query : 'OUTP? 2' 
2023-06-08 07:09:07.021255 SRS_SR830 resp  : '6.31665e-005' 
2023-06-08 07:09:07.134080 SRS_SR830 query : 'OUTP? 2' 
2023-06-08 07:09:07.192472 SRS_SR830 resp  : '6.30696e-005' 
2023-06-08 07:09:07.307707 SRS_SR830 query : 'OUTP? 2' 
2023-06-08 07:09:07.363705 SRS_SR830 resp  : '6.28983e-005' 
2023-06-08 07:09:07.479680 SRS_SR830 query : 'SENS?' 
2023-06-08 07:09:07.516442 SRS_SR830 resp  : '15' 
2023-06-08 07:09:07.516442 SRS_SR830 query : 'ISRC?' 
2023-06-08 07:09:07.552664 SRS_SR830 resp  : '1' 
2023-06-08 07:09:07.614502 KEPCO BOP 50-8D write : 'CURR 0.0808' 
2023-06-08 07:09:08.125505 SRS_SR830 query : 'OUTP? 1' 
2023-06-08 07:09:08.184110 SRS_SR830 resp  : '-0.000109993' 
2023-06-08 07:09:08.296777 SRS_SR830 query : 'OUTP? 1' 
2023-06-08 07:09:08.355763 SRS_SR830 resp  : '-0.000110649' 
2023-06-08 07:09:08.470486 SRS_SR830 query : 'OUTP? 1' 
2023-06-08 07:09:08.530127 SRS_SR830 resp  : '-0.000111312' 
2023-06-08 07:09:08.644784 SRS_SR830 query : 'OUTP? 1' 
2023-06-08 07:09:08.701386 SRS_SR830 resp  : '-0.000111901' 
2023-06-08 07:09:08.801424 SRS_SR830 query : 'OUTP? 1' 
2023-06-08 07:09:08.860637 SRS_SR830 resp  : '-0.000112296' 
2023-06-08 07:09:08.974262 SRS_SR830 query : 'OUTP? 1' 
2023-06-08 07:09:09.033886 SRS_SR830 resp  : '-0.000112683' 
2023-06-08 07:09:09.147598 SRS_SR830 query : 'OUTP? 1' 
2023-06-08 07:09:09.207855 SRS_SR830 resp  : '-0.000113078' 
2023-06-08 07:09:09.313681 SRS_SR830 query : 'OUTP? 1' 
2023-06-08 07:09:09.372993 SRS_SR830 resp  : '-0.000113465' 
2023-06-08 07:09:09.484924 SRS_SR830 query : 'OUTP? 1' 
2023-06-08 07:09:09.544536 SRS_SR830 resp  : '-0.000113756' 
2023-06-08 07:09:09.657461 SRS_SR830 query : 'OUTP? 1' 
2023-06-08 07:09:09.716201 SRS_SR830 resp  : '-0.000113979' 
2023-06-08 07:09:09.828008 SRS_SR830 query : 'SENS?' 
2023-06-08 07:09:09.867045 SRS_SR830 resp  : '15' 
2023-06-08 07:09:09.868055 SRS_SR830 query : 'ISRC?' 
2023-06-08 07:09:09.903430 SRS_SR830 resp  : '1' 
2023-06-08 07:09:09.905377 SRS_SR830 query : 'OUTP? 2' 
2023-06-08 07:09:09.962232 SRS_SR830 resp  : '6.80913e-005' 
2023-06-08 07:09:10.078965 SRS_SR830 query : 'OUTP? 2' 
2023-06-08 07:09:10.136349 SRS_SR830 resp  : '6.81211e-005' 
2023-06-08 07:09:10.251612 SRS_SR830 query : 'OUTP? 2' 
2023-06-08 07:09:10.309043 SRS_SR830 resp  : '6.80317e-005' 
2023-06-08 07:09:10.424324 SRS_SR830 query : 'OUTP? 2' 
2023-06-08 07:09:10.481713 SRS_SR830 resp  : '6.79423e-005' 
2023-06-08 07:09:10.596531 SRS_SR830 query : 'OUTP? 2' 
2023-06-08 07:09:10.654111 SRS_SR830 resp  : '6.77933e-005' 
2023-06-08 07:09:10.769470 SRS_SR830 query : 'OUTP? 2' 
2023-06-08 07:09:10.828267 SRS_SR830 resp  : '6.76592e-005' 
2023-06-08 07:09:10.942882 SRS_SR830 query : 'OUTP? 2' 
2023-06-08 07:09:11.000282 SRS_SR830 resp  : '6.75474e-005' 
2023-06-08 07:09:11.114923 SRS_SR830 query : 'OUTP? 2' 
2023-06-08 07:09:11.172858 SRS_SR830 resp  : '6.75549e-005' 
2023-06-08 07:09:11.287705 SRS_SR830 query : 'OUTP? 2' 
2023-06-08 07:09:11.343752 SRS_SR830 resp  : '6.7689e-005' 
2023-06-08 07:09:11.459676 SRS_SR830 query : 'OUTP? 2' 
2023-06-08 07:09:11.516887 SRS_SR830 resp  : '6.78231e-005' 
2023-06-08 07:09:11.630448 SRS_SR830 query : 'SENS?' 
2023-06-08 07:09:11.667457 SRS_SR830 resp  : '15' 
2023-06-08 07:09:11.667457 SRS_SR830 query : 'ISRC?' 
2023-06-08 07:09:11.703151 SRS_SR830 resp  : '1' 
2023-06-08 07:09:11.762005 KEPCO BOP 50-8D write : 'CURR 0.0823' 
2023-06-08 07:09:12.279101 SRS_SR830 query : 'OUTP? 1' 
2023-06-08 07:09:12.338119 SRS_SR830 resp  : '-0.000114419' 
2023-06-08 07:09:12.451943 SRS_SR830 query : 'OUTP? 1' 
2023-06-08 07:09:12.512000 SRS_SR830 resp  : '-0.000115023' 
2023-06-08 07:09:12.622756 SRS_SR830 query : 'OUTP? 1' 
2023-06-08 07:09:12.681301 SRS_SR830 resp  : '-0.000115633' 
2023-06-08 07:09:12.793770 SRS_SR830 query : 'OUTP? 1' 
2023-06-08 07:09:12.850799 SRS_SR830 resp  : '-0.0001162' 
2023-06-08 07:09:12.952254 SRS_SR830 query : 'OUTP? 1' 
2023-06-08 07:09:13.011398 SRS_SR830 resp  : '-0.000116572' 
2023-06-08 07:09:13.123758 SRS_SR830 query : 'OUTP? 1' 
2023-06-08 07:09:13.180823 SRS_SR830 resp  : '-0.000116908' 
2023-06-08 07:09:13.295680 SRS_SR830 query : 'OUTP? 1' 
2023-06-08 07:09:13.355350 SRS_SR830 resp  : '-0.000117228' 
2023-06-08 07:09:13.469317 SRS_SR830 query : 'OUTP? 1' 
2023-06-08 07:09:13.528214 SRS_SR830 resp  : '-0.000117481' 
2023-06-08 07:09:13.640511 SRS_SR830 query : 'OUTP? 1' 
2023-06-08 07:09:13.697834 SRS_SR830 resp  : '-0.000117667' 
2023-06-08 07:09:13.799065 SRS_SR830 query : 'OUTP? 1' 
2023-06-08 07:09:13.858496 SRS_SR830 resp  : '-0.000117697' 
2023-06-08 07:09:13.972814 SRS_SR830 query : 'SENS?' 
2023-06-08 07:09:14.010310 SRS_SR830 resp  : '15' 
2023-06-08 07:09:14.010310 SRS_SR830 query : 'ISRC?' 
2023-06-08 07:09:14.046657 SRS_SR830 resp  : '1' 
2023-06-08 07:09:14.047661 SRS_SR830 query : 'OUTP? 2' 
2023-06-08 07:09:14.104115 SRS_SR830 resp  : '7.29938e-005' 
2023-06-08 07:09:14.210263 SRS_SR830 query : 'OUTP? 2' 
2023-06-08 07:09:14.266056 SRS_SR830 resp  : '7.3113e-005' 
2023-06-08 07:09:14.367699 SRS_SR830 query : 'OUTP? 2' 
2023-06-08 07:09:14.425344 SRS_SR830 resp  : '7.32322e-005' 
2023-06-08 07:09:14.540338 SRS_SR830 query : 'OUTP? 2' 
2023-06-08 07:09:14.597808 SRS_SR830 resp  : '7.32024e-005' 
2023-06-08 07:09:14.711675 SRS_SR830 query : 'OUTP? 2' 
2023-06-08 07:09:14.768809 SRS_SR830 resp  : '7.31726e-005' 
2023-06-08 07:09:14.883733 SRS_SR830 query : 'OUTP? 2' 
2023-06-08 07:09:14.941988 SRS_SR830 resp  : '7.31205e-005' 
2023-06-08 07:09:15.058015 SRS_SR830 query : 'OUTP? 2' 
2023-06-08 07:09:15.115902 SRS_SR830 resp  : '7.29938e-005' 
2023-06-08 07:09:15.229905 SRS_SR830 query : 'OUTP? 2' 
2023-06-08 07:09:15.291944 SRS_SR830 resp  : '7.28969e-005' 
2023-06-08 07:09:15.403695 SRS_SR830 query : 'OUTP? 2' 
2023-06-08 07:09:15.461229 SRS_SR830 resp  : '7.27479e-005' 
2023-06-08 07:09:15.575517 SRS_SR830 query : 'OUTP? 2' 
2023-06-08 07:09:15.632120 SRS_SR830 resp  : '7.26064e-005' 
2023-06-08 07:09:15.736714 SRS_SR830 query : 'SENS?' 
2023-06-08 07:09:15.775421 SRS_SR830 resp  : '15' 
2023-06-08 07:09:15.776430 SRS_SR830 query : 'ISRC?' 
2023-06-08 07:09:15.812708 SRS_SR830 resp  : '1' 
2023-06-08 07:09:15.870511 KEPCO BOP 50-8D write : 'CURR 0.0838' 
2023-06-08 07:09:16.381974 SRS_SR830 query : 'OUTP? 1' 
2023-06-08 07:09:16.441446 SRS_SR830 resp  : '-0.000118532' 
2023-06-08 07:09:16.555651 SRS_SR830 query : 'OUTP? 1' 
2023-06-08 07:09:16.613508 SRS_SR830 resp  : '-0.000119195' 
2023-06-08 07:09:16.726126 SRS_SR830 query : 'OUTP? 1' 
2023-06-08 07:09:16.783505 SRS_SR830 resp  : '-0.000119828' 
2023-06-08 07:09:16.898288 SRS_SR830 query : 'OUTP? 1' 
2023-06-08 07:09:16.958608 SRS_SR830 resp  : '-0.000120387' 
2023-06-08 07:09:17.070460 SRS_SR830 query : 'OUTP? 1' 
2023-06-08 07:09:17.129259 SRS_SR830 resp  : '-0.000120722' 
2023-06-08 07:09:17.243133 SRS_SR830 query : 'OUTP? 1' 
2023-06-08 07:09:17.302335 SRS_SR830 resp  : '-0.000120908' 
2023-06-08 07:09:17.415970 SRS_SR830 query : 'OUTP? 1' 
2023-06-08 07:09:17.473993 SRS_SR830 resp  : '-0.00012105' 
2023-06-08 07:09:17.588156 SRS_SR830 query : 'OUTP? 1' 
2023-06-08 07:09:17.647644 SRS_SR830 resp  : '-0.000121192' 
2023-06-08 07:09:17.761712 SRS_SR830 query : 'OUTP? 1' 
2023-06-08 07:09:17.818532 SRS_SR830 resp  : '-0.000121348' 
2023-06-08 07:09:17.934924 SRS_SR830 query : 'OUTP? 1' 
2023-06-08 07:09:17.993116 SRS_SR830 resp  : '-0.00012146' 
2023-06-08 07:09:18.093678 SRS_SR830 query : 'SENS?' 
2023-06-08 07:09:18.132546 SRS_SR830 resp  : '15' 
2023-06-08 07:09:18.133536 SRS_SR830 query : 'ISRC?' 
2023-06-08 07:09:18.169174 SRS_SR830 resp  : '1' 
2023-06-08 07:09:18.169174 SRS_SR830 query : 'OUTP? 2' 
2023-06-08 07:09:18.226563 SRS_SR830 resp  : '7.83508e-005' 
2023-06-08 07:09:18.330460 SRS_SR830 query : 'OUTP? 2' 
2023-06-08 07:09:18.384030 SRS_SR830 resp  : '7.83731e-005' 
2023-06-08 07:09:18.487554 SRS_SR830 query : 'OUTP? 2' 
2023-06-08 07:09:18.543215 SRS_SR830 resp  : '7.847e-005' 
2023-06-08 07:09:18.646694 SRS_SR830 query : 'OUTP? 2' 
2023-06-08 07:09:18.704688 SRS_SR830 resp  : '7.86264e-005' 
2023-06-08 07:09:18.820060 SRS_SR830 query : 'OUTP? 2' 
2023-06-08 07:09:18.877761 SRS_SR830 resp  : '7.87084e-005' 
2023-06-08 07:09:18.990781 SRS_SR830 query : 'OUTP? 2' 
2023-06-08 07:09:19.047667 SRS_SR830 resp  : '7.85445e-005' 
2023-06-08 07:09:19.149830 SRS_SR830 query : 'OUTP? 2' 
2023-06-08 07:09:19.207403 SRS_SR830 resp  : '7.83284e-005' 
2023-06-08 07:09:19.323399 SRS_SR830 query : 'OUTP? 2' 
2023-06-08 07:09:19.380251 SRS_SR830 resp  : '7.82018e-005' 
2023-06-08 07:09:19.480493 SRS_SR830 query : 'OUTP? 2' 
2023-06-08 07:09:19.537766 SRS_SR830 resp  : '7.80676e-005' 
2023-06-08 07:09:19.650484 SRS_SR830 query : 'OUTP? 2' 
2023-06-08 07:09:19.706903 SRS_SR830 resp  : '7.80006e-005' 
2023-06-08 07:09:19.808545 SRS_SR830 query : 'SENS?' 
2023-06-08 07:09:19.845990 SRS_SR830 resp  : '15' 
2023-06-08 07:09:19.846992 SRS_SR830 query : 'ISRC?' 
2023-06-08 07:09:19.882176 SRS_SR830 resp  : '1' 
2023-06-08 07:09:19.948004 KEPCO BOP 50-8D write : 'CURR 0.0853' 
2023-06-08 07:09:20.454733 SRS_SR830 query : 'OUTP? 1' 
2023-06-08 07:09:20.513529 SRS_SR830 resp  : '-0.000122287' 
2023-06-08 07:09:20.627027 SRS_SR830 query : 'OUTP? 1' 
2023-06-08 07:09:20.685291 SRS_SR830 resp  : '-0.00012301' 
2023-06-08 07:09:20.798987 SRS_SR830 query : 'OUTP? 1' 
2023-06-08 07:09:20.859185 SRS_SR830 resp  : '-0.000123636' 
2023-06-08 07:09:20.970630 SRS_SR830 query : 'OUTP? 1' 
2023-06-08 07:09:21.028753 SRS_SR830 resp  : '-0.000124135' 
2023-06-08 07:09:21.142776 SRS_SR830 query : 'OUTP? 1' 
2023-06-08 07:09:21.201633 SRS_SR830 resp  : '-0.000124567' 
2023-06-08 07:09:21.314465 SRS_SR830 query : 'OUTP? 1' 
2023-06-08 07:09:21.373631 SRS_SR830 resp  : '-0.000124992' 
2023-06-08 07:09:21.487720 SRS_SR830 query : 'OUTP? 1' 
2023-06-08 07:09:21.545628 SRS_SR830 resp  : '-0.000125387' 
2023-06-08 07:09:21.659640 SRS_SR830 query : 'OUTP? 1' 
2023-06-08 07:09:21.717640 SRS_SR830 resp  : '-0.00012561' 
2023-06-08 07:09:21.832809 SRS_SR830 query : 'OUTP? 1' 
2023-06-08 07:09:21.892378 SRS_SR830 resp  : '-0.000125722' 
2023-06-08 07:09:22.003389 SRS_SR830 query : 'OUTP? 1' 
2023-06-08 07:09:22.063860 SRS_SR830 resp  : '-0.000125849' 
2023-06-08 07:09:22.174834 SRS_SR830 query : 'SENS?' 
2023-06-08 07:09:22.213126 SRS_SR830 resp  : '15' 
2023-06-08 07:09:22.214013 SRS_SR830 query : 'ISRC?' 
2023-06-08 07:09:22.250088 SRS_SR830 resp  : '1' 
2023-06-08 07:09:22.251121 SRS_SR830 query : 'OUTP? 2' 
2023-06-08 07:09:22.307497 SRS_SR830 resp  : '8.449e-005' 
2023-06-08 07:09:22.409218 SRS_SR830 query : 'OUTP? 2' 
2023-06-08 07:09:22.466910 SRS_SR830 resp  : '8.46689e-005' 
2023-06-08 07:09:22.581467 SRS_SR830 query : 'OUTP? 2' 
2023-06-08 07:09:22.638918 SRS_SR830 resp  : '8.47657e-005' 
2023-06-08 07:09:22.752766 SRS_SR830 query : 'OUTP? 2' 
2023-06-08 07:09:22.810281 SRS_SR830 resp  : '8.47061e-005' 
2023-06-08 07:09:22.917260 SRS_SR830 query : 'OUTP? 2' 
2023-06-08 07:09:22.973728 SRS_SR830 resp  : '8.45124e-005' 
2023-06-08 07:09:23.075767 SRS_SR830 query : 'OUTP? 2' 
2023-06-08 07:09:23.133154 SRS_SR830 resp  : '8.43485e-005' 
2023-06-08 07:09:23.248681 SRS_SR830 query : 'OUTP? 2' 
2023-06-08 07:09:23.307496 SRS_SR830 resp  : '8.42293e-005' 
2023-06-08 07:09:23.421506 SRS_SR830 query : 'OUTP? 2' 
2023-06-08 07:09:23.479206 SRS_SR830 resp  : '8.41697e-005' 
2023-06-08 07:09:23.580499 SRS_SR830 query : 'OUTP? 2' 
2023-06-08 07:09:23.636731 SRS_SR830 resp  : '8.4125e-005' 
2023-06-08 07:09:23.737639 SRS_SR830 query : 'OUTP? 2' 
2023-06-08 07:09:23.793205 SRS_SR830 resp  : '8.40579e-005' 
2023-06-08 07:09:23.894601 SRS_SR830 query : 'SENS?' 
2023-06-08 07:09:23.933297 SRS_SR830 resp  : '15' 
2023-06-08 07:09:23.934294 SRS_SR830 query : 'ISRC?' 
2023-06-08 07:09:23.970759 SRS_SR830 resp  : '1' 
2023-06-08 07:09:24.030623 KEPCO BOP 50-8D write : 'CURR 0.0868' 
2023-06-08 07:09:24.535783 SRS_SR830 query : 'OUTP? 1' 
2023-06-08 07:09:24.595062 SRS_SR830 resp  : '-0.000128181' 
2023-06-08 07:09:24.706859 SRS_SR830 query : 'OUTP? 1' 
2023-06-08 07:09:24.764545 SRS_SR830 resp  : '-0.00012897' 
2023-06-08 07:09:24.864567 SRS_SR830 query : 'OUTP? 1' 
2023-06-08 07:09:24.923461 SRS_SR830 resp  : '-0.000129701' 
2023-06-08 07:09:25.036112 SRS_SR830 query : 'OUTP? 1' 
2023-06-08 07:09:25.092910 SRS_SR830 resp  : '-0.000130356' 
2023-06-08 07:09:25.208271 SRS_SR830 query : 'OUTP? 1' 
2023-06-08 07:09:25.266610 SRS_SR830 resp  : '-0.000130885' 
2023-06-08 07:09:25.381600 SRS_SR830 query : 'OUTP? 1' 
2023-06-08 07:09:25.440283 SRS_SR830 resp  : '-0.00013128' 
2023-06-08 07:09:25.553100 SRS_SR830 query : 'OUTP? 1' 
2023-06-08 07:09:25.612290 SRS_SR830 resp  : '-0.000131571' 
2023-06-08 07:09:25.725692 SRS_SR830 query : 'OUTP? 1' 
2023-06-08 07:09:25.783333 SRS_SR830 resp  : '-0.000131735' 
2023-06-08 07:09:25.897358 SRS_SR830 query : 'OUTP? 1' 
2023-06-08 07:09:25.956664 SRS_SR830 resp  : '-0.000131824' 
2023-06-08 07:09:26.068184 SRS_SR830 query : 'OUTP? 1' 
2023-06-08 07:09:26.126848 SRS_SR830 resp  : '-0.000131921' 
2023-06-08 07:09:26.241605 SRS_SR830 query : 'SENS?' 
2023-06-08 07:09:26.278464 SRS_SR830 resp  : '15' 
2023-06-08 07:09:26.279493 SRS_SR830 query : 'ISRC?' 
2023-06-08 07:09:26.316464 SRS_SR830 resp  : '1' 
2023-06-08 07:09:26.316464 SRS_SR830 query : 'OUTP? 2' 
2023-06-08 07:09:26.372374 SRS_SR830 resp  : '9.09274e-005' 
2023-06-08 07:09:26.473686 SRS_SR830 query : 'OUTP? 2' 
2023-06-08 07:09:26.530427 SRS_SR830 resp  : '9.10764e-005' 
2023-06-08 07:09:26.645527 SRS_SR830 query : 'OUTP? 2' 
2023-06-08 07:09:26.702780 SRS_SR830 resp  : '9.12328e-005' 
2023-06-08 07:09:26.816141 SRS_SR830 query : 'OUTP? 2' 
2023-06-08 07:09:26.872399 SRS_SR830 resp  : '9.13818e-005' 
2023-06-08 07:09:26.988414 SRS_SR830 query : 'OUTP? 2' 
2023-06-08 07:09:27.045708 SRS_SR830 resp  : '9.14936e-005' 
2023-06-08 07:09:27.159675 SRS_SR830 query : 'OUTP? 2' 
2023-06-08 07:09:27.216352 SRS_SR830 resp  : '9.14489e-005' 
2023-06-08 07:09:27.331445 SRS_SR830 query : 'OUTP? 2' 
2023-06-08 07:09:27.387438 SRS_SR830 resp  : '9.13744e-005' 
2023-06-08 07:09:27.492687 SRS_SR830 query : 'OUTP? 2' 
2023-06-08 07:09:27.549191 SRS_SR830 resp  : '9.13297e-005' 
2023-06-08 07:09:27.662673 SRS_SR830 query : 'OUTP? 2' 
2023-06-08 07:09:27.719402 SRS_SR830 resp  : '9.12477e-005' 
2023-06-08 07:09:27.820427 SRS_SR830 query : 'OUTP? 2' 
2023-06-08 07:09:27.877922 SRS_SR830 resp  : '9.11434e-005' 
2023-06-08 07:09:27.992739 SRS_SR830 query : 'SENS?' 
2023-06-08 07:09:28.030288 SRS_SR830 resp  : '15' 
2023-06-08 07:09:28.031296 SRS_SR830 query : 'ISRC?' 
2023-06-08 07:09:28.067199 SRS_SR830 resp  : '1' 
2023-06-08 07:09:28.121084 KEPCO BOP 50-8D write : 'CURR 0.0883' 
2023-06-08 07:09:28.637255 SRS_SR830 query : 'OUTP? 1' 
2023-06-08 07:09:28.697666 SRS_SR830 resp  : '-0.000132718' 
2023-06-08 07:09:28.807008 SRS_SR830 query : 'OUTP? 1' 
2023-06-08 07:09:28.865637 SRS_SR830 resp  : '-0.000133262' 
2023-06-08 07:09:28.979500 SRS_SR830 query : 'OUTP? 1' 
2023-06-08 07:09:29.038037 SRS_SR830 resp  : '-0.00013397' 
2023-06-08 07:09:29.150458 SRS_SR830 query : 'OUTP? 1' 
2023-06-08 07:09:29.209210 SRS_SR830 resp  : '-0.00013473' 
2023-06-08 07:09:29.323498 SRS_SR830 query : 'OUTP? 1' 
2023-06-08 07:09:29.381954 SRS_SR830 resp  : '-0.000135356' 
2023-06-08 07:09:29.496037 SRS_SR830 query : 'OUTP? 1' 
2023-06-08 07:09:29.555711 SRS_SR830 resp  : '-0.000135795' 
2023-06-08 07:09:29.667780 SRS_SR830 query : 'OUTP? 1' 
2023-06-08 07:09:29.727085 SRS_SR830 resp  : '-0.000136116' 
2023-06-08 07:09:29.841478 SRS_SR830 query : 'OUTP? 1' 
2023-06-08 07:09:29.900252 SRS_SR830 resp  : '-0.000136347' 
2023-06-08 07:09:30.015716 SRS_SR830 query : 'OUTP? 1' 
2023-06-08 07:09:30.074145 SRS_SR830 resp  : '-0.000136555' 
2023-06-08 07:09:30.188718 SRS_SR830 query : 'OUTP? 1' 
2023-06-08 07:09:30.247366 SRS_SR830 resp  : '-0.000136719' 
2023-06-08 07:09:30.361487 SRS_SR830 query : 'SENS?' 
2023-06-08 07:09:30.398754 SRS_SR830 resp  : '15' 
2023-06-08 07:09:30.398754 SRS_SR830 query : 'ISRC?' 
2023-06-08 07:09:30.434240 SRS_SR830 resp  : '1' 
2023-06-08 07:09:30.435243 SRS_SR830 query : 'OUTP? 2' 
2023-06-08 07:09:30.492709 SRS_SR830 resp  : '9.70219e-005' 
2023-06-08 07:09:30.595792 SRS_SR830 query : 'OUTP? 2' 
2023-06-08 07:09:30.651962 SRS_SR830 resp  : '9.70666e-005' 
2023-06-08 07:09:30.753753 SRS_SR830 query : 'OUTP? 2' 
2023-06-08 07:09:30.812063 SRS_SR830 resp  : '9.70964e-005' 
2023-06-08 07:09:30.925689 SRS_SR830 query : 'OUTP? 2' 
2023-06-08 07:09:30.984747 SRS_SR830 resp  : '9.70964e-005' 
2023-06-08 07:09:31.085357 SRS_SR830 query : 'OUTP? 2' 
2023-06-08 07:09:31.142062 SRS_SR830 resp  : '9.7156e-005' 
2023-06-08 07:09:31.256672 SRS_SR830 query : 'OUTP? 2' 
2023-06-08 07:09:31.314484 SRS_SR830 resp  : '9.72156e-005' 
2023-06-08 07:09:31.415609 SRS_SR830 query : 'OUTP? 2' 
2023-06-08 07:09:31.473187 SRS_SR830 resp  : '9.72082e-005' 
2023-06-08 07:09:31.589364 SRS_SR830 query : 'OUTP? 2' 
2023-06-08 07:09:31.646388 SRS_SR830 resp  : '9.71113e-005' 
2023-06-08 07:09:31.760501 SRS_SR830 query : 'OUTP? 2' 
2023-06-08 07:09:31.818176 SRS_SR830 resp  : '9.70145e-005' 
2023-06-08 07:09:31.918800 SRS_SR830 query : 'OUTP? 2' 
2023-06-08 07:09:31.976591 SRS_SR830 resp  : '9.68729e-005' 
2023-06-08 07:09:32.089203 SRS_SR830 query : 'SENS?' 
2023-06-08 07:09:32.128459 SRS_SR830 resp  : '15' 
2023-06-08 07:09:32.129454 SRS_SR830 query : 'ISRC?' 
2023-06-08 07:09:32.165435 SRS_SR830 resp  : '1' 
2023-06-08 07:09:32.217325 KEPCO BOP 50-8D write : 'CURR 0.0898' 
2023-06-08 07:09:32.734298 SRS_SR830 query : 'OUTP? 1' 
2023-06-08 07:09:32.791407 SRS_SR830 resp  : '-0.000138358' 
2023-06-08 07:09:32.891743 SRS_SR830 query : 'OUTP? 1' 
2023-06-08 07:09:32.949394 SRS_SR830 resp  : '-0.000139185' 
2023-06-08 07:09:33.063682 SRS_SR830 query : 'OUTP? 1' 
2023-06-08 07:09:33.122924 SRS_SR830 resp  : '-0.000139982' 
2023-06-08 07:09:33.235012 SRS_SR830 query : 'OUTP? 1' 
2023-06-08 07:09:33.294336 SRS_SR830 resp  : '-0.000140638' 
2023-06-08 07:09:33.408749 SRS_SR830 query : 'OUTP? 1' 
2023-06-08 07:09:33.466262 SRS_SR830 resp  : '-0.00014116' 
2023-06-08 07:09:33.576230 SRS_SR830 query : 'OUTP? 1' 
2023-06-08 07:09:33.635119 SRS_SR830 resp  : '-0.000141532' 
2023-06-08 07:09:33.745868 SRS_SR830 query : 'OUTP? 1' 
2023-06-08 07:09:33.804445 SRS_SR830 resp  : '-0.000141905' 
2023-06-08 07:09:33.917678 SRS_SR830 query : 'OUTP? 1' 
2023-06-08 07:09:33.976650 SRS_SR830 resp  : '-0.000142069' 
2023-06-08 07:09:34.091644 SRS_SR830 query : 'OUTP? 1' 
2023-06-08 07:09:34.150282 SRS_SR830 resp  : '-0.000142136' 
2023-06-08 07:09:34.264749 SRS_SR830 query : 'OUTP? 1' 
2023-06-08 07:09:34.322731 SRS_SR830 resp  : '-0.000142195' 
2023-06-08 07:09:34.438488 SRS_SR830 query : 'SENS?' 
2023-06-08 07:09:34.477196 SRS_SR830 resp  : '15' 
2023-06-08 07:09:34.478192 SRS_SR830 query : 'ISRC?' 
2023-06-08 07:09:34.514116 SRS_SR830 resp  : '1' 
2023-06-08 07:09:34.516166 SRS_SR830 query : 'OUTP? 2' 
2023-06-08 07:09:34.571786 SRS_SR830 resp  : '0.000104875' 
2023-06-08 07:09:34.673170 SRS_SR830 query : 'OUTP? 2' 
2023-06-08 07:09:34.729419 SRS_SR830 resp  : '0.000104852' 
2023-06-08 07:09:34.845277 SRS_SR830 query : 'OUTP? 2' 
2023-06-08 07:09:34.902179 SRS_SR830 resp  : '0.000104897' 
2023-06-08 07:09:35.002766 SRS_SR830 query : 'OUTP? 2' 
2023-06-08 07:09:35.058327 SRS_SR830 resp  : '0.00010489' 
2023-06-08 07:09:35.161602 SRS_SR830 query : 'OUTP? 2' 
2023-06-08 07:09:35.217547 SRS_SR830 resp  : '0.000104785' 
2023-06-08 07:09:35.332632 SRS_SR830 query : 'OUTP? 2' 
2023-06-08 07:09:35.389229 SRS_SR830 resp  : '0.000104636' 
2023-06-08 07:09:35.505681 SRS_SR830 query : 'OUTP? 2' 
2023-06-08 07:09:35.563886 SRS_SR830 resp  : '0.000104458' 
2023-06-08 07:09:35.677853 SRS_SR830 query : 'OUTP? 2' 
2023-06-08 07:09:35.735986 SRS_SR830 resp  : '0.000104271' 
2023-06-08 07:09:35.853067 SRS_SR830 query : 'OUTP? 2' 
2023-06-08 07:09:35.911283 SRS_SR830 resp  : '0.000104137' 
2023-06-08 07:09:36.022668 SRS_SR830 query : 'OUTP? 2' 
2023-06-08 07:09:36.080592 SRS_SR830 resp  : '0.000104115' 
2023-06-08 07:09:36.196288 SRS_SR830 query : 'SENS?' 
2023-06-08 07:09:36.233716 SRS_SR830 resp  : '15' 
2023-06-08 07:09:36.234665 SRS_SR830 query : 'ISRC?' 
2023-06-08 07:09:36.272452 SRS_SR830 resp  : '1' 
2023-06-08 07:09:36.346278 KEPCO BOP 50-8D write : 'CURR 0.0913' 
2023-06-08 07:09:36.857770 SRS_SR830 query : 'OUTP? 1' 
2023-06-08 07:09:36.914566 SRS_SR830 resp  : '-0.000143507' 
2023-06-08 07:09:37.029683 SRS_SR830 query : 'OUTP? 1' 
2023-06-08 07:09:37.088962 SRS_SR830 resp  : '-0.000144579' 
2023-06-08 07:09:37.200586 SRS_SR830 query : 'OUTP? 1' 
2023-06-08 07:09:37.259911 SRS_SR830 resp  : '-0.000145615' 
2023-06-08 07:09:37.374648 SRS_SR830 query : 'OUTP? 1' 
2023-06-08 07:09:37.433504 SRS_SR830 resp  : '-0.000146621' 
2023-06-08 07:09:37.546676 SRS_SR830 query : 'OUTP? 1' 
2023-06-08 07:09:37.606697 SRS_SR830 resp  : '-0.000147478' 
2023-06-08 07:09:37.717555 SRS_SR830 query : 'OUTP? 1' 
2023-06-08 07:09:37.776037 SRS_SR830 resp  : '-0.000148029' 
2023-06-08 07:09:37.890569 SRS_SR830 query : 'OUTP? 1' 
2023-06-08 07:09:37.948950 SRS_SR830 resp  : '-0.000148402' 
2023-06-08 07:09:38.060180 SRS_SR830 query : 'OUTP? 1' 
2023-06-08 07:09:38.118320 SRS_SR830 resp  : '-0.000148521' 
2023-06-08 07:09:38.231599 SRS_SR830 query : 'OUTP? 1' 
2023-06-08 07:09:38.284519 SRS_SR830 resp  : '-0.000148409' 
2023-06-08 07:09:38.388777 SRS_SR830 query : 'OUTP? 1' 
2023-06-08 07:09:38.445619 SRS_SR830 resp  : '-0.00014829' 
2023-06-08 07:09:38.560026 SRS_SR830 query : 'SENS?' 
2023-06-08 07:09:38.599462 SRS_SR830 resp  : '15' 
2023-06-08 07:09:38.599462 SRS_SR830 query : 'ISRC?' 
2023-06-08 07:09:38.636573 SRS_SR830 resp  : '1' 
2023-06-08 07:09:38.637565 SRS_SR830 query : 'OUTP? 2' 
2023-06-08 07:09:38.693618 SRS_SR830 resp  : '0.000112519' 
2023-06-08 07:09:38.795706 SRS_SR830 query : 'OUTP? 2' 
2023-06-08 07:09:38.853369 SRS_SR830 resp  : '0.000112422' 
2023-06-08 07:09:38.953510 SRS_SR830 query : 'OUTP? 2' 
2023-06-08 07:09:39.018603 SRS_SR830 resp  : '0.000112296' 
2023-06-08 07:09:39.125639 SRS_SR830 query : 'OUTP? 2' 
2023-06-08 07:09:39.182517 SRS_SR830 resp  : '0.000112258' 
2023-06-08 07:09:39.283683 SRS_SR830 query : 'OUTP? 2' 
2023-06-08 07:09:39.340499 SRS_SR830 resp  : '0.000112303' 
2023-06-08 07:09:39.457096 SRS_SR830 query : 'OUTP? 2' 
2023-06-08 07:09:39.511773 SRS_SR830 resp  : '0.00011234' 
2023-06-08 07:09:39.627563 SRS_SR830 query : 'OUTP? 2' 
2023-06-08 07:09:39.683889 SRS_SR830 resp  : '0.000112452' 
2023-06-08 07:09:39.799771 SRS_SR830 query : 'OUTP? 2' 
2023-06-08 07:09:39.857440 SRS_SR830 resp  : '0.000112646' 
2023-06-08 07:09:39.970494 SRS_SR830 query : 'OUTP? 2' 
2023-06-08 07:09:40.026307 SRS_SR830 resp  : '0.000112787' 
2023-06-08 07:09:40.141468 SRS_SR830 query : 'OUTP? 2' 
2023-06-08 07:09:40.199203 SRS_SR830 resp  : '0.000112921' 
2023-06-08 07:09:40.300315 SRS_SR830 query : 'SENS?' 
2023-06-08 07:09:40.338150 SRS_SR830 resp  : '15' 
2023-06-08 07:09:40.339154 SRS_SR830 query : 'ISRC?' 
2023-06-08 07:09:40.375299 SRS_SR830 resp  : '1' 
2023-06-08 07:09:40.450135 KEPCO BOP 50-8D write : 'CURR 0.0929' 
2023-06-08 07:09:40.953753 SRS_SR830 query : 'OUTP? 1' 
2023-06-08 07:09:41.012317 SRS_SR830 resp  : '-0.000150428' 
2023-06-08 07:09:41.127484 SRS_SR830 query : 'OUTP? 1' 
2023-06-08 07:09:41.187636 SRS_SR830 resp  : '-0.000151374' 
2023-06-08 07:09:41.301621 SRS_SR830 query : 'OUTP? 1' 
2023-06-08 07:09:41.360284 SRS_SR830 resp  : '-0.000152224' 
2023-06-08 07:09:41.473677 SRS_SR830 query : 'OUTP? 1' 
2023-06-08 07:09:41.532542 SRS_SR830 resp  : '-0.000152999' 
2023-06-08 07:09:41.646068 SRS_SR830 query : 'OUTP? 1' 
2023-06-08 07:09:41.705065 SRS_SR830 resp  : '-0.000153699' 
2023-06-08 07:09:41.817518 SRS_SR830 query : 'OUTP? 1' 
2023-06-08 07:09:41.876438 SRS_SR830 resp  : '-0.000154332' 
2023-06-08 07:09:41.991643 SRS_SR830 query : 'OUTP? 1' 
2023-06-08 07:09:42.050282 SRS_SR830 resp  : '-0.000154891' 
2023-06-08 07:09:42.165004 SRS_SR830 query : 'OUTP? 1' 
2023-06-08 07:09:42.224843 SRS_SR830 resp  : '-0.000155353' 
2023-06-08 07:09:42.336630 SRS_SR830 query : 'OUTP? 1' 
2023-06-08 07:09:42.395187 SRS_SR830 resp  : '-0.000155718' 
2023-06-08 07:09:42.510053 SRS_SR830 query : 'OUTP? 1' 
2023-06-08 07:09:42.568628 SRS_SR830 resp  : '-0.000156098' 
2023-06-08 07:09:42.683091 SRS_SR830 query : 'SENS?' 
2023-06-08 07:09:42.720296 SRS_SR830 resp  : '15' 
2023-06-08 07:09:42.721265 SRS_SR830 query : 'ISRC?' 
2023-06-08 07:09:42.756473 SRS_SR830 resp  : '1' 
2023-06-08 07:09:42.758467 SRS_SR830 query : 'OUTP? 2' 
2023-06-08 07:09:42.814986 SRS_SR830 resp  : '0.000121482' 
2023-06-08 07:09:42.918130 SRS_SR830 query : 'OUTP? 2' 
2023-06-08 07:09:42.975409 SRS_SR830 resp  : '0.000121721' 
2023-06-08 07:09:43.091632 SRS_SR830 query : 'OUTP? 2' 
2023-06-08 07:09:43.147739 SRS_SR830 resp  : '0.000121862' 
2023-06-08 07:09:43.249649 SRS_SR830 query : 'OUTP? 2' 
2023-06-08 07:09:43.307128 SRS_SR830 resp  : '0.000121996' 
2023-06-08 07:09:43.423238 SRS_SR830 query : 'OUTP? 2' 
2023-06-08 07:09:43.479756 SRS_SR830 resp  : '0.000122108' 
2023-06-08 07:09:43.580824 SRS_SR830 query : 'OUTP? 2' 
2023-06-08 07:09:43.636196 SRS_SR830 resp  : '0.00012219' 
2023-06-08 07:09:43.750460 SRS_SR830 query : 'OUTP? 2' 
2023-06-08 07:09:43.806382 SRS_SR830 resp  : '0.00012222' 
2023-06-08 07:09:43.907435 SRS_SR830 query : 'OUTP? 2' 
2023-06-08 07:09:43.965477 SRS_SR830 resp  : '0.000122176' 
2023-06-08 07:09:44.078330 SRS_SR830 query : 'OUTP? 2' 
2023-06-08 07:09:44.136489 SRS_SR830 resp  : '0.000122034' 
2023-06-08 07:09:44.250507 SRS_SR830 query : 'OUTP? 2' 
2023-06-08 07:09:44.304876 SRS_SR830 resp  : '0.000121922' 
2023-06-08 07:09:44.407648 SRS_SR830 query : 'SENS?' 
2023-06-08 07:09:44.444616 SRS_SR830 resp  : '15' 
2023-06-08 07:09:44.444616 SRS_SR830 query : 'ISRC?' 
2023-06-08 07:09:44.480407 SRS_SR830 resp  : '1' 
2023-06-08 07:09:44.556866 KEPCO BOP 50-8D write : 'CURR 0.0944' 
2023-06-08 07:09:45.069495 SRS_SR830 query : 'OUTP? 1' 
2023-06-08 07:09:45.129130 SRS_SR830 resp  : '-0.000156977' 
2023-06-08 07:09:45.243014 SRS_SR830 query : 'OUTP? 1' 
2023-06-08 07:09:45.301850 SRS_SR830 resp  : '-0.000158274' 
2023-06-08 07:09:45.415102 SRS_SR830 query : 'OUTP? 1' 
2023-06-08 07:09:45.473196 SRS_SR830 resp  : '-0.000159384' 
2023-06-08 07:09:45.588125 SRS_SR830 query : 'OUTP? 1' 
2023-06-08 07:09:45.647000 SRS_SR830 resp  : '-0.000160241' 
2023-06-08 07:09:45.753278 SRS_SR830 query : 'OUTP? 1' 
2023-06-08 07:09:45.810971 SRS_SR830 resp  : '-0.000160844' 
2023-06-08 07:09:45.924069 SRS_SR830 query : 'OUTP? 1' 
2023-06-08 07:09:45.982976 SRS_SR830 resp  : '-0.000161351' 
2023-06-08 07:09:46.085702 SRS_SR830 query : 'OUTP? 1' 
2023-06-08 07:09:46.144015 SRS_SR830 resp  : '-0.000161686' 
2023-06-08 07:09:46.257963 SRS_SR830 query : 'OUTP? 1' 
2023-06-08 07:09:46.316467 SRS_SR830 resp  : '-0.000161932' 
2023-06-08 07:09:46.430072 SRS_SR830 query : 'OUTP? 1' 
2023-06-08 07:09:46.488248 SRS_SR830 resp  : '-0.000162073' 
2023-06-08 07:09:46.602780 SRS_SR830 query : 'OUTP? 1' 
2023-06-08 07:09:46.660468 SRS_SR830 resp  : '-0.000162208' 
2023-06-08 07:09:46.773470 SRS_SR830 query : 'SENS?' 
2023-06-08 07:09:46.809947 SRS_SR830 resp  : '15' 
2023-06-08 07:09:46.810946 SRS_SR830 query : 'ISRC?' 
2023-06-08 07:09:46.847332 SRS_SR830 resp  : '1' 
2023-06-08 07:09:46.848336 SRS_SR830 query : 'SENS?' 
2023-06-08 07:09:46.886283 SRS_SR830 resp  : '15' 
2023-06-08 07:09:46.886283 SRS_SR830 write : 'SENS 16' 
