SpinLab Experiment Logfile2023-6-6_22-52-51
2023-06-06 17:52:51.015258 OPEN_ : '' 
2023-06-06 17:52:51.134948 GPIB0::15::INSTR OPEN_ : '' 
2023-06-06 17:52:51.158309 GPIB0::6::INSTR OPEN_ : '' 
2023-06-06 17:52:51.159308 KEPCO BOP 50-8D write : '*CLS' 
2023-06-06 17:52:51.162308 KEPCO BOP 50-8D write : '*RST' 
2023-06-06 17:52:51.166288 KEPCO BOP 50-8D write : 'OUTPUT ON' 
2023-06-06 17:52:51.168313 KEPCO BOP 50-8D write : 'FUNC:MODE CURR' 
2023-06-06 17:52:51.171384 KEPCO BOP 50-8D write : 'VOLT 20.0000' 
2023-06-06 17:52:51.173377 KEPCO BOP 50-8D write : 'CURR 0.0000' 
2023-06-06 17:52:51.190112 ASRL4::INSTR OPEN_ : '' 
2023-06-06 17:52:51.190112 SRS_SR830 write : 'OUTX 0' 
2023-06-06 17:52:51.191109 SRS_SR830 write : 'OVRM 1' 
2023-06-06 17:52:51.192106 KEPCO BOP 50-8D query : 'MEAS:CURR?' 
2023-06-06 17:52:51.224154 KEPCO BOP 50-8D resp  : '2.13680E0' 
2023-06-06 17:52:51.225186 KEPCO BOP 50-8D query : 'MEAS:VOLT?' 
2023-06-06 17:52:51.256253 KEPCO BOP 50-8D resp  : '4.75587E1' 
2023-06-06 17:52:51.257250 KEPCO BOP 50-8D query : 'FUNC:MODE?' 
2023-06-06 17:52:51.263234 KEPCO BOP 50-8D resp  : '1' 
2023-06-06 17:52:51.264232 HP 8673G CW Gen query : 'OK' 
2023-06-06 17:52:51.358726 HP 8673G CW Gen resp  : 'FR03000000000HZ' 
2023-06-06 17:52:51.359690 HP 8673G CW Gen query : 'LE OA' 
2023-06-06 17:52:51.369989 HP 8673G CW Gen resp  : 'LE-70.0DM' 
2023-06-06 17:52:51.371990 SRS_SR830 query : 'SENS?' 
2023-06-06 17:52:51.409533 SRS_SR830 resp  : '15' 
2023-06-06 17:52:51.410531 SRS_SR830 query : 'ISRC?' 
2023-06-06 17:52:51.446511 SRS_SR830 resp  : '1' 
2023-06-06 17:52:51.446511 SRS_SR830 query : 'OFLT?' 
2023-06-06 17:52:51.482850 SRS_SR830 resp  : '9' 
2023-06-06 17:52:52.778084 HP 8673G CW Gen write : 'LE -3 DB' 
2023-06-06 17:52:52.784067 HP 8673G CW Gen query : 'MG' 
2023-06-06 17:52:52.793042 HP 8673G CW Gen resp  : '00' 
2023-06-06 17:52:55.693517 HP 8673G CW Gen write : 'FR 3.0 GZ' 
2023-06-06 17:52:55.701484 HP 8673G CW Gen query : 'MG' 
2023-06-06 17:52:55.710465 HP 8673G CW Gen resp  : '00' 
2023-06-06 17:52:55.810574 KEPCO BOP 50-8D write : 'CURR 0.0448' 
2023-06-06 17:52:56.326194 SRS_SR830 query : 'OUTP? 1' 
2023-06-06 17:52:56.387363 SRS_SR830 resp  : '-3.83931e-005' 
2023-06-06 17:52:56.388373 SRS_SR830 query : 'SENS?' 
2023-06-06 17:52:56.425939 SRS_SR830 resp  : '15' 
2023-06-06 17:52:56.426951 SRS_SR830 query : 'ISRC?' 
2023-06-06 17:52:56.463266 SRS_SR830 resp  : '1' 
2023-06-06 17:52:56.464261 SRS_SR830 query : 'SENS?' 
2023-06-06 17:52:56.502410 SRS_SR830 resp  : '15' 
2023-06-06 17:52:56.503406 SRS_SR830 write : 'SENS 14' 
2023-06-06 17:52:56.504401 SRS_SR830 query : 'OUTP? 2' 
2023-06-06 17:52:56.854854 SRS_SR830 resp  : '-2.36185e-005' 
2023-06-06 17:52:56.856849 SRS_SR830 query : 'SENS?' 
2023-06-06 17:52:56.893877 SRS_SR830 resp  : '14' 
2023-06-06 17:52:56.895050 SRS_SR830 query : 'ISRC?' 
2023-06-06 17:52:56.930996 SRS_SR830 resp  : '1' 
2023-06-06 17:52:56.931994 SRS_SR830 query : 'SENS?' 
2023-06-06 17:52:56.968572 SRS_SR830 resp  : '14' 
2023-06-06 17:52:56.968572 SRS_SR830 write : 'SENS 13' 
2023-06-06 17:52:57.112124 KEPCO BOP 50-8D write : 'CURR 0.0474' 
2023-06-06 17:52:57.617951 SRS_SR830 query : 'OUTP? 1' 
2023-06-06 17:52:57.679595 SRS_SR830 resp  : '-4.30366e-005' 
2023-06-06 17:52:57.680602 SRS_SR830 query : 'SENS?' 
2023-06-06 17:52:57.713905 SRS_SR830 resp  : '13' 
2023-06-06 17:52:57.719549 SRS_SR830 query : 'ISRC?' 
2023-06-06 17:52:57.754550 SRS_SR830 resp  : '1' 
2023-06-06 17:52:57.755577 SRS_SR830 query : 'SENS?' 
2023-06-06 17:52:57.793010 SRS_SR830 resp  : '13' 
2023-06-06 17:52:57.794967 SRS_SR830 write : 'SENS 12' 
2023-06-06 17:52:57.795964 SRS_SR830 query : 'OUTP? 2' 
2023-06-06 17:52:58.146829 SRS_SR830 resp  : '-2.18443e-005' 
2023-06-06 17:52:58.147832 SRS_SR830 query : 'SENS?' 
2023-06-06 17:52:58.186221 SRS_SR830 resp  : '12' 
2023-06-06 17:52:58.187211 SRS_SR830 query : 'ISRC?' 
2023-06-06 17:52:58.223165 SRS_SR830 resp  : '1' 
2023-06-06 17:52:58.223165 SRS_SR830 query : 'SENS?' 
2023-06-06 17:52:58.259840 SRS_SR830 resp  : '12' 
2023-06-06 17:52:58.259840 SRS_SR830 write : 'SENS 11' 
2023-06-06 17:52:58.321272 KEPCO BOP 50-8D write : 'CURR 0.0500' 
2023-06-06 17:52:58.839695 SRS_SR830 query : 'OUTP? 1' 
2023-06-06 17:52:58.898709 SRS_SR830 resp  : '-1.09221e-005' 
2023-06-06 17:52:58.899672 SRS_SR830 query : 'SENS?' 
2023-06-06 17:52:58.934810 SRS_SR830 resp  : '11' 
2023-06-06 17:52:58.939237 SRS_SR830 query : 'ISRC?' 
2023-06-06 17:52:58.975903 SRS_SR830 resp  : '1' 
2023-06-06 17:52:58.976896 SRS_SR830 query : 'SENS?' 
2023-06-06 17:52:59.013765 SRS_SR830 resp  : '11' 
2023-06-06 17:52:59.013765 SRS_SR830 write : 'SENS 10' 
2023-06-06 17:52:59.014765 SRS_SR830 query : 'OUTP? 2' 
2023-06-06 17:52:59.367118 SRS_SR830 resp  : '-5.46107e-006' 
2023-06-06 17:52:59.367118 SRS_SR830 query : 'SENS?' 
2023-06-06 17:52:59.406801 SRS_SR830 resp  : '10' 
2023-06-06 17:52:59.406801 SRS_SR830 query : 'ISRC?' 
2023-06-06 17:52:59.441698 SRS_SR830 resp  : '1' 
2023-06-06 17:52:59.441698 SRS_SR830 query : 'SENS?' 
2023-06-06 17:52:59.478651 SRS_SR830 resp  : '10' 
2023-06-06 17:52:59.478651 SRS_SR830 write : 'SENS 9' 
2023-06-06 17:52:59.531103 KEPCO BOP 50-8D write : 'CURR 0.0525' 
2023-06-06 17:53:00.041897 SRS_SR830 query : 'OUTP? 1' 
2023-06-06 17:53:00.101069 SRS_SR830 resp  : '-2.18443e-006' 
2023-06-06 17:53:00.102066 SRS_SR830 query : 'SENS?' 
2023-06-06 17:53:00.137278 SRS_SR830 resp  : '9' 
2023-06-06 17:53:00.137278 SRS_SR830 query : 'ISRC?' 
2023-06-06 17:53:00.172054 SRS_SR830 resp  : '1' 
2023-06-06 17:53:00.175560 SRS_SR830 query : 'SENS?' 
2023-06-06 17:53:00.211550 SRS_SR830 resp  : '9' 
2023-06-06 17:53:00.211550 SRS_SR830 write : 'SENS 8' 
2023-06-06 17:53:00.212547 SRS_SR830 query : 'OUTP? 2' 
2023-06-06 17:53:00.560416 SRS_SR830 resp  : '-1.09222e-006' 
2023-06-06 17:53:00.562413 SRS_SR830 query : 'SENS?' 
2023-06-06 17:53:00.600056 SRS_SR830 resp  : '8' 
2023-06-06 17:53:00.601058 SRS_SR830 query : 'ISRC?' 
2023-06-06 17:53:00.636082 SRS_SR830 resp  : '1' 
2023-06-06 17:53:00.637083 SRS_SR830 query : 'SENS?' 
2023-06-06 17:53:00.672698 SRS_SR830 resp  : '8' 
2023-06-06 17:53:00.672698 SRS_SR830 write : 'SENS 7' 
2023-06-06 17:53:00.755937 KEPCO BOP 50-8D write : 'CURR 0.0551' 
2023-06-06 17:53:01.264213 SRS_SR830 query : 'OUTP? 1' 
2023-06-06 17:53:01.323318 SRS_SR830 resp  : '5.46079e-007' 
2023-06-06 17:53:01.324280 SRS_SR830 query : 'SENS?' 
2023-06-06 17:53:01.359739 SRS_SR830 resp  : '7' 
2023-06-06 17:53:01.364690 SRS_SR830 query : 'ISRC?' 
2023-06-06 17:53:01.401080 SRS_SR830 resp  : '1' 
2023-06-06 17:53:01.402090 SRS_SR830 query : 'SENS?' 
2023-06-06 17:53:01.438650 SRS_SR830 resp  : '7' 
2023-06-06 17:53:01.438650 SRS_SR830 write : 'SENS 8' 
2023-06-06 17:53:01.440660 SRS_SR830 query : 'OUTP? 2' 
2023-06-06 17:53:01.787357 SRS_SR830 resp  : '-1.09222e-006' 
2023-06-06 17:53:01.788353 SRS_SR830 query : 'SENS?' 
2023-06-06 17:53:01.824873 SRS_SR830 resp  : '8' 
2023-06-06 17:53:01.825911 SRS_SR830 query : 'ISRC?' 
2023-06-06 17:53:01.860737 SRS_SR830 resp  : '1' 
2023-06-06 17:53:01.860737 SRS_SR830 query : 'SENS?' 
2023-06-06 17:53:01.902459 SRS_SR830 resp  : '8' 
2023-06-06 17:53:01.903469 SRS_SR830 write : 'SENS 7' 
2023-06-06 17:53:01.983850 KEPCO BOP 50-8D write : 'CURR 0.0577' 
2023-06-06 17:53:02.499374 SRS_SR830 query : 'OUTP? 1' 
2023-06-06 17:53:02.559216 SRS_SR830 resp  : '-5.46108e-007' 
2023-06-06 17:53:02.561218 SRS_SR830 query : 'SENS?' 
2023-06-06 17:53:02.596944 SRS_SR830 resp  : '7' 
2023-06-06 17:53:02.596944 SRS_SR830 query : 'ISRC?' 
2023-06-06 17:53:02.630647 SRS_SR830 resp  : '1' 
2023-06-06 17:53:02.635924 SRS_SR830 query : 'SENS?' 
2023-06-06 17:53:02.672837 SRS_SR830 resp  : '7' 
2023-06-06 17:53:02.673833 SRS_SR830 write : 'SENS 6' 
2023-06-06 17:53:02.674832 SRS_SR830 query : 'OUTP? 2' 
2023-06-06 17:53:03.022824 SRS_SR830 resp  : '-2.18447e-007' 
2023-06-06 17:53:03.023822 SRS_SR830 query : 'SENS?' 
2023-06-06 17:53:03.061209 SRS_SR830 resp  : '6' 
2023-06-06 17:53:03.062171 SRS_SR830 query : 'ISRC?' 
2023-06-06 17:53:03.097352 SRS_SR830 resp  : '1' 
2023-06-06 17:53:03.099399 SRS_SR830 query : 'SENS?' 
2023-06-06 17:53:03.132473 SRS_SR830 resp  : '6' 
2023-06-06 17:53:03.136604 SRS_SR830 write : 'SENS 5' 
2023-06-06 17:53:03.211850 KEPCO BOP 50-8D write : 'CURR 0.0602' 
2023-06-06 17:53:03.720975 SRS_SR830 query : 'OUTP? 1' 
2023-06-06 17:53:03.779718 SRS_SR830 resp  : '-1.09223e-007' 
2023-06-06 17:53:03.779718 SRS_SR830 query : 'SENS?' 
2023-06-06 17:53:03.815331 SRS_SR830 resp  : '5' 
2023-06-06 17:53:03.816333 SRS_SR830 query : 'ISRC?' 
2023-06-06 17:53:03.850961 SRS_SR830 resp  : '1' 
2023-06-06 17:53:03.853982 SRS_SR830 query : 'SENS?' 
2023-06-06 17:53:03.892230 SRS_SR830 resp  : '5' 
2023-06-06 17:53:03.892230 SRS_SR830 write : 'SENS 4' 
2023-06-06 17:53:03.894188 SRS_SR830 query : 'OUTP? 2' 
2023-06-06 17:53:04.236304 SRS_SR830 resp  : '-5.46117e-008' 
2023-06-06 17:53:04.236304 SRS_SR830 query : 'SENS?' 
2023-06-06 17:53:04.276006 SRS_SR830 resp  : '4' 
2023-06-06 17:53:04.276956 SRS_SR830 query : 'ISRC?' 
2023-06-06 17:53:04.313432 SRS_SR830 resp  : '1' 
2023-06-06 17:53:04.314472 SRS_SR830 query : 'SENS?' 
2023-06-06 17:53:04.352362 SRS_SR830 resp  : '4' 
2023-06-06 17:53:04.353371 SRS_SR830 write : 'SENS 3' 
2023-06-06 17:53:04.439806 KEPCO BOP 50-8D write : 'CURR 0.0628' 
2023-06-06 17:53:04.942311 SRS_SR830 query : 'OUTP? 1' 
2023-06-06 17:53:05.003546 SRS_SR830 resp  : '-2.18444e-008' 
2023-06-06 17:53:05.004559 SRS_SR830 query : 'SENS?' 
2023-06-06 17:53:05.038533 SRS_SR830 resp  : '3' 
2023-06-06 17:53:05.042961 SRS_SR830 query : 'ISRC?' 
2023-06-06 17:53:05.078861 SRS_SR830 resp  : '1' 
2023-06-06 17:53:05.079858 SRS_SR830 query : 'SENS?' 
2023-06-06 17:53:05.116795 SRS_SR830 resp  : '3' 
2023-06-06 17:53:05.117804 SRS_SR830 write : 'SENS 2' 
2023-06-06 17:53:05.118806 SRS_SR830 query : 'OUTP? 2' 
2023-06-06 17:53:05.464842 SRS_SR830 resp  : '-1.09222e-008' 
2023-06-06 17:53:05.465849 SRS_SR830 query : 'SENS?' 
2023-06-06 17:53:05.502551 SRS_SR830 resp  : '2' 
2023-06-06 17:53:05.503551 SRS_SR830 query : 'ISRC?' 
2023-06-06 17:53:05.539107 SRS_SR830 resp  : '1' 
2023-06-06 17:53:05.541110 SRS_SR830 query : 'SENS?' 
2023-06-06 17:53:05.574689 SRS_SR830 resp  : '2' 
2023-06-06 17:53:05.578213 SRS_SR830 write : 'SENS 1' 
2023-06-06 17:53:05.650778 KEPCO BOP 50-8D write : 'CURR 0.0654' 
2023-06-06 17:53:06.167232 SRS_SR830 query : 'OUTP? 1' 
2023-06-06 17:53:06.226645 SRS_SR830 resp  : '-5.46109e-009' 
2023-06-06 17:53:06.226645 SRS_SR830 query : 'SENS?' 
2023-06-06 17:53:06.264922 SRS_SR830 resp  : '1' 
2023-06-06 17:53:06.266916 SRS_SR830 query : 'ISRC?' 
2023-06-06 17:53:06.301918 SRS_SR830 resp  : '1' 
2023-06-06 17:53:06.302919 SRS_SR830 query : 'SENS?' 
2023-06-06 17:53:06.338127 SRS_SR830 resp  : '1' 
2023-06-06 17:53:06.338127 SRS_SR830 write : 'SENS 0' 
2023-06-06 17:53:06.339098 SRS_SR830 query : 'OUTP? 2' 
2023-06-06 17:53:06.682045 SRS_SR830 resp  : '-2.18439e-009' 
2023-06-06 17:53:06.682604 SRS_SR830 query : 'SENS?' 
2023-06-06 17:53:06.719987 SRS_SR830 resp  : '0' 
2023-06-06 17:53:06.721002 SRS_SR830 query : 'ISRC?' 
2023-06-06 17:53:06.757848 SRS_SR830 resp  : '1' 
2023-06-06 17:53:06.758845 SRS_SR830 query : 'SENS?' 
2023-06-06 17:53:06.794875 SRS_SR830 resp  : '0' 
2023-06-06 17:53:07.004683 KEPCO BOP 50-8D write : 'CURR 0.0679' 
2023-06-06 17:53:07.517361 SRS_SR830 query : 'OUTP? 1' 
2023-06-06 17:53:07.577647 SRS_SR830 resp  : '-2.18439e-009' 
2023-06-06 17:53:07.578643 SRS_SR830 query : 'SENS?' 
2023-06-06 17:53:07.614298 SRS_SR830 resp  : '0' 
2023-06-06 17:53:07.615292 SRS_SR830 query : 'ISRC?' 
2023-06-06 17:53:07.651870 SRS_SR830 resp  : '1' 
2023-06-06 17:53:07.652867 SRS_SR830 query : 'SENS?' 
2023-06-06 17:53:07.689645 SRS_SR830 resp  : '0' 
2023-06-06 17:53:07.690657 SRS_SR830 query : 'OUTP? 2' 
2023-06-06 17:53:07.748045 SRS_SR830 resp  : '-2.18439e-009' 
2023-06-06 17:53:07.750047 SRS_SR830 query : 'SENS?' 
2023-06-06 17:53:07.786136 SRS_SR830 resp  : '0' 
2023-06-06 17:53:07.787133 SRS_SR830 query : 'ISRC?' 
2023-06-06 17:53:07.823587 SRS_SR830 resp  : '1' 
2023-06-06 17:53:07.824584 SRS_SR830 query : 'SENS?' 
2023-06-06 17:53:07.861560 SRS_SR830 resp  : '0' 
2023-06-06 17:53:07.932342 KEPCO BOP 50-8D write : 'CURR 0.0705' 
2023-06-06 17:53:08.444617 SRS_SR830 query : 'OUTP? 1' 
2023-06-06 17:53:08.502654 SRS_SR830 resp  : '-2.18439e-009' 
2023-06-06 17:53:08.503655 SRS_SR830 query : 'SENS?' 
2023-06-06 17:53:08.540095 SRS_SR830 resp  : '0' 
2023-06-06 17:53:08.541078 SRS_SR830 query : 'ISRC?' 
2023-06-06 17:53:08.577981 SRS_SR830 resp  : '1' 
2023-06-06 17:53:08.578940 SRS_SR830 query : 'SENS?' 
2023-06-06 17:53:08.616089 SRS_SR830 resp  : '0' 
2023-06-06 17:53:08.617103 SRS_SR830 query : 'OUTP? 2' 
2023-06-06 17:53:08.674843 SRS_SR830 resp  : '-2.18439e-009' 
2023-06-06 17:53:08.675848 SRS_SR830 query : 'SENS?' 
2023-06-06 17:53:08.712222 SRS_SR830 resp  : '0' 
2023-06-06 17:53:08.714224 SRS_SR830 query : 'ISRC?' 
2023-06-06 17:53:08.750084 SRS_SR830 resp  : '1' 
2023-06-06 17:53:08.752087 SRS_SR830 query : 'SENS?' 
2023-06-06 17:53:08.787347 SRS_SR830 resp  : '0' 
2023-06-06 17:53:08.859179 KEPCO BOP 50-8D write : 'CURR 0.0731' 
2023-06-06 17:53:09.375159 SRS_SR830 query : 'OUTP? 1' 
2023-06-06 17:53:09.432814 SRS_SR830 resp  : '-2.18439e-009' 
2023-06-06 17:53:09.432814 SRS_SR830 query : 'SENS?' 
2023-06-06 17:53:09.472084 SRS_SR830 resp  : '0' 
2023-06-06 17:53:09.473090 SRS_SR830 query : 'ISRC?' 
2023-06-06 17:53:09.509743 SRS_SR830 resp  : '1' 
2023-06-06 17:53:09.510704 SRS_SR830 query : 'SENS?' 
2023-06-06 17:53:09.546641 SRS_SR830 resp  : '0' 
2023-06-06 17:53:09.548643 SRS_SR830 query : 'OUTP? 2' 
2023-06-06 17:53:09.607626 SRS_SR830 resp  : '-2.18439e-009' 
2023-06-06 17:53:09.608589 SRS_SR830 query : 'SENS?' 
2023-06-06 17:53:09.646203 SRS_SR830 resp  : '0' 
2023-06-06 17:53:09.647244 SRS_SR830 query : 'ISRC?' 
2023-06-06 17:53:09.683456 SRS_SR830 resp  : '1' 
2023-06-06 17:53:09.684455 SRS_SR830 query : 'SENS?' 
2023-06-06 17:53:09.721699 SRS_SR830 resp  : '0' 
2023-06-06 17:53:09.787485 KEPCO BOP 50-8D write : 'CURR 0.0756' 
2023-06-06 17:53:10.295410 SRS_SR830 query : 'OUTP? 1' 
2023-06-06 17:53:10.353546 SRS_SR830 resp  : '-2.18439e-009' 
2023-06-06 17:53:10.353546 SRS_SR830 query : 'SENS?' 
2023-06-06 17:53:10.390325 SRS_SR830 resp  : '0' 
2023-06-06 17:53:10.390325 SRS_SR830 query : 'ISRC?' 
2023-06-06 17:53:10.427052 SRS_SR830 resp  : '1' 
2023-06-06 17:53:10.428048 SRS_SR830 query : 'SENS?' 
2023-06-06 17:53:10.466262 SRS_SR830 resp  : '0' 
2023-06-06 17:53:10.467274 SRS_SR830 query : 'OUTP? 2' 
2023-06-06 17:53:10.524843 SRS_SR830 resp  : '-2.18439e-009' 
2023-06-06 17:53:10.525849 SRS_SR830 query : 'SENS?' 
2023-06-06 17:53:10.562910 SRS_SR830 resp  : '0' 
2023-06-06 17:53:10.563917 SRS_SR830 query : 'ISRC?' 
2023-06-06 17:53:10.599859 SRS_SR830 resp  : '1' 
2023-06-06 17:53:10.601912 SRS_SR830 query : 'SENS?' 
2023-06-06 17:53:10.638098 SRS_SR830 resp  : '0' 
2023-06-06 17:53:10.689998 KEPCO BOP 50-8D write : 'CURR 0.0782' 
2023-06-06 17:53:11.206242 SRS_SR830 query : 'OUTP? 1' 
2023-06-06 17:53:11.266004 SRS_SR830 resp  : '-2.18439e-009' 
2023-06-06 17:53:11.267000 SRS_SR830 query : 'SENS?' 
2023-06-06 17:53:11.302678 SRS_SR830 resp  : '0' 
2023-06-06 17:53:11.304681 SRS_SR830 query : 'ISRC?' 
2023-06-06 17:53:11.340889 SRS_SR830 resp  : '1' 
2023-06-06 17:53:11.341884 SRS_SR830 query : 'SENS?' 
2023-06-06 17:53:11.376908 SRS_SR830 resp  : '0' 
2023-06-06 17:53:11.376908 SRS_SR830 query : 'OUTP? 2' 
2023-06-06 17:53:11.436710 SRS_SR830 resp  : '-2.18439e-009' 
2023-06-06 17:53:11.437705 SRS_SR830 query : 'SENS?' 
2023-06-06 17:53:11.476097 SRS_SR830 resp  : '0' 
2023-06-06 17:53:11.477060 SRS_SR830 query : 'ISRC?' 
2023-06-06 17:53:11.514078 SRS_SR830 resp  : '1' 
2023-06-06 17:53:11.515074 SRS_SR830 query : 'SENS?' 
2023-06-06 17:53:11.551283 SRS_SR830 resp  : '0' 
2023-06-06 17:53:11.628067 KEPCO BOP 50-8D write : 'CURR 0.0808' 
2023-06-06 17:53:12.142040 SRS_SR830 query : 'OUTP? 1' 
2023-06-06 17:53:12.202188 SRS_SR830 resp  : '-2.18439e-009' 
2023-06-06 17:53:12.203212 SRS_SR830 query : 'SENS?' 
2023-06-06 17:53:12.239940 SRS_SR830 resp  : '0' 
2023-06-06 17:53:12.240939 SRS_SR830 query : 'ISRC?' 
2023-06-06 17:53:12.276339 SRS_SR830 resp  : '1' 
2023-06-06 17:53:12.276339 SRS_SR830 query : 'SENS?' 
2023-06-06 17:53:12.313282 SRS_SR830 resp  : '0' 
2023-06-06 17:53:12.314286 SRS_SR830 query : 'OUTP? 2' 
2023-06-06 17:53:12.372669 SRS_SR830 resp  : '-2.18439e-009' 
2023-06-06 17:53:12.374671 SRS_SR830 query : 'SENS?' 
2023-06-06 17:53:12.410884 SRS_SR830 resp  : '0' 
2023-06-06 17:53:12.411891 SRS_SR830 query : 'ISRC?' 
2023-06-06 17:53:12.448959 SRS_SR830 resp  : '1' 
2023-06-06 17:53:12.449955 SRS_SR830 query : 'SENS?' 
2023-06-06 17:53:12.485499 SRS_SR830 resp  : '0' 
2023-06-06 17:53:12.549305 KEPCO BOP 50-8D write : 'CURR 0.0833' 
2023-06-06 17:53:13.059962 SRS_SR830 query : 'OUTP? 1' 
2023-06-06 17:53:13.119022 SRS_SR830 resp  : '-2.18439e-009' 
2023-06-06 17:53:13.120019 SRS_SR830 query : 'SENS?' 
2023-06-06 17:53:13.155930 SRS_SR830 resp  : '0' 
2023-06-06 17:53:13.156879 SRS_SR830 query : 'ISRC?' 
2023-06-06 17:53:13.193801 SRS_SR830 resp  : '1' 
2023-06-06 17:53:13.194797 SRS_SR830 query : 'SENS?' 
2023-06-06 17:53:13.232362 SRS_SR830 resp  : '0' 
2023-06-06 17:53:13.233372 SRS_SR830 query : 'OUTP? 2' 
2023-06-06 17:53:13.292729 SRS_SR830 resp  : '-2.18439e-009' 
2023-06-06 17:53:13.293724 SRS_SR830 query : 'SENS?' 
2023-06-06 17:53:13.329896 SRS_SR830 resp  : '0' 
2023-06-06 17:53:13.330906 SRS_SR830 query : 'ISRC?' 
2023-06-06 17:53:13.366840 SRS_SR830 resp  : '1' 
2023-06-06 17:53:13.367822 SRS_SR830 query : 'SENS?' 
2023-06-06 17:53:13.404055 SRS_SR830 resp  : '0' 
2023-06-06 17:53:13.471852 KEPCO BOP 50-8D write : 'CURR 0.0859' 
2023-06-06 17:53:13.987528 SRS_SR830 query : 'OUTP? 1' 
2023-06-06 17:53:14.048403 SRS_SR830 resp  : '-2.18439e-009' 
2023-06-06 17:53:14.049364 SRS_SR830 query : 'SENS?' 
2023-06-06 17:53:14.087243 SRS_SR830 resp  : '0' 
2023-06-06 17:53:14.088206 SRS_SR830 query : 'ISRC?' 
2023-06-06 17:53:14.123871 SRS_SR830 resp  : '1' 
2023-06-06 17:53:14.124868 SRS_SR830 query : 'SENS?' 
2023-06-06 17:53:14.162019 SRS_SR830 resp  : '0' 
2023-06-06 17:53:14.163014 SRS_SR830 query : 'OUTP? 2' 
2023-06-06 17:53:14.221550 SRS_SR830 resp  : '-2.18439e-009' 
2023-06-06 17:53:14.222547 SRS_SR830 query : 'SENS?' 
2023-06-06 17:53:14.257814 SRS_SR830 resp  : '0' 
2023-06-06 17:53:14.257814 SRS_SR830 query : 'ISRC?' 
2023-06-06 17:53:14.294077 SRS_SR830 resp  : '1' 
2023-06-06 17:53:14.295039 SRS_SR830 query : 'SENS?' 
2023-06-06 17:53:14.332610 SRS_SR830 resp  : '0' 
2023-06-06 17:53:14.399464 KEPCO BOP 50-8D write : 'CURR 0.0885' 
2023-06-06 17:53:14.913878 SRS_SR830 query : 'OUTP? 1' 
2023-06-06 17:53:14.979147 SRS_SR830 resp  : '-2.18439e-009' 
2023-06-06 17:53:14.979147 SRS_SR830 query : 'SENS?' 
2023-06-06 17:53:15.016089 SRS_SR830 resp  : '0' 
2023-06-06 17:53:15.017054 SRS_SR830 query : 'ISRC?' 
2023-06-06 17:53:15.053118 SRS_SR830 resp  : '1' 
2023-06-06 17:53:15.054107 SRS_SR830 query : 'SENS?' 
2023-06-06 17:53:15.091067 SRS_SR830 resp  : '0' 
2023-06-06 17:53:15.092031 SRS_SR830 query : 'OUTP? 2' 
2023-06-06 17:53:15.149735 SRS_SR830 resp  : '-2.18439e-009' 
2023-06-06 17:53:15.150731 SRS_SR830 query : 'SENS?' 
2023-06-06 17:53:15.188342 SRS_SR830 resp  : '0' 
2023-06-06 17:53:15.189305 SRS_SR830 query : 'ISRC?' 
2023-06-06 17:53:15.224833 SRS_SR830 resp  : '1' 
2023-06-06 17:53:15.226836 SRS_SR830 query : 'SENS?' 
2023-06-06 17:53:15.264746 SRS_SR830 resp  : '0' 
2023-06-06 17:53:15.329569 KEPCO BOP 50-8D write : 'CURR 0.0910' 
2023-06-06 17:53:15.832536 SRS_SR830 query : 'OUTP? 1' 
2023-06-06 17:53:15.891787 SRS_SR830 resp  : '-2.18439e-009' 
2023-06-06 17:53:15.892737 SRS_SR830 query : 'SENS?' 
2023-06-06 17:53:15.928773 SRS_SR830 resp  : '0' 
2023-06-06 17:53:15.929734 SRS_SR830 query : 'ISRC?' 
2023-06-06 17:53:15.961058 SRS_SR830 resp  : '1' 
2023-06-06 17:53:15.961058 SRS_SR830 query : 'SENS?' 
2023-06-06 17:53:16.003415 SRS_SR830 resp  : '0' 
2023-06-06 17:53:16.004453 SRS_SR830 query : 'OUTP? 2' 
2023-06-06 17:53:16.061503 SRS_SR830 resp  : '-2.18439e-009' 
2023-06-06 17:53:16.061503 SRS_SR830 query : 'SENS?' 
2023-06-06 17:53:16.102319 SRS_SR830 resp  : '0' 
2023-06-06 17:53:16.103281 SRS_SR830 query : 'ISRC?' 
2023-06-06 17:53:16.138914 SRS_SR830 resp  : '1' 
2023-06-06 17:53:16.139915 SRS_SR830 query : 'SENS?' 
2023-06-06 17:53:16.175045 SRS_SR830 resp  : '0' 
2023-06-06 17:53:16.228909 KEPCO BOP 50-8D write : 'CURR 0.0936' 
2023-06-06 17:53:16.737030 SRS_SR830 query : 'OUTP? 1' 
2023-06-06 17:53:16.796831 SRS_SR830 resp  : '-2.18439e-009' 
2023-06-06 17:53:16.797792 SRS_SR830 query : 'SENS?' 
2023-06-06 17:53:16.833268 SRS_SR830 resp  : '0' 
2023-06-06 17:53:16.833268 SRS_SR830 query : 'ISRC?' 
2023-06-06 17:53:16.868590 SRS_SR830 resp  : '1' 
2023-06-06 17:53:16.869593 SRS_SR830 query : 'SENS?' 
2023-06-06 17:53:16.905815 SRS_SR830 resp  : '0' 
2023-06-06 17:53:16.906847 SRS_SR830 query : 'OUTP? 2' 
2023-06-06 17:53:16.965308 SRS_SR830 resp  : '-2.18439e-009' 
2023-06-06 17:53:16.966299 SRS_SR830 query : 'SENS?' 
2023-06-06 17:53:17.002934 SRS_SR830 resp  : '0' 
2023-06-06 17:53:17.003940 SRS_SR830 query : 'ISRC?' 
2023-06-06 17:53:17.040571 SRS_SR830 resp  : '1' 
2023-06-06 17:53:17.041567 SRS_SR830 query : 'SENS?' 
2023-06-06 17:53:17.078471 SRS_SR830 resp  : '0' 
2023-06-06 17:53:17.146282 KEPCO BOP 50-8D write : 'CURR 0.0962' 
2023-06-06 17:53:17.658712 SRS_SR830 query : 'OUTP? 1' 
2023-06-06 17:53:17.717657 SRS_SR830 resp  : '-2.18439e-009' 
2023-06-06 17:53:17.718653 SRS_SR830 query : 'SENS?' 
2023-06-06 17:53:17.755265 SRS_SR830 resp  : '0' 
2023-06-06 17:53:17.756297 SRS_SR830 query : 'ISRC?' 
2023-06-06 17:53:17.792427 SRS_SR830 resp  : '1' 
2023-06-06 17:53:17.793468 SRS_SR830 query : 'SENS?' 
2023-06-06 17:53:17.831306 SRS_SR830 resp  : '0' 
2023-06-06 17:53:17.832316 SRS_SR830 query : 'OUTP? 2' 
2023-06-06 17:53:17.890446 SRS_SR830 resp  : '-2.18439e-009' 
2023-06-06 17:53:17.891441 SRS_SR830 query : 'SENS?' 
2023-06-06 17:53:17.929362 SRS_SR830 resp  : '0' 
2023-06-06 17:53:17.930325 SRS_SR830 query : 'ISRC?' 
2023-06-06 17:53:17.966825 SRS_SR830 resp  : '1' 
2023-06-06 17:53:17.967822 SRS_SR830 query : 'SENS?' 
2023-06-06 17:53:18.003276 SRS_SR830 resp  : '0' 
2023-06-06 17:53:18.070092 KEPCO BOP 50-8D write : 'CURR 0.0987' 
2023-06-06 17:53:18.582183 SRS_SR830 query : 'OUTP? 1' 
2023-06-06 17:53:18.640963 SRS_SR830 resp  : '-2.18439e-009' 
2023-06-06 17:53:18.640963 SRS_SR830 query : 'SENS?' 
2023-06-06 17:53:18.678181 SRS_SR830 resp  : '0' 
2023-06-06 17:53:18.679183 SRS_SR830 query : 'ISRC?' 
2023-06-06 17:53:18.716006 SRS_SR830 resp  : '1' 
2023-06-06 17:53:18.716968 SRS_SR830 query : 'SENS?' 
2023-06-06 17:53:18.752520 SRS_SR830 resp  : '0' 
2023-06-06 17:53:18.753289 SRS_SR830 query : 'OUTP? 2' 
2023-06-06 17:53:18.810889 SRS_SR830 resp  : '-2.18439e-009' 
2023-06-06 17:53:18.812889 SRS_SR830 query : 'SENS?' 
2023-06-06 17:53:18.849162 SRS_SR830 resp  : '0' 
2023-06-06 17:53:18.850124 SRS_SR830 query : 'ISRC?' 
2023-06-06 17:53:18.886087 SRS_SR830 resp  : '1' 
2023-06-06 17:53:18.887099 SRS_SR830 query : 'SENS?' 
2023-06-06 17:53:18.923942 SRS_SR830 resp  : '0' 
2023-06-06 17:53:18.982786 KEPCO BOP 50-8D write : 'CURR 0.1013' 
2023-06-06 17:53:19.497993 SRS_SR830 query : 'OUTP? 1' 
2023-06-06 17:53:19.557344 SRS_SR830 resp  : '-2.18439e-009' 
2023-06-06 17:53:19.558337 SRS_SR830 query : 'SENS?' 
2023-06-06 17:53:19.595083 SRS_SR830 resp  : '0' 
2023-06-06 17:53:19.596078 SRS_SR830 query : 'ISRC?' 
2023-06-06 17:53:19.623934 SRS_SR830 resp  : '1' 
2023-06-06 17:53:19.633930 SRS_SR830 query : 'SENS?' 
2023-06-06 17:53:19.670205 SRS_SR830 resp  : '0' 
2023-06-06 17:53:19.671212 SRS_SR830 query : 'OUTP? 2' 
2023-06-06 17:53:19.731052 SRS_SR830 resp  : '-2.18439e-009' 
2023-06-06 17:53:19.732047 SRS_SR830 query : 'SENS?' 
2023-06-06 17:53:19.768006 SRS_SR830 resp  : '0' 
2023-06-06 17:53:19.770009 SRS_SR830 query : 'ISRC?' 
2023-06-06 17:53:19.805765 SRS_SR830 resp  : '1' 
2023-06-06 17:53:19.806760 SRS_SR830 query : 'SENS?' 
2023-06-06 17:53:19.842900 SRS_SR830 resp  : '0' 
2023-06-06 17:53:19.915734 KEPCO BOP 50-8D write : 'CURR 0.1039' 
2023-06-06 17:53:20.431227 SRS_SR830 query : 'OUTP? 1' 
2023-06-06 17:53:20.493541 SRS_SR830 resp  : '-2.18439e-009' 
2023-06-06 17:53:20.494535 SRS_SR830 query : 'SENS?' 
2023-06-06 17:53:20.530761 SRS_SR830 resp  : '0' 
2023-06-06 17:53:20.530761 SRS_SR830 query : 'ISRC?' 
2023-06-06 17:53:20.566585 SRS_SR830 resp  : '1' 
2023-06-06 17:53:20.567588 SRS_SR830 query : 'SENS?' 
2023-06-06 17:53:20.604275 SRS_SR830 resp  : '0' 
2023-06-06 17:53:20.605272 SRS_SR830 query : 'OUTP? 2' 
2023-06-06 17:53:20.664176 SRS_SR830 resp  : '-2.18439e-009' 
2023-06-06 17:53:20.665140 SRS_SR830 query : 'SENS?' 
2023-06-06 17:53:20.700686 SRS_SR830 resp  : '0' 
2023-06-06 17:53:20.700686 SRS_SR830 query : 'ISRC?' 
2023-06-06 17:53:20.735842 SRS_SR830 resp  : '1' 
2023-06-06 17:53:20.735842 SRS_SR830 query : 'SENS?' 
2023-06-06 17:53:20.773153 SRS_SR830 resp  : '0' 
2023-06-06 17:53:20.822025 KEPCO BOP 50-8D write : 'CURR 0.1064' 
2023-06-06 17:53:21.328231 SRS_SR830 query : 'OUTP? 1' 
2023-06-06 17:53:21.386740 SRS_SR830 resp  : '-2.18439e-009' 
2023-06-06 17:53:21.387742 SRS_SR830 query : 'SENS?' 
2023-06-06 17:53:21.422835 SRS_SR830 resp  : '0' 
2023-06-06 17:53:21.422835 SRS_SR830 query : 'ISRC?' 
2023-06-06 17:53:21.458113 SRS_SR830 resp  : '1' 
2023-06-06 17:53:21.458113 SRS_SR830 query : 'SENS?' 
2023-06-06 17:53:21.494878 SRS_SR830 resp  : '0' 
2023-06-06 17:53:21.495885 SRS_SR830 query : 'OUTP? 2' 
2023-06-06 17:53:21.554845 SRS_SR830 resp  : '-2.18439e-009' 
2023-06-06 17:53:21.555886 SRS_SR830 query : 'SENS?' 
2023-06-06 17:53:21.593547 SRS_SR830 resp  : '0' 
2023-06-06 17:53:21.595597 SRS_SR830 query : 'ISRC?' 
2023-06-06 17:53:21.630888 SRS_SR830 resp  : '1' 
2023-06-06 17:53:21.631895 SRS_SR830 query : 'SENS?' 
2023-06-06 17:53:21.668550 SRS_SR830 resp  : '0' 
2023-06-06 17:53:21.751356 KEPCO BOP 50-8D write : 'CURR 0.1090' 
2023-06-06 17:53:22.254345 SRS_SR830 query : 'OUTP? 1' 
2023-06-06 17:53:22.313708 SRS_SR830 resp  : '-2.18439e-009' 
2023-06-06 17:53:22.315758 SRS_SR830 query : 'SENS?' 
2023-06-06 17:53:22.351409 SRS_SR830 resp  : '0' 
2023-06-06 17:53:22.352403 SRS_SR830 query : 'ISRC?' 
2023-06-06 17:53:22.388997 SRS_SR830 resp  : '1' 
2023-06-06 17:53:22.389964 SRS_SR830 query : 'SENS?' 
2023-06-06 17:53:22.427154 SRS_SR830 resp  : '0' 
2023-06-06 17:53:22.428159 SRS_SR830 query : 'OUTP? 2' 
2023-06-06 17:53:22.486331 SRS_SR830 resp  : '-2.18439e-009' 
2023-06-06 17:53:22.487330 SRS_SR830 query : 'SENS?' 
2023-06-06 17:53:22.524873 SRS_SR830 resp  : '0' 
2023-06-06 17:53:22.525880 SRS_SR830 query : 'ISRC?' 
2023-06-06 17:53:22.562192 SRS_SR830 resp  : '1' 
2023-06-06 17:53:22.563152 SRS_SR830 query : 'SENS?' 
2023-06-06 17:53:22.600079 SRS_SR830 resp  : '0' 
2023-06-06 17:53:22.667848 KEPCO BOP 50-8D write : 'CURR 0.1116' 
2023-06-06 17:53:23.177275 SRS_SR830 query : 'OUTP? 1' 
2023-06-06 17:53:23.237059 SRS_SR830 resp  : '-2.18439e-009' 
2023-06-06 17:53:23.238053 SRS_SR830 query : 'SENS?' 
2023-06-06 17:53:23.274482 SRS_SR830 resp  : '0' 
2023-06-06 17:53:23.275448 SRS_SR830 query : 'ISRC?' 
2023-06-06 17:53:23.312284 SRS_SR830 resp  : '1' 
2023-06-06 17:53:23.313280 SRS_SR830 query : 'SENS?' 
2023-06-06 17:53:23.351936 SRS_SR830 resp  : '0' 
2023-06-06 17:53:23.352898 SRS_SR830 query : 'OUTP? 2' 
2023-06-06 17:53:23.410077 SRS_SR830 resp  : '2.18428e-009' 
2023-06-06 17:53:23.411121 SRS_SR830 query : 'SENS?' 
2023-06-06 17:53:23.449231 SRS_SR830 resp  : '0' 
2023-06-06 17:53:23.450192 SRS_SR830 query : 'ISRC?' 
2023-06-06 17:53:23.484999 SRS_SR830 resp  : '1' 
2023-06-06 17:53:23.486003 SRS_SR830 query : 'SENS?' 
2023-06-06 17:53:23.522274 SRS_SR830 resp  : '0' 
2023-06-06 17:53:23.523272 SRS_SR830 write : 'SENS 1' 
2023-06-06 17:53:23.596113 KEPCO BOP 50-8D write : 'CURR 0.1141' 
2023-06-06 17:53:24.099170 SRS_SR830 query : 'OUTP? 1' 
2023-06-06 17:53:24.158207 SRS_SR830 resp  : '-5.46109e-009' 
2023-06-06 17:53:24.159202 SRS_SR830 query : 'SENS?' 
2023-06-06 17:53:24.196927 SRS_SR830 resp  : '1' 
2023-06-06 17:53:24.197889 SRS_SR830 query : 'ISRC?' 
2023-06-06 17:53:24.233488 SRS_SR830 resp  : '1' 
2023-06-06 17:53:24.234489 SRS_SR830 query : 'SENS?' 
2023-06-06 17:53:24.271090 SRS_SR830 resp  : '1' 
2023-06-06 17:53:24.272052 SRS_SR830 write : 'SENS 0' 
2023-06-06 17:53:24.273049 SRS_SR830 query : 'OUTP? 2' 
2023-06-06 17:53:24.611065 SRS_SR830 resp  : '-2.18439e-009' 
2023-06-06 17:53:24.613067 SRS_SR830 query : 'SENS?' 
2023-06-06 17:53:24.649319 SRS_SR830 resp  : '0' 
2023-06-06 17:53:24.650300 SRS_SR830 query : 'ISRC?' 
2023-06-06 17:53:24.686418 SRS_SR830 resp  : '1' 
2023-06-06 17:53:24.687376 SRS_SR830 query : 'SENS?' 
2023-06-06 17:53:24.724706 SRS_SR830 resp  : '0' 
2023-06-06 17:53:24.788559 KEPCO BOP 50-8D write : 'CURR 0.1167' 
2023-06-06 17:53:25.299329 SRS_SR830 query : 'OUTP? 1' 
2023-06-06 17:53:25.359138 SRS_SR830 resp  : '-2.18439e-009' 
2023-06-06 17:53:25.360144 SRS_SR830 query : 'SENS?' 
2023-06-06 17:53:25.397555 SRS_SR830 resp  : '0' 
2023-06-06 17:53:25.397555 SRS_SR830 query : 'ISRC?' 
2023-06-06 17:53:25.433504 SRS_SR830 resp  : '1' 
2023-06-06 17:53:25.435557 SRS_SR830 query : 'SENS?' 
2023-06-06 17:53:25.470237 SRS_SR830 resp  : '0' 
2023-06-06 17:53:25.471237 SRS_SR830 query : 'OUTP? 2' 
2023-06-06 17:53:25.529830 SRS_SR830 resp  : '-2.18439e-009' 
2023-06-06 17:53:25.530827 SRS_SR830 query : 'SENS?' 
2023-06-06 17:53:25.566687 SRS_SR830 resp  : '0' 
2023-06-06 17:53:25.567636 SRS_SR830 query : 'ISRC?' 
2023-06-06 17:53:25.604569 SRS_SR830 resp  : '1' 
2023-06-06 17:53:25.605563 SRS_SR830 query : 'SENS?' 
2023-06-06 17:53:25.643108 SRS_SR830 resp  : '0' 
2023-06-06 17:53:25.707929 KEPCO BOP 50-8D write : 'CURR 0.1193' 
2023-06-06 17:53:26.220503 SRS_SR830 query : 'OUTP? 1' 
2023-06-06 17:53:26.285689 SRS_SR830 resp  : '-2.18439e-009' 
2023-06-06 17:53:26.286685 SRS_SR830 query : 'SENS?' 
2023-06-06 17:53:26.324874 SRS_SR830 resp  : '0' 
2023-06-06 17:53:26.325884 SRS_SR830 query : 'ISRC?' 
2023-06-06 17:53:26.361318 SRS_SR830 resp  : '1' 
2023-06-06 17:53:26.362313 SRS_SR830 query : 'SENS?' 
2023-06-06 17:53:26.398764 SRS_SR830 resp  : '0' 
2023-06-06 17:53:26.399762 SRS_SR830 query : 'OUTP? 2' 
2023-06-06 17:53:26.457077 SRS_SR830 resp  : '2.18428e-009' 
2023-06-06 17:53:26.458072 SRS_SR830 query : 'SENS?' 
2023-06-06 17:53:26.494870 SRS_SR830 resp  : '0' 
2023-06-06 17:53:26.494870 SRS_SR830 query : 'ISRC?' 
2023-06-06 17:53:26.530246 SRS_SR830 resp  : '1' 
2023-06-06 17:53:26.531250 SRS_SR830 query : 'SENS?' 
2023-06-06 17:53:26.568116 SRS_SR830 resp  : '0' 
2023-06-06 17:53:26.569078 SRS_SR830 write : 'SENS 1' 
2023-06-06 17:53:26.616943 KEPCO BOP 50-8D write : 'CURR 0.1218' 
2023-06-06 17:53:27.123962 SRS_SR830 query : 'OUTP? 1' 
2023-06-06 17:53:27.183309 SRS_SR830 resp  : '-5.46109e-009' 
2023-06-06 17:53:27.185293 SRS_SR830 query : 'SENS?' 
2023-06-06 17:53:27.221562 SRS_SR830 resp  : '1' 
2023-06-06 17:53:27.223613 SRS_SR830 query : 'ISRC?' 
2023-06-06 17:53:27.259238 SRS_SR830 resp  : '1' 
2023-06-06 17:53:27.259238 SRS_SR830 query : 'SENS?' 
2023-06-06 17:53:27.295670 SRS_SR830 resp  : '1' 
2023-06-06 17:53:27.296666 SRS_SR830 write : 'SENS 0' 
2023-06-06 17:53:27.297696 SRS_SR830 query : 'OUTP? 2' 
2023-06-06 17:53:27.640068 SRS_SR830 resp  : '-2.18439e-009' 
2023-06-06 17:53:27.641063 SRS_SR830 query : 'SENS?' 
2023-06-06 17:53:27.678274 SRS_SR830 resp  : '0' 
2023-06-06 17:53:27.679315 SRS_SR830 query : 'ISRC?' 
2023-06-06 17:53:27.715857 SRS_SR830 resp  : '1' 
2023-06-06 17:53:27.716803 SRS_SR830 query : 'SENS?' 
2023-06-06 17:53:27.754144 SRS_SR830 resp  : '0' 
2023-06-06 17:53:27.819917 KEPCO BOP 50-8D write : 'CURR 0.1244' 
2023-06-06 17:53:28.328299 SRS_SR830 query : 'OUTP? 1' 
2023-06-06 17:53:28.387773 SRS_SR830 resp  : '-2.18439e-009' 
2023-06-06 17:53:28.388770 SRS_SR830 query : 'SENS?' 
2023-06-06 17:53:28.424286 SRS_SR830 resp  : '0' 
2023-06-06 17:53:28.424885 SRS_SR830 query : 'ISRC?' 
2023-06-06 17:53:28.461644 SRS_SR830 resp  : '1' 
2023-06-06 17:53:28.462647 SRS_SR830 query : 'SENS?' 
2023-06-06 17:53:28.500768 SRS_SR830 resp  : '0' 
2023-06-06 17:53:28.501771 SRS_SR830 query : 'OUTP? 2' 
2023-06-06 17:53:28.558420 SRS_SR830 resp  : '2.18428e-009' 
2023-06-06 17:53:28.559427 SRS_SR830 query : 'SENS?' 
2023-06-06 17:53:28.596486 SRS_SR830 resp  : '0' 
2023-06-06 17:53:28.597483 SRS_SR830 query : 'ISRC?' 
2023-06-06 17:53:28.634671 SRS_SR830 resp  : '1' 
2023-06-06 17:53:28.635666 SRS_SR830 query : 'SENS?' 
2023-06-06 17:53:28.672826 SRS_SR830 resp  : '0' 
2023-06-06 17:53:28.673819 SRS_SR830 write : 'SENS 1' 
2023-06-06 17:53:28.740642 KEPCO BOP 50-8D write : 'CURR 0.1270' 
2023-06-06 17:53:29.254470 SRS_SR830 query : 'OUTP? 1' 
2023-06-06 17:53:29.314206 SRS_SR830 resp  : '-5.46109e-009' 
2023-06-06 17:53:29.315168 SRS_SR830 query : 'SENS?' 
2023-06-06 17:53:29.351583 SRS_SR830 resp  : '1' 
2023-06-06 17:53:29.353585 SRS_SR830 query : 'ISRC?' 
2023-06-06 17:53:29.389893 SRS_SR830 resp  : '1' 
2023-06-06 17:53:29.390903 SRS_SR830 query : 'SENS?' 
2023-06-06 17:53:29.423469 SRS_SR830 resp  : '1' 
2023-06-06 17:53:29.423469 SRS_SR830 write : 'SENS 0' 
2023-06-06 17:53:29.423469 SRS_SR830 query : 'OUTP? 2' 
2023-06-06 17:53:29.772675 SRS_SR830 resp  : '2.18428e-009' 
2023-06-06 17:53:29.772675 SRS_SR830 query : 'SENS?' 
2023-06-06 17:53:29.809331 SRS_SR830 resp  : '0' 
2023-06-06 17:53:29.810326 SRS_SR830 query : 'ISRC?' 
2023-06-06 17:53:29.846981 SRS_SR830 resp  : '1' 
2023-06-06 17:53:29.847978 SRS_SR830 query : 'SENS?' 
2023-06-06 17:53:29.883425 SRS_SR830 resp  : '0' 
2023-06-06 17:53:29.885425 SRS_SR830 write : 'SENS 1' 
2023-06-06 17:53:29.949288 KEPCO BOP 50-8D write : 'CURR 0.1295' 
2023-06-06 17:53:30.466526 SRS_SR830 query : 'OUTP? 1' 
2023-06-06 17:53:30.524838 SRS_SR830 resp  : '-5.46109e-009' 
2023-06-06 17:53:30.524838 SRS_SR830 query : 'SENS?' 
2023-06-06 17:53:30.561360 SRS_SR830 resp  : '1' 
2023-06-06 17:53:30.561360 SRS_SR830 query : 'ISRC?' 
2023-06-06 17:53:30.597321 SRS_SR830 resp  : '1' 
2023-06-06 17:53:30.598357 SRS_SR830 query : 'SENS?' 
2023-06-06 17:53:30.634879 SRS_SR830 resp  : '1' 
2023-06-06 17:53:30.635886 SRS_SR830 write : 'SENS 0' 
2023-06-06 17:53:30.637885 SRS_SR830 query : 'OUTP? 2' 
2023-06-06 17:53:30.979379 SRS_SR830 resp  : '2.18428e-009' 
2023-06-06 17:53:30.980375 SRS_SR830 query : 'SENS?' 
2023-06-06 17:53:31.017620 SRS_SR830 resp  : '0' 
2023-06-06 17:53:31.018569 SRS_SR830 query : 'ISRC?' 
2023-06-06 17:53:31.054844 SRS_SR830 resp  : '1' 
2023-06-06 17:53:31.055884 SRS_SR830 query : 'SENS?' 
2023-06-06 17:53:31.092725 SRS_SR830 resp  : '0' 
2023-06-06 17:53:31.094728 SRS_SR830 write : 'SENS 1' 
2023-06-06 17:53:31.142629 KEPCO BOP 50-8D write : 'CURR 0.1321' 
2023-06-06 17:53:31.657240 SRS_SR830 query : 'OUTP? 1' 
2023-06-06 17:53:31.716351 SRS_SR830 resp  : '-5.46109e-009' 
2023-06-06 17:53:31.717346 SRS_SR830 query : 'SENS?' 
2023-06-06 17:53:31.754755 SRS_SR830 resp  : '1' 
2023-06-06 17:53:31.755702 SRS_SR830 query : 'ISRC?' 
2023-06-06 17:53:31.791649 SRS_SR830 resp  : '1' 
2023-06-06 17:53:31.793651 SRS_SR830 query : 'SENS?' 
2023-06-06 17:53:31.830231 SRS_SR830 resp  : '1' 
2023-06-06 17:53:31.831173 SRS_SR830 write : 'SENS 0' 
2023-06-06 17:53:31.832171 SRS_SR830 query : 'OUTP? 2' 
2023-06-06 17:53:32.173241 SRS_SR830 resp  : '2.18428e-009' 
2023-06-06 17:53:32.174204 SRS_SR830 query : 'SENS?' 
2023-06-06 17:53:32.210792 SRS_SR830 resp  : '0' 
2023-06-06 17:53:32.211756 SRS_SR830 query : 'ISRC?' 
2023-06-06 17:53:32.247382 SRS_SR830 resp  : '1' 
2023-06-06 17:53:32.248340 SRS_SR830 query : 'SENS?' 
2023-06-06 17:53:32.284305 SRS_SR830 resp  : '0' 
2023-06-06 17:53:32.284305 SRS_SR830 write : 'SENS 1' 
2023-06-06 17:53:32.340188 KEPCO BOP 50-8D write : 'CURR 0.1347' 
2023-06-06 17:53:32.848267 SRS_SR830 query : 'OUTP? 1' 
2023-06-06 17:53:32.907446 SRS_SR830 resp  : '-5.46109e-009' 
2023-06-06 17:53:32.907446 SRS_SR830 query : 'SENS?' 
2023-06-06 17:53:32.945547 SRS_SR830 resp  : '1' 
2023-06-06 17:53:32.946489 SRS_SR830 query : 'ISRC?' 
2023-06-06 17:53:32.982467 SRS_SR830 resp  : '1' 
2023-06-06 17:53:32.983430 SRS_SR830 query : 'SENS?' 
2023-06-06 17:53:33.019892 SRS_SR830 resp  : '1' 
2023-06-06 17:53:33.020884 SRS_SR830 write : 'SENS 0' 
2023-06-06 17:53:33.022881 SRS_SR830 query : 'OUTP? 2' 
2023-06-06 17:53:33.372399 SRS_SR830 resp  : '2.18428e-009' 
2023-06-06 17:53:33.373417 SRS_SR830 query : 'SENS?' 
2023-06-06 17:53:33.410792 SRS_SR830 resp  : '0' 
2023-06-06 17:53:33.412843 SRS_SR830 query : 'ISRC?' 
2023-06-06 17:53:33.448080 SRS_SR830 resp  : '1' 
2023-06-06 17:53:33.448080 SRS_SR830 query : 'SENS?' 
2023-06-06 17:53:33.484883 SRS_SR830 resp  : '0' 
2023-06-06 17:53:33.485889 SRS_SR830 write : 'SENS 1' 
2023-06-06 17:53:33.548716 KEPCO BOP 50-8D write : 'CURR 0.1372' 
2023-06-06 17:53:34.063415 SRS_SR830 query : 'OUTP? 1' 
2023-06-06 17:53:34.122503 SRS_SR830 resp  : '-5.46109e-009' 
2023-06-06 17:53:34.123546 SRS_SR830 query : 'SENS?' 
2023-06-06 17:53:34.161414 SRS_SR830 resp  : '1' 
2023-06-06 17:53:34.162425 SRS_SR830 query : 'ISRC?' 
2023-06-06 17:53:34.198522 SRS_SR830 resp  : '1' 
2023-06-06 17:53:34.199535 SRS_SR830 query : 'SENS?' 
2023-06-06 17:53:34.235745 SRS_SR830 resp  : '1' 
2023-06-06 17:53:34.236743 SRS_SR830 write : 'SENS 0' 
2023-06-06 17:53:34.237740 SRS_SR830 query : 'OUTP? 2' 
2023-06-06 17:53:34.578878 SRS_SR830 resp  : '2.18428e-009' 
2023-06-06 17:53:34.578878 SRS_SR830 query : 'SENS?' 
2023-06-06 17:53:34.614998 SRS_SR830 resp  : '0' 
2023-06-06 17:53:34.616001 SRS_SR830 query : 'ISRC?' 
2023-06-06 17:53:34.652164 SRS_SR830 resp  : '1' 
2023-06-06 17:53:34.653168 SRS_SR830 query : 'SENS?' 
2023-06-06 17:53:34.690732 SRS_SR830 resp  : '0' 
2023-06-06 17:53:34.691697 SRS_SR830 write : 'SENS 1' 
2023-06-06 17:53:34.755554 KEPCO BOP 50-8D write : 'CURR 0.1398' 
2023-06-06 17:53:35.258289 SRS_SR830 query : 'OUTP? 1' 
2023-06-06 17:53:35.317716 SRS_SR830 resp  : '-5.46109e-009' 
2023-06-06 17:53:35.317716 SRS_SR830 query : 'SENS?' 
2023-06-06 17:53:35.353103 SRS_SR830 resp  : '1' 
2023-06-06 17:53:35.354107 SRS_SR830 query : 'ISRC?' 
2023-06-06 17:53:35.391042 SRS_SR830 resp  : '1' 
2023-06-06 17:53:35.392003 SRS_SR830 query : 'SENS?' 
2023-06-06 17:53:35.429291 SRS_SR830 resp  : '1' 
2023-06-06 17:53:35.430280 SRS_SR830 write : 'SENS 0' 
2023-06-06 17:53:35.431280 SRS_SR830 query : 'OUTP? 2' 
2023-06-06 17:53:35.771961 SRS_SR830 resp  : '2.18428e-009' 
2023-06-06 17:53:35.771961 SRS_SR830 query : 'SENS?' 
2023-06-06 17:53:35.810479 SRS_SR830 resp  : '0' 
2023-06-06 17:53:35.811474 SRS_SR830 query : 'ISRC?' 
2023-06-06 17:53:35.848019 SRS_SR830 resp  : '1' 
2023-06-06 17:53:35.848987 SRS_SR830 query : 'SENS?' 
2023-06-06 17:53:35.886253 SRS_SR830 resp  : '0' 
2023-06-06 17:53:35.888257 SRS_SR830 write : 'SENS 1' 
2023-06-06 17:53:35.956104 KEPCO BOP 50-8D write : 'CURR 0.1424' 
2023-06-06 17:53:36.466810 SRS_SR830 query : 'OUTP? 1' 
2023-06-06 17:53:36.526403 SRS_SR830 resp  : '-5.46109e-009' 
2023-06-06 17:53:36.527399 SRS_SR830 query : 'SENS?' 
2023-06-06 17:53:36.564168 SRS_SR830 resp  : '1' 
2023-06-06 17:53:36.565174 SRS_SR830 query : 'ISRC?' 
2023-06-06 17:53:36.602984 SRS_SR830 resp  : '1' 
2023-06-06 17:53:36.603996 SRS_SR830 query : 'SENS?' 
2023-06-06 17:53:36.640363 SRS_SR830 resp  : '1' 
2023-06-06 17:53:36.641356 SRS_SR830 write : 'SENS 0' 
2023-06-06 17:53:36.642363 SRS_SR830 query : 'OUTP? 2' 
2023-06-06 17:53:36.982479 SRS_SR830 resp  : '2.18428e-009' 
2023-06-06 17:53:36.982479 SRS_SR830 query : 'SENS?' 
2023-06-06 17:53:37.023393 SRS_SR830 resp  : '0' 
2023-06-06 17:53:37.024359 SRS_SR830 query : 'ISRC?' 
2023-06-06 17:53:37.061338 SRS_SR830 resp  : '1' 
2023-06-06 17:53:37.062334 SRS_SR830 query : 'SENS?' 
2023-06-06 17:53:37.099288 SRS_SR830 resp  : '0' 
2023-06-06 17:53:37.100286 SRS_SR830 write : 'SENS 1' 
2023-06-06 17:53:37.165139 KEPCO BOP 50-8D write : 'CURR 0.1449' 
2023-06-06 17:53:37.678262 SRS_SR830 query : 'OUTP? 1' 
2023-06-06 17:53:37.738921 SRS_SR830 resp  : '-5.46109e-009' 
2023-06-06 17:53:37.739919 SRS_SR830 query : 'SENS?' 
2023-06-06 17:53:37.776747 SRS_SR830 resp  : '1' 
2023-06-06 17:53:37.778749 SRS_SR830 query : 'ISRC?' 
2023-06-06 17:53:37.814871 SRS_SR830 resp  : '1' 
2023-06-06 17:53:37.815911 SRS_SR830 query : 'SENS?' 
2023-06-06 17:53:37.853289 SRS_SR830 resp  : '1' 
2023-06-06 17:53:37.854285 SRS_SR830 write : 'SENS 0' 
2023-06-06 17:53:37.855282 SRS_SR830 query : 'OUTP? 2' 
2023-06-06 17:53:38.204489 SRS_SR830 resp  : '2.18428e-009' 
2023-06-06 17:53:38.204489 SRS_SR830 query : 'SENS?' 
2023-06-06 17:53:38.241782 SRS_SR830 resp  : '0' 
2023-06-06 17:53:38.242738 SRS_SR830 query : 'ISRC?' 
2023-06-06 17:53:38.279472 SRS_SR830 resp  : '1' 
2023-06-06 17:53:38.280483 SRS_SR830 query : 'SENS?' 
2023-06-06 17:53:38.318373 SRS_SR830 resp  : '0' 
2023-06-06 17:53:38.319386 SRS_SR830 write : 'SENS 1' 
2023-06-06 17:53:38.391140 KEPCO BOP 50-8D write : 'CURR 0.1475' 
2023-06-06 17:53:38.899236 SRS_SR830 query : 'OUTP? 1' 
2023-06-06 17:53:38.957389 SRS_SR830 resp  : '-5.46109e-009' 
2023-06-06 17:53:38.957389 SRS_SR830 query : 'SENS?' 
2023-06-06 17:53:38.993033 SRS_SR830 resp  : '1' 
2023-06-06 17:53:38.993033 SRS_SR830 query : 'ISRC?' 
2023-06-06 17:53:39.030001 SRS_SR830 resp  : '1' 
2023-06-06 17:53:39.030996 SRS_SR830 query : 'SENS?' 
2023-06-06 17:53:39.068105 SRS_SR830 resp  : '1' 
2023-06-06 17:53:39.069101 SRS_SR830 write : 'SENS 0' 
2023-06-06 17:53:39.070105 SRS_SR830 query : 'OUTP? 2' 
2023-06-06 17:53:39.411862 SRS_SR830 resp  : '2.18428e-009' 
2023-06-06 17:53:39.412872 SRS_SR830 query : 'SENS?' 
2023-06-06 17:53:39.450064 SRS_SR830 resp  : '0' 
2023-06-06 17:53:39.451076 SRS_SR830 query : 'ISRC?' 
2023-06-06 17:53:39.487571 SRS_SR830 resp  : '1' 
2023-06-06 17:53:39.488567 SRS_SR830 query : 'SENS?' 
2023-06-06 17:53:39.525728 SRS_SR830 resp  : '0' 
2023-06-06 17:53:39.526721 SRS_SR830 write : 'SENS 1' 
2023-06-06 17:53:39.596530 KEPCO BOP 50-8D write : 'CURR 0.1501' 
2023-06-06 17:53:40.102375 SRS_SR830 query : 'OUTP? 1' 
2023-06-06 17:53:40.161618 SRS_SR830 resp  : '-5.46109e-009' 
2023-06-06 17:53:40.161618 SRS_SR830 query : 'SENS?' 
2023-06-06 17:53:40.197054 SRS_SR830 resp  : '1' 
2023-06-06 17:53:40.198055 SRS_SR830 query : 'ISRC?' 
2023-06-06 17:53:40.233802 SRS_SR830 resp  : '1' 
2023-06-06 17:53:40.233802 SRS_SR830 query : 'SENS?' 
2023-06-06 17:53:40.270902 SRS_SR830 resp  : '1' 
2023-06-06 17:53:40.271912 SRS_SR830 write : 'SENS 0' 
2023-06-06 17:53:40.272865 SRS_SR830 query : 'OUTP? 2' 
2023-06-06 17:53:40.614151 SRS_SR830 resp  : '2.18428e-009' 
2023-06-06 17:53:40.615150 SRS_SR830 query : 'SENS?' 
2023-06-06 17:53:40.651487 SRS_SR830 resp  : '0' 
2023-06-06 17:53:40.651487 SRS_SR830 query : 'ISRC?' 
2023-06-06 17:53:40.687377 SRS_SR830 resp  : '1' 
2023-06-06 17:53:40.688382 SRS_SR830 query : 'SENS?' 
2023-06-06 17:53:40.724879 SRS_SR830 resp  : '0' 
2023-06-06 17:53:40.725935 SRS_SR830 write : 'SENS 1' 
2023-06-06 17:53:40.790710 KEPCO BOP 50-8D write : 'CURR 0.1526' 
2023-06-06 17:53:41.302854 SRS_SR830 query : 'OUTP? 1' 
2023-06-06 17:53:41.362507 SRS_SR830 resp  : '-5.46109e-009' 
2023-06-06 17:53:41.363502 SRS_SR830 query : 'SENS?' 
2023-06-06 17:53:41.399264 SRS_SR830 resp  : '1' 
2023-06-06 17:53:41.400260 SRS_SR830 query : 'ISRC?' 
2023-06-06 17:53:41.436453 SRS_SR830 resp  : '1' 
2023-06-06 17:53:41.437452 SRS_SR830 query : 'SENS?' 
2023-06-06 17:53:41.474731 SRS_SR830 resp  : '1' 
2023-06-06 17:53:41.475725 SRS_SR830 write : 'SENS 0' 
2023-06-06 17:53:41.476723 SRS_SR830 query : 'OUTP? 2' 
2023-06-06 17:53:41.817987 SRS_SR830 resp  : '2.18428e-009' 
2023-06-06 17:53:41.819991 SRS_SR830 query : 'SENS?' 
2023-06-06 17:53:41.855831 SRS_SR830 resp  : '0' 
2023-06-06 17:53:41.856864 SRS_SR830 query : 'ISRC?' 
2023-06-06 17:53:41.892201 SRS_SR830 resp  : '1' 
2023-06-06 17:53:41.892201 SRS_SR830 query : 'SENS?' 
2023-06-06 17:53:41.929309 SRS_SR830 resp  : '0' 
2023-06-06 17:53:41.930277 SRS_SR830 write : 'SENS 1' 
2023-06-06 17:53:42.001081 KEPCO BOP 50-8D write : 'CURR 0.1552' 
2023-06-06 17:53:42.510546 SRS_SR830 query : 'OUTP? 1' 
2023-06-06 17:53:42.569471 SRS_SR830 resp  : '-5.46109e-009' 
2023-06-06 17:53:42.570472 SRS_SR830 query : 'SENS?' 
2023-06-06 17:53:42.606497 SRS_SR830 resp  : '1' 
2023-06-06 17:53:42.606497 SRS_SR830 query : 'ISRC?' 
2023-06-06 17:53:42.642923 SRS_SR830 resp  : '1' 
2023-06-06 17:53:42.642923 SRS_SR830 query : 'SENS?' 
2023-06-06 17:53:42.678463 SRS_SR830 resp  : '1' 
2023-06-06 17:53:42.679088 SRS_SR830 write : 'SENS 0' 
2023-06-06 17:53:42.679704 SRS_SR830 query : 'OUTP? 2' 
2023-06-06 17:53:43.021734 SRS_SR830 resp  : '2.18428e-009' 
2023-06-06 17:53:43.022685 SRS_SR830 query : 'SENS?' 
2023-06-06 17:53:43.059174 SRS_SR830 resp  : '0' 
2023-06-06 17:53:43.060172 SRS_SR830 query : 'ISRC?' 
2023-06-06 17:53:43.097622 SRS_SR830 resp  : '1' 
2023-06-06 17:53:43.098620 SRS_SR830 query : 'SENS?' 
2023-06-06 17:53:43.134876 SRS_SR830 resp  : '0' 
2023-06-06 17:53:43.135891 SRS_SR830 write : 'SENS 1' 
2023-06-06 17:53:43.201732 KEPCO BOP 50-8D write : 'CURR 0.1578' 
2023-06-06 17:53:43.714884 SRS_SR830 query : 'OUTP? 1' 
2023-06-06 17:53:43.772950 SRS_SR830 resp  : '5.46086e-009' 
2023-06-06 17:53:43.772950 SRS_SR830 query : 'SENS?' 
2023-06-06 17:53:43.809450 SRS_SR830 resp  : '1' 
2023-06-06 17:53:43.810446 SRS_SR830 query : 'ISRC?' 
2023-06-06 17:53:43.846579 SRS_SR830 resp  : '1' 
2023-06-06 17:53:43.847577 SRS_SR830 query : 'SENS?' 
2023-06-06 17:53:43.883683 SRS_SR830 resp  : '1' 
2023-06-06 17:53:43.883683 SRS_SR830 write : 'SENS 2' 
2023-06-06 17:53:43.884685 SRS_SR830 query : 'OUTP? 2' 
2023-06-06 17:53:44.229985 SRS_SR830 resp  : '1.09217e-008' 
2023-06-06 17:53:44.230951 SRS_SR830 query : 'SENS?' 
2023-06-06 17:53:44.267647 SRS_SR830 resp  : '2' 
2023-06-06 17:53:44.267647 SRS_SR830 query : 'ISRC?' 
2023-06-06 17:53:44.303402 SRS_SR830 resp  : '1' 
2023-06-06 17:53:44.304407 SRS_SR830 query : 'SENS?' 
2023-06-06 17:53:44.341793 SRS_SR830 resp  : '2' 
2023-06-06 17:53:44.342786 SRS_SR830 write : 'SENS 3' 
2023-06-06 17:53:44.403619 KEPCO BOP 50-8D write : 'CURR 0.1603' 
2023-06-06 17:53:44.908279 SRS_SR830 query : 'OUTP? 1' 
2023-06-06 17:53:44.968037 SRS_SR830 resp  : '2.18434e-008' 
2023-06-06 17:53:44.969039 SRS_SR830 query : 'SENS?' 
2023-06-06 17:53:45.006079 SRS_SR830 resp  : '3' 
2023-06-06 17:53:45.007081 SRS_SR830 query : 'ISRC?' 
2023-06-06 17:53:45.043126 SRS_SR830 resp  : '1' 
2023-06-06 17:53:45.044135 SRS_SR830 query : 'SENS?' 
2023-06-06 17:53:45.080819 SRS_SR830 resp  : '3' 
2023-06-06 17:53:45.081769 SRS_SR830 write : 'SENS 4' 
2023-06-06 17:53:45.083808 SRS_SR830 query : 'OUTP? 2' 
2023-06-06 17:53:45.429271 SRS_SR830 resp  : '-5.46117e-008' 
2023-06-06 17:53:45.430267 SRS_SR830 query : 'SENS?' 
2023-06-06 17:53:45.466880 SRS_SR830 resp  : '4' 
2023-06-06 17:53:45.468881 SRS_SR830 query : 'ISRC?' 
2023-06-06 17:53:45.504875 SRS_SR830 resp  : '1' 
2023-06-06 17:53:45.505892 SRS_SR830 query : 'SENS?' 
2023-06-06 17:53:45.543424 SRS_SR830 resp  : '4' 
2023-06-06 17:53:45.544419 SRS_SR830 write : 'SENS 3' 
2023-06-06 17:53:45.611237 KEPCO BOP 50-8D write : 'CURR 0.1629' 
2023-06-06 17:53:46.115398 SRS_SR830 query : 'OUTP? 1' 
2023-06-06 17:53:46.174087 SRS_SR830 resp  : '2.18434e-008' 
2023-06-06 17:53:46.174839 SRS_SR830 query : 'SENS?' 
2023-06-06 17:53:46.209904 SRS_SR830 resp  : '3' 
2023-06-06 17:53:46.210906 SRS_SR830 query : 'ISRC?' 
2023-06-06 17:53:46.246181 SRS_SR830 resp  : '1' 
2023-06-06 17:53:46.247174 SRS_SR830 query : 'SENS?' 
2023-06-06 17:53:46.283129 SRS_SR830 resp  : '3' 
2023-06-06 17:53:46.283129 SRS_SR830 write : 'SENS 4' 
2023-06-06 17:53:46.284105 SRS_SR830 query : 'OUTP? 2' 
2023-06-06 17:53:46.629778 SRS_SR830 resp  : '-5.46117e-008' 
2023-06-06 17:53:46.630740 SRS_SR830 query : 'SENS?' 
2023-06-06 17:53:46.666559 SRS_SR830 resp  : '4' 
2023-06-06 17:53:46.667562 SRS_SR830 query : 'ISRC?' 
2023-06-06 17:53:46.702803 SRS_SR830 resp  : '1' 
2023-06-06 17:53:46.703806 SRS_SR830 query : 'SENS?' 
2023-06-06 17:53:46.740004 SRS_SR830 resp  : '4' 
2023-06-06 17:53:46.740953 SRS_SR830 write : 'SENS 3' 
2023-06-06 17:53:46.810761 KEPCO BOP 50-8D write : 'CURR 0.1655' 
2023-06-06 17:53:47.322935 SRS_SR830 query : 'OUTP? 1' 
2023-06-06 17:53:47.380348 SRS_SR830 resp  : '2.18434e-008' 
2023-06-06 17:53:47.381352 SRS_SR830 query : 'SENS?' 
2023-06-06 17:53:47.418991 SRS_SR830 resp  : '3' 
2023-06-06 17:53:47.419987 SRS_SR830 query : 'ISRC?' 
2023-06-06 17:53:47.456035 SRS_SR830 resp  : '1' 
2023-06-06 17:53:47.457035 SRS_SR830 query : 'SENS?' 
2023-06-06 17:53:47.493991 SRS_SR830 resp  : '3' 
2023-06-06 17:53:47.495001 SRS_SR830 write : 'SENS 4' 
2023-06-06 17:53:47.495959 SRS_SR830 query : 'OUTP? 2' 
2023-06-06 17:53:47.843042 SRS_SR830 resp  : '-5.46117e-008' 
2023-06-06 17:53:47.844042 SRS_SR830 query : 'SENS?' 
2023-06-06 17:53:47.879664 SRS_SR830 resp  : '4' 
2023-06-06 17:53:47.881665 SRS_SR830 query : 'ISRC?' 
2023-06-06 17:53:47.919069 SRS_SR830 resp  : '1' 
2023-06-06 17:53:47.920075 SRS_SR830 query : 'SENS?' 
2023-06-06 17:53:47.956012 SRS_SR830 resp  : '4' 
2023-06-06 17:53:47.958007 SRS_SR830 write : 'SENS 3' 
2023-06-06 17:53:48.027818 KEPCO BOP 50-8D write : 'CURR 0.1680' 
2023-06-06 17:53:48.529981 SRS_SR830 query : 'OUTP? 1' 
2023-06-06 17:53:48.589005 SRS_SR830 resp  : '2.18434e-008' 
2023-06-06 17:53:48.591009 SRS_SR830 query : 'SENS?' 
2023-06-06 17:53:48.626930 SRS_SR830 resp  : '3' 
2023-06-06 17:53:48.627936 SRS_SR830 query : 'ISRC?' 
2023-06-06 17:53:48.664874 SRS_SR830 resp  : '1' 
2023-06-06 17:53:48.665880 SRS_SR830 query : 'SENS?' 
2023-06-06 17:53:48.703021 SRS_SR830 resp  : '3' 
2023-06-06 17:53:48.704061 SRS_SR830 write : 'SENS 4' 
2023-06-06 17:53:48.706024 SRS_SR830 query : 'OUTP? 2' 
2023-06-06 17:53:49.051636 SRS_SR830 resp  : '-5.46117e-008' 
2023-06-06 17:53:49.053686 SRS_SR830 query : 'SENS?' 
2023-06-06 17:53:49.091356 SRS_SR830 resp  : '4' 
2023-06-06 17:53:49.092355 SRS_SR830 query : 'ISRC?' 
2023-06-06 17:53:49.127764 SRS_SR830 resp  : '1' 
2023-06-06 17:53:49.127764 SRS_SR830 query : 'SENS?' 
2023-06-06 17:53:49.163881 SRS_SR830 resp  : '4' 
2023-06-06 17:53:49.164882 SRS_SR830 write : 'SENS 3' 
2023-06-06 17:53:49.213791 KEPCO BOP 50-8D write : 'CURR 0.1706' 
2023-06-06 17:53:49.722208 SRS_SR830 query : 'OUTP? 1' 
2023-06-06 17:53:49.781086 SRS_SR830 resp  : '2.18434e-008' 
2023-06-06 17:53:49.782077 SRS_SR830 query : 'SENS?' 
2023-06-06 17:53:49.819546 SRS_SR830 resp  : '3' 
2023-06-06 17:53:49.819546 SRS_SR830 query : 'ISRC?' 
2023-06-06 17:53:49.857753 SRS_SR830 resp  : '1' 
2023-06-06 17:53:49.857753 SRS_SR830 query : 'SENS?' 
2023-06-06 17:53:49.894493 SRS_SR830 resp  : '3' 
2023-06-06 17:53:49.895487 SRS_SR830 write : 'SENS 4' 
2023-06-06 17:53:49.897482 SRS_SR830 query : 'OUTP? 2' 
2023-06-06 17:53:50.244831 SRS_SR830 resp  : '-5.46117e-008' 
2023-06-06 17:53:50.245826 SRS_SR830 query : 'SENS?' 
2023-06-06 17:53:50.282777 SRS_SR830 resp  : '4' 
2023-06-06 17:53:50.282777 SRS_SR830 query : 'ISRC?' 
2023-06-06 17:53:50.318172 SRS_SR830 resp  : '1' 
2023-06-06 17:53:50.318172 SRS_SR830 query : 'SENS?' 
2023-06-06 17:53:50.355982 SRS_SR830 resp  : '4' 
2023-06-06 17:53:50.356971 SRS_SR830 write : 'SENS 3' 
2023-06-06 17:53:50.407793 KEPCO BOP 50-8D write : 'CURR 0.1732' 
2023-06-06 17:53:50.915721 SRS_SR830 query : 'OUTP? 1' 
2023-06-06 17:53:50.974841 SRS_SR830 resp  : '2.18434e-008' 
2023-06-06 17:53:50.975847 SRS_SR830 query : 'SENS?' 
2023-06-06 17:53:51.014121 SRS_SR830 resp  : '3' 
2023-06-06 17:53:51.015116 SRS_SR830 query : 'ISRC?' 
2023-06-06 17:53:51.050675 SRS_SR830 resp  : '1' 
2023-06-06 17:53:51.052678 SRS_SR830 query : 'SENS?' 
2023-06-06 17:53:51.089432 SRS_SR830 resp  : '3' 
2023-06-06 17:53:51.090429 SRS_SR830 write : 'SENS 4' 
2023-06-06 17:53:51.091427 SRS_SR830 query : 'OUTP? 2' 
2023-06-06 17:53:51.438646 SRS_SR830 resp  : '-5.46117e-008' 
2023-06-06 17:53:51.440696 SRS_SR830 query : 'SENS?' 
2023-06-06 17:53:51.476222 SRS_SR830 resp  : '4' 
2023-06-06 17:53:51.478224 SRS_SR830 query : 'ISRC?' 
2023-06-06 17:53:51.514753 SRS_SR830 resp  : '1' 
2023-06-06 17:53:51.516757 SRS_SR830 query : 'SENS?' 
2023-06-06 17:53:51.553306 SRS_SR830 resp  : '4' 
2023-06-06 17:53:51.554312 SRS_SR830 write : 'SENS 3' 
2023-06-06 17:53:51.627142 KEPCO BOP 50-8D write : 'CURR 0.1757' 
2023-06-06 17:53:52.130293 SRS_SR830 query : 'OUTP? 1' 
2023-06-06 17:53:52.190018 SRS_SR830 resp  : '2.18434e-008' 
2023-06-06 17:53:52.190976 SRS_SR830 query : 'SENS?' 
2023-06-06 17:53:52.228107 SRS_SR830 resp  : '3' 
2023-06-06 17:53:52.228107 SRS_SR830 query : 'ISRC?' 
2023-06-06 17:53:52.264876 SRS_SR830 resp  : '1' 
2023-06-06 17:53:52.265882 SRS_SR830 query : 'SENS?' 
2023-06-06 17:53:52.302162 SRS_SR830 resp  : '3' 
2023-06-06 17:53:52.303156 SRS_SR830 write : 'SENS 4' 
2023-06-06 17:53:52.305150 SRS_SR830 query : 'OUTP? 2' 
2023-06-06 17:53:52.651497 SRS_SR830 resp  : '-5.46117e-008' 
2023-06-06 17:53:52.651497 SRS_SR830 query : 'SENS?' 
2023-06-06 17:53:52.688100 SRS_SR830 resp  : '4' 
2023-06-06 17:53:52.689106 SRS_SR830 query : 'ISRC?' 
2023-06-06 17:53:52.725345 SRS_SR830 resp  : '1' 
2023-06-06 17:53:52.726338 SRS_SR830 query : 'SENS?' 
2023-06-06 17:53:52.763675 SRS_SR830 resp  : '4' 
2023-06-06 17:53:52.764686 SRS_SR830 write : 'SENS 3' 
2023-06-06 17:53:52.838438 KEPCO BOP 50-8D write : 'CURR 0.1783' 
2023-06-06 17:53:53.354837 SRS_SR830 query : 'OUTP? 1' 
2023-06-06 17:53:53.414853 SRS_SR830 resp  : '2.18434e-008' 
2023-06-06 17:53:53.415862 SRS_SR830 query : 'SENS?' 
2023-06-06 17:53:53.452022 SRS_SR830 resp  : '3' 
2023-06-06 17:53:53.453063 SRS_SR830 query : 'ISRC?' 
2023-06-06 17:53:53.490462 SRS_SR830 resp  : '1' 
2023-06-06 17:53:53.491459 SRS_SR830 query : 'SENS?' 
2023-06-06 17:53:53.522018 SRS_SR830 resp  : '3' 
2023-06-06 17:53:53.522018 SRS_SR830 write : 'SENS 4' 
2023-06-06 17:53:53.522018 SRS_SR830 query : 'OUTP? 2' 
2023-06-06 17:53:53.879347 SRS_SR830 resp  : '-5.46117e-008' 
2023-06-06 17:53:53.879347 SRS_SR830 query : 'SENS?' 
2023-06-06 17:53:53.915813 SRS_SR830 resp  : '4' 
2023-06-06 17:53:53.916814 SRS_SR830 query : 'ISRC?' 
2023-06-06 17:53:53.951705 SRS_SR830 resp  : '1' 
2023-06-06 17:53:53.953755 SRS_SR830 query : 'SENS?' 
2023-06-06 17:53:53.990446 SRS_SR830 resp  : '4' 
2023-06-06 17:53:53.991445 SRS_SR830 write : 'SENS 3' 
2023-06-06 17:53:54.061287 KEPCO BOP 50-8D write : 'CURR 0.1809' 
2023-06-06 17:53:54.569290 SRS_SR830 query : 'OUTP? 1' 
2023-06-06 17:53:54.628057 SRS_SR830 resp  : '2.18434e-008' 
2023-06-06 17:53:54.629053 SRS_SR830 query : 'SENS?' 
2023-06-06 17:53:54.666040 SRS_SR830 resp  : '3' 
2023-06-06 17:53:54.666040 SRS_SR830 query : 'ISRC?' 
2023-06-06 17:53:54.703032 SRS_SR830 resp  : '1' 
2023-06-06 17:53:54.704037 SRS_SR830 query : 'SENS?' 
2023-06-06 17:53:54.741237 SRS_SR830 resp  : '3' 
2023-06-06 17:53:54.742247 SRS_SR830 write : 'SENS 4' 
2023-06-06 17:53:54.743242 SRS_SR830 query : 'OUTP? 2' 
2023-06-06 17:53:55.097298 SRS_SR830 resp  : '-5.46117e-008' 
2023-06-06 17:53:55.098348 SRS_SR830 query : 'SENS?' 
2023-06-06 17:53:55.134575 SRS_SR830 resp  : '4' 
2023-06-06 17:53:55.135571 SRS_SR830 query : 'ISRC?' 
2023-06-06 17:53:55.173323 SRS_SR830 resp  : '1' 
2023-06-06 17:53:55.173323 SRS_SR830 query : 'SENS?' 
2023-06-06 17:53:55.210391 SRS_SR830 resp  : '4' 
2023-06-06 17:53:55.211128 SRS_SR830 write : 'SENS 3' 
2023-06-06 17:53:55.254051 KEPCO BOP 50-8D write : 'CURR 0.1834' 
2023-06-06 17:53:55.763289 SRS_SR830 query : 'OUTP? 1' 
2023-06-06 17:53:55.822503 SRS_SR830 resp  : '2.18434e-008' 
2023-06-06 17:53:55.823518 SRS_SR830 query : 'SENS?' 
2023-06-06 17:53:55.860104 SRS_SR830 resp  : '3' 
2023-06-06 17:53:55.860104 SRS_SR830 query : 'ISRC?' 
2023-06-06 17:53:55.898534 SRS_SR830 resp  : '1' 
2023-06-06 17:53:55.899531 SRS_SR830 query : 'SENS?' 
2023-06-06 17:53:55.935599 SRS_SR830 resp  : '3' 
2023-06-06 17:53:55.936592 SRS_SR830 write : 'SENS 4' 
2023-06-06 17:53:55.938586 SRS_SR830 query : 'OUTP? 2' 
2023-06-06 17:53:56.285264 SRS_SR830 resp  : '-5.46117e-008' 
2023-06-06 17:53:56.286266 SRS_SR830 query : 'SENS?' 
2023-06-06 17:53:56.323264 SRS_SR830 resp  : '4' 
2023-06-06 17:53:56.323264 SRS_SR830 query : 'ISRC?' 
2023-06-06 17:53:56.359116 SRS_SR830 resp  : '1' 
2023-06-06 17:53:56.360119 SRS_SR830 query : 'SENS?' 
2023-06-06 17:53:56.392605 SRS_SR830 resp  : '4' 
2023-06-06 17:53:56.392605 SRS_SR830 write : 'SENS 3' 
2023-06-06 17:53:56.443254 KEPCO BOP 50-8D write : 'CURR 0.1860' 
2023-06-06 17:53:56.960681 SRS_SR830 query : 'OUTP? 1' 
2023-06-06 17:53:57.019532 SRS_SR830 resp  : '2.18434e-008' 
2023-06-06 17:53:57.019532 SRS_SR830 query : 'SENS?' 
2023-06-06 17:53:57.055798 SRS_SR830 resp  : '3' 
2023-06-06 17:53:57.055798 SRS_SR830 query : 'ISRC?' 
2023-06-06 17:53:57.091346 SRS_SR830 resp  : '1' 
2023-06-06 17:53:57.093349 SRS_SR830 query : 'SENS?' 
2023-06-06 17:53:57.130016 SRS_SR830 resp  : '3' 
2023-06-06 17:53:57.132019 SRS_SR830 write : 'SENS 4' 
2023-06-06 17:53:57.134047 SRS_SR830 query : 'OUTP? 2' 
2023-06-06 17:53:57.479960 SRS_SR830 resp  : '-5.46117e-008' 
2023-06-06 17:53:57.480955 SRS_SR830 query : 'SENS?' 
2023-06-06 17:53:57.519637 SRS_SR830 resp  : '4' 
2023-06-06 17:53:57.520633 SRS_SR830 query : 'ISRC?' 
2023-06-06 17:53:57.556126 SRS_SR830 resp  : '1' 
2023-06-06 17:53:57.557132 SRS_SR830 query : 'SENS?' 
2023-06-06 17:53:57.594451 SRS_SR830 resp  : '4' 
2023-06-06 17:53:57.595448 SRS_SR830 write : 'SENS 3' 
2023-06-06 17:53:57.656282 KEPCO BOP 50-8D write : 'CURR 0.1886' 
2023-06-06 17:53:58.170995 SRS_SR830 query : 'OUTP? 1' 
2023-06-06 17:53:58.229487 SRS_SR830 resp  : '2.18434e-008' 
2023-06-06 17:53:58.229487 SRS_SR830 query : 'SENS?' 
2023-06-06 17:53:58.265273 SRS_SR830 resp  : '3' 
2023-06-06 17:53:58.265273 SRS_SR830 query : 'ISRC?' 
2023-06-06 17:53:58.301992 SRS_SR830 resp  : '1' 
2023-06-06 17:53:58.302955 SRS_SR830 query : 'SENS?' 
2023-06-06 17:53:58.338067 SRS_SR830 resp  : '3' 
2023-06-06 17:53:58.339069 SRS_SR830 write : 'SENS 4' 
2023-06-06 17:53:58.339069 SRS_SR830 query : 'OUTP? 2' 
2023-06-06 17:53:58.686017 SRS_SR830 resp  : '-5.46117e-008' 
2023-06-06 17:53:58.686017 SRS_SR830 query : 'SENS?' 
2023-06-06 17:53:58.721347 SRS_SR830 resp  : '4' 
2023-06-06 17:53:58.722381 SRS_SR830 query : 'ISRC?' 
2023-06-06 17:53:58.757457 SRS_SR830 resp  : '1' 
2023-06-06 17:53:58.757457 SRS_SR830 query : 'SENS?' 
2023-06-06 17:53:58.793722 SRS_SR830 resp  : '4' 
2023-06-06 17:53:58.794719 SRS_SR830 write : 'SENS 3' 
2023-06-06 17:53:58.840594 KEPCO BOP 50-8D write : 'CURR 0.1911' 
2023-06-06 17:53:59.350621 SRS_SR830 query : 'OUTP? 1' 
2023-06-06 17:53:59.409229 SRS_SR830 resp  : '2.18434e-008' 
2023-06-06 17:53:59.410233 SRS_SR830 query : 'SENS?' 
2023-06-06 17:53:59.445887 SRS_SR830 resp  : '3' 
2023-06-06 17:53:59.446890 SRS_SR830 query : 'ISRC?' 
2023-06-06 17:53:59.482417 SRS_SR830 resp  : '1' 
2023-06-06 17:53:59.483458 SRS_SR830 query : 'SENS?' 
2023-06-06 17:53:59.521072 SRS_SR830 resp  : '3' 
2023-06-06 17:53:59.522082 SRS_SR830 write : 'SENS 4' 
2023-06-06 17:53:59.523034 SRS_SR830 query : 'OUTP? 2' 
2023-06-06 17:53:59.870111 SRS_SR830 resp  : '-5.46117e-008' 
2023-06-06 17:53:59.871107 SRS_SR830 query : 'SENS?' 
2023-06-06 17:53:59.906674 SRS_SR830 resp  : '4' 
2023-06-06 17:53:59.907672 SRS_SR830 query : 'ISRC?' 
2023-06-06 17:53:59.944037 SRS_SR830 resp  : '1' 
2023-06-06 17:53:59.944037 SRS_SR830 query : 'SENS?' 
2023-06-06 17:53:59.980861 SRS_SR830 resp  : '4' 
2023-06-06 17:53:59.981810 SRS_SR830 write : 'SENS 3' 
2023-06-06 17:54:00.054612 KEPCO BOP 50-8D write : 'CURR 0.1937' 
2023-06-06 17:54:00.560246 SRS_SR830 query : 'OUTP? 1' 
2023-06-06 17:54:00.619369 SRS_SR830 resp  : '2.18434e-008' 
2023-06-06 17:54:00.620408 SRS_SR830 query : 'SENS?' 
2023-06-06 17:54:00.658271 SRS_SR830 resp  : '3' 
2023-06-06 17:54:00.658271 SRS_SR830 query : 'ISRC?' 
2023-06-06 17:54:00.695064 SRS_SR830 resp  : '1' 
2023-06-06 17:54:00.696081 SRS_SR830 query : 'SENS?' 
2023-06-06 17:54:00.732853 SRS_SR830 resp  : '3' 
2023-06-06 17:54:00.732853 SRS_SR830 write : 'SENS 4' 
2023-06-06 17:54:00.734847 SRS_SR830 query : 'OUTP? 2' 
2023-06-06 17:54:01.081504 SRS_SR830 resp  : '-5.46117e-008' 
2023-06-06 17:54:01.082502 SRS_SR830 query : 'SENS?' 
2023-06-06 17:54:01.119382 SRS_SR830 resp  : '4' 
2023-06-06 17:54:01.120378 SRS_SR830 query : 'ISRC?' 
2023-06-06 17:54:01.155582 SRS_SR830 resp  : '1' 
2023-06-06 17:54:01.156589 SRS_SR830 query : 'SENS?' 
2023-06-06 17:54:01.193795 SRS_SR830 resp  : '4' 
2023-06-06 17:54:01.194757 SRS_SR830 write : 'SENS 3' 
2023-06-06 17:54:01.266594 KEPCO BOP 50-8D write : 'CURR 0.1963' 
2023-06-06 17:54:01.777252 SRS_SR830 query : 'OUTP? 1' 
2023-06-06 17:54:01.836854 SRS_SR830 resp  : '2.18434e-008' 
2023-06-06 17:54:01.837849 SRS_SR830 query : 'SENS?' 
2023-06-06 17:54:01.874672 SRS_SR830 resp  : '3' 
2023-06-06 17:54:01.875682 SRS_SR830 query : 'ISRC?' 
2023-06-06 17:54:01.910514 SRS_SR830 resp  : '1' 
2023-06-06 17:54:01.910514 SRS_SR830 query : 'SENS?' 
2023-06-06 17:54:01.946349 SRS_SR830 resp  : '3' 
2023-06-06 17:54:01.946349 SRS_SR830 write : 'SENS 4' 
2023-06-06 17:54:01.947351 SRS_SR830 query : 'OUTP? 2' 
2023-06-06 17:54:02.294842 SRS_SR830 resp  : '-5.46117e-008' 
2023-06-06 17:54:02.295848 SRS_SR830 query : 'SENS?' 
2023-06-06 17:54:02.333077 SRS_SR830 resp  : '4' 
2023-06-06 17:54:02.335079 SRS_SR830 query : 'ISRC?' 
2023-06-06 17:54:02.370331 SRS_SR830 resp  : '1' 
2023-06-06 17:54:02.371327 SRS_SR830 query : 'SENS?' 
2023-06-06 17:54:02.409290 SRS_SR830 resp  : '4' 
2023-06-06 17:54:02.410287 SRS_SR830 write : 'SENS 3' 
2023-06-06 17:54:02.470126 KEPCO BOP 50-8D write : 'CURR 0.1988' 
2023-06-06 17:54:02.973657 SRS_SR830 query : 'OUTP? 1' 
2023-06-06 17:54:03.033326 SRS_SR830 resp  : '2.18434e-008' 
2023-06-06 17:54:03.034335 SRS_SR830 query : 'SENS?' 
2023-06-06 17:54:03.070902 SRS_SR830 resp  : '3' 
2023-06-06 17:54:03.071912 SRS_SR830 query : 'ISRC?' 
2023-06-06 17:54:03.108526 SRS_SR830 resp  : '1' 
2023-06-06 17:54:03.109480 SRS_SR830 query : 'SENS?' 
2023-06-06 17:54:03.146042 SRS_SR830 resp  : '3' 
2023-06-06 17:54:03.147008 SRS_SR830 write : 'SENS 4' 
2023-06-06 17:54:03.148002 SRS_SR830 query : 'OUTP? 2' 
2023-06-06 17:54:03.494874 SRS_SR830 resp  : '-5.46117e-008' 
2023-06-06 17:54:03.495879 SRS_SR830 query : 'SENS?' 
2023-06-06 17:54:03.533376 SRS_SR830 resp  : '4' 
2023-06-06 17:54:03.535375 SRS_SR830 query : 'ISRC?' 
2023-06-06 17:54:03.571647 SRS_SR830 resp  : '1' 
2023-06-06 17:54:03.572610 SRS_SR830 query : 'SENS?' 
2023-06-06 17:54:03.608042 SRS_SR830 resp  : '4' 
2023-06-06 17:54:03.609040 SRS_SR830 write : 'SENS 3' 
2023-06-06 17:54:03.675827 KEPCO BOP 50-8D write : 'CURR 0.2014' 
2023-06-06 17:54:04.183228 SRS_SR830 query : 'OUTP? 1' 
2023-06-06 17:54:04.242900 SRS_SR830 resp  : '2.18434e-008' 
2023-06-06 17:54:04.243895 SRS_SR830 query : 'SENS?' 
2023-06-06 17:54:04.280397 SRS_SR830 resp  : '3' 
2023-06-06 17:54:04.281402 SRS_SR830 query : 'ISRC?' 
2023-06-06 17:54:04.319095 SRS_SR830 resp  : '1' 
2023-06-06 17:54:04.319095 SRS_SR830 query : 'SENS?' 
2023-06-06 17:54:04.356069 SRS_SR830 resp  : '3' 
2023-06-06 17:54:04.357064 SRS_SR830 write : 'SENS 4' 
2023-06-06 17:54:04.359057 SRS_SR830 query : 'OUTP? 2' 
2023-06-06 17:54:04.706090 SRS_SR830 resp  : '-5.46117e-008' 
2023-06-06 17:54:04.707102 SRS_SR830 query : 'SENS?' 
2023-06-06 17:54:04.744074 SRS_SR830 resp  : '4' 
2023-06-06 17:54:04.745084 SRS_SR830 query : 'ISRC?' 
2023-06-06 17:54:04.781388 SRS_SR830 resp  : '1' 
2023-06-06 17:54:04.782338 SRS_SR830 query : 'SENS?' 
2023-06-06 17:54:04.819120 SRS_SR830 resp  : '4' 
2023-06-06 17:54:04.820115 SRS_SR830 write : 'SENS 3' 
2023-06-06 17:54:04.884939 KEPCO BOP 50-8D write : 'CURR 0.2040' 
2023-06-06 17:54:05.395050 SRS_SR830 query : 'OUTP? 1' 
2023-06-06 17:54:05.455100 SRS_SR830 resp  : '-2.18444e-008' 
2023-06-06 17:54:05.455100 SRS_SR830 query : 'SENS?' 
2023-06-06 17:54:05.491503 SRS_SR830 resp  : '3' 
2023-06-06 17:54:05.492505 SRS_SR830 query : 'ISRC?' 
2023-06-06 17:54:05.527213 SRS_SR830 resp  : '1' 
2023-06-06 17:54:05.527213 SRS_SR830 query : 'SENS?' 
2023-06-06 17:54:05.562883 SRS_SR830 resp  : '3' 
2023-06-06 17:54:05.562883 SRS_SR830 write : 'SENS 2' 
2023-06-06 17:54:05.562883 SRS_SR830 query : 'OUTP? 2' 
2023-06-06 17:54:05.912579 SRS_SR830 resp  : '-1.09222e-008' 
2023-06-06 17:54:05.913590 SRS_SR830 query : 'SENS?' 
2023-06-06 17:54:05.948672 SRS_SR830 resp  : '2' 
2023-06-06 17:54:05.948672 SRS_SR830 query : 'ISRC?' 
2023-06-06 17:54:05.985463 SRS_SR830 resp  : '1' 
2023-06-06 17:54:05.986455 SRS_SR830 query : 'SENS?' 
2023-06-06 17:54:06.023219 SRS_SR830 resp  : '2' 
2023-06-06 17:54:06.024226 SRS_SR830 write : 'SENS 1' 
2023-06-06 17:54:06.102042 KEPCO BOP 50-8D write : 'CURR 0.2065' 
2023-06-06 17:54:06.606208 SRS_SR830 query : 'OUTP? 1' 
2023-06-06 17:54:06.665897 SRS_SR830 resp  : '-5.46109e-009' 
2023-06-06 17:54:06.666893 SRS_SR830 query : 'SENS?' 
2023-06-06 17:54:06.702481 SRS_SR830 resp  : '1' 
2023-06-06 17:54:06.703528 SRS_SR830 query : 'ISRC?' 
2023-06-06 17:54:06.739132 SRS_SR830 resp  : '1' 
2023-06-06 17:54:06.740138 SRS_SR830 query : 'SENS?' 
2023-06-06 17:54:06.776566 SRS_SR830 resp  : '1' 
2023-06-06 17:54:06.777611 SRS_SR830 write : 'SENS 0' 
2023-06-06 17:54:06.779559 SRS_SR830 query : 'OUTP? 2' 
2023-06-06 17:54:07.119563 SRS_SR830 resp  : '-2.18439e-009' 
2023-06-06 17:54:07.119563 SRS_SR830 query : 'SENS?' 
2023-06-06 17:54:07.156516 SRS_SR830 resp  : '0' 
2023-06-06 17:54:07.157530 SRS_SR830 query : 'ISRC?' 
2023-06-06 17:54:07.193243 SRS_SR830 resp  : '1' 
2023-06-06 17:54:07.194240 SRS_SR830 query : 'SENS?' 
2023-06-06 17:54:07.231102 SRS_SR830 resp  : '0' 
2023-06-06 17:54:07.298927 KEPCO BOP 50-8D write : 'CURR 0.2091' 
2023-06-06 17:54:07.811274 SRS_SR830 query : 'OUTP? 1' 
2023-06-06 17:54:07.871786 SRS_SR830 resp  : '-2.18439e-009' 
2023-06-06 17:54:07.872783 SRS_SR830 query : 'SENS?' 
2023-06-06 17:54:07.909182 SRS_SR830 resp  : '0' 
2023-06-06 17:54:07.910142 SRS_SR830 query : 'ISRC?' 
2023-06-06 17:54:07.946033 SRS_SR830 resp  : '1' 
2023-06-06 17:54:07.947075 SRS_SR830 query : 'SENS?' 
2023-06-06 17:54:07.984897 SRS_SR830 resp  : '0' 
2023-06-06 17:54:07.985903 SRS_SR830 query : 'OUTP? 2' 
2023-06-06 17:54:08.043775 SRS_SR830 resp  : '-2.18439e-009' 
2023-06-06 17:54:08.043775 SRS_SR830 query : 'SENS?' 
2023-06-06 17:54:08.079903 SRS_SR830 resp  : '0' 
2023-06-06 17:54:08.079903 SRS_SR830 query : 'ISRC?' 
2023-06-06 17:54:08.115685 SRS_SR830 resp  : '1' 
2023-06-06 17:54:08.116687 SRS_SR830 query : 'SENS?' 
2023-06-06 17:54:08.152865 SRS_SR830 resp  : '0' 
2023-06-06 17:54:08.216733 KEPCO BOP 50-8D write : 'CURR 0.2117' 
2023-06-06 17:54:08.723179 SRS_SR830 query : 'OUTP? 1' 
2023-06-06 17:54:08.781664 SRS_SR830 resp  : '-2.18439e-009' 
2023-06-06 17:54:08.781664 SRS_SR830 query : 'SENS?' 
2023-06-06 17:54:08.819302 SRS_SR830 resp  : '0' 
2023-06-06 17:54:08.820313 SRS_SR830 query : 'ISRC?' 
2023-06-06 17:54:08.855580 SRS_SR830 resp  : '1' 
2023-06-06 17:54:08.857583 SRS_SR830 query : 'SENS?' 
2023-06-06 17:54:08.893855 SRS_SR830 resp  : '0' 
2023-06-06 17:54:08.894852 SRS_SR830 query : 'OUTP? 2' 
2023-06-06 17:54:08.953026 SRS_SR830 resp  : '-2.18439e-009' 
2023-06-06 17:54:08.955028 SRS_SR830 query : 'SENS?' 
2023-06-06 17:54:08.991793 SRS_SR830 resp  : '0' 
2023-06-06 17:54:08.992791 SRS_SR830 query : 'ISRC?' 
2023-06-06 17:54:09.028124 SRS_SR830 resp  : '1' 
2023-06-06 17:54:09.029078 SRS_SR830 query : 'SENS?' 
2023-06-06 17:54:09.066912 SRS_SR830 resp  : '0' 
2023-06-06 17:54:09.132732 KEPCO BOP 50-8D write : 'CURR 0.2143' 
2023-06-06 17:54:09.644970 SRS_SR830 query : 'OUTP? 1' 
2023-06-06 17:54:09.704178 SRS_SR830 resp  : '-2.18439e-009' 
2023-06-06 17:54:09.705188 SRS_SR830 query : 'SENS?' 
2023-06-06 17:54:09.741362 SRS_SR830 resp  : '0' 
2023-06-06 17:54:09.743365 SRS_SR830 query : 'ISRC?' 
2023-06-06 17:54:09.779452 SRS_SR830 resp  : '1' 
2023-06-06 17:54:09.780451 SRS_SR830 query : 'SENS?' 
2023-06-06 17:54:09.816695 SRS_SR830 resp  : '0' 
2023-06-06 17:54:09.817690 SRS_SR830 query : 'OUTP? 2' 
2023-06-06 17:54:09.876888 SRS_SR830 resp  : '-2.18439e-009' 
2023-06-06 17:54:09.877893 SRS_SR830 query : 'SENS?' 
2023-06-06 17:54:09.915767 SRS_SR830 resp  : '0' 
2023-06-06 17:54:09.916715 SRS_SR830 query : 'ISRC?' 
2023-06-06 17:54:09.953324 SRS_SR830 resp  : '1' 
2023-06-06 17:54:09.954335 SRS_SR830 query : 'SENS?' 
2023-06-06 17:54:09.991154 SRS_SR830 resp  : '0' 
2023-06-06 17:54:10.057919 KEPCO BOP 50-8D write : 'CURR 0.2168' 
2023-06-06 17:54:10.562512 SRS_SR830 query : 'OUTP? 1' 
2023-06-06 17:54:10.621303 SRS_SR830 resp  : '-2.18439e-009' 
2023-06-06 17:54:10.622307 SRS_SR830 query : 'SENS?' 
2023-06-06 17:54:10.659701 SRS_SR830 resp  : '0' 
2023-06-06 17:54:10.660697 SRS_SR830 query : 'ISRC?' 
2023-06-06 17:54:10.696965 SRS_SR830 resp  : '1' 
2023-06-06 17:54:10.697960 SRS_SR830 query : 'SENS?' 
2023-06-06 17:54:10.734803 SRS_SR830 resp  : '0' 
2023-06-06 17:54:10.735757 SRS_SR830 query : 'OUTP? 2' 
2023-06-06 17:54:10.794708 SRS_SR830 resp  : '-2.18439e-009' 
2023-06-06 17:54:10.795670 SRS_SR830 query : 'SENS?' 
2023-06-06 17:54:10.831648 SRS_SR830 resp  : '0' 
2023-06-06 17:54:10.832649 SRS_SR830 query : 'ISRC?' 
2023-06-06 17:54:10.868982 SRS_SR830 resp  : '1' 
2023-06-06 17:54:10.869928 SRS_SR830 query : 'SENS?' 
2023-06-06 17:54:10.906466 SRS_SR830 resp  : '0' 
2023-06-06 17:54:10.977239 KEPCO BOP 50-8D write : 'CURR 0.2194' 
2023-06-06 17:54:11.483368 SRS_SR830 query : 'OUTP? 1' 
2023-06-06 17:54:11.541472 SRS_SR830 resp  : '-2.18439e-009' 
2023-06-06 17:54:11.541472 SRS_SR830 query : 'SENS?' 
2023-06-06 17:54:11.578530 SRS_SR830 resp  : '0' 
2023-06-06 17:54:11.579526 SRS_SR830 query : 'ISRC?' 
2023-06-06 17:54:11.616319 SRS_SR830 resp  : '1' 
2023-06-06 17:54:11.617283 SRS_SR830 query : 'SENS?' 
2023-06-06 17:54:11.653332 SRS_SR830 resp  : '0' 
2023-06-06 17:54:11.654280 SRS_SR830 query : 'OUTP? 2' 
2023-06-06 17:54:11.713300 SRS_SR830 resp  : '-2.18439e-009' 
2023-06-06 17:54:11.714263 SRS_SR830 query : 'SENS?' 
2023-06-06 17:54:11.750282 SRS_SR830 resp  : '0' 
2023-06-06 17:54:11.751276 SRS_SR830 query : 'ISRC?' 
2023-06-06 17:54:11.784095 SRS_SR830 resp  : '1' 
2023-06-06 17:54:11.784095 SRS_SR830 query : 'SENS?' 
2023-06-06 17:54:11.827699 SRS_SR830 resp  : '0' 
2023-06-06 17:54:11.906490 KEPCO BOP 50-8D write : 'CURR 0.2220' 
2023-06-06 17:54:12.410294 SRS_SR830 query : 'OUTP? 1' 
2023-06-06 17:54:12.470579 SRS_SR830 resp  : '-2.18439e-009' 
2023-06-06 17:54:12.471569 SRS_SR830 query : 'SENS?' 
2023-06-06 17:54:12.508670 SRS_SR830 resp  : '0' 
2023-06-06 17:54:12.509622 SRS_SR830 query : 'ISRC?' 
2023-06-06 17:54:12.545082 SRS_SR830 resp  : '1' 
2023-06-06 17:54:12.546027 SRS_SR830 query : 'SENS?' 
2023-06-06 17:54:12.582359 SRS_SR830 resp  : '0' 
2023-06-06 17:54:12.584361 SRS_SR830 query : 'OUTP? 2' 
2023-06-06 17:54:12.641817 SRS_SR830 resp  : '-2.18439e-009' 
2023-06-06 17:54:12.642815 SRS_SR830 query : 'SENS?' 
2023-06-06 17:54:12.679957 SRS_SR830 resp  : '0' 
2023-06-06 17:54:12.680997 SRS_SR830 query : 'ISRC?' 
2023-06-06 17:54:12.717192 SRS_SR830 resp  : '1' 
2023-06-06 17:54:12.719194 SRS_SR830 query : 'SENS?' 
2023-06-06 17:54:12.755148 SRS_SR830 resp  : '0' 
2023-06-06 17:54:12.814985 KEPCO BOP 50-8D write : 'CURR 0.2245' 
2023-06-06 17:54:13.332729 SRS_SR830 query : 'OUTP? 1' 
2023-06-06 17:54:13.391147 SRS_SR830 resp  : '-2.18439e-009' 
2023-06-06 17:54:13.392146 SRS_SR830 query : 'SENS?' 
2023-06-06 17:54:13.428409 SRS_SR830 resp  : '0' 
2023-06-06 17:54:13.429411 SRS_SR830 query : 'ISRC?' 
2023-06-06 17:54:13.465934 SRS_SR830 resp  : '1' 
2023-06-06 17:54:13.466946 SRS_SR830 query : 'SENS?' 
2023-06-06 17:54:13.502782 SRS_SR830 resp  : '0' 
2023-06-06 17:54:13.504832 SRS_SR830 query : 'OUTP? 2' 
2023-06-06 17:54:13.564288 SRS_SR830 resp  : '-2.18439e-009' 
2023-06-06 17:54:13.565302 SRS_SR830 query : 'SENS?' 
2023-06-06 17:54:13.601776 SRS_SR830 resp  : '0' 
2023-06-06 17:54:13.602742 SRS_SR830 query : 'ISRC?' 
2023-06-06 17:54:13.639649 SRS_SR830 resp  : '1' 
2023-06-06 17:54:13.640656 SRS_SR830 query : 'SENS?' 
2023-06-06 17:54:13.676472 SRS_SR830 resp  : '0' 
2023-06-06 17:54:13.744288 KEPCO BOP 50-8D write : 'CURR 0.2271' 
2023-06-06 17:54:14.258603 SRS_SR830 query : 'OUTP? 1' 
2023-06-06 17:54:14.318377 SRS_SR830 resp  : '-2.18439e-009' 
2023-06-06 17:54:14.319382 SRS_SR830 query : 'SENS?' 
2023-06-06 17:54:14.355288 SRS_SR830 resp  : '0' 
2023-06-06 17:54:14.356295 SRS_SR830 query : 'ISRC?' 
2023-06-06 17:54:14.393089 SRS_SR830 resp  : '1' 
2023-06-06 17:54:14.394102 SRS_SR830 query : 'SENS?' 
2023-06-06 17:54:14.431513 SRS_SR830 resp  : '0' 
2023-06-06 17:54:14.432503 SRS_SR830 query : 'OUTP? 2' 
2023-06-06 17:54:14.491656 SRS_SR830 resp  : '-2.18439e-009' 
2023-06-06 17:54:14.493658 SRS_SR830 query : 'SENS?' 
2023-06-06 17:54:14.529775 SRS_SR830 resp  : '0' 
2023-06-06 17:54:14.531727 SRS_SR830 query : 'ISRC?' 
2023-06-06 17:54:14.567749 SRS_SR830 resp  : '1' 
2023-06-06 17:54:14.569750 SRS_SR830 query : 'SENS?' 
2023-06-06 17:54:14.606115 SRS_SR830 resp  : '0' 
2023-06-06 17:54:14.669937 KEPCO BOP 50-8D write : 'CURR 0.2297' 
2023-06-06 17:54:15.172401 SRS_SR830 query : 'OUTP? 1' 
2023-06-06 17:54:15.230822 SRS_SR830 resp  : '-2.18439e-009' 
2023-06-06 17:54:15.231833 SRS_SR830 query : 'SENS?' 
2023-06-06 17:54:15.270127 SRS_SR830 resp  : '0' 
2023-06-06 17:54:15.271122 SRS_SR830 query : 'ISRC?' 
2023-06-06 17:54:15.306278 SRS_SR830 resp  : '1' 
2023-06-06 17:54:15.308281 SRS_SR830 query : 'SENS?' 
2023-06-06 17:54:15.344050 SRS_SR830 resp  : '0' 
2023-06-06 17:54:15.345107 SRS_SR830 query : 'OUTP? 2' 
2023-06-06 17:54:15.404853 SRS_SR830 resp  : '-2.18439e-009' 
2023-06-06 17:54:15.405863 SRS_SR830 query : 'SENS?' 
2023-06-06 17:54:15.441497 SRS_SR830 resp  : '0' 
2023-06-06 17:54:15.442504 SRS_SR830 query : 'ISRC?' 
2023-06-06 17:54:15.480766 SRS_SR830 resp  : '1' 
2023-06-06 17:54:15.481958 SRS_SR830 query : 'SENS?' 
2023-06-06 17:54:15.517187 SRS_SR830 resp  : '0' 
2023-06-06 17:54:15.592980 KEPCO BOP 50-8D write : 'CURR 0.2322' 
2023-06-06 17:54:16.096329 SRS_SR830 query : 'OUTP? 1' 
2023-06-06 17:54:16.155329 SRS_SR830 resp  : '-2.18439e-009' 
2023-06-06 17:54:16.156336 SRS_SR830 query : 'SENS?' 
2023-06-06 17:54:16.192983 SRS_SR830 resp  : '0' 
2023-06-06 17:54:16.194025 SRS_SR830 query : 'ISRC?' 
2023-06-06 17:54:16.232095 SRS_SR830 resp  : '1' 
2023-06-06 17:54:16.233102 SRS_SR830 query : 'SENS?' 
2023-06-06 17:54:16.271095 SRS_SR830 resp  : '0' 
2023-06-06 17:54:16.272045 SRS_SR830 query : 'OUTP? 2' 
2023-06-06 17:54:16.331410 SRS_SR830 resp  : '-2.18439e-009' 
2023-06-06 17:54:16.332421 SRS_SR830 query : 'SENS?' 
2023-06-06 17:54:16.368099 SRS_SR830 resp  : '0' 
2023-06-06 17:54:16.369048 SRS_SR830 query : 'ISRC?' 
2023-06-06 17:54:16.406548 SRS_SR830 resp  : '1' 
2023-06-06 17:54:16.407558 SRS_SR830 query : 'SENS?' 
2023-06-06 17:54:16.442855 SRS_SR830 resp  : '0' 
2023-06-06 17:54:16.492759 KEPCO BOP 50-8D write : 'CURR 0.2348' 
2023-06-06 17:54:17.008702 SRS_SR830 query : 'OUTP? 1' 
2023-06-06 17:54:17.068049 SRS_SR830 resp  : '-2.18439e-009' 
2023-06-06 17:54:17.069046 SRS_SR830 query : 'SENS?' 
2023-06-06 17:54:17.106319 SRS_SR830 resp  : '0' 
2023-06-06 17:54:17.107314 SRS_SR830 query : 'ISRC?' 
2023-06-06 17:54:17.143574 SRS_SR830 resp  : '1' 
2023-06-06 17:54:17.144578 SRS_SR830 query : 'SENS?' 
2023-06-06 17:54:17.180553 SRS_SR830 resp  : '0' 
2023-06-06 17:54:17.181556 SRS_SR830 query : 'OUTP? 2' 
2023-06-06 17:54:17.240590 SRS_SR830 resp  : '-2.18439e-009' 
2023-06-06 17:54:17.240590 SRS_SR830 query : 'SENS?' 
2023-06-06 17:54:17.277652 SRS_SR830 resp  : '0' 
2023-06-06 17:54:17.278694 SRS_SR830 query : 'ISRC?' 
2023-06-06 17:54:17.314904 SRS_SR830 resp  : '1' 
2023-06-06 17:54:17.315911 SRS_SR830 query : 'SENS?' 
2023-06-06 17:54:17.353257 SRS_SR830 resp  : '0' 
2023-06-06 17:54:17.418115 KEPCO BOP 50-8D write : 'CURR 0.2374' 
2023-06-06 17:54:17.933446 SRS_SR830 query : 'OUTP? 1' 
2023-06-06 17:54:17.991793 SRS_SR830 resp  : '-2.18439e-009' 
2023-06-06 17:54:17.992790 SRS_SR830 query : 'SENS?' 
2023-06-06 17:54:18.028435 SRS_SR830 resp  : '0' 
2023-06-06 17:54:18.029442 SRS_SR830 query : 'ISRC?' 
2023-06-06 17:54:18.065032 SRS_SR830 resp  : '1' 
2023-06-06 17:54:18.067029 SRS_SR830 query : 'SENS?' 
2023-06-06 17:54:18.102208 SRS_SR830 resp  : '0' 
2023-06-06 17:54:18.104261 SRS_SR830 query : 'OUTP? 2' 
2023-06-06 17:54:18.161978 SRS_SR830 resp  : '-2.18439e-009' 
2023-06-06 17:54:18.162978 SRS_SR830 query : 'SENS?' 
2023-06-06 17:54:18.199941 SRS_SR830 resp  : '0' 
2023-06-06 17:54:18.200981 SRS_SR830 query : 'ISRC?' 
2023-06-06 17:54:18.238042 SRS_SR830 resp  : '1' 
2023-06-06 17:54:18.239003 SRS_SR830 query : 'SENS?' 
2023-06-06 17:54:18.274359 SRS_SR830 resp  : '0' 
2023-06-06 17:54:18.342174 KEPCO BOP 50-8D write : 'CURR 0.2399' 
2023-06-06 17:54:18.847179 SRS_SR830 query : 'OUTP? 1' 
2023-06-06 17:54:18.906681 SRS_SR830 resp  : '-2.18439e-009' 
2023-06-06 17:54:18.908684 SRS_SR830 query : 'SENS?' 
2023-06-06 17:54:18.944333 SRS_SR830 resp  : '0' 
2023-06-06 17:54:18.945279 SRS_SR830 query : 'ISRC?' 
2023-06-06 17:54:18.982049 SRS_SR830 resp  : '1' 
2023-06-06 17:54:18.983060 SRS_SR830 query : 'SENS?' 
2023-06-06 17:54:19.020666 SRS_SR830 resp  : '0' 
2023-06-06 17:54:19.021621 SRS_SR830 query : 'OUTP? 2' 
2023-06-06 17:54:19.081049 SRS_SR830 resp  : '-2.18439e-009' 
2023-06-06 17:54:19.082087 SRS_SR830 query : 'SENS?' 
2023-06-06 17:54:19.118397 SRS_SR830 resp  : '0' 
2023-06-06 17:54:19.119391 SRS_SR830 query : 'ISRC?' 
2023-06-06 17:54:19.154693 SRS_SR830 resp  : '1' 
2023-06-06 17:54:19.155689 SRS_SR830 query : 'SENS?' 
2023-06-06 17:54:19.191355 SRS_SR830 resp  : '0' 
2023-06-06 17:54:19.255188 KEPCO BOP 50-8D write : 'CURR 0.2425' 
2023-06-06 17:54:19.771670 SRS_SR830 query : 'OUTP? 1' 
2023-06-06 17:54:19.831310 SRS_SR830 resp  : '-2.18439e-009' 
2023-06-06 17:54:19.832354 SRS_SR830 query : 'SENS?' 
2023-06-06 17:54:19.869847 SRS_SR830 resp  : '0' 
2023-06-06 17:54:19.870809 SRS_SR830 query : 'ISRC?' 
2023-06-06 17:54:19.906966 SRS_SR830 resp  : '1' 
2023-06-06 17:54:19.907975 SRS_SR830 query : 'SENS?' 
2023-06-06 17:54:19.945401 SRS_SR830 resp  : '0' 
2023-06-06 17:54:19.946393 SRS_SR830 query : 'OUTP? 2' 
2023-06-06 17:54:20.005772 SRS_SR830 resp  : '-2.18439e-009' 
2023-06-06 17:54:20.006784 SRS_SR830 query : 'SENS?' 
2023-06-06 17:54:20.043432 SRS_SR830 resp  : '0' 
2023-06-06 17:54:20.044443 SRS_SR830 query : 'ISRC?' 
2023-06-06 17:54:20.079761 SRS_SR830 resp  : '1' 
2023-06-06 17:54:20.080760 SRS_SR830 query : 'SENS?' 
2023-06-06 17:54:20.118126 SRS_SR830 resp  : '0' 
2023-06-06 17:54:20.183910 KEPCO BOP 50-8D write : 'CURR 0.2451' 
2023-06-06 17:54:20.693311 SRS_SR830 query : 'OUTP? 1' 
2023-06-06 17:54:20.752313 SRS_SR830 resp  : '-2.18439e-009' 
2023-06-06 17:54:20.753314 SRS_SR830 query : 'SENS?' 
2023-06-06 17:54:20.789604 SRS_SR830 resp  : '0' 
2023-06-06 17:54:20.790645 SRS_SR830 query : 'ISRC?' 
2023-06-06 17:54:20.826792 SRS_SR830 resp  : '1' 
2023-06-06 17:54:20.827833 SRS_SR830 query : 'SENS?' 
2023-06-06 17:54:20.864786 SRS_SR830 resp  : '0' 
2023-06-06 17:54:20.865798 SRS_SR830 query : 'OUTP? 2' 
2023-06-06 17:54:20.924877 SRS_SR830 resp  : '-2.18439e-009' 
2023-06-06 17:54:20.924877 SRS_SR830 query : 'SENS?' 
2023-06-06 17:54:20.963653 SRS_SR830 resp  : '0' 
2023-06-06 17:54:20.963653 SRS_SR830 query : 'ISRC?' 
2023-06-06 17:54:20.999370 SRS_SR830 resp  : '1' 
2023-06-06 17:54:20.999370 SRS_SR830 query : 'SENS?' 
2023-06-06 17:54:21.035310 SRS_SR830 resp  : '0' 
2023-06-06 17:54:21.102125 KEPCO BOP 50-8D write : 'CURR 0.2476' 
2023-06-06 17:54:21.605106 SRS_SR830 query : 'OUTP? 1' 
2023-06-06 17:54:21.664876 SRS_SR830 resp  : '-2.18439e-009' 
2023-06-06 17:54:21.665882 SRS_SR830 query : 'SENS?' 
2023-06-06 17:54:21.702245 SRS_SR830 resp  : '0' 
2023-06-06 17:54:21.703288 SRS_SR830 query : 'ISRC?' 
2023-06-06 17:54:21.739460 SRS_SR830 resp  : '1' 
2023-06-06 17:54:21.740449 SRS_SR830 query : 'SENS?' 
2023-06-06 17:54:21.777165 SRS_SR830 resp  : '0' 
2023-06-06 17:54:21.778171 SRS_SR830 query : 'OUTP? 2' 
2023-06-06 17:54:21.836849 SRS_SR830 resp  : '-2.18439e-009' 
2023-06-06 17:54:21.837887 SRS_SR830 query : 'SENS?' 
2023-06-06 17:54:21.874864 SRS_SR830 resp  : '0' 
2023-06-06 17:54:21.875875 SRS_SR830 query : 'ISRC?' 
2023-06-06 17:54:21.912251 SRS_SR830 resp  : '1' 
2023-06-06 17:54:21.913247 SRS_SR830 query : 'SENS?' 
2023-06-06 17:54:21.949763 SRS_SR830 resp  : '0' 
2023-06-06 17:54:22.028589 KEPCO BOP 50-8D write : 'CURR 0.2502' 
2023-06-06 17:54:22.540950 SRS_SR830 query : 'OUTP? 1' 
2023-06-06 17:54:22.605999 SRS_SR830 resp  : '-2.18439e-009' 
2023-06-06 17:54:22.606997 SRS_SR830 query : 'SENS?' 
2023-06-06 17:54:22.643241 SRS_SR830 resp  : '0' 
2023-06-06 17:54:22.643241 SRS_SR830 query : 'ISRC?' 
2023-06-06 17:54:22.679703 SRS_SR830 resp  : '1' 
2023-06-06 17:54:22.680705 SRS_SR830 query : 'SENS?' 
2023-06-06 17:54:22.717368 SRS_SR830 resp  : '0' 
2023-06-06 17:54:22.718365 SRS_SR830 query : 'OUTP? 2' 
2023-06-06 17:54:22.775838 SRS_SR830 resp  : '-2.18439e-009' 
2023-06-06 17:54:22.776835 SRS_SR830 query : 'SENS?' 
2023-06-06 17:54:22.813213 SRS_SR830 resp  : '0' 
2023-06-06 17:54:22.815266 SRS_SR830 query : 'ISRC?' 
2023-06-06 17:54:22.850470 SRS_SR830 resp  : '1' 
2023-06-06 17:54:22.851478 SRS_SR830 query : 'SENS?' 
2023-06-06 17:54:22.887831 SRS_SR830 resp  : '0' 
2023-06-06 17:54:25.526982 KEPCO BOP 50-8D write : 'CURR 0.2528' 
2023-06-06 17:54:26.032139 SRS_SR830 query : 'OUTP? 1' 
2023-06-06 17:54:26.091138 SRS_SR830 resp  : '-2.18439e-009' 
2023-06-06 17:54:26.091138 SRS_SR830 query : 'SENS?' 
2023-06-06 17:54:26.128950 SRS_SR830 resp  : '0' 
2023-06-06 17:54:26.129960 SRS_SR830 query : 'ISRC?' 
2023-06-06 17:54:26.166055 SRS_SR830 resp  : '1' 
2023-06-06 17:54:26.167051 SRS_SR830 query : 'SENS?' 
2023-06-06 17:54:26.203385 SRS_SR830 resp  : '0' 
2023-06-06 17:54:26.204334 SRS_SR830 query : 'OUTP? 2' 
2023-06-06 17:54:26.263487 SRS_SR830 resp  : '-2.18439e-009' 
2023-06-06 17:54:26.264484 SRS_SR830 query : 'SENS?' 
2023-06-06 17:54:26.300334 SRS_SR830 resp  : '0' 
2023-06-06 17:54:26.301332 SRS_SR830 query : 'ISRC?' 
2023-06-06 17:54:26.337104 SRS_SR830 resp  : '1' 
2023-06-06 17:54:26.338056 SRS_SR830 query : 'SENS?' 
2023-06-06 17:54:26.375000 SRS_SR830 resp  : '0' 
2023-06-06 17:54:26.424885 KEPCO BOP 50-8D write : 'CURR 0.2553' 
2023-06-06 17:54:26.936094 SRS_SR830 query : 'OUTP? 1' 
2023-06-06 17:54:26.994875 SRS_SR830 resp  : '-2.18439e-009' 
2023-06-06 17:54:26.995915 SRS_SR830 query : 'SENS?' 
2023-06-06 17:54:27.032267 SRS_SR830 resp  : '0' 
2023-06-06 17:54:27.033295 SRS_SR830 query : 'ISRC?' 
2023-06-06 17:54:27.069828 SRS_SR830 resp  : '1' 
2023-06-06 17:54:27.070821 SRS_SR830 query : 'SENS?' 
2023-06-06 17:54:27.106014 SRS_SR830 resp  : '0' 
2023-06-06 17:54:27.107016 SRS_SR830 query : 'OUTP? 2' 
2023-06-06 17:54:27.166408 SRS_SR830 resp  : '-2.18439e-009' 
2023-06-06 17:54:27.167403 SRS_SR830 query : 'SENS?' 
2023-06-06 17:54:27.203896 SRS_SR830 resp  : '0' 
2023-06-06 17:54:27.204892 SRS_SR830 query : 'ISRC?' 
2023-06-06 17:54:27.240982 SRS_SR830 resp  : '1' 
2023-06-06 17:54:27.240982 SRS_SR830 query : 'SENS?' 
2023-06-06 17:54:27.277418 SRS_SR830 resp  : '0' 
2023-06-06 17:54:27.340206 KEPCO BOP 50-8D write : 'CURR 0.2579' 
2023-06-06 17:54:27.858054 SRS_SR830 query : 'OUTP? 1' 
2023-06-06 17:54:27.917683 SRS_SR830 resp  : '-2.18439e-009' 
2023-06-06 17:54:27.918645 SRS_SR830 query : 'SENS?' 
2023-06-06 17:54:27.954874 SRS_SR830 resp  : '0' 
2023-06-06 17:54:27.955880 SRS_SR830 query : 'ISRC?' 
2023-06-06 17:54:27.992937 SRS_SR830 resp  : '1' 
2023-06-06 17:54:27.993933 SRS_SR830 query : 'SENS?' 
2023-06-06 17:54:28.029652 SRS_SR830 resp  : '0' 
2023-06-06 17:54:28.031654 SRS_SR830 query : 'OUTP? 2' 
2023-06-06 17:54:28.090144 SRS_SR830 resp  : '-2.18439e-009' 
2023-06-06 17:54:28.091147 SRS_SR830 query : 'SENS?' 
2023-06-06 17:54:28.127471 SRS_SR830 resp  : '0' 
2023-06-06 17:54:28.128467 SRS_SR830 query : 'ISRC?' 
2023-06-06 17:54:28.164874 SRS_SR830 resp  : '1' 
2023-06-06 17:54:28.165881 SRS_SR830 query : 'SENS?' 
2023-06-06 17:54:28.203060 SRS_SR830 resp  : '0' 
2023-06-06 17:54:28.269610 KEPCO BOP 50-8D write : 'CURR 0.2605' 
2023-06-06 17:54:28.786602 SRS_SR830 query : 'OUTP? 1' 
2023-06-06 17:54:28.844965 SRS_SR830 resp  : '-2.18439e-009' 
2023-06-06 17:54:28.844965 SRS_SR830 query : 'SENS?' 
2023-06-06 17:54:28.881236 SRS_SR830 resp  : '0' 
2023-06-06 17:54:28.882233 SRS_SR830 query : 'ISRC?' 
2023-06-06 17:54:28.919153 SRS_SR830 resp  : '1' 
2023-06-06 17:54:28.920148 SRS_SR830 query : 'SENS?' 
2023-06-06 17:54:28.957286 SRS_SR830 resp  : '0' 
2023-06-06 17:54:28.958297 SRS_SR830 query : 'OUTP? 2' 
2023-06-06 17:54:29.016666 SRS_SR830 resp  : '-2.18439e-009' 
2023-06-06 17:54:29.017662 SRS_SR830 query : 'SENS?' 
2023-06-06 17:54:29.053124 SRS_SR830 resp  : '0' 
2023-06-06 17:54:29.054119 SRS_SR830 query : 'ISRC?' 
2023-06-06 17:54:29.089824 SRS_SR830 resp  : '1' 
2023-06-06 17:54:29.089824 SRS_SR830 query : 'SENS?' 
2023-06-06 17:54:29.126147 SRS_SR830 resp  : '0' 
2023-06-06 17:54:29.183845 KEPCO BOP 50-8D write : 'CURR 0.2630' 
2023-06-06 17:54:29.686151 SRS_SR830 query : 'OUTP? 1' 
2023-06-06 17:54:29.744716 SRS_SR830 resp  : '-2.18439e-009' 
2023-06-06 17:54:29.745719 SRS_SR830 query : 'SENS?' 
2023-06-06 17:54:29.781515 SRS_SR830 resp  : '0' 
2023-06-06 17:54:29.782463 SRS_SR830 query : 'ISRC?' 
2023-06-06 17:54:29.818214 SRS_SR830 resp  : '1' 
2023-06-06 17:54:29.818214 SRS_SR830 query : 'SENS?' 
2023-06-06 17:54:29.854934 SRS_SR830 resp  : '0' 
2023-06-06 17:54:29.854934 SRS_SR830 query : 'OUTP? 2' 
2023-06-06 17:54:29.913123 SRS_SR830 resp  : '-2.18439e-009' 
2023-06-06 17:54:29.913626 SRS_SR830 query : 'SENS?' 
2023-06-06 17:54:29.950906 SRS_SR830 resp  : '0' 
2023-06-06 17:54:29.950906 SRS_SR830 query : 'ISRC?' 
2023-06-06 17:54:29.986360 SRS_SR830 resp  : '1' 
2023-06-06 17:54:29.986360 SRS_SR830 query : 'SENS?' 
2023-06-06 17:54:30.022759 SRS_SR830 resp  : '0' 
2023-06-06 17:54:30.071087 KEPCO BOP 50-8D write : 'CURR 0.2656' 
2023-06-06 17:54:30.578604 SRS_SR830 query : 'OUTP? 1' 
2023-06-06 17:54:30.637792 SRS_SR830 resp  : '-2.18439e-009' 
2023-06-06 17:54:30.638789 SRS_SR830 query : 'SENS?' 
2023-06-06 17:54:30.676072 SRS_SR830 resp  : '0' 
2023-06-06 17:54:30.677035 SRS_SR830 query : 'ISRC?' 
2023-06-06 17:54:30.712264 SRS_SR830 resp  : '1' 
2023-06-06 17:54:30.714269 SRS_SR830 query : 'SENS?' 
2023-06-06 17:54:30.749788 SRS_SR830 resp  : '0' 
2023-06-06 17:54:30.750786 SRS_SR830 query : 'OUTP? 2' 
2023-06-06 17:54:30.809247 SRS_SR830 resp  : '-2.18439e-009' 
2023-06-06 17:54:30.810287 SRS_SR830 query : 'SENS?' 
2023-06-06 17:54:30.846417 SRS_SR830 resp  : '0' 
2023-06-06 17:54:30.846417 SRS_SR830 query : 'ISRC?' 
2023-06-06 17:54:30.882361 SRS_SR830 resp  : '1' 
2023-06-06 17:54:30.882361 SRS_SR830 query : 'SENS?' 
2023-06-06 17:54:30.919045 SRS_SR830 resp  : '0' 
2023-06-06 17:54:30.969906 KEPCO BOP 50-8D write : 'CURR 0.2682' 
2023-06-06 17:54:31.476206 SRS_SR830 query : 'OUTP? 1' 
2023-06-06 17:54:31.535588 SRS_SR830 resp  : '-2.18439e-009' 
2023-06-06 17:54:31.536584 SRS_SR830 query : 'SENS?' 
2023-06-06 17:54:31.571543 SRS_SR830 resp  : '0' 
2023-06-06 17:54:31.572551 SRS_SR830 query : 'ISRC?' 
2023-06-06 17:54:31.607575 SRS_SR830 resp  : '1' 
2023-06-06 17:54:31.608579 SRS_SR830 query : 'SENS?' 
2023-06-06 17:54:31.645445 SRS_SR830 resp  : '0' 
2023-06-06 17:54:31.646440 SRS_SR830 query : 'OUTP? 2' 
2023-06-06 17:54:31.704352 SRS_SR830 resp  : '-2.18439e-009' 
2023-06-06 17:54:31.704352 SRS_SR830 query : 'SENS?' 
2023-06-06 17:54:31.741745 SRS_SR830 resp  : '0' 
2023-06-06 17:54:31.742740 SRS_SR830 query : 'ISRC?' 
2023-06-06 17:54:31.779228 SRS_SR830 resp  : '1' 
2023-06-06 17:54:31.780237 SRS_SR830 query : 'SENS?' 
2023-06-06 17:54:31.817083 SRS_SR830 resp  : '0' 
2023-06-06 17:54:31.882880 KEPCO BOP 50-8D write : 'CURR 0.2707' 
2023-06-06 17:54:32.397229 SRS_SR830 query : 'OUTP? 1' 
2023-06-06 17:54:32.456627 SRS_SR830 resp  : '-2.18439e-009' 
2023-06-06 17:54:32.457624 SRS_SR830 query : 'SENS?' 
2023-06-06 17:54:32.493864 SRS_SR830 resp  : '0' 
2023-06-06 17:54:32.494879 SRS_SR830 query : 'ISRC?' 
2023-06-06 17:54:32.529737 SRS_SR830 resp  : '1' 
2023-06-06 17:54:32.531740 SRS_SR830 query : 'SENS?' 
2023-06-06 17:54:32.568302 SRS_SR830 resp  : '0' 
2023-06-06 17:54:32.569265 SRS_SR830 query : 'OUTP? 2' 
2023-06-06 17:54:32.629062 SRS_SR830 resp  : '-2.18439e-009' 
2023-06-06 17:54:32.630023 SRS_SR830 query : 'SENS?' 
2023-06-06 17:54:32.667199 SRS_SR830 resp  : '0' 
2023-06-06 17:54:32.668163 SRS_SR830 query : 'ISRC?' 
2023-06-06 17:54:32.703461 SRS_SR830 resp  : '1' 
2023-06-06 17:54:32.705462 SRS_SR830 query : 'SENS?' 
2023-06-06 17:54:32.741231 SRS_SR830 resp  : '0' 
2023-06-06 17:54:32.811041 KEPCO BOP 50-8D write : 'CURR 0.2733' 
2023-06-06 17:54:33.318313 SRS_SR830 query : 'OUTP? 1' 
2023-06-06 17:54:33.377825 SRS_SR830 resp  : '-2.18439e-009' 
2023-06-06 17:54:33.378851 SRS_SR830 query : 'SENS?' 
2023-06-06 17:54:33.417424 SRS_SR830 resp  : '0' 
2023-06-06 17:54:33.418381 SRS_SR830 query : 'ISRC?' 
2023-06-06 17:54:33.453637 SRS_SR830 resp  : '1' 
2023-06-06 17:54:33.455640 SRS_SR830 query : 'SENS?' 
2023-06-06 17:54:33.492279 SRS_SR830 resp  : '0' 
2023-06-06 17:54:33.493274 SRS_SR830 query : 'OUTP? 2' 
2023-06-06 17:54:33.551268 SRS_SR830 resp  : '-2.18439e-009' 
2023-06-06 17:54:33.553320 SRS_SR830 query : 'SENS?' 
2023-06-06 17:54:33.589488 SRS_SR830 resp  : '0' 
2023-06-06 17:54:33.591491 SRS_SR830 query : 'ISRC?' 
2023-06-06 17:54:33.626515 SRS_SR830 resp  : '1' 
2023-06-06 17:54:33.626515 SRS_SR830 query : 'SENS?' 
2023-06-06 17:54:33.662485 SRS_SR830 resp  : '0' 
2023-06-06 17:54:33.710370 KEPCO BOP 50-8D write : 'CURR 0.2759' 
2023-06-06 17:54:34.212904 SRS_SR830 query : 'OUTP? 1' 
2023-06-06 17:54:34.272474 SRS_SR830 resp  : '-2.18439e-009' 
2023-06-06 17:54:34.272474 SRS_SR830 query : 'SENS?' 
2023-06-06 17:54:34.310473 SRS_SR830 resp  : '0' 
2023-06-06 17:54:34.311481 SRS_SR830 query : 'ISRC?' 
2023-06-06 17:54:34.346816 SRS_SR830 resp  : '1' 
2023-06-06 17:54:34.346816 SRS_SR830 query : 'SENS?' 
2023-06-06 17:54:34.383045 SRS_SR830 resp  : '0' 
2023-06-06 17:54:34.384056 SRS_SR830 query : 'OUTP? 2' 
2023-06-06 17:54:34.440868 SRS_SR830 resp  : '-2.18439e-009' 
2023-06-06 17:54:34.441908 SRS_SR830 query : 'SENS?' 
2023-06-06 17:54:34.478197 SRS_SR830 resp  : '0' 
2023-06-06 17:54:34.479192 SRS_SR830 query : 'ISRC?' 
2023-06-06 17:54:34.515654 SRS_SR830 resp  : '1' 
2023-06-06 17:54:34.516659 SRS_SR830 query : 'SENS?' 
2023-06-06 17:54:34.552882 SRS_SR830 resp  : '0' 
2023-06-06 17:54:34.598792 KEPCO BOP 50-8D write : 'CURR 0.2784' 
2023-06-06 17:54:35.106300 SRS_SR830 query : 'OUTP? 1' 
2023-06-06 17:54:35.164279 SRS_SR830 resp  : '-2.18439e-009' 
2023-06-06 17:54:35.165274 SRS_SR830 query : 'SENS?' 
2023-06-06 17:54:35.201118 SRS_SR830 resp  : '0' 
2023-06-06 17:54:35.201118 SRS_SR830 query : 'ISRC?' 
2023-06-06 17:54:35.237010 SRS_SR830 resp  : '1' 
2023-06-06 17:54:35.238011 SRS_SR830 query : 'SENS?' 
2023-06-06 17:54:35.274150 SRS_SR830 resp  : '0' 
2023-06-06 17:54:35.275115 SRS_SR830 query : 'OUTP? 2' 
2023-06-06 17:54:35.333908 SRS_SR830 resp  : '-2.18439e-009' 
2023-06-06 17:54:35.334857 SRS_SR830 query : 'SENS?' 
2023-06-06 17:54:35.372533 SRS_SR830 resp  : '0' 
2023-06-06 17:54:35.373543 SRS_SR830 query : 'ISRC?' 
2023-06-06 17:54:35.410185 SRS_SR830 resp  : '1' 
2023-06-06 17:54:35.411182 SRS_SR830 query : 'SENS?' 
2023-06-06 17:54:35.447730 SRS_SR830 resp  : '0' 
2023-06-06 17:54:35.517565 KEPCO BOP 50-8D write : 'CURR 0.2810' 
2023-06-06 17:54:36.021145 SRS_SR830 query : 'OUTP? 1' 
2023-06-06 17:54:36.080660 SRS_SR830 resp  : '-2.18439e-009' 
2023-06-06 17:54:36.081670 SRS_SR830 query : 'SENS?' 
2023-06-06 17:54:36.117073 SRS_SR830 resp  : '0' 
2023-06-06 17:54:36.117073 SRS_SR830 query : 'ISRC?' 
2023-06-06 17:54:36.154260 SRS_SR830 resp  : '1' 
2023-06-06 17:54:36.155254 SRS_SR830 query : 'SENS?' 
2023-06-06 17:54:36.189363 SRS_SR830 resp  : '0' 
2023-06-06 17:54:36.189363 SRS_SR830 query : 'OUTP? 2' 
2023-06-06 17:54:36.252154 SRS_SR830 resp  : '-2.18439e-009' 
2023-06-06 17:54:36.253141 SRS_SR830 query : 'SENS?' 
2023-06-06 17:54:36.290473 SRS_SR830 resp  : '0' 
2023-06-06 17:54:36.292523 SRS_SR830 query : 'ISRC?' 
2023-06-06 17:54:36.327676 SRS_SR830 resp  : '1' 
2023-06-06 17:54:36.328674 SRS_SR830 query : 'SENS?' 
2023-06-06 17:54:36.372729 SRS_SR830 resp  : '0' 
2023-06-06 17:54:36.438517 KEPCO BOP 50-8D write : 'CURR 0.2836' 
2023-06-06 17:54:36.953773 SRS_SR830 query : 'OUTP? 1' 
2023-06-06 17:54:37.013069 SRS_SR830 resp  : '-2.18439e-009' 
2023-06-06 17:54:37.015120 SRS_SR830 query : 'SENS?' 
2023-06-06 17:54:37.051637 SRS_SR830 resp  : '0' 
2023-06-06 17:54:37.053640 SRS_SR830 query : 'ISRC?' 
2023-06-06 17:54:37.088424 SRS_SR830 resp  : '1' 
2023-06-06 17:54:37.089420 SRS_SR830 query : 'SENS?' 
2023-06-06 17:54:37.125802 SRS_SR830 resp  : '0' 
2023-06-06 17:54:37.126800 SRS_SR830 query : 'OUTP? 2' 
2023-06-06 17:54:37.184875 SRS_SR830 resp  : '-2.18439e-009' 
2023-06-06 17:54:37.185914 SRS_SR830 query : 'SENS?' 
2023-06-06 17:54:37.223328 SRS_SR830 resp  : '0' 
2023-06-06 17:54:37.224278 SRS_SR830 query : 'ISRC?' 
2023-06-06 17:54:37.260493 SRS_SR830 resp  : '1' 
2023-06-06 17:54:37.262544 SRS_SR830 query : 'SENS?' 
2023-06-06 17:54:37.300350 SRS_SR830 resp  : '0' 
2023-06-06 17:54:37.367168 KEPCO BOP 50-8D write : 'CURR 0.2861' 
2023-06-06 17:54:37.876875 SRS_SR830 query : 'OUTP? 1' 
2023-06-06 17:54:37.936229 SRS_SR830 resp  : '-2.18439e-009' 
2023-06-06 17:54:37.938280 SRS_SR830 query : 'SENS?' 
2023-06-06 17:54:37.975182 SRS_SR830 resp  : '0' 
2023-06-06 17:54:37.976180 SRS_SR830 query : 'ISRC?' 
2023-06-06 17:54:38.011496 SRS_SR830 resp  : '1' 
2023-06-06 17:54:38.012442 SRS_SR830 query : 'SENS?' 
2023-06-06 17:54:38.047544 SRS_SR830 resp  : '0' 
2023-06-06 17:54:38.047544 SRS_SR830 query : 'OUTP? 2' 
2023-06-06 17:54:38.106609 SRS_SR830 resp  : '-2.18439e-009' 
2023-06-06 17:54:38.106609 SRS_SR830 query : 'SENS?' 
2023-06-06 17:54:38.143129 SRS_SR830 resp  : '0' 
2023-06-06 17:54:38.143129 SRS_SR830 query : 'ISRC?' 
2023-06-06 17:54:38.179364 SRS_SR830 resp  : '1' 
2023-06-06 17:54:38.179364 SRS_SR830 query : 'SENS?' 
2023-06-06 17:54:38.215060 SRS_SR830 resp  : '0' 
2023-06-06 17:54:38.263963 KEPCO BOP 50-8D write : 'CURR 0.2887' 
2023-06-06 17:54:38.769282 SRS_SR830 query : 'OUTP? 1' 
2023-06-06 17:54:38.828962 SRS_SR830 resp  : '-2.18439e-009' 
2023-06-06 17:54:38.830956 SRS_SR830 query : 'SENS?' 
2023-06-06 17:54:38.868033 SRS_SR830 resp  : '0' 
2023-06-06 17:54:38.868033 SRS_SR830 query : 'ISRC?' 
2023-06-06 17:54:38.904877 SRS_SR830 resp  : '1' 
2023-06-06 17:54:38.905886 SRS_SR830 query : 'SENS?' 
2023-06-06 17:54:38.942187 SRS_SR830 resp  : '0' 
2023-06-06 17:54:38.943180 SRS_SR830 query : 'OUTP? 2' 
2023-06-06 17:54:39.001583 SRS_SR830 resp  : '-2.18439e-009' 
2023-06-06 17:54:39.003584 SRS_SR830 query : 'SENS?' 
2023-06-06 17:54:39.040428 SRS_SR830 resp  : '0' 
2023-06-06 17:54:39.040428 SRS_SR830 query : 'ISRC?' 
2023-06-06 17:54:39.077555 SRS_SR830 resp  : '1' 
2023-06-06 17:54:39.078552 SRS_SR830 query : 'SENS?' 
2023-06-06 17:54:39.115780 SRS_SR830 resp  : '0' 
2023-06-06 17:54:39.183560 KEPCO BOP 50-8D write : 'CURR 0.2913' 
2023-06-06 17:54:39.695266 SRS_SR830 query : 'OUTP? 1' 
2023-06-06 17:54:39.753744 SRS_SR830 resp  : '-2.18439e-009' 
2023-06-06 17:54:39.754746 SRS_SR830 query : 'SENS?' 
2023-06-06 17:54:39.790940 SRS_SR830 resp  : '0' 
2023-06-06 17:54:39.791944 SRS_SR830 query : 'ISRC?' 
2023-06-06 17:54:39.827446 SRS_SR830 resp  : '1' 
2023-06-06 17:54:39.829450 SRS_SR830 query : 'SENS?' 
2023-06-06 17:54:39.864933 SRS_SR830 resp  : '0' 
2023-06-06 17:54:39.865928 SRS_SR830 query : 'OUTP? 2' 
2023-06-06 17:54:39.924876 SRS_SR830 resp  : '-2.18439e-009' 
2023-06-06 17:54:39.925885 SRS_SR830 query : 'SENS?' 
2023-06-06 17:54:39.962918 SRS_SR830 resp  : '0' 
2023-06-06 17:54:39.963914 SRS_SR830 query : 'ISRC?' 
2023-06-06 17:54:39.999739 SRS_SR830 resp  : '1' 
2023-06-06 17:54:40.000731 SRS_SR830 query : 'SENS?' 
2023-06-06 17:54:40.037842 SRS_SR830 resp  : '0' 
2023-06-06 17:54:40.100670 KEPCO BOP 50-8D write : 'CURR 0.2938' 
2023-06-06 17:54:40.610290 SRS_SR830 query : 'OUTP? 1' 
2023-06-06 17:54:40.669507 SRS_SR830 resp  : '-2.18439e-009' 
2023-06-06 17:54:40.669507 SRS_SR830 query : 'SENS?' 
2023-06-06 17:54:40.706619 SRS_SR830 resp  : '0' 
2023-06-06 17:54:40.707621 SRS_SR830 query : 'ISRC?' 
2023-06-06 17:54:40.744031 SRS_SR830 resp  : '1' 
2023-06-06 17:54:40.744983 SRS_SR830 query : 'SENS?' 
2023-06-06 17:54:40.782103 SRS_SR830 resp  : '0' 
2023-06-06 17:54:40.783158 SRS_SR830 query : 'OUTP? 2' 
2023-06-06 17:54:40.841034 SRS_SR830 resp  : '-2.18439e-009' 
2023-06-06 17:54:40.841034 SRS_SR830 query : 'SENS?' 
2023-06-06 17:54:40.877226 SRS_SR830 resp  : '0' 
2023-06-06 17:54:40.878117 SRS_SR830 query : 'ISRC?' 
2023-06-06 17:54:40.912782 SRS_SR830 resp  : '1' 
2023-06-06 17:54:40.913822 SRS_SR830 query : 'SENS?' 
2023-06-06 17:54:40.951327 SRS_SR830 resp  : '0' 
2023-06-06 17:54:41.032212 KEPCO BOP 50-8D write : 'CURR 0.2964' 
2023-06-06 17:54:41.538936 SRS_SR830 query : 'OUTP? 1' 
2023-06-06 17:54:41.599078 SRS_SR830 resp  : '-2.18439e-009' 
2023-06-06 17:54:41.600118 SRS_SR830 query : 'SENS?' 
2023-06-06 17:54:41.636263 SRS_SR830 resp  : '0' 
2023-06-06 17:54:41.637258 SRS_SR830 query : 'ISRC?' 
2023-06-06 17:54:41.673339 SRS_SR830 resp  : '1' 
2023-06-06 17:54:41.673339 SRS_SR830 query : 'SENS?' 
2023-06-06 17:54:41.709445 SRS_SR830 resp  : '0' 
2023-06-06 17:54:41.709445 SRS_SR830 query : 'OUTP? 2' 
2023-06-06 17:54:41.768586 SRS_SR830 resp  : '-2.18439e-009' 
2023-06-06 17:54:41.769591 SRS_SR830 query : 'SENS?' 
2023-06-06 17:54:41.805919 SRS_SR830 resp  : '0' 
2023-06-06 17:54:41.806918 SRS_SR830 query : 'ISRC?' 
2023-06-06 17:54:41.842889 SRS_SR830 resp  : '1' 
2023-06-06 17:54:41.843892 SRS_SR830 query : 'SENS?' 
2023-06-06 17:54:41.884895 SRS_SR830 resp  : '0' 
2023-06-06 17:54:41.956743 KEPCO BOP 50-8D write : 'CURR 0.2990' 
2023-06-06 17:54:42.470268 SRS_SR830 query : 'OUTP? 1' 
2023-06-06 17:54:42.530263 SRS_SR830 resp  : '-2.18439e-009' 
2023-06-06 17:54:42.531259 SRS_SR830 query : 'SENS?' 
2023-06-06 17:54:42.566761 SRS_SR830 resp  : '0' 
2023-06-06 17:54:42.567768 SRS_SR830 query : 'ISRC?' 
2023-06-06 17:54:42.606066 SRS_SR830 resp  : '1' 
2023-06-06 17:54:42.607065 SRS_SR830 query : 'SENS?' 
2023-06-06 17:54:42.643396 SRS_SR830 resp  : '0' 
2023-06-06 17:54:42.645381 SRS_SR830 query : 'OUTP? 2' 
2023-06-06 17:54:42.703342 SRS_SR830 resp  : '-2.18439e-009' 
2023-06-06 17:54:42.704346 SRS_SR830 query : 'SENS?' 
2023-06-06 17:54:42.741128 SRS_SR830 resp  : '0' 
2023-06-06 17:54:42.742125 SRS_SR830 query : 'ISRC?' 
2023-06-06 17:54:42.778600 SRS_SR830 resp  : '1' 
2023-06-06 17:54:42.779561 SRS_SR830 query : 'SENS?' 
2023-06-06 17:54:42.816839 SRS_SR830 resp  : '0' 
2023-06-06 17:54:42.895621 KEPCO BOP 50-8D write : 'CURR 0.0000' 
