SpinLab Experiment Logfile2023-6-7_16-36-40
2023-06-07 11:36:40.534583 OPEN_ : '' 
2023-06-07 11:36:40.664027 GPIB0::15::INSTR OPEN_ : '' 
2023-06-07 11:36:40.701799 GPIB0::6::INSTR OPEN_ : '' 
2023-06-07 11:36:40.702667 KEPCO BOP 50-8D write : '*CLS' 
2023-06-07 11:36:40.704567 KEPCO BOP 50-8D write : '*RST' 
2023-06-07 11:36:40.706624 KEPCO BOP 50-8D write : 'OUTPUT ON' 
2023-06-07 11:36:40.713780 KEPCO BOP 50-8D write : 'FUNC:MODE CURR' 
2023-06-07 11:36:40.716771 KEPCO BOP 50-8D write : 'VOLT 20.0000' 
2023-06-07 11:36:40.720071 KEPCO BOP 50-8D write : 'CURR 0.0000' 
2023-06-07 11:36:40.787976 ASRL4::INSTR OPEN_ : '' 
2023-06-07 11:36:40.787976 SRS_SR830 write : 'OUTX 0' 
2023-06-07 11:36:40.794792 SRS_SR830 write : 'OVRM 1' 
2023-06-07 11:36:40.796786 KEPCO BOP 50-8D query : 'MEAS:CURR?' 
2023-06-07 11:36:40.830068 KEPCO BOP 50-8D resp  : '4.18525E0' 
2023-06-07 11:36:40.831065 KEPCO BOP 50-8D query : 'MEAS:VOLT?' 
2023-06-07 11:36:40.862705 KEPCO BOP 50-8D resp  : '-4.52514E1' 
2023-06-07 11:36:40.863700 KEPCO BOP 50-8D query : 'FUNC:MODE?' 
2023-06-07 11:36:40.870682 KEPCO BOP 50-8D resp  : '1' 
2023-06-07 11:36:40.871678 HP 8673G CW Gen query : 'OK' 
2023-06-07 11:36:40.888584 HP 8673G CW Gen resp  : 'FR03000000000HZ' 
2023-06-07 11:36:40.888584 HP 8673G CW Gen query : 'LE OA' 
2023-06-07 11:36:40.899996 HP 8673G CW Gen resp  : 'LE-70.0DM' 
2023-06-07 11:36:40.900992 SRS_SR830 query : 'SENS?' 
2023-06-07 11:36:40.938831 SRS_SR830 resp  : '15' 
2023-06-07 11:36:40.938831 SRS_SR830 query : 'ISRC?' 
2023-06-07 11:36:40.978885 SRS_SR830 resp  : '1' 
2023-06-07 11:36:40.979849 SRS_SR830 query : 'OFLT?' 
2023-06-07 11:36:41.016666 SRS_SR830 resp  : '9' 
2023-06-07 11:36:41.802244 HP 8673G CW Gen write : 'LE -3 DB' 
2023-06-07 11:36:41.808237 HP 8673G CW Gen query : 'MG' 
2023-06-07 11:36:41.817243 HP 8673G CW Gen resp  : '00' 
2023-06-07 11:36:56.059489 SRS_SR830 query : 'ISRC?' 
2023-06-07 11:36:56.094401 SRS_SR830 resp  : '1' 
2023-06-07 11:36:56.095391 SRS_SR830 write : 'SENS 15' 
2023-06-07 11:36:56.095391 HP 8673G CW Gen write : 'FR 7.0 GZ' 
2023-06-07 11:36:56.102400 HP 8673G CW Gen query : 'MG' 
2023-06-07 11:36:56.110352 HP 8673G CW Gen resp  : '00' 
2023-06-07 11:36:56.199114 KEPCO BOP 50-8D write : 'CURR 0.5979' 
2023-06-07 11:37:01.212361 KEPCO BOP 50-8D write : 'CURR 0.5979' 
2023-06-07 11:37:02.232697 SRS_SR830 query : 'OUTP? 1' 
2023-06-07 11:37:02.293396 SRS_SR830 resp  : '-7.16749e-006' 
2023-06-07 11:37:02.294392 SRS_SR830 query : 'SENS?' 
2023-06-07 11:37:02.329718 SRS_SR830 resp  : '15' 
2023-06-07 11:37:02.333424 SRS_SR830 query : 'ISRC?' 
2023-06-07 11:37:02.370491 SRS_SR830 resp  : '1' 
2023-06-07 11:37:02.371486 SRS_SR830 query : 'OUTP? 2' 
2023-06-07 11:37:02.428182 SRS_SR830 resp  : '1.1921e-005' 
2023-06-07 11:37:02.429178 SRS_SR830 query : 'SENS?' 
2023-06-07 11:37:02.466783 SRS_SR830 resp  : '15' 
2023-06-07 11:37:02.467817 SRS_SR830 query : 'ISRC?' 
2023-06-07 11:37:02.503246 SRS_SR830 resp  : '1' 
2023-06-07 11:37:02.696246 KEPCO BOP 50-8D write : 'CURR 0.6132' 
2023-06-07 11:37:03.703070 SRS_SR830 query : 'OUTP? 1' 
2023-06-07 11:37:03.763035 SRS_SR830 resp  : '-8.94821e-006' 
2023-06-07 11:37:03.764036 SRS_SR830 query : 'SENS?' 
2023-06-07 11:37:03.800451 SRS_SR830 resp  : '15' 
2023-06-07 11:37:03.800451 SRS_SR830 query : 'ISRC?' 
2023-06-07 11:37:03.835413 SRS_SR830 resp  : '1' 
2023-06-07 11:37:03.837727 SRS_SR830 query : 'OUTP? 2' 
2023-06-07 11:37:03.896041 SRS_SR830 resp  : '6.33303e-007' 
2023-06-07 11:37:03.896997 SRS_SR830 query : 'SENS?' 
2023-06-07 11:37:03.934842 SRS_SR830 resp  : '15' 
2023-06-07 11:37:03.935968 SRS_SR830 query : 'ISRC?' 
2023-06-07 11:37:03.972262 SRS_SR830 resp  : '1' 
2023-06-07 11:37:04.058123 KEPCO BOP 50-8D write : 'CURR 0.6284' 
2023-06-07 11:37:05.074472 SRS_SR830 query : 'OUTP? 1' 
2023-06-07 11:37:05.133366 SRS_SR830 resp  : '-1.68235e-005' 
2023-06-07 11:37:05.134362 SRS_SR830 query : 'SENS?' 
2023-06-07 11:37:05.172556 SRS_SR830 resp  : '15' 
2023-06-07 11:37:05.172556 SRS_SR830 query : 'ISRC?' 
2023-06-07 11:37:05.210273 SRS_SR830 resp  : '1' 
2023-06-07 11:37:05.211269 SRS_SR830 query : 'OUTP? 2' 
2023-06-07 11:37:05.272615 SRS_SR830 resp  : '1.25916e-006' 
2023-06-07 11:37:05.276664 SRS_SR830 query : 'SENS?' 
2023-06-07 11:37:05.314138 SRS_SR830 resp  : '15' 
2023-06-07 11:37:05.314807 SRS_SR830 query : 'ISRC?' 
2023-06-07 11:37:05.350350 SRS_SR830 resp  : '1' 
2023-06-07 11:37:05.421859 KEPCO BOP 50-8D write : 'CURR 0.6437' 
2023-06-07 11:37:06.429132 SRS_SR830 query : 'OUTP? 1' 
2023-06-07 11:37:06.486943 SRS_SR830 resp  : '-1.4037e-005' 
2023-06-07 11:37:06.486943 SRS_SR830 query : 'SENS?' 
2023-06-07 11:37:06.524830 SRS_SR830 resp  : '15' 
2023-06-07 11:37:06.524830 SRS_SR830 query : 'ISRC?' 
2023-06-07 11:37:06.560720 SRS_SR830 resp  : '1' 
2023-06-07 11:37:06.560720 SRS_SR830 query : 'OUTP? 2' 
2023-06-07 11:37:06.621449 SRS_SR830 resp  : '-1.34111e-007' 
2023-06-07 11:37:06.621449 SRS_SR830 query : 'SENS?' 
2023-06-07 11:37:06.658966 SRS_SR830 resp  : '15' 
2023-06-07 11:37:06.659968 SRS_SR830 query : 'ISRC?' 
2023-06-07 11:37:06.694295 SRS_SR830 resp  : '1' 
2023-06-07 11:37:06.753950 KEPCO BOP 50-8D write : 'CURR 0.6589' 
2023-06-07 11:37:07.768147 SRS_SR830 query : 'OUTP? 1' 
2023-06-07 11:37:07.826041 SRS_SR830 resp  : '-1.10046e-005' 
2023-06-07 11:37:07.826917 SRS_SR830 query : 'SENS?' 
2023-06-07 11:37:07.864893 SRS_SR830 resp  : '15' 
2023-06-07 11:37:07.864893 SRS_SR830 query : 'ISRC?' 
2023-06-07 11:37:07.898661 SRS_SR830 resp  : '1' 
2023-06-07 11:37:07.898661 SRS_SR830 query : 'OUTP? 2' 
2023-06-07 11:37:07.958669 SRS_SR830 resp  : '5.88599e-006' 
2023-06-07 11:37:07.959662 SRS_SR830 query : 'SENS?' 
2023-06-07 11:37:07.996626 SRS_SR830 resp  : '15' 
2023-06-07 11:37:07.997665 SRS_SR830 query : 'ISRC?' 
2023-06-07 11:37:08.032325 SRS_SR830 resp  : '1' 
2023-06-07 11:37:08.116535 KEPCO BOP 50-8D write : 'CURR 0.6742' 
2023-06-07 11:37:09.122771 SRS_SR830 query : 'OUTP? 1' 
2023-06-07 11:37:09.183587 SRS_SR830 resp  : '-6.27342e-006' 
2023-06-07 11:37:09.184583 SRS_SR830 query : 'SENS?' 
2023-06-07 11:37:09.221938 SRS_SR830 resp  : '15' 
2023-06-07 11:37:09.221938 SRS_SR830 query : 'ISRC?' 
2023-06-07 11:37:09.256872 SRS_SR830 resp  : '1' 
2023-06-07 11:37:09.257874 SRS_SR830 query : 'OUTP? 2' 
2023-06-07 11:37:09.316960 SRS_SR830 resp  : '3.56139e-006' 
2023-06-07 11:37:09.317955 SRS_SR830 query : 'SENS?' 
2023-06-07 11:37:09.353227 SRS_SR830 resp  : '15' 
2023-06-07 11:37:09.353227 SRS_SR830 query : 'ISRC?' 
2023-06-07 11:37:09.392263 SRS_SR830 resp  : '1' 
2023-06-07 11:37:09.474931 KEPCO BOP 50-8D write : 'CURR 0.6894' 
2023-06-07 11:37:10.492968 SRS_SR830 query : 'OUTP? 1' 
2023-06-07 11:37:10.551896 SRS_SR830 resp  : '-1.15857e-005' 
2023-06-07 11:37:10.551896 SRS_SR830 query : 'SENS?' 
2023-06-07 11:37:10.589376 SRS_SR830 resp  : '15' 
2023-06-07 11:37:10.590378 SRS_SR830 query : 'ISRC?' 
2023-06-07 11:37:10.624610 SRS_SR830 resp  : '1' 
2023-06-07 11:37:10.624610 SRS_SR830 query : 'OUTP? 2' 
2023-06-07 11:37:10.680911 SRS_SR830 resp  : '4.1798e-006' 
2023-06-07 11:37:10.682913 SRS_SR830 query : 'SENS?' 
2023-06-07 11:37:10.721221 SRS_SR830 resp  : '15' 
2023-06-07 11:37:10.722221 SRS_SR830 query : 'ISRC?' 
2023-06-07 11:37:10.758314 SRS_SR830 resp  : '1' 
2023-06-07 11:37:10.837158 KEPCO BOP 50-8D write : 'CURR 0.7047' 
2023-06-07 11:37:11.848723 SRS_SR830 query : 'OUTP? 1' 
2023-06-07 11:37:11.908873 SRS_SR830 resp  : '-9.78267e-006' 
2023-06-07 11:37:11.910876 SRS_SR830 query : 'SENS?' 
2023-06-07 11:37:11.946239 SRS_SR830 resp  : '15' 
2023-06-07 11:37:11.949427 SRS_SR830 query : 'ISRC?' 
2023-06-07 11:37:11.986313 SRS_SR830 resp  : '1' 
2023-06-07 11:37:11.988314 SRS_SR830 query : 'OUTP? 2' 
2023-06-07 11:37:12.044795 SRS_SR830 resp  : '5.84128e-006' 
2023-06-07 11:37:12.044795 SRS_SR830 query : 'SENS?' 
2023-06-07 11:37:12.083317 SRS_SR830 resp  : '15' 
2023-06-07 11:37:12.084274 SRS_SR830 query : 'ISRC?' 
2023-06-07 11:37:12.119477 SRS_SR830 resp  : '1' 
2023-06-07 11:37:12.198400 KEPCO BOP 50-8D write : 'CURR 0.7199' 
2023-06-07 11:37:13.203237 SRS_SR830 query : 'OUTP? 1' 
2023-06-07 11:37:13.262194 SRS_SR830 resp  : '-6.78751e-006' 
2023-06-07 11:37:13.262194 SRS_SR830 query : 'SENS?' 
2023-06-07 11:37:13.299992 SRS_SR830 resp  : '15' 
2023-06-07 11:37:13.299992 SRS_SR830 query : 'ISRC?' 
2023-06-07 11:37:13.336819 SRS_SR830 resp  : '1' 
2023-06-07 11:37:13.337815 SRS_SR830 query : 'OUTP? 2' 
2023-06-07 11:37:13.396211 SRS_SR830 resp  : '3.82963e-006' 
2023-06-07 11:37:13.396211 SRS_SR830 query : 'SENS?' 
2023-06-07 11:37:13.433982 SRS_SR830 resp  : '15' 
2023-06-07 11:37:13.433982 SRS_SR830 query : 'ISRC?' 
2023-06-07 11:37:13.472227 SRS_SR830 resp  : '1' 
2023-06-07 11:37:13.561911 KEPCO BOP 50-8D write : 'CURR 0.7352' 
2023-06-07 11:37:14.574368 SRS_SR830 query : 'OUTP? 1' 
2023-06-07 11:37:14.634837 SRS_SR830 resp  : '-7.39101e-006' 
2023-06-07 11:37:14.635843 SRS_SR830 query : 'SENS?' 
2023-06-07 11:37:14.671629 SRS_SR830 resp  : '15' 
2023-06-07 11:37:14.671629 SRS_SR830 query : 'ISRC?' 
2023-06-07 11:37:14.710633 SRS_SR830 resp  : '1' 
2023-06-07 11:37:14.711592 SRS_SR830 query : 'OUTP? 2' 
2023-06-07 11:37:14.769702 SRS_SR830 resp  : '4.57469e-006' 
2023-06-07 11:37:14.771705 SRS_SR830 query : 'SENS?' 
2023-06-07 11:37:14.809959 SRS_SR830 resp  : '15' 
2023-06-07 11:37:14.810922 SRS_SR830 query : 'ISRC?' 
2023-06-07 11:37:14.847049 SRS_SR830 resp  : '1' 
2023-06-07 11:37:14.918976 KEPCO BOP 50-8D write : 'CURR 0.7504' 
2023-06-07 11:37:15.933294 SRS_SR830 query : 'OUTP? 1' 
2023-06-07 11:37:15.993456 SRS_SR830 resp  : '-5.47621e-006' 
2023-06-07 11:37:15.994462 SRS_SR830 query : 'SENS?' 
2023-06-07 11:37:16.032410 SRS_SR830 resp  : '15' 
2023-06-07 11:37:16.034412 SRS_SR830 query : 'ISRC?' 
2023-06-07 11:37:16.069677 SRS_SR830 resp  : '1' 
2023-06-07 11:37:16.069677 SRS_SR830 query : 'OUTP? 2' 
2023-06-07 11:37:16.126287 SRS_SR830 resp  : '7.79337e-006' 
2023-06-07 11:37:16.126287 SRS_SR830 query : 'SENS?' 
2023-06-07 11:37:16.164369 SRS_SR830 resp  : '15' 
2023-06-07 11:37:16.165316 SRS_SR830 query : 'ISRC?' 
2023-06-07 11:37:16.201102 SRS_SR830 resp  : '1' 
2023-06-07 11:37:16.256982 KEPCO BOP 50-8D write : 'CURR 0.7657' 
2023-06-07 11:37:17.260315 SRS_SR830 query : 'OUTP? 1' 
2023-06-07 11:37:17.319035 SRS_SR830 resp  : '-1.30386e-005' 
2023-06-07 11:37:17.320018 SRS_SR830 query : 'SENS?' 
2023-06-07 11:37:17.357040 SRS_SR830 resp  : '15' 
2023-06-07 11:37:17.359044 SRS_SR830 query : 'ISRC?' 
2023-06-07 11:37:17.394839 SRS_SR830 resp  : '1' 
2023-06-07 11:37:17.395846 SRS_SR830 query : 'OUTP? 2' 
2023-06-07 11:37:17.452656 SRS_SR830 resp  : '1.08928e-005' 
2023-06-07 11:37:17.453652 SRS_SR830 query : 'SENS?' 
2023-06-07 11:37:17.491575 SRS_SR830 resp  : '15' 
2023-06-07 11:37:17.493577 SRS_SR830 query : 'ISRC?' 
2023-06-07 11:37:17.529204 SRS_SR830 resp  : '1' 
2023-06-07 11:37:17.741998 KEPCO BOP 50-8D write : 'CURR 0.7809' 
2023-06-07 11:37:18.750383 SRS_SR830 query : 'OUTP? 1' 
2023-06-07 11:37:18.811006 SRS_SR830 resp  : '-2.36408e-005' 
2023-06-07 11:37:18.812001 SRS_SR830 query : 'SENS?' 
2023-06-07 11:37:18.849524 SRS_SR830 resp  : '15' 
2023-06-07 11:37:18.850480 SRS_SR830 query : 'ISRC?' 
2023-06-07 11:37:18.887354 SRS_SR830 resp  : '1' 
2023-06-07 11:37:18.888351 SRS_SR830 query : 'OUTP? 2' 
2023-06-07 11:37:18.946137 SRS_SR830 resp  : '1.01179e-005' 
2023-06-07 11:37:18.948140 SRS_SR830 query : 'SENS?' 
2023-06-07 11:37:18.985843 SRS_SR830 resp  : '15' 
2023-06-07 11:37:18.986840 SRS_SR830 query : 'ISRC?' 
2023-06-07 11:37:19.021906 SRS_SR830 resp  : '1' 
2023-06-07 11:37:19.102935 KEPCO BOP 50-8D write : 'CURR 0.7962' 
2023-06-07 11:37:20.114817 SRS_SR830 query : 'OUTP? 1' 
2023-06-07 11:37:20.173607 SRS_SR830 resp  : '-2.2255e-005' 
2023-06-07 11:37:20.174603 SRS_SR830 query : 'SENS?' 
2023-06-07 11:37:20.213752 SRS_SR830 resp  : '15' 
2023-06-07 11:37:20.214750 SRS_SR830 query : 'ISRC?' 
2023-06-07 11:37:20.250298 SRS_SR830 resp  : '1' 
2023-06-07 11:37:20.252301 SRS_SR830 query : 'OUTP? 2' 
2023-06-07 11:37:20.310297 SRS_SR830 resp  : '9.65601e-006' 
2023-06-07 11:37:20.311292 SRS_SR830 query : 'SENS?' 
2023-06-07 11:37:20.348452 SRS_SR830 resp  : '15' 
2023-06-07 11:37:20.349411 SRS_SR830 query : 'ISRC?' 
2023-06-07 11:37:20.385716 SRS_SR830 resp  : '1' 
2023-06-07 11:37:20.460521 KEPCO BOP 50-8D write : 'CURR 0.8114' 
2023-06-07 11:37:21.468253 SRS_SR830 query : 'OUTP? 1' 
2023-06-07 11:37:21.528352 SRS_SR830 resp  : '-1.89693e-005' 
2023-06-07 11:37:21.529310 SRS_SR830 query : 'SENS?' 
2023-06-07 11:37:21.566896 SRS_SR830 resp  : '15' 
2023-06-07 11:37:21.568899 SRS_SR830 query : 'ISRC?' 
2023-06-07 11:37:21.604836 SRS_SR830 resp  : '1' 
2023-06-07 11:37:21.605843 SRS_SR830 query : 'OUTP? 2' 
2023-06-07 11:37:21.663755 SRS_SR830 resp  : '1.45585e-005' 
2023-06-07 11:37:21.664750 SRS_SR830 query : 'SENS?' 
2023-06-07 11:37:21.703201 SRS_SR830 resp  : '15' 
2023-06-07 11:37:21.704197 SRS_SR830 query : 'ISRC?' 
2023-06-07 11:37:21.740168 SRS_SR830 resp  : '1' 
2023-06-07 11:37:21.819952 KEPCO BOP 50-8D write : 'CURR 0.8267' 
2023-06-07 11:37:22.834236 SRS_SR830 query : 'OUTP? 1' 
2023-06-07 11:37:22.892632 SRS_SR830 resp  : '-1.622e-005' 
2023-06-07 11:37:22.893627 SRS_SR830 query : 'SENS?' 
2023-06-07 11:37:22.930887 SRS_SR830 resp  : '15' 
2023-06-07 11:37:22.932889 SRS_SR830 query : 'ISRC?' 
2023-06-07 11:37:22.968968 SRS_SR830 resp  : '1' 
2023-06-07 11:37:22.969960 SRS_SR830 query : 'OUTP? 2' 
2023-06-07 11:37:23.026371 SRS_SR830 resp  : '1.82019e-005' 
2023-06-07 11:37:23.028374 SRS_SR830 query : 'SENS?' 
2023-06-07 11:37:23.065937 SRS_SR830 resp  : '15' 
2023-06-07 11:37:23.066933 SRS_SR830 query : 'ISRC?' 
2023-06-07 11:37:23.102697 SRS_SR830 resp  : '1' 
2023-06-07 11:37:23.179517 KEPCO BOP 50-8D write : 'CURR 0.8420' 
2023-06-07 11:37:24.197156 SRS_SR830 query : 'OUTP? 1' 
2023-06-07 11:37:24.256016 SRS_SR830 resp  : '-2.51235e-005' 
2023-06-07 11:37:24.257010 SRS_SR830 query : 'SENS?' 
2023-06-07 11:37:24.295656 SRS_SR830 resp  : '15' 
2023-06-07 11:37:24.296653 SRS_SR830 query : 'ISRC?' 
2023-06-07 11:37:24.331557 SRS_SR830 resp  : '1' 
2023-06-07 11:37:24.331557 SRS_SR830 query : 'OUTP? 2' 
2023-06-07 11:37:24.387674 SRS_SR830 resp  : '2.61964e-005' 
2023-06-07 11:37:24.387674 SRS_SR830 query : 'SENS?' 
2023-06-07 11:37:24.424004 SRS_SR830 resp  : '15' 
2023-06-07 11:37:24.424004 SRS_SR830 query : 'ISRC?' 
2023-06-07 11:37:24.460042 SRS_SR830 resp  : '1' 
2023-06-07 11:37:24.546814 KEPCO BOP 50-8D write : 'CURR 0.8572' 
2023-06-07 11:37:25.558238 SRS_SR830 query : 'OUTP? 1' 
2023-06-07 11:37:25.618235 SRS_SR830 resp  : '-2.67924e-005' 
2023-06-07 11:37:25.619231 SRS_SR830 query : 'SENS?' 
2023-06-07 11:37:25.658573 SRS_SR830 resp  : '15' 
2023-06-07 11:37:25.660574 SRS_SR830 query : 'ISRC?' 
2023-06-07 11:37:25.696275 SRS_SR830 resp  : '1' 
2023-06-07 11:37:25.696275 SRS_SR830 query : 'OUTP? 2' 
2023-06-07 11:37:25.753368 SRS_SR830 resp  : '2.82155e-005' 
2023-06-07 11:37:25.754369 SRS_SR830 query : 'SENS?' 
2023-06-07 11:37:25.792017 SRS_SR830 resp  : '15' 
2023-06-07 11:37:25.793012 SRS_SR830 query : 'ISRC?' 
2023-06-07 11:37:25.828271 SRS_SR830 resp  : '1' 
2023-06-07 11:37:25.905029 KEPCO BOP 50-8D write : 'CURR 0.8725' 
2023-06-07 11:37:26.910248 SRS_SR830 query : 'OUTP? 1' 
2023-06-07 11:37:26.970140 SRS_SR830 resp  : '-1.48863e-005' 
2023-06-07 11:37:26.972142 SRS_SR830 query : 'SENS?' 
2023-06-07 11:37:27.009552 SRS_SR830 resp  : '15' 
2023-06-07 11:37:27.010546 SRS_SR830 query : 'ISRC?' 
2023-06-07 11:37:27.046469 SRS_SR830 resp  : '1' 
2023-06-07 11:37:27.047472 SRS_SR830 query : 'OUTP? 2' 
2023-06-07 11:37:27.104842 SRS_SR830 resp  : '1.80231e-005' 
2023-06-07 11:37:27.105848 SRS_SR830 query : 'SENS?' 
2023-06-07 11:37:27.143527 SRS_SR830 resp  : '15' 
2023-06-07 11:37:27.145529 SRS_SR830 query : 'ISRC?' 
2023-06-07 11:37:27.182203 SRS_SR830 resp  : '1' 
2023-06-07 11:37:27.257999 KEPCO BOP 50-8D write : 'CURR 0.8877' 
2023-06-07 11:37:28.261897 SRS_SR830 query : 'OUTP? 1' 
2023-06-07 11:37:28.321511 SRS_SR830 resp  : '-3.49434e-006' 
2023-06-07 11:37:28.323503 SRS_SR830 query : 'SENS?' 
2023-06-07 11:37:28.360327 SRS_SR830 resp  : '15' 
2023-06-07 11:37:28.362329 SRS_SR830 query : 'ISRC?' 
2023-06-07 11:37:28.397871 SRS_SR830 resp  : '1' 
2023-06-07 11:37:28.399874 SRS_SR830 query : 'OUTP? 2' 
2023-06-07 11:37:28.458261 SRS_SR830 resp  : '-3.97864e-006' 
2023-06-07 11:37:28.459256 SRS_SR830 query : 'SENS?' 
2023-06-07 11:37:28.498071 SRS_SR830 resp  : '15' 
2023-06-07 11:37:28.499125 SRS_SR830 query : 'ISRC?' 
2023-06-07 11:37:28.534849 SRS_SR830 resp  : '1' 
2023-06-07 11:37:28.611685 KEPCO BOP 50-8D write : 'CURR 0.9030' 
2023-06-07 11:37:29.627722 SRS_SR830 query : 'OUTP? 1' 
2023-06-07 11:37:29.687900 SRS_SR830 resp  : '7.85297e-006' 
2023-06-07 11:37:29.688902 SRS_SR830 query : 'SENS?' 
2023-06-07 11:37:29.727235 SRS_SR830 resp  : '15' 
2023-06-07 11:37:29.728241 SRS_SR830 query : 'ISRC?' 
2023-06-07 11:37:29.763990 SRS_SR830 resp  : '1' 
2023-06-07 11:37:29.764797 SRS_SR830 query : 'OUTP? 2' 
2023-06-07 11:37:29.823457 SRS_SR830 resp  : '-8.00198e-006' 
2023-06-07 11:37:29.824459 SRS_SR830 query : 'SENS?' 
2023-06-07 11:37:29.862581 SRS_SR830 resp  : '15' 
2023-06-07 11:37:29.863579 SRS_SR830 query : 'ISRC?' 
2023-06-07 11:37:29.899851 SRS_SR830 resp  : '1' 
2023-06-07 11:37:29.973610 KEPCO BOP 50-8D write : 'CURR 0.9182' 
2023-06-07 11:37:30.977360 SRS_SR830 query : 'OUTP? 1' 
2023-06-07 11:37:31.034308 SRS_SR830 resp  : '6.50439e-006' 
2023-06-07 11:37:31.035353 SRS_SR830 query : 'SENS?' 
2023-06-07 11:37:31.074693 SRS_SR830 resp  : '15' 
2023-06-07 11:37:31.075652 SRS_SR830 query : 'ISRC?' 
2023-06-07 11:37:31.111965 SRS_SR830 resp  : '1' 
2023-06-07 11:37:31.112973 SRS_SR830 query : 'OUTP? 2' 
2023-06-07 11:37:31.170889 SRS_SR830 resp  : '5.06643e-007' 
2023-06-07 11:37:31.171892 SRS_SR830 query : 'SENS?' 
2023-06-07 11:37:31.208782 SRS_SR830 resp  : '15' 
2023-06-07 11:37:31.209786 SRS_SR830 query : 'ISRC?' 
2023-06-07 11:37:31.247130 SRS_SR830 resp  : '1' 
2023-06-07 11:37:31.322438 KEPCO BOP 50-8D write : 'CURR 0.9335' 
2023-06-07 11:37:32.338255 SRS_SR830 query : 'OUTP? 1' 
2023-06-07 11:37:32.398939 SRS_SR830 resp  : '-1.60188e-006' 
2023-06-07 11:37:32.399934 SRS_SR830 query : 'SENS?' 
2023-06-07 11:37:32.437322 SRS_SR830 resp  : '15' 
2023-06-07 11:37:32.438320 SRS_SR830 query : 'ISRC?' 
2023-06-07 11:37:32.474987 SRS_SR830 resp  : '1' 
2023-06-07 11:37:32.475984 SRS_SR830 query : 'OUTP? 2' 
2023-06-07 11:37:32.532038 SRS_SR830 resp  : '4.0904e-006' 
2023-06-07 11:37:32.533033 SRS_SR830 query : 'SENS?' 
2023-06-07 11:37:32.570153 SRS_SR830 resp  : '15' 
2023-06-07 11:37:32.571099 SRS_SR830 query : 'ISRC?' 
2023-06-07 11:37:32.608124 SRS_SR830 resp  : '1' 
2023-06-07 11:37:32.685499 KEPCO BOP 50-8D write : 'CURR 0.9487' 
2023-06-07 11:37:33.690389 SRS_SR830 query : 'OUTP? 1' 
2023-06-07 11:37:33.750877 SRS_SR830 resp  : '-5.22289e-006' 
2023-06-07 11:37:33.752880 SRS_SR830 query : 'SENS?' 
2023-06-07 11:37:33.791408 SRS_SR830 resp  : '15' 
2023-06-07 11:37:33.792405 SRS_SR830 query : 'ISRC?' 
2023-06-07 11:37:33.827339 SRS_SR830 resp  : '1' 
2023-06-07 11:37:33.828306 SRS_SR830 query : 'OUTP? 2' 
2023-06-07 11:37:33.885191 SRS_SR830 resp  : '5.81148e-006' 
2023-06-07 11:37:33.886152 SRS_SR830 query : 'SENS?' 
2023-06-07 11:37:33.929783 SRS_SR830 resp  : '15' 
2023-06-07 11:37:33.930820 SRS_SR830 query : 'ISRC?' 
2023-06-07 11:37:33.967439 SRS_SR830 resp  : '1' 
2023-06-07 11:37:34.042280 KEPCO BOP 50-8D write : 'CURR 0.9640' 
2023-06-07 11:37:35.048226 SRS_SR830 query : 'OUTP? 1' 
2023-06-07 11:37:35.107461 SRS_SR830 resp  : '-1.1839e-005' 
2023-06-07 11:37:35.108457 SRS_SR830 query : 'SENS?' 
2023-06-07 11:37:35.146233 SRS_SR830 resp  : '15' 
2023-06-07 11:37:35.147228 SRS_SR830 query : 'ISRC?' 
2023-06-07 11:37:35.184800 SRS_SR830 resp  : '1' 
2023-06-07 11:37:35.185806 SRS_SR830 query : 'OUTP? 2' 
2023-06-07 11:37:35.243333 SRS_SR830 resp  : '6.20636e-006' 
2023-06-07 11:37:35.244363 SRS_SR830 query : 'SENS?' 
2023-06-07 11:37:35.282404 SRS_SR830 resp  : '15' 
2023-06-07 11:37:35.283410 SRS_SR830 query : 'ISRC?' 
2023-06-07 11:37:35.319516 SRS_SR830 resp  : '1' 
2023-06-07 11:37:35.377319 KEPCO BOP 50-8D write : 'CURR 0.9792' 
2023-06-07 11:37:36.389469 SRS_SR830 query : 'OUTP? 1' 
2023-06-07 11:37:36.449647 SRS_SR830 resp  : '-1.00285e-005' 
2023-06-07 11:37:36.450646 SRS_SR830 query : 'SENS?' 
2023-06-07 11:37:36.488751 SRS_SR830 resp  : '15' 
2023-06-07 11:37:36.489748 SRS_SR830 query : 'ISRC?' 
2023-06-07 11:37:36.525860 SRS_SR830 resp  : '1' 
2023-06-07 11:37:36.526855 SRS_SR830 query : 'OUTP? 2' 
2023-06-07 11:37:36.584408 SRS_SR830 resp  : '5.85619e-006' 
2023-06-07 11:37:36.585446 SRS_SR830 query : 'SENS?' 
2023-06-07 11:37:36.623683 SRS_SR830 resp  : '15' 
2023-06-07 11:37:36.624690 SRS_SR830 query : 'ISRC?' 
2023-06-07 11:37:36.660010 SRS_SR830 resp  : '1' 
2023-06-07 11:37:36.735808 KEPCO BOP 50-8D write : 'CURR 0.9945' 
2023-06-07 11:37:37.739178 SRS_SR830 query : 'OUTP? 1' 
2023-06-07 11:37:37.799687 SRS_SR830 resp  : '-6.97377e-006' 
2023-06-07 11:37:37.800685 SRS_SR830 query : 'SENS?' 
2023-06-07 11:37:37.837880 SRS_SR830 resp  : '15' 
2023-06-07 11:37:37.838894 SRS_SR830 query : 'ISRC?' 
2023-06-07 11:37:37.874800 SRS_SR830 resp  : '1' 
2023-06-07 11:37:37.875845 SRS_SR830 query : 'OUTP? 2' 
2023-06-07 11:37:37.932332 SRS_SR830 resp  : '1.16528e-005' 
2023-06-07 11:37:37.934334 SRS_SR830 query : 'SENS?' 
2023-06-07 11:37:37.971618 SRS_SR830 resp  : '15' 
2023-06-07 11:37:37.973616 SRS_SR830 query : 'ISRC?' 
2023-06-07 11:37:38.008948 SRS_SR830 resp  : '1' 
2023-06-07 11:37:38.084749 KEPCO BOP 50-8D write : 'CURR 1.0097' 
2023-06-07 11:37:39.100337 SRS_SR830 query : 'OUTP? 1' 
2023-06-07 11:37:39.160353 SRS_SR830 resp  : '-8.78429e-006' 
2023-06-07 11:37:39.161349 SRS_SR830 query : 'SENS?' 
2023-06-07 11:37:39.199863 SRS_SR830 resp  : '15' 
2023-06-07 11:37:39.200862 SRS_SR830 query : 'ISRC?' 
2023-06-07 11:37:39.237519 SRS_SR830 resp  : '1' 
2023-06-07 11:37:39.239521 SRS_SR830 query : 'OUTP? 2' 
2023-06-07 11:37:39.297372 SRS_SR830 resp  : '9.30583e-006' 
2023-06-07 11:37:39.298370 SRS_SR830 query : 'SENS?' 
2023-06-07 11:37:39.336996 SRS_SR830 resp  : '15' 
2023-06-07 11:37:39.338003 SRS_SR830 query : 'ISRC?' 
2023-06-07 11:37:39.374189 SRS_SR830 resp  : '1' 
2023-06-07 11:37:39.444994 KEPCO BOP 50-8D write : 'CURR 1.0250' 
2023-06-07 11:37:40.459879 SRS_SR830 query : 'OUTP? 1' 
2023-06-07 11:37:40.520091 SRS_SR830 resp  : '-8.12864e-006' 
2023-06-07 11:37:40.521097 SRS_SR830 query : 'SENS?' 
2023-06-07 11:37:40.559403 SRS_SR830 resp  : '15' 
2023-06-07 11:37:40.560398 SRS_SR830 query : 'ISRC?' 
2023-06-07 11:37:40.596665 SRS_SR830 resp  : '1' 
2023-06-07 11:37:40.597662 SRS_SR830 query : 'OUTP? 2' 
2023-06-07 11:37:40.654799 SRS_SR830 resp  : '8.79919e-006' 
2023-06-07 11:37:40.655806 SRS_SR830 query : 'SENS?' 
2023-06-07 11:37:40.692930 SRS_SR830 resp  : '15' 
2023-06-07 11:37:40.694932 SRS_SR830 query : 'ISRC?' 
2023-06-07 11:37:40.731027 SRS_SR830 resp  : '1' 
2023-06-07 11:37:40.805511 KEPCO BOP 50-8D write : 'CURR 1.0402' 
2023-06-07 11:37:41.823045 SRS_SR830 query : 'OUTP? 1' 
2023-06-07 11:37:41.883027 SRS_SR830 resp  : '-7.10788e-006' 
2023-06-07 11:37:41.884024 SRS_SR830 query : 'SENS?' 
2023-06-07 11:37:41.922960 SRS_SR830 resp  : '15' 
2023-06-07 11:37:41.922960 SRS_SR830 query : 'ISRC?' 
2023-06-07 11:37:41.959201 SRS_SR830 resp  : '1' 
2023-06-07 11:37:41.960203 SRS_SR830 query : 'OUTP? 2' 
2023-06-07 11:37:42.017640 SRS_SR830 resp  : '9.19407e-006' 
2023-06-07 11:37:42.017640 SRS_SR830 query : 'SENS?' 
2023-06-07 11:37:42.055028 SRS_SR830 resp  : '15' 
2023-06-07 11:37:42.056030 SRS_SR830 query : 'ISRC?' 
2023-06-07 11:37:42.091811 SRS_SR830 resp  : '1' 
2023-06-07 11:37:42.146701 KEPCO BOP 50-8D write : 'CURR 1.0555' 
2023-06-07 11:37:43.156551 SRS_SR830 query : 'OUTP? 1' 
2023-06-07 11:37:43.217149 SRS_SR830 resp  : '-9.71562e-006' 
2023-06-07 11:37:43.218143 SRS_SR830 query : 'SENS?' 
2023-06-07 11:37:43.254858 SRS_SR830 resp  : '15' 
2023-06-07 11:37:43.256854 SRS_SR830 query : 'ISRC?' 
2023-06-07 11:37:43.292595 SRS_SR830 resp  : '1' 
2023-06-07 11:37:43.294598 SRS_SR830 query : 'OUTP? 2' 
2023-06-07 11:37:43.352937 SRS_SR830 resp  : '6.40008e-006' 
2023-06-07 11:37:43.353944 SRS_SR830 query : 'SENS?' 
2023-06-07 11:37:43.391156 SRS_SR830 resp  : '15' 
2023-06-07 11:37:43.392150 SRS_SR830 query : 'ISRC?' 
2023-06-07 11:37:43.429806 SRS_SR830 resp  : '1' 
2023-06-07 11:37:43.508623 KEPCO BOP 50-8D write : 'CURR 1.0707' 
2023-06-07 11:37:44.519855 SRS_SR830 query : 'OUTP? 1' 
2023-06-07 11:37:44.578803 SRS_SR830 resp  : '-9.79757e-006' 
2023-06-07 11:37:44.579810 SRS_SR830 query : 'SENS?' 
2023-06-07 11:37:44.617927 SRS_SR830 resp  : '15' 
2023-06-07 11:37:44.619930 SRS_SR830 query : 'ISRC?' 
2023-06-07 11:37:44.656022 SRS_SR830 resp  : '1' 
2023-06-07 11:37:44.657022 SRS_SR830 query : 'OUTP? 2' 
2023-06-07 11:37:44.714837 SRS_SR830 resp  : '7.62197e-006' 
2023-06-07 11:37:44.715860 SRS_SR830 query : 'SENS?' 
2023-06-07 11:37:44.754711 SRS_SR830 resp  : '15' 
2023-06-07 11:37:44.755718 SRS_SR830 query : 'ISRC?' 
2023-06-07 11:37:44.792690 SRS_SR830 resp  : '1' 
2023-06-07 11:37:44.867513 KEPCO BOP 50-8D write : 'CURR 1.0860' 
2023-06-07 11:37:45.883262 SRS_SR830 query : 'OUTP? 1' 
2023-06-07 11:37:45.944524 SRS_SR830 resp  : '-9.99129e-006' 
2023-06-07 11:37:45.945518 SRS_SR830 query : 'SENS?' 
2023-06-07 11:37:45.983252 SRS_SR830 resp  : '15' 
2023-06-07 11:37:45.984213 SRS_SR830 query : 'ISRC?' 
2023-06-07 11:37:46.020366 SRS_SR830 resp  : '1' 
2023-06-07 11:37:46.021363 SRS_SR830 query : 'OUTP? 2' 
2023-06-07 11:37:46.085935 SRS_SR830 resp  : '9.87208e-006' 
2023-06-07 11:37:46.086931 SRS_SR830 query : 'SENS?' 
2023-06-07 11:37:46.125306 SRS_SR830 resp  : '15' 
2023-06-07 11:37:46.126296 SRS_SR830 query : 'ISRC?' 
2023-06-07 11:37:46.163069 SRS_SR830 resp  : '1' 
2023-06-07 11:37:46.236906 KEPCO BOP 50-8D write : 'CURR 1.1012' 
2023-06-07 11:37:47.246254 SRS_SR830 query : 'OUTP? 1' 
2023-06-07 11:37:47.307272 SRS_SR830 resp  : '-1.03862e-005' 
2023-06-07 11:37:47.308268 SRS_SR830 query : 'SENS?' 
2023-06-07 11:37:47.346662 SRS_SR830 resp  : '15' 
2023-06-07 11:37:47.347659 SRS_SR830 query : 'ISRC?' 
2023-06-07 11:37:47.384349 SRS_SR830 resp  : '1' 
2023-06-07 11:37:47.385343 SRS_SR830 query : 'OUTP? 2' 
2023-06-07 11:37:47.445890 SRS_SR830 resp  : '-2.75673e-007' 
2023-06-07 11:37:47.446897 SRS_SR830 query : 'SENS?' 
2023-06-07 11:37:47.484309 SRS_SR830 resp  : '15' 
2023-06-07 11:37:47.485306 SRS_SR830 query : 'ISRC?' 
2023-06-07 11:37:47.521554 SRS_SR830 resp  : '1' 
2023-06-07 11:37:47.576401 KEPCO BOP 50-8D write : 'CURR 1.1165' 
2023-06-07 11:37:48.590611 SRS_SR830 query : 'OUTP? 1' 
2023-06-07 11:37:48.650844 SRS_SR830 resp  : '-3.56884e-006' 
2023-06-07 11:37:48.651840 SRS_SR830 query : 'SENS?' 
2023-06-07 11:37:48.688746 SRS_SR830 resp  : '15' 
2023-06-07 11:37:48.689742 SRS_SR830 query : 'ISRC?' 
2023-06-07 11:37:48.726026 SRS_SR830 resp  : '1' 
2023-06-07 11:37:48.727027 SRS_SR830 query : 'OUTP? 2' 
2023-06-07 11:37:48.784979 SRS_SR830 resp  : '1.61678e-006' 
2023-06-07 11:37:48.785983 SRS_SR830 query : 'SENS?' 
2023-06-07 11:37:48.824489 SRS_SR830 resp  : '15' 
2023-06-07 11:37:48.826482 SRS_SR830 query : 'ISRC?' 
2023-06-07 11:37:48.862294 SRS_SR830 resp  : '1' 
2023-06-07 11:37:48.935133 KEPCO BOP 50-8D write : 'CURR 1.1318' 
2023-06-07 11:37:49.949638 SRS_SR830 query : 'OUTP? 1' 
2023-06-07 11:37:50.009626 SRS_SR830 resp  : '-9.27603e-006' 
2023-06-07 11:37:50.010619 SRS_SR830 query : 'SENS?' 
2023-06-07 11:37:50.048813 SRS_SR830 resp  : '15' 
2023-06-07 11:37:50.049808 SRS_SR830 query : 'ISRC?' 
2023-06-07 11:37:50.086524 SRS_SR830 resp  : '1' 
2023-06-07 11:37:50.088527 SRS_SR830 query : 'OUTP? 2' 
2023-06-07 11:37:50.146151 SRS_SR830 resp  : '8.39686e-006' 
2023-06-07 11:37:50.147147 SRS_SR830 query : 'SENS?' 
2023-06-07 11:37:50.186216 SRS_SR830 resp  : '15' 
2023-06-07 11:37:50.187215 SRS_SR830 query : 'ISRC?' 
2023-06-07 11:37:50.223056 SRS_SR830 resp  : '1' 
2023-06-07 11:37:50.308844 KEPCO BOP 50-8D write : 'CURR 1.1470' 
2023-06-07 11:37:51.324902 SRS_SR830 query : 'OUTP? 1' 
2023-06-07 11:37:51.383397 SRS_SR830 resp  : '-1.16155e-005' 
2023-06-07 11:37:51.384396 SRS_SR830 query : 'SENS?' 
2023-06-07 11:37:51.422143 SRS_SR830 resp  : '15' 
2023-06-07 11:37:51.423137 SRS_SR830 query : 'ISRC?' 
2023-06-07 11:37:51.458585 SRS_SR830 resp  : '1' 
2023-06-07 11:37:51.459589 SRS_SR830 query : 'OUTP? 2' 
2023-06-07 11:37:51.515775 SRS_SR830 resp  : '7.6518e-006' 
2023-06-07 11:37:51.517768 SRS_SR830 query : 'SENS?' 
2023-06-07 11:37:51.555545 SRS_SR830 resp  : '15' 
2023-06-07 11:37:51.556546 SRS_SR830 query : 'ISRC?' 
2023-06-07 11:37:51.591360 SRS_SR830 resp  : '1' 
2023-06-07 11:37:51.651202 KEPCO BOP 50-8D write : 'CURR 1.1623' 
2023-06-07 11:37:52.657844 SRS_SR830 query : 'OUTP? 1' 
2023-06-07 11:37:52.716227 SRS_SR830 resp  : '-7.02593e-006' 
2023-06-07 11:37:52.716227 SRS_SR830 query : 'SENS?' 
2023-06-07 11:37:52.753684 SRS_SR830 resp  : '15' 
2023-06-07 11:37:52.754679 SRS_SR830 query : 'ISRC?' 
2023-06-07 11:37:52.791047 SRS_SR830 resp  : '1' 
2023-06-07 11:37:52.792044 SRS_SR830 query : 'OUTP? 2' 
2023-06-07 11:37:52.851331 SRS_SR830 resp  : '-6.93652e-006' 
2023-06-07 11:37:52.853037 SRS_SR830 query : 'SENS?' 
2023-06-07 11:37:52.889174 SRS_SR830 resp  : '15' 
2023-06-07 11:37:52.890180 SRS_SR830 query : 'ISRC?' 
2023-06-07 11:37:52.926939 SRS_SR830 resp  : '1' 
2023-06-07 11:37:53.042377 KEPCO BOP 50-8D write : 'CURR 1.1775' 
2023-06-07 11:37:54.050516 SRS_SR830 query : 'OUTP? 1' 
2023-06-07 11:37:54.109786 SRS_SR830 resp  : '-9.83484e-007' 
2023-06-07 11:37:54.109786 SRS_SR830 query : 'SENS?' 
2023-06-07 11:37:54.146616 SRS_SR830 resp  : '15' 
2023-06-07 11:37:54.146616 SRS_SR830 query : 'ISRC?' 
2023-06-07 11:37:54.182507 SRS_SR830 resp  : '1' 
2023-06-07 11:37:54.182507 SRS_SR830 query : 'OUTP? 2' 
2023-06-07 11:37:54.240961 SRS_SR830 resp  : '4.25431e-006' 
2023-06-07 11:37:54.241967 SRS_SR830 query : 'SENS?' 
2023-06-07 11:37:54.279355 SRS_SR830 resp  : '15' 
2023-06-07 11:37:54.279355 SRS_SR830 query : 'ISRC?' 
2023-06-07 11:37:54.314963 SRS_SR830 resp  : '1' 
2023-06-07 11:37:54.372812 KEPCO BOP 50-8D write : 'CURR 1.1928' 
2023-06-07 11:37:55.374940 SRS_SR830 query : 'OUTP? 1' 
2023-06-07 11:37:55.435056 SRS_SR830 resp  : '-2.93554e-006' 
2023-06-07 11:37:55.435056 SRS_SR830 query : 'SENS?' 
2023-06-07 11:37:55.472579 SRS_SR830 resp  : '15' 
2023-06-07 11:37:55.473576 SRS_SR830 query : 'ISRC?' 
2023-06-07 11:37:55.508833 SRS_SR830 resp  : '1' 
2023-06-07 11:37:55.510835 SRS_SR830 query : 'OUTP? 2' 
2023-06-07 11:37:55.568498 SRS_SR830 resp  : '2.07128e-006' 
2023-06-07 11:37:55.568498 SRS_SR830 query : 'SENS?' 
2023-06-07 11:37:55.604985 SRS_SR830 resp  : '15' 
2023-06-07 11:37:55.604985 SRS_SR830 query : 'ISRC?' 
2023-06-07 11:37:55.641172 SRS_SR830 resp  : '1' 
2023-06-07 11:37:55.698051 KEPCO BOP 50-8D write : 'CURR 1.2080' 
2023-06-07 11:37:56.702323 SRS_SR830 query : 'OUTP? 1' 
2023-06-07 11:37:56.760017 SRS_SR830 resp  : '-7.2718e-006' 
2023-06-07 11:37:56.761020 SRS_SR830 query : 'SENS?' 
2023-06-07 11:37:56.799791 SRS_SR830 resp  : '15' 
2023-06-07 11:37:56.799791 SRS_SR830 query : 'ISRC?' 
2023-06-07 11:37:56.833677 SRS_SR830 resp  : '1' 
2023-06-07 11:37:56.833677 SRS_SR830 query : 'OUTP? 2' 
2023-06-07 11:37:56.886991 SRS_SR830 resp  : '1.69129e-006' 
2023-06-07 11:37:56.886991 SRS_SR830 query : 'SENS?' 
2023-06-07 11:37:56.933444 SRS_SR830 resp  : '15' 
2023-06-07 11:37:56.933444 SRS_SR830 query : 'ISRC?' 
2023-06-07 11:37:56.968737 SRS_SR830 resp  : '1' 
2023-06-07 11:37:57.036726 KEPCO BOP 50-8D write : 'CURR 1.2233' 
2023-06-07 11:37:58.049138 SRS_SR830 query : 'OUTP? 1' 
2023-06-07 11:37:58.103955 SRS_SR830 resp  : '-3.48689e-006' 
2023-06-07 11:37:58.103955 SRS_SR830 query : 'SENS?' 
2023-06-07 11:37:58.147702 SRS_SR830 resp  : '15' 
2023-06-07 11:37:58.148705 SRS_SR830 query : 'ISRC?' 
2023-06-07 11:37:58.184845 SRS_SR830 resp  : '1' 
2023-06-07 11:37:58.185853 SRS_SR830 query : 'OUTP? 2' 
2023-06-07 11:37:58.243064 SRS_SR830 resp  : '4.28411e-006' 
2023-06-07 11:37:58.244101 SRS_SR830 query : 'SENS?' 
2023-06-07 11:37:58.281911 SRS_SR830 resp  : '15' 
2023-06-07 11:37:58.281911 SRS_SR830 query : 'ISRC?' 
2023-06-07 11:37:58.318892 SRS_SR830 resp  : '1' 
2023-06-07 11:37:58.364654 KEPCO BOP 50-8D write : 'CURR 1.2385' 
2023-06-07 11:37:59.377336 SRS_SR830 query : 'OUTP? 1' 
2023-06-07 11:37:59.436482 SRS_SR830 resp  : '-1.42456e-005' 
2023-06-07 11:37:59.437486 SRS_SR830 query : 'SENS?' 
2023-06-07 11:37:59.474798 SRS_SR830 resp  : '15' 
2023-06-07 11:37:59.475803 SRS_SR830 query : 'ISRC?' 
2023-06-07 11:37:59.512295 SRS_SR830 resp  : '1' 
2023-06-07 11:37:59.513300 SRS_SR830 query : 'OUTP? 2' 
2023-06-07 11:37:59.572111 SRS_SR830 resp  : '1.05948e-005' 
2023-06-07 11:37:59.573108 SRS_SR830 query : 'SENS?' 
2023-06-07 11:37:59.611449 SRS_SR830 resp  : '15' 
2023-06-07 11:37:59.612408 SRS_SR830 query : 'ISRC?' 
2023-06-07 11:37:59.646211 SRS_SR830 resp  : '1' 
2023-06-07 11:37:59.747617 KEPCO BOP 50-8D write : 'CURR 1.2538' 
2023-06-07 11:38:00.758287 SRS_SR830 query : 'OUTP? 1' 
2023-06-07 11:38:00.817062 SRS_SR830 resp  : '-6.6385e-006' 
2023-06-07 11:38:00.817062 SRS_SR830 query : 'SENS?' 
2023-06-07 11:38:00.854842 SRS_SR830 resp  : '15' 
2023-06-07 11:38:00.854842 SRS_SR830 query : 'ISRC?' 
2023-06-07 11:38:00.890810 SRS_SR830 resp  : '1' 
2023-06-07 11:38:00.891811 SRS_SR830 query : 'OUTP? 2' 
2023-06-07 11:38:00.950629 SRS_SR830 resp  : '-1.00584e-006' 
2023-06-07 11:38:00.951596 SRS_SR830 query : 'SENS?' 
2023-06-07 11:38:00.988968 SRS_SR830 resp  : '15' 
2023-06-07 11:38:00.990020 SRS_SR830 query : 'ISRC?' 
2023-06-07 11:38:01.025273 SRS_SR830 resp  : '1' 
2023-06-07 11:38:01.095085 KEPCO BOP 50-8D write : 'CURR 1.2690' 
2023-06-07 11:38:02.098184 SRS_SR830 query : 'OUTP? 1' 
2023-06-07 11:38:02.156222 SRS_SR830 resp  : '1.69874e-006' 
2023-06-07 11:38:02.157220 SRS_SR830 query : 'SENS?' 
2023-06-07 11:38:02.195000 SRS_SR830 resp  : '15' 
2023-06-07 11:38:02.196006 SRS_SR830 query : 'ISRC?' 
2023-06-07 11:38:02.231767 SRS_SR830 resp  : '1' 
2023-06-07 11:38:02.232771 SRS_SR830 query : 'OUTP? 2' 
2023-06-07 11:38:02.289467 SRS_SR830 resp  : '1.58698e-006' 
2023-06-07 11:38:02.290469 SRS_SR830 query : 'SENS?' 
2023-06-07 11:38:02.327748 SRS_SR830 resp  : '15' 
2023-06-07 11:38:02.328743 SRS_SR830 query : 'ISRC?' 
2023-06-07 11:38:02.362289 SRS_SR830 resp  : '1' 
2023-06-07 11:38:02.438425 KEPCO BOP 50-8D write : 'CURR 1.2843' 
2023-06-07 11:38:03.442567 SRS_SR830 query : 'OUTP? 1' 
2023-06-07 11:38:03.499040 SRS_SR830 resp  : '2.30969e-007' 
2023-06-07 11:38:03.499040 SRS_SR830 query : 'SENS?' 
2023-06-07 11:38:03.539427 SRS_SR830 resp  : '15' 
2023-06-07 11:38:03.540423 SRS_SR830 query : 'ISRC?' 
2023-06-07 11:38:03.576470 SRS_SR830 resp  : '1' 
2023-06-07 11:38:03.577420 SRS_SR830 query : 'OUTP? 2' 
2023-06-07 11:38:03.634114 SRS_SR830 resp  : '6.39263e-006' 
2023-06-07 11:38:03.634800 SRS_SR830 query : 'SENS?' 
2023-06-07 11:38:03.671681 SRS_SR830 resp  : '15' 
2023-06-07 11:38:03.672787 SRS_SR830 query : 'ISRC?' 
2023-06-07 11:38:03.710655 SRS_SR830 resp  : '1' 
2023-06-07 11:38:03.795327 KEPCO BOP 50-8D write : 'CURR 1.2995' 
2023-06-07 11:38:04.806803 SRS_SR830 query : 'OUTP? 1' 
2023-06-07 11:38:04.866577 SRS_SR830 resp  : '-5.49856e-006' 
2023-06-07 11:38:04.868579 SRS_SR830 query : 'SENS?' 
2023-06-07 11:38:04.906819 SRS_SR830 resp  : '15' 
2023-06-07 11:38:04.906819 SRS_SR830 query : 'ISRC?' 
2023-06-07 11:38:04.936963 SRS_SR830 resp  : '1' 
2023-06-07 11:38:04.936963 SRS_SR830 query : 'OUTP? 2' 
2023-06-07 11:38:04.996965 SRS_SR830 resp  : '5.49111e-006' 
2023-06-07 11:38:04.996965 SRS_SR830 query : 'SENS?' 
2023-06-07 11:38:05.037202 SRS_SR830 resp  : '15' 
2023-06-07 11:38:05.037202 SRS_SR830 query : 'ISRC?' 
2023-06-07 11:38:05.078102 SRS_SR830 resp  : '1' 
2023-06-07 11:38:05.127701 KEPCO BOP 50-8D write : 'CURR 1.3148' 
2023-06-07 11:38:06.137146 SRS_SR830 query : 'OUTP? 1' 
2023-06-07 11:38:06.194826 SRS_SR830 resp  : '4.06805e-006' 
2023-06-07 11:38:06.194826 SRS_SR830 query : 'SENS?' 
2023-06-07 11:38:06.225007 SRS_SR830 resp  : '15' 
2023-06-07 11:38:06.225007 SRS_SR830 query : 'ISRC?' 
2023-06-07 11:38:06.266650 SRS_SR830 resp  : '1' 
2023-06-07 11:38:06.267635 SRS_SR830 query : 'OUTP? 2' 
2023-06-07 11:38:06.323897 SRS_SR830 resp  : '5.45385e-006' 
2023-06-07 11:38:06.323897 SRS_SR830 query : 'SENS?' 
2023-06-07 11:38:06.360790 SRS_SR830 resp  : '15' 
2023-06-07 11:38:06.360790 SRS_SR830 query : 'ISRC?' 
2023-06-07 11:38:06.395699 SRS_SR830 resp  : '1' 
2023-06-07 11:38:06.459527 KEPCO BOP 50-8D write : 'CURR 1.3300' 
2023-06-07 11:38:07.465371 SRS_SR830 query : 'OUTP? 1' 
2023-06-07 11:38:07.523639 SRS_SR830 resp  : '-3.88178e-006' 
2023-06-07 11:38:07.523639 SRS_SR830 query : 'SENS?' 
2023-06-07 11:38:07.561538 SRS_SR830 resp  : '15' 
2023-06-07 11:38:07.562541 SRS_SR830 query : 'ISRC?' 
2023-06-07 11:38:07.597498 SRS_SR830 resp  : '1' 
2023-06-07 11:38:07.598544 SRS_SR830 query : 'OUTP? 2' 
2023-06-07 11:38:07.656342 SRS_SR830 resp  : '5.55816e-006' 
2023-06-07 11:38:07.657338 SRS_SR830 query : 'SENS?' 
2023-06-07 11:38:07.694829 SRS_SR830 resp  : '15' 
2023-06-07 11:38:07.694829 SRS_SR830 query : 'ISRC?' 
2023-06-07 11:38:07.730356 SRS_SR830 resp  : '1' 
2023-06-07 11:38:07.815165 KEPCO BOP 50-8D write : 'CURR 1.3453' 
2023-06-07 11:38:08.822252 SRS_SR830 query : 'OUTP? 1' 
2023-06-07 11:38:08.874245 SRS_SR830 resp  : '-8.16589e-006' 
2023-06-07 11:38:08.874245 SRS_SR830 query : 'SENS?' 
2023-06-07 11:38:08.914618 SRS_SR830 resp  : '15' 
2023-06-07 11:38:08.914618 SRS_SR830 query : 'ISRC?' 
2023-06-07 11:38:08.957137 SRS_SR830 resp  : '1' 
2023-06-07 11:38:08.958091 SRS_SR830 query : 'OUTP? 2' 
2023-06-07 11:38:09.008695 SRS_SR830 resp  : '2.77908e-006' 
2023-06-07 11:38:09.008695 SRS_SR830 query : 'SENS?' 
2023-06-07 11:38:09.054749 SRS_SR830 resp  : '15' 
2023-06-07 11:38:09.055747 SRS_SR830 query : 'ISRC?' 
2023-06-07 11:38:09.084832 SRS_SR830 resp  : '1' 
2023-06-07 11:38:09.160936 KEPCO BOP 50-8D write : 'CURR 0.0000' 
