SpinLab Experiment Logfile2023-6-6_22-55-49
2023-06-06 17:55:49.085151 OPEN_ : '' 
2023-06-06 17:55:49.209653 GPIB0::15::INSTR OPEN_ : '' 
2023-06-06 17:55:49.235126 GPIB0::6::INSTR OPEN_ : '' 
2023-06-06 17:55:49.237121 KEPCO BOP 50-8D write : '*CLS' 
2023-06-06 17:55:49.238544 KEPCO BOP 50-8D write : '*RST' 
2023-06-06 17:55:49.240406 KEPCO BOP 50-8D write : 'OUTPUT ON' 
2023-06-06 17:55:49.242789 KEPCO BOP 50-8D write : 'FUNC:MODE CURR' 
2023-06-06 17:55:49.244821 KEPCO BOP 50-8D write : 'VOLT 20.0000' 
2023-06-06 17:55:49.253763 KEPCO BOP 50-8D write : 'CURR 0.0000' 
2023-06-06 17:55:49.272817 ASRL4::INSTR OPEN_ : '' 
2023-06-06 17:55:49.273789 SRS_SR830 write : 'OUTX 0' 
2023-06-06 17:55:49.273789 SRS_SR830 write : 'OVRM 1' 
2023-06-06 17:55:49.274787 KEPCO BOP 50-8D query : 'MEAS:CURR?' 
2023-06-06 17:55:49.305731 KEPCO BOP 50-8D resp  : '1.08959E0' 
2023-06-06 17:55:49.306760 KEPCO BOP 50-8D query : 'MEAS:VOLT?' 
2023-06-06 17:55:49.337657 KEPCO BOP 50-8D resp  : '4.56341E1' 
2023-06-06 17:55:49.338652 KEPCO BOP 50-8D query : 'FUNC:MODE?' 
2023-06-06 17:55:49.344635 KEPCO BOP 50-8D resp  : '1' 
2023-06-06 17:55:49.344635 HP 8673G CW Gen query : 'OK' 
2023-06-06 17:55:49.432662 HP 8673G CW Gen resp  : 'FR03000000000HZ' 
2023-06-06 17:55:49.434684 HP 8673G CW Gen query : 'LE OA' 
2023-06-06 17:55:49.444880 HP 8673G CW Gen resp  : 'LE-70.0DM' 
2023-06-06 17:55:49.445929 SRS_SR830 query : 'SENS?' 
2023-06-06 17:55:49.484934 SRS_SR830 resp  : '0' 
2023-06-06 17:55:49.485925 SRS_SR830 query : 'ISRC?' 
2023-06-06 17:55:49.521907 SRS_SR830 resp  : '1' 
2023-06-06 17:55:49.522906 SRS_SR830 query : 'OFLT?' 
2023-06-06 17:55:49.558137 SRS_SR830 resp  : '9' 
2023-06-06 17:55:50.825242 HP 8673G CW Gen write : 'LE -3 DB' 
2023-06-06 17:55:50.831226 HP 8673G CW Gen query : 'MG' 
2023-06-06 17:55:50.841199 HP 8673G CW Gen resp  : '00' 
2023-06-06 17:55:54.062380 HP 8673G CW Gen write : 'FR 3.0 GZ' 
2023-06-06 17:55:54.069360 HP 8673G CW Gen query : 'MG' 
2023-06-06 17:55:54.077340 HP 8673G CW Gen resp  : '00' 
2023-06-06 17:55:54.172928 KEPCO BOP 50-8D write : 'CURR 0.0448' 
2023-06-06 17:55:54.676202 SRS_SR830 query : 'OUTP? 1' 
2023-06-06 17:55:54.735907 SRS_SR830 resp  : '-2.18439e-009' 
2023-06-06 17:55:54.735907 SRS_SR830 query : 'SENS?' 
2023-06-06 17:55:54.772222 SRS_SR830 resp  : '0' 
2023-06-06 17:55:54.773223 SRS_SR830 query : 'ISRC?' 
2023-06-06 17:55:54.808007 SRS_SR830 resp  : '1' 
2023-06-06 17:55:54.808957 SRS_SR830 query : 'OUTP? 2' 
2023-06-06 17:55:54.867934 SRS_SR830 resp  : '-2.18439e-009' 
2023-06-06 17:55:54.868954 SRS_SR830 query : 'SENS?' 
2023-06-06 17:55:54.905237 SRS_SR830 resp  : '0' 
2023-06-06 17:55:54.906283 SRS_SR830 query : 'ISRC?' 
2023-06-06 17:55:54.942271 SRS_SR830 resp  : '1' 
2023-06-06 17:55:55.098322 KEPCO BOP 50-8D write : 'CURR 0.0474' 
2023-06-06 17:55:55.605398 SRS_SR830 query : 'OUTP? 1' 
2023-06-06 17:55:55.665036 SRS_SR830 resp  : '-2.18439e-009' 
2023-06-06 17:55:55.666041 SRS_SR830 query : 'SENS?' 
2023-06-06 17:55:55.701774 SRS_SR830 resp  : '0' 
2023-06-06 17:55:55.701774 SRS_SR830 query : 'ISRC?' 
2023-06-06 17:55:55.741620 SRS_SR830 resp  : '1' 
2023-06-06 17:55:55.742568 SRS_SR830 query : 'OUTP? 2' 
2023-06-06 17:55:55.801144 SRS_SR830 resp  : '-2.18439e-009' 
2023-06-06 17:55:55.802281 SRS_SR830 query : 'SENS?' 
2023-06-06 17:55:55.840161 SRS_SR830 resp  : '0' 
2023-06-06 17:55:55.841207 SRS_SR830 query : 'ISRC?' 
2023-06-06 17:55:55.877929 SRS_SR830 resp  : '1' 
2023-06-06 17:55:55.959440 KEPCO BOP 50-8D write : 'CURR 0.0500' 
2023-06-06 17:55:56.465059 SRS_SR830 query : 'OUTP? 1' 
2023-06-06 17:55:56.521512 SRS_SR830 resp  : '-2.18439e-009' 
2023-06-06 17:55:56.525867 SRS_SR830 query : 'SENS?' 
2023-06-06 17:55:56.562453 SRS_SR830 resp  : '0' 
2023-06-06 17:55:56.563455 SRS_SR830 query : 'ISRC?' 
2023-06-06 17:55:56.599297 SRS_SR830 resp  : '1' 
2023-06-06 17:55:56.600292 SRS_SR830 query : 'OUTP? 2' 
2023-06-06 17:55:56.658739 SRS_SR830 resp  : '-2.18439e-009' 
2023-06-06 17:55:56.659738 SRS_SR830 query : 'SENS?' 
2023-06-06 17:55:56.695632 SRS_SR830 resp  : '0' 
2023-06-06 17:55:56.695632 SRS_SR830 query : 'ISRC?' 
2023-06-06 17:55:56.730763 SRS_SR830 resp  : '1' 
2023-06-06 17:55:56.793710 KEPCO BOP 50-8D write : 'CURR 0.0525' 
2023-06-06 17:55:57.307568 SRS_SR830 query : 'OUTP? 1' 
2023-06-06 17:55:57.366457 SRS_SR830 resp  : '-2.18439e-009' 
2023-06-06 17:55:57.366457 SRS_SR830 query : 'SENS?' 
2023-06-06 17:55:57.403709 SRS_SR830 resp  : '0' 
2023-06-06 17:55:57.403709 SRS_SR830 query : 'ISRC?' 
2023-06-06 17:55:57.440221 SRS_SR830 resp  : '1' 
2023-06-06 17:55:57.441219 SRS_SR830 query : 'OUTP? 2' 
2023-06-06 17:55:57.500453 SRS_SR830 resp  : '-2.18439e-009' 
2023-06-06 17:55:57.500453 SRS_SR830 query : 'SENS?' 
2023-06-06 17:55:57.536114 SRS_SR830 resp  : '0' 
2023-06-06 17:55:57.537112 SRS_SR830 query : 'ISRC?' 
2023-06-06 17:55:57.572089 SRS_SR830 resp  : '1' 
2023-06-06 17:55:57.659839 KEPCO BOP 50-8D write : 'CURR 0.0551' 
2023-06-06 17:55:58.164664 SRS_SR830 query : 'OUTP? 1' 
2023-06-06 17:55:58.223540 SRS_SR830 resp  : '-2.18439e-009' 
2023-06-06 17:55:58.224534 SRS_SR830 query : 'SENS?' 
2023-06-06 17:55:58.259384 SRS_SR830 resp  : '0' 
2023-06-06 17:55:58.259384 SRS_SR830 query : 'ISRC?' 
2023-06-06 17:55:58.298779 SRS_SR830 resp  : '1' 
2023-06-06 17:55:58.299735 SRS_SR830 query : 'OUTP? 2' 
2023-06-06 17:55:58.357323 SRS_SR830 resp  : '-2.18439e-009' 
2023-06-06 17:55:58.357323 SRS_SR830 query : 'SENS?' 
2023-06-06 17:55:58.394313 SRS_SR830 resp  : '0' 
2023-06-06 17:55:58.394313 SRS_SR830 query : 'ISRC?' 
2023-06-06 17:55:58.427808 SRS_SR830 resp  : '1' 
2023-06-06 17:55:58.510528 KEPCO BOP 50-8D write : 'CURR 0.0577' 
2023-06-06 17:55:59.015684 SRS_SR830 query : 'OUTP? 1' 
2023-06-06 17:55:59.074847 SRS_SR830 resp  : '-2.18439e-009' 
2023-06-06 17:55:59.075893 SRS_SR830 query : 'SENS?' 
2023-06-06 17:55:59.113176 SRS_SR830 resp  : '0' 
2023-06-06 17:55:59.113176 SRS_SR830 query : 'ISRC?' 
2023-06-06 17:55:59.149649 SRS_SR830 resp  : '1' 
2023-06-06 17:55:59.150646 SRS_SR830 query : 'OUTP? 2' 
2023-06-06 17:55:59.208255 SRS_SR830 resp  : '-2.18439e-009' 
2023-06-06 17:55:59.209269 SRS_SR830 query : 'SENS?' 
2023-06-06 17:55:59.245961 SRS_SR830 resp  : '0' 
2023-06-06 17:55:59.246965 SRS_SR830 query : 'ISRC?' 
2023-06-06 17:55:59.281983 SRS_SR830 resp  : '1' 
2023-06-06 17:55:59.356133 KEPCO BOP 50-8D write : 'CURR 0.0602' 
2023-06-06 17:55:59.870751 SRS_SR830 query : 'OUTP? 1' 
2023-06-06 17:55:59.930075 SRS_SR830 resp  : '-2.18439e-009' 
2023-06-06 17:55:59.930075 SRS_SR830 query : 'SENS?' 
2023-06-06 17:55:59.966353 SRS_SR830 resp  : '0' 
2023-06-06 17:55:59.966353 SRS_SR830 query : 'ISRC?' 
2023-06-06 17:56:00.000174 SRS_SR830 resp  : '1' 
2023-06-06 17:56:00.003769 SRS_SR830 query : 'OUTP? 2' 
2023-06-06 17:56:00.061710 SRS_SR830 resp  : '-2.18439e-009' 
2023-06-06 17:56:00.062156 SRS_SR830 query : 'SENS?' 
2023-06-06 17:56:00.098645 SRS_SR830 resp  : '0' 
2023-06-06 17:56:00.099649 SRS_SR830 query : 'ISRC?' 
2023-06-06 17:56:00.133822 SRS_SR830 resp  : '1' 
2023-06-06 17:56:00.201518 KEPCO BOP 50-8D write : 'CURR 0.0628' 
2023-06-06 17:56:00.706002 SRS_SR830 query : 'OUTP? 1' 
2023-06-06 17:56:00.764845 SRS_SR830 resp  : '-2.18439e-009' 
2023-06-06 17:56:00.765851 SRS_SR830 query : 'SENS?' 
2023-06-06 17:56:00.802772 SRS_SR830 resp  : '0' 
2023-06-06 17:56:00.802772 SRS_SR830 query : 'ISRC?' 
2023-06-06 17:56:00.841296 SRS_SR830 resp  : '1' 
2023-06-06 17:56:00.842248 SRS_SR830 query : 'OUTP? 2' 
2023-06-06 17:56:00.901521 SRS_SR830 resp  : '-2.18439e-009' 
2023-06-06 17:56:00.902622 SRS_SR830 query : 'SENS?' 
2023-06-06 17:56:00.939259 SRS_SR830 resp  : '0' 
2023-06-06 17:56:00.940258 SRS_SR830 query : 'ISRC?' 
2023-06-06 17:56:00.977108 SRS_SR830 resp  : '1' 
2023-06-06 17:56:01.047984 KEPCO BOP 50-8D write : 'CURR 0.0654' 
2023-06-06 17:56:01.558062 SRS_SR830 query : 'OUTP? 1' 
2023-06-06 17:56:01.617772 SRS_SR830 resp  : '-2.18439e-009' 
2023-06-06 17:56:01.619774 SRS_SR830 query : 'SENS?' 
2023-06-06 17:56:01.656196 SRS_SR830 resp  : '0' 
2023-06-06 17:56:01.656196 SRS_SR830 query : 'ISRC?' 
2023-06-06 17:56:01.691637 SRS_SR830 resp  : '1' 
2023-06-06 17:56:01.691637 SRS_SR830 query : 'OUTP? 2' 
2023-06-06 17:56:01.750880 SRS_SR830 resp  : '-2.18439e-009' 
2023-06-06 17:56:01.751876 SRS_SR830 query : 'SENS?' 
2023-06-06 17:56:01.787368 SRS_SR830 resp  : '0' 
2023-06-06 17:56:01.787368 SRS_SR830 query : 'ISRC?' 
2023-06-06 17:56:01.823061 SRS_SR830 resp  : '1' 
2023-06-06 17:56:01.869083 KEPCO BOP 50-8D write : 'CURR 0.0679' 
2023-06-06 17:56:02.384540 SRS_SR830 query : 'OUTP? 1' 
2023-06-06 17:56:02.440982 SRS_SR830 resp  : '-2.18439e-009' 
2023-06-06 17:56:02.445869 SRS_SR830 query : 'SENS?' 
2023-06-06 17:56:02.481942 SRS_SR830 resp  : '0' 
2023-06-06 17:56:02.482949 SRS_SR830 query : 'ISRC?' 
2023-06-06 17:56:02.519172 SRS_SR830 resp  : '1' 
2023-06-06 17:56:02.521175 SRS_SR830 query : 'OUTP? 2' 
2023-06-06 17:56:02.579363 SRS_SR830 resp  : '-2.18439e-009' 
2023-06-06 17:56:02.580407 SRS_SR830 query : 'SENS?' 
2023-06-06 17:56:02.617431 SRS_SR830 resp  : '0' 
2023-06-06 17:56:02.619434 SRS_SR830 query : 'ISRC?' 
2023-06-06 17:56:02.654443 SRS_SR830 resp  : '1' 
2023-06-06 17:56:02.716538 KEPCO BOP 50-8D write : 'CURR 0.0705' 
2023-06-06 17:56:03.230536 SRS_SR830 query : 'OUTP? 1' 
2023-06-06 17:56:03.291165 SRS_SR830 resp  : '-2.18439e-009' 
2023-06-06 17:56:03.292160 SRS_SR830 query : 'SENS?' 
2023-06-06 17:56:03.327667 SRS_SR830 resp  : '0' 
2023-06-06 17:56:03.327667 SRS_SR830 query : 'ISRC?' 
2023-06-06 17:56:03.366855 SRS_SR830 resp  : '1' 
2023-06-06 17:56:03.367851 SRS_SR830 query : 'OUTP? 2' 
2023-06-06 17:56:03.426550 SRS_SR830 resp  : '-2.18439e-009' 
2023-06-06 17:56:03.427546 SRS_SR830 query : 'SENS?' 
2023-06-06 17:56:03.461272 SRS_SR830 resp  : '0' 
2023-06-06 17:56:03.461272 SRS_SR830 query : 'ISRC?' 
2023-06-06 17:56:03.501912 SRS_SR830 resp  : '1' 
2023-06-06 17:56:03.579467 KEPCO BOP 50-8D write : 'CURR 0.0731' 
2023-06-06 17:56:04.084208 SRS_SR830 query : 'OUTP? 1' 
2023-06-06 17:56:04.143771 SRS_SR830 resp  : '-2.18439e-009' 
2023-06-06 17:56:04.145773 SRS_SR830 query : 'SENS?' 
2023-06-06 17:56:04.180694 SRS_SR830 resp  : '0' 
2023-06-06 17:56:04.180694 SRS_SR830 query : 'ISRC?' 
2023-06-06 17:56:04.214367 SRS_SR830 resp  : '1' 
2023-06-06 17:56:04.214367 SRS_SR830 query : 'OUTP? 2' 
2023-06-06 17:56:04.274884 SRS_SR830 resp  : '-2.18439e-009' 
2023-06-06 17:56:04.275889 SRS_SR830 query : 'SENS?' 
2023-06-06 17:56:04.313047 SRS_SR830 resp  : '0' 
2023-06-06 17:56:04.314042 SRS_SR830 query : 'ISRC?' 
2023-06-06 17:56:04.350402 SRS_SR830 resp  : '1' 
2023-06-06 17:56:04.401130 KEPCO BOP 50-8D write : 'CURR 0.0756' 
2023-06-06 17:56:04.903742 SRS_SR830 query : 'OUTP? 1' 
2023-06-06 17:56:04.962215 SRS_SR830 resp  : '-2.18439e-009' 
2023-06-06 17:56:04.964217 SRS_SR830 query : 'SENS?' 
2023-06-06 17:56:05.000655 SRS_SR830 resp  : '0' 
2023-06-06 17:56:05.000655 SRS_SR830 query : 'ISRC?' 
2023-06-06 17:56:05.038112 SRS_SR830 resp  : '1' 
2023-06-06 17:56:05.039119 SRS_SR830 query : 'OUTP? 2' 
2023-06-06 17:56:05.097027 SRS_SR830 resp  : '-2.18439e-009' 
2023-06-06 17:56:05.099030 SRS_SR830 query : 'SENS?' 
2023-06-06 17:56:05.134256 SRS_SR830 resp  : '0' 
2023-06-06 17:56:05.134256 SRS_SR830 query : 'ISRC?' 
2023-06-06 17:56:05.172700 SRS_SR830 resp  : '1' 
2023-06-06 17:56:05.249964 KEPCO BOP 50-8D write : 'CURR 0.0782' 
2023-06-06 17:56:05.756384 SRS_SR830 query : 'OUTP? 1' 
2023-06-06 17:56:05.815196 SRS_SR830 resp  : '-2.18439e-009' 
2023-06-06 17:56:05.815196 SRS_SR830 query : 'SENS?' 
2023-06-06 17:56:05.851483 SRS_SR830 resp  : '0' 
2023-06-06 17:56:05.852293 SRS_SR830 query : 'ISRC?' 
2023-06-06 17:56:05.889193 SRS_SR830 resp  : '1' 
2023-06-06 17:56:05.890190 SRS_SR830 query : 'OUTP? 2' 
2023-06-06 17:56:05.948250 SRS_SR830 resp  : '-2.18439e-009' 
2023-06-06 17:56:05.950252 SRS_SR830 query : 'SENS?' 
2023-06-06 17:56:05.986239 SRS_SR830 resp  : '0' 
2023-06-06 17:56:05.986239 SRS_SR830 query : 'ISRC?' 
2023-06-06 17:56:06.024364 SRS_SR830 resp  : '1' 
2023-06-06 17:56:06.094956 KEPCO BOP 50-8D write : 'CURR 0.0808' 
2023-06-06 17:56:06.598088 SRS_SR830 query : 'OUTP? 1' 
2023-06-06 17:56:06.656620 SRS_SR830 resp  : '-2.18439e-009' 
2023-06-06 17:56:06.657555 SRS_SR830 query : 'SENS?' 
2023-06-06 17:56:06.693860 SRS_SR830 resp  : '0' 
2023-06-06 17:56:06.694858 SRS_SR830 query : 'ISRC?' 
2023-06-06 17:56:06.731259 SRS_SR830 resp  : '1' 
2023-06-06 17:56:06.732256 SRS_SR830 query : 'OUTP? 2' 
2023-06-06 17:56:06.791000 SRS_SR830 resp  : '-2.18439e-009' 
2023-06-06 17:56:06.792008 SRS_SR830 query : 'SENS?' 
2023-06-06 17:56:06.827932 SRS_SR830 resp  : '0' 
2023-06-06 17:56:06.829929 SRS_SR830 query : 'ISRC?' 
2023-06-06 17:56:06.866068 SRS_SR830 resp  : '1' 
2023-06-06 17:56:06.930884 KEPCO BOP 50-8D write : 'CURR 0.0833' 
2023-06-06 17:56:07.441274 SRS_SR830 query : 'OUTP? 1' 
2023-06-06 17:56:07.500111 SRS_SR830 resp  : '-2.18439e-009' 
2023-06-06 17:56:07.500111 SRS_SR830 query : 'SENS?' 
2023-06-06 17:56:07.536948 SRS_SR830 resp  : '0' 
2023-06-06 17:56:07.538950 SRS_SR830 query : 'ISRC?' 
2023-06-06 17:56:07.574886 SRS_SR830 resp  : '1' 
2023-06-06 17:56:07.575893 SRS_SR830 query : 'OUTP? 2' 
2023-06-06 17:56:07.634872 SRS_SR830 resp  : '-2.18439e-009' 
2023-06-06 17:56:07.634872 SRS_SR830 query : 'SENS?' 
2023-06-06 17:56:07.671450 SRS_SR830 resp  : '0' 
2023-06-06 17:56:07.673451 SRS_SR830 query : 'ISRC?' 
2023-06-06 17:56:07.709386 SRS_SR830 resp  : '1' 
2023-06-06 17:56:07.752274 KEPCO BOP 50-8D write : 'CURR 0.0859' 
2023-06-06 17:56:08.259316 SRS_SR830 query : 'OUTP? 1' 
2023-06-06 17:56:08.317506 SRS_SR830 resp  : '-2.18439e-009' 
2023-06-06 17:56:08.317506 SRS_SR830 query : 'SENS?' 
2023-06-06 17:56:08.353608 SRS_SR830 resp  : '0' 
2023-06-06 17:56:08.353608 SRS_SR830 query : 'ISRC?' 
2023-06-06 17:56:08.389930 SRS_SR830 resp  : '1' 
2023-06-06 17:56:08.390937 SRS_SR830 query : 'OUTP? 2' 
2023-06-06 17:56:08.449229 SRS_SR830 resp  : '-2.18439e-009' 
2023-06-06 17:56:08.450225 SRS_SR830 query : 'SENS?' 
2023-06-06 17:56:08.486054 SRS_SR830 resp  : '0' 
2023-06-06 17:56:08.487061 SRS_SR830 query : 'ISRC?' 
2023-06-06 17:56:08.523839 SRS_SR830 resp  : '1' 
2023-06-06 17:56:08.586668 KEPCO BOP 50-8D write : 'CURR 0.0885' 
2023-06-06 17:56:09.092220 SRS_SR830 query : 'OUTP? 1' 
2023-06-06 17:56:09.151287 SRS_SR830 resp  : '-2.18439e-009' 
2023-06-06 17:56:09.152332 SRS_SR830 query : 'SENS?' 
2023-06-06 17:56:09.189901 SRS_SR830 resp  : '0' 
2023-06-06 17:56:09.191904 SRS_SR830 query : 'ISRC?' 
2023-06-06 17:56:09.227063 SRS_SR830 resp  : '1' 
2023-06-06 17:56:09.228070 SRS_SR830 query : 'OUTP? 2' 
2023-06-06 17:56:09.286781 SRS_SR830 resp  : '-2.18439e-009' 
2023-06-06 17:56:09.287787 SRS_SR830 query : 'SENS?' 
2023-06-06 17:56:09.326097 SRS_SR830 resp  : '0' 
2023-06-06 17:56:09.327102 SRS_SR830 query : 'ISRC?' 
2023-06-06 17:56:09.362599 SRS_SR830 resp  : '1' 
2023-06-06 17:56:09.412501 KEPCO BOP 50-8D write : 'CURR 0.0910' 
2023-06-06 17:56:09.924937 SRS_SR830 query : 'OUTP? 1' 
2023-06-06 17:56:09.984116 SRS_SR830 resp  : '-2.18439e-009' 
2023-06-06 17:56:09.985110 SRS_SR830 query : 'SENS?' 
2023-06-06 17:56:10.021422 SRS_SR830 resp  : '0' 
2023-06-06 17:56:10.021422 SRS_SR830 query : 'ISRC?' 
2023-06-06 17:56:10.057080 SRS_SR830 resp  : '1' 
2023-06-06 17:56:10.058081 SRS_SR830 query : 'OUTP? 2' 
2023-06-06 17:56:10.115104 SRS_SR830 resp  : '-2.18439e-009' 
2023-06-06 17:56:10.116141 SRS_SR830 query : 'SENS?' 
2023-06-06 17:56:10.151674 SRS_SR830 resp  : '0' 
2023-06-06 17:56:10.152676 SRS_SR830 query : 'ISRC?' 
2023-06-06 17:56:10.188051 SRS_SR830 resp  : '1' 
2023-06-06 17:56:10.257889 KEPCO BOP 50-8D write : 'CURR 0.0936' 
2023-06-06 17:56:10.762641 SRS_SR830 query : 'OUTP? 1' 
2023-06-06 17:56:10.821922 SRS_SR830 resp  : '-2.18439e-009' 
2023-06-06 17:56:10.822931 SRS_SR830 query : 'SENS?' 
2023-06-06 17:56:10.859740 SRS_SR830 resp  : '0' 
2023-06-06 17:56:10.860734 SRS_SR830 query : 'ISRC?' 
2023-06-06 17:56:10.897682 SRS_SR830 resp  : '1' 
2023-06-06 17:56:10.898638 SRS_SR830 query : 'OUTP? 2' 
2023-06-06 17:56:10.955997 SRS_SR830 resp  : '-2.18439e-009' 
2023-06-06 17:56:10.957036 SRS_SR830 query : 'SENS?' 
2023-06-06 17:56:10.994860 SRS_SR830 resp  : '0' 
2023-06-06 17:56:10.995820 SRS_SR830 query : 'ISRC?' 
2023-06-06 17:56:11.032582 SRS_SR830 resp  : '1' 
2023-06-06 17:56:11.097403 KEPCO BOP 50-8D write : 'CURR 0.0962' 
2023-06-06 17:56:11.603327 SRS_SR830 query : 'OUTP? 1' 
2023-06-06 17:56:11.660903 SRS_SR830 resp  : '-2.18439e-009' 
2023-06-06 17:56:11.662852 SRS_SR830 query : 'SENS?' 
2023-06-06 17:56:11.699098 SRS_SR830 resp  : '0' 
2023-06-06 17:56:11.699098 SRS_SR830 query : 'ISRC?' 
2023-06-06 17:56:11.733737 SRS_SR830 resp  : '1' 
2023-06-06 17:56:11.734737 SRS_SR830 query : 'OUTP? 2' 
2023-06-06 17:56:11.792443 SRS_SR830 resp  : '-2.18439e-009' 
2023-06-06 17:56:11.793443 SRS_SR830 query : 'SENS?' 
2023-06-06 17:56:11.828758 SRS_SR830 resp  : '0' 
2023-06-06 17:56:11.829759 SRS_SR830 query : 'ISRC?' 
2023-06-06 17:56:11.865887 SRS_SR830 resp  : '1' 
2023-06-06 17:56:11.919772 KEPCO BOP 50-8D write : 'CURR 0.0987' 
2023-06-06 17:56:12.438357 SRS_SR830 query : 'OUTP? 1' 
2023-06-06 17:56:12.496361 SRS_SR830 resp  : '-2.18439e-009' 
2023-06-06 17:56:12.497350 SRS_SR830 query : 'SENS?' 
2023-06-06 17:56:12.533379 SRS_SR830 resp  : '0' 
2023-06-06 17:56:12.533379 SRS_SR830 query : 'ISRC?' 
2023-06-06 17:56:12.569815 SRS_SR830 resp  : '1' 
2023-06-06 17:56:12.571818 SRS_SR830 query : 'OUTP? 2' 
2023-06-06 17:56:12.630599 SRS_SR830 resp  : '-2.18439e-009' 
2023-06-06 17:56:12.631548 SRS_SR830 query : 'SENS?' 
2023-06-06 17:56:12.668097 SRS_SR830 resp  : '0' 
2023-06-06 17:56:12.668097 SRS_SR830 query : 'ISRC?' 
2023-06-06 17:56:12.706098 SRS_SR830 resp  : '1' 
2023-06-06 17:56:12.753963 KEPCO BOP 50-8D write : 'CURR 0.1013' 
2023-06-06 17:56:13.267995 SRS_SR830 query : 'OUTP? 1' 
2023-06-06 17:56:13.328460 SRS_SR830 resp  : '-2.18439e-009' 
2023-06-06 17:56:13.329470 SRS_SR830 query : 'SENS?' 
2023-06-06 17:56:13.364198 SRS_SR830 resp  : '0' 
2023-06-06 17:56:13.365199 SRS_SR830 query : 'ISRC?' 
2023-06-06 17:56:13.400804 SRS_SR830 resp  : '1' 
2023-06-06 17:56:13.401805 SRS_SR830 query : 'OUTP? 2' 
2023-06-06 17:56:13.459927 SRS_SR830 resp  : '-2.18439e-009' 
2023-06-06 17:56:13.459927 SRS_SR830 query : 'SENS?' 
2023-06-06 17:56:13.496042 SRS_SR830 resp  : '0' 
2023-06-06 17:56:13.497042 SRS_SR830 query : 'ISRC?' 
2023-06-06 17:56:13.532347 SRS_SR830 resp  : '1' 
2023-06-06 17:56:13.603154 KEPCO BOP 50-8D write : 'CURR 0.1039' 
2023-06-06 17:56:14.117697 SRS_SR830 query : 'OUTP? 1' 
2023-06-06 17:56:14.176558 SRS_SR830 resp  : '-2.18439e-009' 
2023-06-06 17:56:14.177605 SRS_SR830 query : 'SENS?' 
2023-06-06 17:56:14.215456 SRS_SR830 resp  : '0' 
2023-06-06 17:56:14.216413 SRS_SR830 query : 'ISRC?' 
2023-06-06 17:56:14.251649 SRS_SR830 resp  : '1' 
2023-06-06 17:56:14.252661 SRS_SR830 query : 'OUTP? 2' 
2023-06-06 17:56:14.311832 SRS_SR830 resp  : '-2.18439e-009' 
2023-06-06 17:56:14.312836 SRS_SR830 query : 'SENS?' 
2023-06-06 17:56:14.349051 SRS_SR830 resp  : '0' 
2023-06-06 17:56:14.350055 SRS_SR830 query : 'ISRC?' 
2023-06-06 17:56:14.386318 SRS_SR830 resp  : '1' 
2023-06-06 17:56:14.460069 KEPCO BOP 50-8D write : 'CURR 0.1064' 
2023-06-06 17:56:14.977197 SRS_SR830 query : 'OUTP? 1' 
2023-06-06 17:56:15.036379 SRS_SR830 resp  : '-2.18439e-009' 
2023-06-06 17:56:15.037436 SRS_SR830 query : 'SENS?' 
2023-06-06 17:56:15.079051 SRS_SR830 resp  : '0' 
2023-06-06 17:56:15.079051 SRS_SR830 query : 'ISRC?' 
2023-06-06 17:56:15.115813 SRS_SR830 resp  : '1' 
2023-06-06 17:56:15.116841 SRS_SR830 query : 'OUTP? 2' 
2023-06-06 17:56:15.174868 SRS_SR830 resp  : '-2.18439e-009' 
2023-06-06 17:56:15.174868 SRS_SR830 query : 'SENS?' 
2023-06-06 17:56:15.212484 SRS_SR830 resp  : '0' 
2023-06-06 17:56:15.213441 SRS_SR830 query : 'ISRC?' 
2023-06-06 17:56:15.248495 SRS_SR830 resp  : '1' 
2023-06-06 17:56:15.314299 KEPCO BOP 50-8D write : 'CURR 0.1090' 
2023-06-06 17:56:15.828209 SRS_SR830 query : 'OUTP? 1' 
2023-06-06 17:56:15.886886 SRS_SR830 resp  : '-2.18439e-009' 
2023-06-06 17:56:15.886886 SRS_SR830 query : 'SENS?' 
2023-06-06 17:56:15.923135 SRS_SR830 resp  : '0' 
2023-06-06 17:56:15.923135 SRS_SR830 query : 'ISRC?' 
2023-06-06 17:56:15.960271 SRS_SR830 resp  : '1' 
2023-06-06 17:56:15.961221 SRS_SR830 query : 'OUTP? 2' 
2023-06-06 17:56:16.020339 SRS_SR830 resp  : '-2.18439e-009' 
2023-06-06 17:56:16.021341 SRS_SR830 query : 'SENS?' 
2023-06-06 17:56:16.057059 SRS_SR830 resp  : '0' 
2023-06-06 17:56:16.058100 SRS_SR830 query : 'ISRC?' 
2023-06-06 17:56:16.093979 SRS_SR830 resp  : '1' 
2023-06-06 17:56:16.161665 KEPCO BOP 50-8D write : 'CURR 0.1116' 
2023-06-06 17:56:16.678685 SRS_SR830 query : 'OUTP? 1' 
2023-06-06 17:56:16.738799 SRS_SR830 resp  : '-2.18439e-009' 
2023-06-06 17:56:16.739794 SRS_SR830 query : 'SENS?' 
2023-06-06 17:56:16.776262 SRS_SR830 resp  : '0' 
2023-06-06 17:56:16.777257 SRS_SR830 query : 'ISRC?' 
2023-06-06 17:56:16.812693 SRS_SR830 resp  : '1' 
2023-06-06 17:56:16.814690 SRS_SR830 query : 'OUTP? 2' 
2023-06-06 17:56:16.872898 SRS_SR830 resp  : '2.18428e-009' 
2023-06-06 17:56:16.873860 SRS_SR830 query : 'SENS?' 
2023-06-06 17:56:16.910692 SRS_SR830 resp  : '0' 
2023-06-06 17:56:16.911688 SRS_SR830 query : 'ISRC?' 
2023-06-06 17:56:16.948052 SRS_SR830 resp  : '1' 
2023-06-06 17:56:16.949004 SRS_SR830 query : 'SENS?' 
2023-06-06 17:56:16.984875 SRS_SR830 resp  : '0' 
2023-06-06 17:56:16.985897 SRS_SR830 write : 'SENS 1' 
2023-06-06 17:56:17.064696 KEPCO BOP 50-8D write : 'CURR 0.1141' 
2023-06-06 17:56:17.578266 SRS_SR830 query : 'OUTP? 1' 
2023-06-06 17:56:17.637250 SRS_SR830 resp  : '-5.46109e-009' 
2023-06-06 17:56:17.638206 SRS_SR830 query : 'SENS?' 
2023-06-06 17:56:17.675100 SRS_SR830 resp  : '1' 
2023-06-06 17:56:17.676102 SRS_SR830 query : 'ISRC?' 
2023-06-06 17:56:17.711480 SRS_SR830 resp  : '1' 
2023-06-06 17:56:17.712489 SRS_SR830 query : 'OUTP? 2' 
2023-06-06 17:56:17.770749 SRS_SR830 resp  : '5.46086e-009' 
2023-06-06 17:56:17.770749 SRS_SR830 query : 'SENS?' 
2023-06-06 17:56:17.808437 SRS_SR830 resp  : '1' 
2023-06-06 17:56:17.809433 SRS_SR830 query : 'ISRC?' 
2023-06-06 17:56:17.846209 SRS_SR830 resp  : '1' 
2023-06-06 17:56:17.847206 SRS_SR830 query : 'SENS?' 
2023-06-06 17:56:17.883239 SRS_SR830 resp  : '1' 
2023-06-06 17:56:17.884236 SRS_SR830 write : 'SENS 2' 
2023-06-06 17:56:17.946068 KEPCO BOP 50-8D write : 'CURR 0.1167' 
2023-06-06 17:56:18.448520 SRS_SR830 query : 'OUTP? 1' 
2023-06-06 17:56:18.510250 SRS_SR830 resp  : '-1.09222e-008' 
2023-06-06 17:56:18.511247 SRS_SR830 query : 'SENS?' 
2023-06-06 17:56:18.548306 SRS_SR830 resp  : '2' 
2023-06-06 17:56:18.549317 SRS_SR830 query : 'ISRC?' 
2023-06-06 17:56:18.586399 SRS_SR830 resp  : '1' 
2023-06-06 17:56:18.587409 SRS_SR830 query : 'OUTP? 2' 
2023-06-06 17:56:18.647724 SRS_SR830 resp  : '-1.09222e-008' 
2023-06-06 17:56:18.648732 SRS_SR830 query : 'SENS?' 
2023-06-06 17:56:18.684846 SRS_SR830 resp  : '2' 
2023-06-06 17:56:18.685880 SRS_SR830 query : 'ISRC?' 
2023-06-06 17:56:18.722115 SRS_SR830 resp  : '1' 
2023-06-06 17:56:18.764003 KEPCO BOP 50-8D write : 'CURR 0.1193' 
2023-06-06 17:56:19.279400 SRS_SR830 query : 'OUTP? 1' 
2023-06-06 17:56:19.339329 SRS_SR830 resp  : '-1.09222e-008' 
2023-06-06 17:56:19.340337 SRS_SR830 query : 'SENS?' 
2023-06-06 17:56:19.375602 SRS_SR830 resp  : '2' 
2023-06-06 17:56:19.376608 SRS_SR830 query : 'ISRC?' 
2023-06-06 17:56:19.413934 SRS_SR830 resp  : '1' 
2023-06-06 17:56:19.414929 SRS_SR830 query : 'OUTP? 2' 
2023-06-06 17:56:19.473278 SRS_SR830 resp  : '1.09217e-008' 
2023-06-06 17:56:19.474240 SRS_SR830 query : 'SENS?' 
2023-06-06 17:56:19.511851 SRS_SR830 resp  : '2' 
2023-06-06 17:56:19.512853 SRS_SR830 query : 'ISRC?' 
2023-06-06 17:56:19.550073 SRS_SR830 resp  : '1' 
2023-06-06 17:56:19.551031 SRS_SR830 query : 'SENS?' 
2023-06-06 17:56:19.586848 SRS_SR830 resp  : '2' 
2023-06-06 17:56:19.587845 SRS_SR830 write : 'SENS 3' 
2023-06-06 17:56:19.654663 KEPCO BOP 50-8D write : 'CURR 0.1218' 
2023-06-06 17:56:20.167237 SRS_SR830 query : 'OUTP? 1' 
2023-06-06 17:56:20.227865 SRS_SR830 resp  : '-2.18444e-008' 
2023-06-06 17:56:20.228859 SRS_SR830 query : 'SENS?' 
2023-06-06 17:56:20.264890 SRS_SR830 resp  : '3' 
2023-06-06 17:56:20.265899 SRS_SR830 query : 'ISRC?' 
2023-06-06 17:56:20.302325 SRS_SR830 resp  : '1' 
2023-06-06 17:56:20.303321 SRS_SR830 query : 'OUTP? 2' 
2023-06-06 17:56:20.362416 SRS_SR830 resp  : '-2.18444e-008' 
2023-06-06 17:56:20.363419 SRS_SR830 query : 'SENS?' 
2023-06-06 17:56:20.398852 SRS_SR830 resp  : '3' 
2023-06-06 17:56:20.399883 SRS_SR830 query : 'ISRC?' 
2023-06-06 17:56:20.436997 SRS_SR830 resp  : '1' 
2023-06-06 17:56:20.499865 KEPCO BOP 50-8D write : 'CURR 0.1244' 
2023-06-06 17:56:21.013483 SRS_SR830 query : 'OUTP? 1' 
2023-06-06 17:56:21.073482 SRS_SR830 resp  : '-2.18444e-008' 
2023-06-06 17:56:21.074491 SRS_SR830 query : 'SENS?' 
2023-06-06 17:56:21.112069 SRS_SR830 resp  : '3' 
2023-06-06 17:56:21.113034 SRS_SR830 query : 'ISRC?' 
2023-06-06 17:56:21.149101 SRS_SR830 resp  : '1' 
2023-06-06 17:56:21.150094 SRS_SR830 query : 'OUTP? 2' 
2023-06-06 17:56:21.207823 SRS_SR830 resp  : '2.18434e-008' 
2023-06-06 17:56:21.208819 SRS_SR830 query : 'SENS?' 
2023-06-06 17:56:21.246091 SRS_SR830 resp  : '3' 
2023-06-06 17:56:21.247053 SRS_SR830 query : 'ISRC?' 
2023-06-06 17:56:21.282925 SRS_SR830 resp  : '1' 
2023-06-06 17:56:21.284928 SRS_SR830 query : 'SENS?' 
2023-06-06 17:56:21.320993 SRS_SR830 resp  : '3' 
2023-06-06 17:56:21.321985 SRS_SR830 write : 'SENS 4' 
2023-06-06 17:56:21.379861 KEPCO BOP 50-8D write : 'CURR 0.1270' 
2023-06-06 17:56:21.892189 SRS_SR830 query : 'OUTP? 1' 
2023-06-06 17:56:21.953918 SRS_SR830 resp  : '-5.46117e-008' 
2023-06-06 17:56:21.954914 SRS_SR830 query : 'SENS?' 
2023-06-06 17:56:21.990423 SRS_SR830 resp  : '4' 
2023-06-06 17:56:21.990423 SRS_SR830 query : 'ISRC?' 
2023-06-06 17:56:22.026468 SRS_SR830 resp  : '1' 
2023-06-06 17:56:22.026468 SRS_SR830 query : 'OUTP? 2' 
2023-06-06 17:56:22.085374 SRS_SR830 resp  : '5.46099e-008' 
2023-06-06 17:56:22.086323 SRS_SR830 query : 'SENS?' 
2023-06-06 17:56:22.123193 SRS_SR830 resp  : '4' 
2023-06-06 17:56:22.125197 SRS_SR830 query : 'ISRC?' 
2023-06-06 17:56:22.161068 SRS_SR830 resp  : '1' 
2023-06-06 17:56:22.162060 SRS_SR830 query : 'SENS?' 
2023-06-06 17:56:22.198606 SRS_SR830 resp  : '4' 
2023-06-06 17:56:22.198606 SRS_SR830 write : 'SENS 5' 
2023-06-06 17:56:22.239499 KEPCO BOP 50-8D write : 'CURR 0.1295' 
2023-06-06 17:56:22.751299 SRS_SR830 query : 'OUTP? 1' 
2023-06-06 17:56:22.810860 SRS_SR830 resp  : '-1.09223e-007' 
2023-06-06 17:56:22.810860 SRS_SR830 query : 'SENS?' 
2023-06-06 17:56:22.846363 SRS_SR830 resp  : '5' 
2023-06-06 17:56:22.846363 SRS_SR830 query : 'ISRC?' 
2023-06-06 17:56:22.882348 SRS_SR830 resp  : '1' 
2023-06-06 17:56:22.883346 SRS_SR830 query : 'OUTP? 2' 
2023-06-06 17:56:22.940081 SRS_SR830 resp  : '1.0922e-007' 
2023-06-06 17:56:22.941076 SRS_SR830 query : 'SENS?' 
2023-06-06 17:56:22.976740 SRS_SR830 resp  : '5' 
2023-06-06 17:56:22.977741 SRS_SR830 query : 'ISRC?' 
2023-06-06 17:56:23.012656 SRS_SR830 resp  : '1' 
2023-06-06 17:56:23.013689 SRS_SR830 query : 'SENS?' 
2023-06-06 17:56:23.052419 SRS_SR830 resp  : '5' 
2023-06-06 17:56:23.053416 SRS_SR830 write : 'SENS 6' 
2023-06-06 17:56:23.118275 KEPCO BOP 50-8D write : 'CURR 0.1321' 
2023-06-06 17:56:23.633930 SRS_SR830 query : 'OUTP? 1' 
2023-06-06 17:56:23.694101 SRS_SR830 resp  : '-2.18447e-007' 
2023-06-06 17:56:23.694840 SRS_SR830 query : 'SENS?' 
2023-06-06 17:56:23.732072 SRS_SR830 resp  : '6' 
2023-06-06 17:56:23.733082 SRS_SR830 query : 'ISRC?' 
2023-06-06 17:56:23.769323 SRS_SR830 resp  : '1' 
2023-06-06 17:56:23.769323 SRS_SR830 query : 'OUTP? 2' 
2023-06-06 17:56:23.824962 SRS_SR830 resp  : '2.1844e-007' 
2023-06-06 17:56:23.824962 SRS_SR830 query : 'SENS?' 
2023-06-06 17:56:23.860981 SRS_SR830 resp  : '6' 
2023-06-06 17:56:23.860981 SRS_SR830 query : 'ISRC?' 
2023-06-06 17:56:23.897594 SRS_SR830 resp  : '1' 
2023-06-06 17:56:23.898595 SRS_SR830 query : 'SENS?' 
2023-06-06 17:56:23.934982 SRS_SR830 resp  : '6' 
2023-06-06 17:56:23.935979 SRS_SR830 write : 'SENS 7' 
2023-06-06 17:56:24.002825 KEPCO BOP 50-8D write : 'CURR 0.1347' 
2023-06-06 17:56:24.513002 SRS_SR830 query : 'OUTP? 1' 
2023-06-06 17:56:24.572867 SRS_SR830 resp  : '-5.46108e-007' 
2023-06-06 17:56:24.573862 SRS_SR830 query : 'SENS?' 
2023-06-06 17:56:24.612296 SRS_SR830 resp  : '7' 
2023-06-06 17:56:24.613293 SRS_SR830 query : 'ISRC?' 
2023-06-06 17:56:24.649797 SRS_SR830 resp  : '1' 
2023-06-06 17:56:24.650807 SRS_SR830 query : 'OUTP? 2' 
2023-06-06 17:56:24.708822 SRS_SR830 resp  : '5.46079e-007' 
2023-06-06 17:56:24.709817 SRS_SR830 query : 'SENS?' 
2023-06-06 17:56:24.746089 SRS_SR830 resp  : '7' 
2023-06-06 17:56:24.747100 SRS_SR830 query : 'ISRC?' 
2023-06-06 17:56:24.784148 SRS_SR830 resp  : '1' 
2023-06-06 17:56:24.785202 SRS_SR830 query : 'SENS?' 
2023-06-06 17:56:24.829778 SRS_SR830 resp  : '7' 
2023-06-06 17:56:24.830775 SRS_SR830 write : 'SENS 8' 
2023-06-06 17:56:24.889615 KEPCO BOP 50-8D write : 'CURR 0.1372' 
2023-06-06 17:56:25.392558 SRS_SR830 query : 'OUTP? 1' 
2023-06-06 17:56:25.453230 SRS_SR830 resp  : '-1.09222e-006' 
2023-06-06 17:56:25.454239 SRS_SR830 query : 'SENS?' 
2023-06-06 17:56:25.491240 SRS_SR830 resp  : '8' 
2023-06-06 17:56:25.492236 SRS_SR830 query : 'ISRC?' 
2023-06-06 17:56:25.528018 SRS_SR830 resp  : '1' 
2023-06-06 17:56:25.529025 SRS_SR830 query : 'OUTP? 2' 
2023-06-06 17:56:25.588200 SRS_SR830 resp  : '1.09216e-006' 
2023-06-06 17:56:25.589208 SRS_SR830 query : 'SENS?' 
2023-06-06 17:56:25.625025 SRS_SR830 resp  : '8' 
2023-06-06 17:56:25.625025 SRS_SR830 query : 'ISRC?' 
2023-06-06 17:56:25.660035 SRS_SR830 resp  : '1' 
2023-06-06 17:56:25.661032 SRS_SR830 query : 'SENS?' 
2023-06-06 17:56:25.697921 SRS_SR830 resp  : '8' 
2023-06-06 17:56:25.698922 SRS_SR830 write : 'SENS 9' 
2023-06-06 17:56:25.768719 KEPCO BOP 50-8D write : 'CURR 0.1398' 
2023-06-06 17:56:26.284897 SRS_SR830 query : 'OUTP? 1' 
2023-06-06 17:56:26.345292 SRS_SR830 resp  : '-2.18443e-006' 
2023-06-06 17:56:26.346328 SRS_SR830 query : 'SENS?' 
2023-06-06 17:56:26.382633 SRS_SR830 resp  : '9' 
2023-06-06 17:56:26.383636 SRS_SR830 query : 'ISRC?' 
2023-06-06 17:56:26.418408 SRS_SR830 resp  : '1' 
2023-06-06 17:56:26.420410 SRS_SR830 query : 'OUTP? 2' 
2023-06-06 17:56:26.478756 SRS_SR830 resp  : '2.18432e-006' 
2023-06-06 17:56:26.478756 SRS_SR830 query : 'SENS?' 
2023-06-06 17:56:26.515640 SRS_SR830 resp  : '9' 
2023-06-06 17:56:26.515640 SRS_SR830 query : 'ISRC?' 
2023-06-06 17:56:26.552262 SRS_SR830 resp  : '1' 
2023-06-06 17:56:26.553267 SRS_SR830 query : 'SENS?' 
2023-06-06 17:56:26.592846 SRS_SR830 resp  : '9' 
2023-06-06 17:56:26.593808 SRS_SR830 write : 'SENS 10' 
2023-06-06 17:56:26.669600 KEPCO BOP 50-8D write : 'CURR 0.1424' 
2023-06-06 17:56:27.186249 SRS_SR830 query : 'OUTP? 1' 
2023-06-06 17:56:27.245829 SRS_SR830 resp  : '-5.46107e-006' 
2023-06-06 17:56:27.246872 SRS_SR830 query : 'SENS?' 
2023-06-06 17:56:27.285616 SRS_SR830 resp  : '10' 
2023-06-06 17:56:27.285616 SRS_SR830 query : 'ISRC?' 
2023-06-06 17:56:27.321892 SRS_SR830 resp  : '1' 
2023-06-06 17:56:27.322898 SRS_SR830 query : 'OUTP? 2' 
2023-06-06 17:56:27.380250 SRS_SR830 resp  : '5.46084e-006' 
2023-06-06 17:56:27.380250 SRS_SR830 query : 'SENS?' 
2023-06-06 17:56:27.418127 SRS_SR830 resp  : '10' 
2023-06-06 17:56:27.419129 SRS_SR830 query : 'ISRC?' 
2023-06-06 17:56:27.455346 SRS_SR830 resp  : '1' 
2023-06-06 17:56:27.456340 SRS_SR830 query : 'SENS?' 
2023-06-06 17:56:27.492892 SRS_SR830 resp  : '10' 
2023-06-06 17:56:27.494895 SRS_SR830 write : 'SENS 11' 
2023-06-06 17:56:27.555762 KEPCO BOP 50-8D write : 'CURR 0.1449' 
2023-06-06 17:56:28.068480 SRS_SR830 query : 'OUTP? 1' 
2023-06-06 17:56:28.126688 SRS_SR830 resp  : '-1.09221e-005' 
2023-06-06 17:56:28.128689 SRS_SR830 query : 'SENS?' 
2023-06-06 17:56:28.166655 SRS_SR830 resp  : '11' 
2023-06-06 17:56:28.167603 SRS_SR830 query : 'ISRC?' 
2023-06-06 17:56:28.202768 SRS_SR830 resp  : '1' 
2023-06-06 17:56:28.203763 SRS_SR830 query : 'OUTP? 2' 
2023-06-06 17:56:28.262864 SRS_SR830 resp  : '1.09217e-005' 
2023-06-06 17:56:28.263861 SRS_SR830 query : 'SENS?' 
2023-06-06 17:56:28.300745 SRS_SR830 resp  : '11' 
2023-06-06 17:56:28.301736 SRS_SR830 query : 'ISRC?' 
2023-06-06 17:56:28.339647 SRS_SR830 resp  : '1' 
2023-06-06 17:56:28.340643 SRS_SR830 query : 'SENS?' 
2023-06-06 17:56:28.378464 SRS_SR830 resp  : '11' 
2023-06-06 17:56:28.379427 SRS_SR830 write : 'SENS 12' 
2023-06-06 17:56:28.444279 KEPCO BOP 50-8D write : 'CURR 0.1475' 
2023-06-06 17:56:28.957329 SRS_SR830 query : 'OUTP? 1' 
2023-06-06 17:56:29.015641 SRS_SR830 resp  : '-2.18443e-005' 
2023-06-06 17:56:29.016638 SRS_SR830 query : 'SENS?' 
2023-06-06 17:56:29.053927 SRS_SR830 resp  : '12' 
2023-06-06 17:56:29.054877 SRS_SR830 query : 'ISRC?' 
2023-06-06 17:56:29.091886 SRS_SR830 resp  : '1' 
2023-06-06 17:56:29.092884 SRS_SR830 query : 'OUTP? 2' 
2023-06-06 17:56:29.150981 SRS_SR830 resp  : '2.18434e-005' 
2023-06-06 17:56:29.151976 SRS_SR830 query : 'SENS?' 
2023-06-06 17:56:29.189130 SRS_SR830 resp  : '12' 
2023-06-06 17:56:29.190137 SRS_SR830 query : 'ISRC?' 
2023-06-06 17:56:29.225993 SRS_SR830 resp  : '1' 
2023-06-06 17:56:29.227021 SRS_SR830 query : 'SENS?' 
2023-06-06 17:56:29.266034 SRS_SR830 resp  : '12' 
2023-06-06 17:56:29.267065 SRS_SR830 write : 'SENS 13' 
2023-06-06 17:56:29.334848 KEPCO BOP 50-8D write : 'CURR 0.1501' 
2023-06-06 17:56:29.850270 SRS_SR830 query : 'OUTP? 1' 
2023-06-06 17:56:29.909648 SRS_SR830 resp  : '-5.46111e-005' 
2023-06-06 17:56:29.909648 SRS_SR830 query : 'SENS?' 
2023-06-06 17:56:29.948508 SRS_SR830 resp  : '13' 
2023-06-06 17:56:29.949472 SRS_SR830 query : 'ISRC?' 
2023-06-06 17:56:29.985982 SRS_SR830 resp  : '1' 
2023-06-06 17:56:29.986947 SRS_SR830 query : 'OUTP? 2' 
2023-06-06 17:56:30.043803 SRS_SR830 resp  : '5.46093e-005' 
2023-06-06 17:56:30.045805 SRS_SR830 query : 'SENS?' 
2023-06-06 17:56:30.083541 SRS_SR830 resp  : '13' 
2023-06-06 17:56:30.084545 SRS_SR830 query : 'ISRC?' 
2023-06-06 17:56:30.122619 SRS_SR830 resp  : '1' 
2023-06-06 17:56:30.123616 SRS_SR830 query : 'SENS?' 
2023-06-06 17:56:30.166092 SRS_SR830 resp  : '13' 
2023-06-06 17:56:30.167097 SRS_SR830 write : 'SENS 14' 
2023-06-06 17:56:30.232871 KEPCO BOP 50-8D write : 'CURR 0.1526' 
2023-06-06 17:56:30.750576 SRS_SR830 query : 'OUTP? 1' 
2023-06-06 17:56:30.809310 SRS_SR830 resp  : '-0.000109222' 
2023-06-06 17:56:30.810305 SRS_SR830 query : 'SENS?' 
2023-06-06 17:56:30.848215 SRS_SR830 resp  : '14' 
2023-06-06 17:56:30.850218 SRS_SR830 query : 'ISRC?' 
2023-06-06 17:56:30.887068 SRS_SR830 resp  : '1' 
2023-06-06 17:56:30.888065 SRS_SR830 query : 'OUTP? 2' 
2023-06-06 17:56:30.944838 SRS_SR830 resp  : '4.96099e-005' 
2023-06-06 17:56:30.945841 SRS_SR830 query : 'SENS?' 
2023-06-06 17:56:30.982307 SRS_SR830 resp  : '14' 
2023-06-06 17:56:30.983354 SRS_SR830 query : 'ISRC?' 
2023-06-06 17:56:31.020590 SRS_SR830 resp  : '1' 
2023-06-06 17:56:31.096348 KEPCO BOP 50-8D write : 'CURR 0.1552' 
2023-06-06 17:56:31.607251 SRS_SR830 query : 'OUTP? 1' 
2023-06-06 17:56:31.666565 SRS_SR830 resp  : '-0.00010543' 
2023-06-06 17:56:31.667561 SRS_SR830 query : 'SENS?' 
2023-06-06 17:56:31.704875 SRS_SR830 resp  : '14' 
2023-06-06 17:56:31.706879 SRS_SR830 query : 'ISRC?' 
2023-06-06 17:56:31.743044 SRS_SR830 resp  : '1' 
2023-06-06 17:56:31.744037 SRS_SR830 query : 'OUTP? 2' 
2023-06-06 17:56:31.802480 SRS_SR830 resp  : '4.62981e-005' 
2023-06-06 17:56:31.803492 SRS_SR830 query : 'SENS?' 
2023-06-06 17:56:31.840991 SRS_SR830 resp  : '14' 
2023-06-06 17:56:31.842993 SRS_SR830 query : 'ISRC?' 
2023-06-06 17:56:31.878330 SRS_SR830 resp  : '1' 
2023-06-06 17:56:31.925200 KEPCO BOP 50-8D write : 'CURR 0.1578' 
2023-06-06 17:56:32.436170 SRS_SR830 query : 'OUTP? 1' 
2023-06-06 17:56:32.495951 SRS_SR830 resp  : '-8.52649e-005' 
2023-06-06 17:56:32.496949 SRS_SR830 query : 'SENS?' 
2023-06-06 17:56:32.533381 SRS_SR830 resp  : '14' 
2023-06-06 17:56:32.534387 SRS_SR830 query : 'ISRC?' 
2023-06-06 17:56:32.572771 SRS_SR830 resp  : '1' 
2023-06-06 17:56:32.573734 SRS_SR830 query : 'OUTP? 2' 
2023-06-06 17:56:32.630546 SRS_SR830 resp  : '1.62983e-005' 
2023-06-06 17:56:32.631542 SRS_SR830 query : 'SENS?' 
2023-06-06 17:56:32.670046 SRS_SR830 resp  : '14' 
2023-06-06 17:56:32.671009 SRS_SR830 query : 'ISRC?' 
2023-06-06 17:56:32.707031 SRS_SR830 resp  : '1' 
2023-06-06 17:56:32.772847 KEPCO BOP 50-8D write : 'CURR 0.1603' 
2023-06-06 17:56:33.285162 SRS_SR830 query : 'OUTP? 1' 
2023-06-06 17:56:33.344876 SRS_SR830 resp  : '-5.49781e-005' 
2023-06-06 17:56:33.345920 SRS_SR830 query : 'SENS?' 
2023-06-06 17:56:33.383175 SRS_SR830 resp  : '14' 
2023-06-06 17:56:33.384213 SRS_SR830 query : 'ISRC?' 
2023-06-06 17:56:33.421485 SRS_SR830 resp  : '1' 
2023-06-06 17:56:33.422481 SRS_SR830 query : 'OUTP? 2' 
2023-06-06 17:56:33.480038 SRS_SR830 resp  : '-2.32757e-005' 
2023-06-06 17:56:33.481039 SRS_SR830 query : 'SENS?' 
2023-06-06 17:56:33.518494 SRS_SR830 resp  : '14' 
2023-06-06 17:56:33.519489 SRS_SR830 query : 'ISRC?' 
2023-06-06 17:56:33.557034 SRS_SR830 resp  : '1' 
2023-06-06 17:56:33.622838 KEPCO BOP 50-8D write : 'CURR 0.1629' 
2023-06-06 17:56:34.138358 SRS_SR830 query : 'OUTP? 1' 
2023-06-06 17:56:34.198077 SRS_SR830 resp  : '-2.4371e-005' 
2023-06-06 17:56:34.199072 SRS_SR830 query : 'SENS?' 
2023-06-06 17:56:34.237272 SRS_SR830 resp  : '14' 
2023-06-06 17:56:34.238268 SRS_SR830 query : 'ISRC?' 
2023-06-06 17:56:34.273353 SRS_SR830 resp  : '1' 
2023-06-06 17:56:34.275349 SRS_SR830 query : 'OUTP? 2' 
2023-06-06 17:56:34.334571 SRS_SR830 resp  : '-6.43847e-005' 
2023-06-06 17:56:34.335567 SRS_SR830 query : 'SENS?' 
2023-06-06 17:56:34.373675 SRS_SR830 resp  : '14' 
2023-06-06 17:56:34.374627 SRS_SR830 query : 'ISRC?' 
2023-06-06 17:56:34.410783 SRS_SR830 resp  : '1' 
2023-06-06 17:56:34.475605 KEPCO BOP 50-8D write : 'CURR 0.1655' 
2023-06-06 17:56:34.978691 SRS_SR830 query : 'OUTP? 1' 
2023-06-06 17:56:35.037741 SRS_SR830 resp  : '5.69972e-006' 
2023-06-06 17:56:35.038734 SRS_SR830 query : 'SENS?' 
2023-06-06 17:56:35.076803 SRS_SR830 resp  : '14' 
2023-06-06 17:56:35.077799 SRS_SR830 query : 'ISRC?' 
2023-06-06 17:56:35.114824 SRS_SR830 resp  : '1' 
2023-06-06 17:56:35.115818 SRS_SR830 query : 'OUTP? 2' 
2023-06-06 17:56:35.172934 SRS_SR830 resp  : '-0.00010413' 
2023-06-06 17:56:35.173929 SRS_SR830 query : 'SENS?' 
2023-06-06 17:56:35.212040 SRS_SR830 resp  : '14' 
2023-06-06 17:56:35.213049 SRS_SR830 query : 'ISRC?' 
2023-06-06 17:56:35.249272 SRS_SR830 resp  : '1' 
2023-06-06 17:56:35.335033 KEPCO BOP 50-8D write : 'CURR 0.1680' 
2023-06-06 17:56:35.850215 SRS_SR830 query : 'OUTP? 1' 
2023-06-06 17:56:35.907535 SRS_SR830 resp  : '3.56922e-005' 
2023-06-06 17:56:35.908527 SRS_SR830 query : 'SENS?' 
2023-06-06 17:56:35.947489 SRS_SR830 resp  : '14' 
2023-06-06 17:56:35.948499 SRS_SR830 query : 'ISRC?' 
2023-06-06 17:56:35.984873 SRS_SR830 resp  : '1' 
2023-06-06 17:56:35.985880 SRS_SR830 query : 'OUTP? 2' 
2023-06-06 17:56:36.044473 SRS_SR830 resp  : '-0.000109222' 
2023-06-06 17:56:36.045483 SRS_SR830 query : 'SENS?' 
2023-06-06 17:56:36.082708 SRS_SR830 resp  : '14' 
2023-06-06 17:56:36.083750 SRS_SR830 query : 'ISRC?' 
2023-06-06 17:56:36.122249 SRS_SR830 resp  : '1' 
2023-06-06 17:56:36.189021 KEPCO BOP 50-8D write : 'CURR 0.1706' 
2023-06-06 17:56:36.700683 SRS_SR830 query : 'OUTP? 1' 
2023-06-06 17:56:36.759623 SRS_SR830 resp  : '6.09274e-005' 
2023-06-06 17:56:36.760632 SRS_SR830 query : 'SENS?' 
2023-06-06 17:56:36.798071 SRS_SR830 resp  : '14' 
2023-06-06 17:56:36.798071 SRS_SR830 query : 'ISRC?' 
2023-06-06 17:56:36.834843 SRS_SR830 resp  : '1' 
2023-06-06 17:56:36.835848 SRS_SR830 query : 'OUTP? 2' 
2023-06-06 17:56:36.893042 SRS_SR830 resp  : '-0.000109222' 
2023-06-06 17:56:36.894044 SRS_SR830 query : 'SENS?' 
2023-06-06 17:56:36.930463 SRS_SR830 resp  : '14' 
2023-06-06 17:56:36.931454 SRS_SR830 query : 'ISRC?' 
2023-06-06 17:56:36.968443 SRS_SR830 resp  : '1' 
2023-06-06 17:56:37.033264 KEPCO BOP 50-8D write : 'CURR 0.1732' 
2023-06-06 17:56:37.544209 SRS_SR830 query : 'OUTP? 1' 
2023-06-06 17:56:37.602262 SRS_SR830 resp  : '8.38754e-005' 
2023-06-06 17:56:37.602262 SRS_SR830 query : 'SENS?' 
2023-06-06 17:56:37.639083 SRS_SR830 resp  : '14' 
2023-06-06 17:56:37.640094 SRS_SR830 query : 'ISRC?' 
2023-06-06 17:56:37.675940 SRS_SR830 resp  : '1' 
2023-06-06 17:56:37.676951 SRS_SR830 query : 'OUTP? 2' 
2023-06-06 17:56:37.734107 SRS_SR830 resp  : '-0.000109222' 
2023-06-06 17:56:37.735090 SRS_SR830 query : 'SENS?' 
2023-06-06 17:56:37.773449 SRS_SR830 resp  : '14' 
2023-06-06 17:56:37.774413 SRS_SR830 query : 'ISRC?' 
2023-06-06 17:56:37.811122 SRS_SR830 resp  : '1' 
2023-06-06 17:56:37.881940 KEPCO BOP 50-8D write : 'CURR 0.1757' 
2023-06-06 17:56:38.394198 SRS_SR830 query : 'OUTP? 1' 
2023-06-06 17:56:38.458177 SRS_SR830 resp  : '0.000103761' 
2023-06-06 17:56:38.458177 SRS_SR830 query : 'SENS?' 
2023-06-06 17:56:38.496050 SRS_SR830 resp  : '14' 
2023-06-06 17:56:38.496050 SRS_SR830 query : 'ISRC?' 
2023-06-06 17:56:38.532098 SRS_SR830 resp  : '1' 
2023-06-06 17:56:38.533107 SRS_SR830 query : 'SENS?' 
2023-06-06 17:56:38.570370 SRS_SR830 resp  : '14' 
2023-06-06 17:56:38.571357 SRS_SR830 write : 'SENS 15' 
2023-06-06 17:56:38.573320 SRS_SR830 query : 'OUTP? 2' 
2023-06-06 17:56:38.924272 SRS_SR830 resp  : '-0.000218445' 
2023-06-06 17:56:38.924873 SRS_SR830 query : 'SENS?' 
2023-06-06 17:56:38.962335 SRS_SR830 resp  : '15' 
2023-06-06 17:56:38.964338 SRS_SR830 query : 'ISRC?' 
2023-06-06 17:56:38.999199 SRS_SR830 resp  : '1' 
2023-06-06 17:56:39.047073 KEPCO BOP 50-8D write : 'CURR 0.1783' 
2023-06-06 17:56:39.555686 SRS_SR830 query : 'OUTP? 1' 
2023-06-06 17:56:39.611834 SRS_SR830 resp  : '0.00015086' 
2023-06-06 17:56:39.612828 SRS_SR830 query : 'SENS?' 
2023-06-06 17:56:39.651297 SRS_SR830 resp  : '15' 
2023-06-06 17:56:39.652308 SRS_SR830 query : 'ISRC?' 
2023-06-06 17:56:39.687816 SRS_SR830 resp  : '1' 
2023-06-06 17:56:39.688813 SRS_SR830 query : 'OUTP? 2' 
2023-06-06 17:56:39.747017 SRS_SR830 resp  : '-0.000218445' 
2023-06-06 17:56:39.748023 SRS_SR830 query : 'SENS?' 
2023-06-06 17:56:39.787029 SRS_SR830 resp  : '15' 
2023-06-06 17:56:39.788038 SRS_SR830 query : 'ISRC?' 
2023-06-06 17:56:39.824054 SRS_SR830 resp  : '1' 
2023-06-06 17:56:39.900843 KEPCO BOP 50-8D write : 'CURR 0.1809' 
2023-06-06 17:56:40.408085 SRS_SR830 query : 'OUTP? 1' 
2023-06-06 17:56:40.466766 SRS_SR830 resp  : '0.000134365' 
2023-06-06 17:56:40.467770 SRS_SR830 query : 'SENS?' 
2023-06-06 17:56:40.506020 SRS_SR830 resp  : '15' 
2023-06-06 17:56:40.507016 SRS_SR830 query : 'ISRC?' 
2023-06-06 17:56:40.543089 SRS_SR830 resp  : '1' 
2023-06-06 17:56:40.544061 SRS_SR830 query : 'OUTP? 2' 
2023-06-06 17:56:40.603282 SRS_SR830 resp  : '-0.000218445' 
2023-06-06 17:56:40.604290 SRS_SR830 query : 'SENS?' 
2023-06-06 17:56:40.649353 SRS_SR830 resp  : '15' 
2023-06-06 17:56:40.649353 SRS_SR830 query : 'ISRC?' 
2023-06-06 17:56:40.685843 SRS_SR830 resp  : '1' 
2023-06-06 17:56:40.759685 KEPCO BOP 50-8D write : 'CURR 0.1834' 
2023-06-06 17:56:41.273580 SRS_SR830 query : 'OUTP? 1' 
2023-06-06 17:56:41.330923 SRS_SR830 resp  : '0.000128643' 
2023-06-06 17:56:41.331890 SRS_SR830 query : 'SENS?' 
2023-06-06 17:56:41.369260 SRS_SR830 resp  : '15' 
2023-06-06 17:56:41.370261 SRS_SR830 query : 'ISRC?' 
2023-06-06 17:56:41.406935 SRS_SR830 resp  : '1' 
2023-06-06 17:56:41.406935 SRS_SR830 query : 'OUTP? 2' 
2023-06-06 17:56:41.464133 SRS_SR830 resp  : '-0.000218445' 
2023-06-06 17:56:41.465133 SRS_SR830 query : 'SENS?' 
2023-06-06 17:56:41.503048 SRS_SR830 resp  : '15' 
2023-06-06 17:56:41.504053 SRS_SR830 query : 'ISRC?' 
2023-06-06 17:56:41.541468 SRS_SR830 resp  : '1' 
2023-06-06 17:56:41.607283 KEPCO BOP 50-8D write : 'CURR 0.1860' 
2023-06-06 17:56:42.119738 SRS_SR830 query : 'OUTP? 1' 
2023-06-06 17:56:42.176325 SRS_SR830 resp  : '0.000122317' 
2023-06-06 17:56:42.178328 SRS_SR830 query : 'SENS?' 
2023-06-06 17:56:42.216150 SRS_SR830 resp  : '15' 
2023-06-06 17:56:42.218153 SRS_SR830 query : 'ISRC?' 
2023-06-06 17:56:42.253520 SRS_SR830 resp  : '1' 
2023-06-06 17:56:42.255522 SRS_SR830 query : 'OUTP? 2' 
2023-06-06 17:56:42.319352 SRS_SR830 resp  : '-0.000218445' 
2023-06-06 17:56:42.320347 SRS_SR830 query : 'SENS?' 
2023-06-06 17:56:42.358951 SRS_SR830 resp  : '15' 
2023-06-06 17:56:42.359946 SRS_SR830 query : 'ISRC?' 
2023-06-06 17:56:42.396061 SRS_SR830 resp  : '1' 
2023-06-06 17:56:42.464869 KEPCO BOP 50-8D write : 'CURR 0.1886' 
2023-06-06 17:56:42.979351 SRS_SR830 query : 'OUTP? 1' 
2023-06-06 17:56:43.036950 SRS_SR830 resp  : '0.000108853' 
2023-06-06 17:56:43.037947 SRS_SR830 query : 'SENS?' 
2023-06-06 17:56:43.074843 SRS_SR830 resp  : '15' 
2023-06-06 17:56:43.075882 SRS_SR830 query : 'ISRC?' 
2023-06-06 17:56:43.112902 SRS_SR830 resp  : '1' 
2023-06-06 17:56:43.113896 SRS_SR830 query : 'OUTP? 2' 
2023-06-06 17:56:43.171970 SRS_SR830 resp  : '-0.000218445' 
2023-06-06 17:56:43.172984 SRS_SR830 query : 'SENS?' 
2023-06-06 17:56:43.210383 SRS_SR830 resp  : '15' 
2023-06-06 17:56:43.211393 SRS_SR830 query : 'ISRC?' 
2023-06-06 17:56:43.248020 SRS_SR830 resp  : '1' 
2023-06-06 17:56:43.292926 KEPCO BOP 50-8D write : 'CURR 0.1911' 
2023-06-06 17:56:43.805054 SRS_SR830 query : 'OUTP? 1' 
2023-06-06 17:56:43.862747 SRS_SR830 resp  : '9.14861e-005' 
2023-06-06 17:56:43.863742 SRS_SR830 query : 'SENS?' 
2023-06-06 17:56:43.901059 SRS_SR830 resp  : '15' 
2023-06-06 17:56:43.902068 SRS_SR830 query : 'ISRC?' 
2023-06-06 17:56:43.938167 SRS_SR830 resp  : '1' 
2023-06-06 17:56:43.939165 SRS_SR830 query : 'OUTP? 2' 
2023-06-06 17:56:43.998130 SRS_SR830 resp  : '-0.000205987' 
2023-06-06 17:56:43.999081 SRS_SR830 query : 'SENS?' 
2023-06-06 17:56:44.037392 SRS_SR830 resp  : '15' 
2023-06-06 17:56:44.038343 SRS_SR830 query : 'ISRC?' 
2023-06-06 17:56:44.073362 SRS_SR830 resp  : '1' 
2023-06-06 17:56:44.136190 KEPCO BOP 50-8D write : 'CURR 0.1937' 
2023-06-06 17:56:44.639057 SRS_SR830 query : 'OUTP? 1' 
2023-06-06 17:56:44.697871 SRS_SR830 resp  : '7.17421e-005' 
2023-06-06 17:56:44.698865 SRS_SR830 query : 'SENS?' 
2023-06-06 17:56:44.736677 SRS_SR830 resp  : '15' 
2023-06-06 17:56:44.737685 SRS_SR830 query : 'ISRC?' 
2023-06-06 17:56:44.773468 SRS_SR830 resp  : '1' 
2023-06-06 17:56:44.775464 SRS_SR830 query : 'OUTP? 2' 
2023-06-06 17:56:44.834326 SRS_SR830 resp  : '-0.000178822' 
2023-06-06 17:56:44.835289 SRS_SR830 query : 'SENS?' 
2023-06-06 17:56:44.872640 SRS_SR830 resp  : '15' 
2023-06-06 17:56:44.873637 SRS_SR830 query : 'ISRC?' 
2023-06-06 17:56:44.911105 SRS_SR830 resp  : '1' 
2023-06-06 17:56:44.974925 KEPCO BOP 50-8D write : 'CURR 0.1963' 
2023-06-06 17:56:45.488265 SRS_SR830 query : 'OUTP? 1' 
2023-06-06 17:56:45.546474 SRS_SR830 resp  : '4.98074e-005' 
2023-06-06 17:56:45.547469 SRS_SR830 query : 'SENS?' 
2023-06-06 17:56:45.586551 SRS_SR830 resp  : '15' 
2023-06-06 17:56:45.587546 SRS_SR830 query : 'ISRC?' 
2023-06-06 17:56:45.623449 SRS_SR830 resp  : '1' 
2023-06-06 17:56:45.625455 SRS_SR830 query : 'OUTP? 2' 
2023-06-06 17:56:45.683289 SRS_SR830 resp  : '-0.000150637' 
2023-06-06 17:56:45.685292 SRS_SR830 query : 'SENS?' 
2023-06-06 17:56:45.723443 SRS_SR830 resp  : '15' 
2023-06-06 17:56:45.724437 SRS_SR830 query : 'ISRC?' 
2023-06-06 17:56:45.759446 SRS_SR830 resp  : '1' 
2023-06-06 17:56:45.814297 KEPCO BOP 50-8D write : 'CURR 0.1988' 
2023-06-06 17:56:46.328155 SRS_SR830 query : 'OUTP? 1' 
2023-06-06 17:56:46.385339 SRS_SR830 resp  : '3.11362e-005' 
2023-06-06 17:56:46.386287 SRS_SR830 query : 'SENS?' 
2023-06-06 17:56:46.424874 SRS_SR830 resp  : '15' 
2023-06-06 17:56:46.425881 SRS_SR830 query : 'ISRC?' 
2023-06-06 17:56:46.462123 SRS_SR830 resp  : '1' 
2023-06-06 17:56:46.463071 SRS_SR830 query : 'OUTP? 2' 
2023-06-06 17:56:46.520307 SRS_SR830 resp  : '-0.000125923' 
2023-06-06 17:56:46.520307 SRS_SR830 query : 'SENS?' 
2023-06-06 17:56:46.557667 SRS_SR830 resp  : '15' 
2023-06-06 17:56:46.558671 SRS_SR830 query : 'ISRC?' 
2023-06-06 17:56:46.595750 SRS_SR830 resp  : '1' 
2023-06-06 17:56:46.659546 KEPCO BOP 50-8D write : 'CURR 0.2014' 
2023-06-06 17:56:47.174262 SRS_SR830 query : 'OUTP? 1' 
2023-06-06 17:56:47.230811 SRS_SR830 resp  : '1.47746e-005' 
2023-06-06 17:56:47.230811 SRS_SR830 query : 'SENS?' 
2023-06-06 17:56:47.269065 SRS_SR830 resp  : '15' 
2023-06-06 17:56:47.270071 SRS_SR830 query : 'ISRC?' 
2023-06-06 17:56:47.306675 SRS_SR830 resp  : '1' 
2023-06-06 17:56:47.307686 SRS_SR830 query : 'OUTP? 2' 
2023-06-06 17:56:47.364727 SRS_SR830 resp  : '-0.000105441' 
2023-06-06 17:56:47.364727 SRS_SR830 query : 'SENS?' 
2023-06-06 17:56:47.402365 SRS_SR830 resp  : '15' 
2023-06-06 17:56:47.403372 SRS_SR830 query : 'ISRC?' 
2023-06-06 17:56:47.440545 SRS_SR830 resp  : '1' 
2023-06-06 17:56:47.482469 KEPCO BOP 50-8D write : 'CURR 0.2040' 
2023-06-06 17:56:47.989537 SRS_SR830 query : 'OUTP? 1' 
2023-06-06 17:56:48.047883 SRS_SR830 resp  : '1.8701e-006' 
2023-06-06 17:56:48.047883 SRS_SR830 query : 'SENS?' 
2023-06-06 17:56:48.084915 SRS_SR830 resp  : '15' 
2023-06-06 17:56:48.084915 SRS_SR830 query : 'ISRC?' 
2023-06-06 17:56:48.122819 SRS_SR830 resp  : '1' 
2023-06-06 17:56:48.123822 SRS_SR830 query : 'OUTP? 2' 
2023-06-06 17:56:48.179273 SRS_SR830 resp  : '-8.864e-005' 
2023-06-06 17:56:48.180268 SRS_SR830 query : 'SENS?' 
2023-06-06 17:56:48.217396 SRS_SR830 resp  : '15' 
2023-06-06 17:56:48.218394 SRS_SR830 query : 'ISRC?' 
2023-06-06 17:56:48.254478 SRS_SR830 resp  : '1' 
2023-06-06 17:56:48.296399 KEPCO BOP 50-8D write : 'CURR 0.2065' 
2023-06-06 17:56:48.813308 SRS_SR830 query : 'OUTP? 1' 
2023-06-06 17:56:48.871848 SRS_SR830 resp  : '-8.9333e-006' 
2023-06-06 17:56:48.872844 SRS_SR830 query : 'SENS?' 
2023-06-06 17:56:48.917478 SRS_SR830 resp  : '15' 
2023-06-06 17:56:48.918481 SRS_SR830 query : 'ISRC?' 
2023-06-06 17:56:48.953844 SRS_SR830 resp  : '1' 
2023-06-06 17:56:48.954838 SRS_SR830 query : 'OUTP? 2' 
2023-06-06 17:56:49.013055 SRS_SR830 resp  : '-7.50055e-005' 
2023-06-06 17:56:49.013055 SRS_SR830 query : 'SENS?' 
2023-06-06 17:56:49.052348 SRS_SR830 resp  : '15' 
2023-06-06 17:56:49.053342 SRS_SR830 query : 'ISRC?' 
2023-06-06 17:56:49.088863 SRS_SR830 resp  : '1' 
2023-06-06 17:56:49.155681 KEPCO BOP 50-8D write : 'CURR 0.2091' 
2023-06-06 17:56:49.661674 SRS_SR830 query : 'OUTP? 1' 
2023-06-06 17:56:49.721281 SRS_SR830 resp  : '-1.65479e-005' 
2023-06-06 17:56:49.722274 SRS_SR830 query : 'SENS?' 
2023-06-06 17:56:49.761011 SRS_SR830 resp  : '15' 
2023-06-06 17:56:49.761973 SRS_SR830 query : 'ISRC?' 
2023-06-06 17:56:49.796941 SRS_SR830 resp  : '1' 
2023-06-06 17:56:49.798945 SRS_SR830 query : 'OUTP? 2' 
2023-06-06 17:56:49.856801 SRS_SR830 resp  : '-6.54091e-005' 
2023-06-06 17:56:49.857798 SRS_SR830 query : 'SENS?' 
2023-06-06 17:56:49.897093 SRS_SR830 resp  : '15' 
2023-06-06 17:56:49.898057 SRS_SR830 query : 'ISRC?' 
2023-06-06 17:56:49.934444 SRS_SR830 resp  : '1' 
2023-06-06 17:56:50.000225 KEPCO BOP 50-8D write : 'CURR 0.2117' 
2023-06-06 17:56:50.510076 SRS_SR830 query : 'OUTP? 1' 
2023-06-06 17:56:50.570119 SRS_SR830 resp  : '-2.19495e-005' 
2023-06-06 17:56:50.571116 SRS_SR830 query : 'SENS?' 
2023-06-06 17:56:50.609094 SRS_SR830 resp  : '15' 
2023-06-06 17:56:50.610045 SRS_SR830 query : 'ISRC?' 
2023-06-06 17:56:50.647020 SRS_SR830 resp  : '1' 
2023-06-06 17:56:50.648034 SRS_SR830 query : 'OUTP? 2' 
2023-06-06 17:56:50.707723 SRS_SR830 resp  : '-5.73399e-005' 
2023-06-06 17:56:50.708715 SRS_SR830 query : 'SENS?' 
2023-06-06 17:56:50.745784 SRS_SR830 resp  : '15' 
2023-06-06 17:56:50.745784 SRS_SR830 query : 'ISRC?' 
2023-06-06 17:56:50.780236 SRS_SR830 resp  : '1' 
2023-06-06 17:56:50.824090 KEPCO BOP 50-8D write : 'CURR 0.2143' 
2023-06-06 17:56:51.332092 SRS_SR830 query : 'OUTP? 1' 
2023-06-06 17:56:51.390659 SRS_SR830 resp  : '-2.64944e-005' 
2023-06-06 17:56:51.392651 SRS_SR830 query : 'SENS?' 
2023-06-06 17:56:51.431077 SRS_SR830 resp  : '15' 
2023-06-06 17:56:51.432042 SRS_SR830 query : 'ISRC?' 
2023-06-06 17:56:51.469150 SRS_SR830 resp  : '1' 
2023-06-06 17:56:51.470110 SRS_SR830 query : 'OUTP? 2' 
2023-06-06 17:56:51.527451 SRS_SR830 resp  : '-5.21915e-005' 
2023-06-06 17:56:51.528446 SRS_SR830 query : 'SENS?' 
2023-06-06 17:56:51.566502 SRS_SR830 resp  : '15' 
2023-06-06 17:56:51.567452 SRS_SR830 query : 'ISRC?' 
2023-06-06 17:56:51.603457 SRS_SR830 resp  : '1' 
2023-06-06 17:56:51.661339 KEPCO BOP 50-8D write : 'CURR 0.2168' 
2023-06-06 17:56:52.176204 SRS_SR830 query : 'OUTP? 1' 
2023-06-06 17:56:52.233520 SRS_SR830 resp  : '-3.0473e-005' 
2023-06-06 17:56:52.233520 SRS_SR830 query : 'SENS?' 
2023-06-06 17:56:52.271125 SRS_SR830 resp  : '15' 
2023-06-06 17:56:52.271125 SRS_SR830 query : 'ISRC?' 
2023-06-06 17:56:52.307917 SRS_SR830 resp  : '1' 
2023-06-06 17:56:52.309920 SRS_SR830 query : 'OUTP? 2' 
2023-06-06 17:56:52.369362 SRS_SR830 resp  : '-4.80118e-005' 
2023-06-06 17:56:52.370358 SRS_SR830 query : 'SENS?' 
2023-06-06 17:56:52.406859 SRS_SR830 resp  : '15' 
2023-06-06 17:56:52.408862 SRS_SR830 query : 'ISRC?' 
2023-06-06 17:56:52.444616 SRS_SR830 resp  : '1' 
2023-06-06 17:56:52.506437 KEPCO BOP 50-8D write : 'CURR 0.2194' 
2023-06-06 17:56:53.020706 SRS_SR830 query : 'OUTP? 1' 
2023-06-06 17:56:53.078185 SRS_SR830 resp  : '-3.29765e-005' 
2023-06-06 17:56:53.080188 SRS_SR830 query : 'SENS?' 
2023-06-06 17:56:53.118302 SRS_SR830 resp  : '15' 
2023-06-06 17:56:53.118302 SRS_SR830 query : 'ISRC?' 
2023-06-06 17:56:53.154881 SRS_SR830 resp  : '1' 
2023-06-06 17:56:53.155931 SRS_SR830 query : 'OUTP? 2' 
2023-06-06 17:56:53.215495 SRS_SR830 resp  : '-4.49123e-005' 
2023-06-06 17:56:53.216492 SRS_SR830 query : 'SENS?' 
2023-06-06 17:56:53.254721 SRS_SR830 resp  : '15' 
2023-06-06 17:56:53.255715 SRS_SR830 query : 'ISRC?' 
2023-06-06 17:56:53.291499 SRS_SR830 resp  : '1' 
2023-06-06 17:56:53.342364 KEPCO BOP 50-8D write : 'CURR 0.2220' 
2023-06-06 17:56:53.859571 SRS_SR830 query : 'OUTP? 1' 
2023-06-06 17:56:53.918384 SRS_SR830 resp  : '-3.47572e-005' 
2023-06-06 17:56:53.919411 SRS_SR830 query : 'SENS?' 
2023-06-06 17:56:53.956282 SRS_SR830 resp  : '15' 
2023-06-06 17:56:53.956282 SRS_SR830 query : 'ISRC?' 
2023-06-06 17:56:53.991221 SRS_SR830 resp  : '1' 
2023-06-06 17:56:53.991221 SRS_SR830 query : 'OUTP? 2' 
2023-06-06 17:56:54.048069 SRS_SR830 resp  : '-4.2096e-005' 
2023-06-06 17:56:54.048069 SRS_SR830 query : 'SENS?' 
2023-06-06 17:56:54.084939 SRS_SR830 resp  : '15' 
2023-06-06 17:56:54.085936 SRS_SR830 query : 'ISRC?' 
2023-06-06 17:56:54.120843 SRS_SR830 resp  : '1' 
2023-06-06 17:56:54.162730 KEPCO BOP 50-8D write : 'CURR 0.2245' 
2023-06-06 17:56:54.670373 SRS_SR830 query : 'OUTP? 1' 
2023-06-06 17:56:54.728218 SRS_SR830 resp  : '-3.57258e-005' 
2023-06-06 17:56:54.728218 SRS_SR830 query : 'SENS?' 
2023-06-06 17:56:54.764154 SRS_SR830 resp  : '15' 
2023-06-06 17:56:54.765119 SRS_SR830 query : 'ISRC?' 
2023-06-06 17:56:54.801023 SRS_SR830 resp  : '1' 
2023-06-06 17:56:54.801023 SRS_SR830 query : 'OUTP? 2' 
2023-06-06 17:56:54.857901 SRS_SR830 resp  : '-4.03451e-005' 
2023-06-06 17:56:54.857901 SRS_SR830 query : 'SENS?' 
2023-06-06 17:56:54.894801 SRS_SR830 resp  : '15' 
2023-06-06 17:56:54.895770 SRS_SR830 query : 'ISRC?' 
2023-06-06 17:56:54.930677 SRS_SR830 resp  : '1' 
2023-06-06 17:56:54.974561 KEPCO BOP 50-8D write : 'CURR 0.2271' 
2023-06-06 17:56:55.490826 SRS_SR830 query : 'OUTP? 1' 
2023-06-06 17:56:55.549511 SRS_SR830 resp  : '-3.69253e-005' 
2023-06-06 17:56:55.550468 SRS_SR830 query : 'SENS?' 
2023-06-06 17:56:55.588875 SRS_SR830 resp  : '15' 
2023-06-06 17:56:55.590878 SRS_SR830 query : 'ISRC?' 
2023-06-06 17:56:55.627877 SRS_SR830 resp  : '1' 
2023-06-06 17:56:55.628874 SRS_SR830 query : 'OUTP? 2' 
2023-06-06 17:56:55.686430 SRS_SR830 resp  : '-3.90264e-005' 
2023-06-06 17:56:55.687434 SRS_SR830 query : 'SENS?' 
2023-06-06 17:56:55.724451 SRS_SR830 resp  : '15' 
2023-06-06 17:56:55.725461 SRS_SR830 query : 'ISRC?' 
2023-06-06 17:56:55.762175 SRS_SR830 resp  : '1' 
2023-06-06 17:56:55.826999 KEPCO BOP 50-8D write : 'CURR 0.2297' 
2023-06-06 17:56:56.342267 SRS_SR830 query : 'OUTP? 1' 
2023-06-06 17:56:56.403198 SRS_SR830 resp  : '-3.88401e-005' 
2023-06-06 17:56:56.404193 SRS_SR830 query : 'SENS?' 
2023-06-06 17:56:56.441786 SRS_SR830 resp  : '15' 
2023-06-06 17:56:56.443789 SRS_SR830 query : 'ISRC?' 
2023-06-06 17:56:56.480618 SRS_SR830 resp  : '1' 
2023-06-06 17:56:56.480618 SRS_SR830 query : 'OUTP? 2' 
2023-06-06 17:56:56.540429 SRS_SR830 resp  : '-3.81323e-005' 
2023-06-06 17:56:56.541424 SRS_SR830 query : 'SENS?' 
2023-06-06 17:56:56.579050 SRS_SR830 resp  : '15' 
2023-06-06 17:56:56.580045 SRS_SR830 query : 'ISRC?' 
2023-06-06 17:56:56.617091 SRS_SR830 resp  : '1' 
2023-06-06 17:56:56.677927 KEPCO BOP 50-8D write : 'CURR 0.2322' 
2023-06-06 17:56:57.186399 SRS_SR830 query : 'OUTP? 1' 
2023-06-06 17:56:57.244957 SRS_SR830 resp  : '-3.96522e-005' 
2023-06-06 17:56:57.244957 SRS_SR830 query : 'SENS?' 
2023-06-06 17:56:57.282307 SRS_SR830 resp  : '15' 
2023-06-06 17:56:57.282307 SRS_SR830 query : 'ISRC?' 
2023-06-06 17:56:57.318220 SRS_SR830 resp  : '1' 
2023-06-06 17:56:57.319225 SRS_SR830 query : 'OUTP? 2' 
2023-06-06 17:56:57.379273 SRS_SR830 resp  : '-3.68657e-005' 
2023-06-06 17:56:57.380235 SRS_SR830 query : 'SENS?' 
2023-06-06 17:56:57.418262 SRS_SR830 resp  : '15' 
2023-06-06 17:56:57.418262 SRS_SR830 query : 'ISRC?' 
2023-06-06 17:56:57.454680 SRS_SR830 resp  : '1' 
2023-06-06 17:56:57.518499 KEPCO BOP 50-8D write : 'CURR 0.2348' 
2023-06-06 17:56:58.033930 SRS_SR830 query : 'OUTP? 1' 
2023-06-06 17:56:58.092656 SRS_SR830 resp  : '-4.02185e-005' 
2023-06-06 17:56:58.093650 SRS_SR830 query : 'SENS?' 
2023-06-06 17:56:58.131469 SRS_SR830 resp  : '15' 
2023-06-06 17:56:58.132116 SRS_SR830 query : 'ISRC?' 
2023-06-06 17:56:58.167297 SRS_SR830 resp  : '1' 
2023-06-06 17:56:58.168295 SRS_SR830 query : 'OUTP? 2' 
2023-06-06 17:56:58.226032 SRS_SR830 resp  : '-3.56513e-005' 
2023-06-06 17:56:58.228025 SRS_SR830 query : 'SENS?' 
2023-06-06 17:56:58.266057 SRS_SR830 resp  : '15' 
2023-06-06 17:56:58.267054 SRS_SR830 query : 'ISRC?' 
2023-06-06 17:56:58.306247 SRS_SR830 resp  : '1' 
2023-06-06 17:56:58.372075 KEPCO BOP 50-8D write : 'CURR 0.2374' 
2023-06-06 17:56:58.884333 SRS_SR830 query : 'OUTP? 1' 
2023-06-06 17:56:58.943128 SRS_SR830 resp  : '-4.0889e-005' 
2023-06-06 17:56:58.944121 SRS_SR830 query : 'SENS?' 
2023-06-06 17:56:58.981665 SRS_SR830 resp  : '15' 
2023-06-06 17:56:58.982661 SRS_SR830 query : 'ISRC?' 
2023-06-06 17:56:59.018079 SRS_SR830 resp  : '1' 
2023-06-06 17:56:59.020083 SRS_SR830 query : 'OUTP? 2' 
2023-06-06 17:56:59.077931 SRS_SR830 resp  : '-3.5465e-005' 
2023-06-06 17:56:59.078934 SRS_SR830 query : 'SENS?' 
2023-06-06 17:56:59.116887 SRS_SR830 resp  : '15' 
2023-06-06 17:56:59.117882 SRS_SR830 query : 'ISRC?' 
2023-06-06 17:56:59.154859 SRS_SR830 resp  : '1' 
2023-06-06 17:56:59.212734 KEPCO BOP 50-8D write : 'CURR 0.2399' 
2023-06-06 17:56:59.719394 SRS_SR830 query : 'OUTP? 1' 
2023-06-06 17:56:59.779316 SRS_SR830 resp  : '-4.05761e-005' 
2023-06-06 17:56:59.780328 SRS_SR830 query : 'SENS?' 
2023-06-06 17:56:59.817929 SRS_SR830 resp  : '15' 
2023-06-06 17:56:59.819930 SRS_SR830 query : 'ISRC?' 
2023-06-06 17:56:59.855232 SRS_SR830 resp  : '1' 
2023-06-06 17:56:59.856224 SRS_SR830 query : 'OUTP? 2' 
2023-06-06 17:56:59.914876 SRS_SR830 resp  : '-3.54724e-005' 
2023-06-06 17:56:59.915919 SRS_SR830 query : 'SENS?' 
2023-06-06 17:56:59.953574 SRS_SR830 resp  : '15' 
2023-06-06 17:56:59.954579 SRS_SR830 query : 'ISRC?' 
2023-06-06 17:56:59.990922 SRS_SR830 resp  : '1' 
2023-06-06 17:57:00.053748 KEPCO BOP 50-8D write : 'CURR 0.2425' 
2023-06-06 17:57:00.563702 SRS_SR830 query : 'OUTP? 1' 
2023-06-06 17:57:00.622488 SRS_SR830 resp  : '-4.08667e-005' 
2023-06-06 17:57:00.624489 SRS_SR830 query : 'SENS?' 
2023-06-06 17:57:00.661994 SRS_SR830 resp  : '15' 
2023-06-06 17:57:00.662992 SRS_SR830 query : 'ISRC?' 
2023-06-06 17:57:00.699803 SRS_SR830 resp  : '1' 
2023-06-06 17:57:00.700764 SRS_SR830 query : 'OUTP? 2' 
2023-06-06 17:57:00.758663 SRS_SR830 resp  : '-3.43921e-005' 
2023-06-06 17:57:00.759657 SRS_SR830 query : 'SENS?' 
2023-06-06 17:57:00.797358 SRS_SR830 resp  : '15' 
2023-06-06 17:57:00.798352 SRS_SR830 query : 'ISRC?' 
2023-06-06 17:57:00.833825 SRS_SR830 resp  : '1' 
2023-06-06 17:57:00.896655 KEPCO BOP 50-8D write : 'CURR 0.2451' 
2023-06-06 17:57:01.400163 SRS_SR830 query : 'OUTP? 1' 
2023-06-06 17:57:01.458538 SRS_SR830 resp  : '-4.1798e-005' 
2023-06-06 17:57:01.459543 SRS_SR830 query : 'SENS?' 
2023-06-06 17:57:01.496806 SRS_SR830 resp  : '15' 
2023-06-06 17:57:01.497812 SRS_SR830 query : 'ISRC?' 
2023-06-06 17:57:01.534920 SRS_SR830 resp  : '1' 
2023-06-06 17:57:01.535884 SRS_SR830 query : 'OUTP? 2' 
2023-06-06 17:57:01.594059 SRS_SR830 resp  : '-3.35725e-005' 
2023-06-06 17:57:01.595116 SRS_SR830 query : 'SENS?' 
2023-06-06 17:57:01.634600 SRS_SR830 resp  : '15' 
2023-06-06 17:57:01.635594 SRS_SR830 query : 'ISRC?' 
2023-06-06 17:57:01.671201 SRS_SR830 resp  : '1' 
2023-06-06 17:57:01.731045 KEPCO BOP 50-8D write : 'CURR 0.2476' 
2023-06-06 17:57:02.239760 SRS_SR830 query : 'OUTP? 1' 
2023-06-06 17:57:02.299505 SRS_SR830 resp  : '-4.18576e-005' 
2023-06-06 17:57:02.300503 SRS_SR830 query : 'SENS?' 
2023-06-06 17:57:02.338378 SRS_SR830 resp  : '15' 
2023-06-06 17:57:02.340381 SRS_SR830 query : 'ISRC?' 
2023-06-06 17:57:02.376944 SRS_SR830 resp  : '1' 
2023-06-06 17:57:02.377906 SRS_SR830 query : 'OUTP? 2' 
2023-06-06 17:57:02.435117 SRS_SR830 resp  : '-3.35949e-005' 
2023-06-06 17:57:02.436120 SRS_SR830 query : 'SENS?' 
2023-06-06 17:57:02.472926 SRS_SR830 resp  : '15' 
2023-06-06 17:57:02.473929 SRS_SR830 query : 'ISRC?' 
2023-06-06 17:57:02.510072 SRS_SR830 resp  : '1' 
2023-06-06 17:57:02.571865 KEPCO BOP 50-8D write : 'CURR 0.2502' 
2023-06-06 17:57:03.075070 SRS_SR830 query : 'OUTP? 1' 
2023-06-06 17:57:03.133233 SRS_SR830 resp  : '-4.19768e-005' 
2023-06-06 17:57:03.134228 SRS_SR830 query : 'SENS?' 
2023-06-06 17:57:03.172721 SRS_SR830 resp  : '15' 
2023-06-06 17:57:03.172721 SRS_SR830 query : 'ISRC?' 
2023-06-06 17:57:03.209387 SRS_SR830 resp  : '1' 
2023-06-06 17:57:03.210428 SRS_SR830 query : 'OUTP? 2' 
2023-06-06 17:57:03.269230 SRS_SR830 resp  : '-3.27753e-005' 
2023-06-06 17:57:03.271176 SRS_SR830 query : 'SENS?' 
2023-06-06 17:57:03.309758 SRS_SR830 resp  : '15' 
2023-06-06 17:57:03.310725 SRS_SR830 query : 'ISRC?' 
2023-06-06 17:57:03.347237 SRS_SR830 resp  : '1' 
2023-06-06 17:57:03.415016 KEPCO BOP 50-8D write : 'CURR 0.2528' 
2023-06-06 17:57:03.919743 SRS_SR830 query : 'OUTP? 1' 
2023-06-06 17:57:03.978105 SRS_SR830 resp  : '-4.2856e-005' 
2023-06-06 17:57:03.979055 SRS_SR830 query : 'SENS?' 
2023-06-06 17:57:04.017241 SRS_SR830 resp  : '15' 
2023-06-06 17:57:04.019243 SRS_SR830 query : 'ISRC?' 
2023-06-06 17:57:04.055456 SRS_SR830 resp  : '1' 
2023-06-06 17:57:04.056406 SRS_SR830 query : 'OUTP? 2' 
2023-06-06 17:57:04.114881 SRS_SR830 resp  : '-3.28871e-005' 
2023-06-06 17:57:04.115888 SRS_SR830 query : 'SENS?' 
2023-06-06 17:57:04.154359 SRS_SR830 resp  : '15' 
2023-06-06 17:57:04.155357 SRS_SR830 query : 'ISRC?' 
2023-06-06 17:57:04.192203 SRS_SR830 resp  : '1' 
2023-06-06 17:57:04.257058 KEPCO BOP 50-8D write : 'CURR 0.2553' 
2023-06-06 17:57:04.768462 SRS_SR830 query : 'OUTP? 1' 
2023-06-06 17:57:04.854929 SRS_SR830 resp  : '-4.2476e-005' 
2023-06-06 17:57:04.855932 SRS_SR830 query : 'SENS?' 
2023-06-06 17:57:04.892328 SRS_SR830 resp  : '15' 
2023-06-06 17:57:04.893330 SRS_SR830 query : 'ISRC?' 
2023-06-06 17:57:04.929691 SRS_SR830 resp  : '1' 
2023-06-06 17:57:04.930691 SRS_SR830 query : 'OUTP? 2' 
2023-06-06 17:57:04.989258 SRS_SR830 resp  : '-3.25965e-005' 
2023-06-06 17:57:04.990252 SRS_SR830 query : 'SENS?' 
2023-06-06 17:57:05.028442 SRS_SR830 resp  : '15' 
2023-06-06 17:57:05.029408 SRS_SR830 query : 'ISRC?' 
2023-06-06 17:57:05.065088 SRS_SR830 resp  : '1' 
2023-06-06 17:57:05.111997 KEPCO BOP 50-8D write : 'CURR 0.2579' 
2023-06-06 17:57:05.618255 SRS_SR830 query : 'OUTP? 1' 
2023-06-06 17:57:05.678012 SRS_SR830 resp  : '-4.26995e-005' 
2023-06-06 17:57:05.678012 SRS_SR830 query : 'SENS?' 
2023-06-06 17:57:05.714915 SRS_SR830 resp  : '15' 
2023-06-06 17:57:05.715907 SRS_SR830 query : 'ISRC?' 
2023-06-06 17:57:05.751815 SRS_SR830 resp  : '1' 
2023-06-06 17:57:05.753816 SRS_SR830 query : 'OUTP? 2' 
2023-06-06 17:57:05.812109 SRS_SR830 resp  : '-3.23283e-005' 
2023-06-06 17:57:05.814103 SRS_SR830 query : 'SENS?' 
2023-06-06 17:57:05.852495 SRS_SR830 resp  : '15' 
2023-06-06 17:57:05.853490 SRS_SR830 query : 'ISRC?' 
2023-06-06 17:57:05.889470 SRS_SR830 resp  : '1' 
2023-06-06 17:57:05.952280 KEPCO BOP 50-8D write : 'CURR 0.2605' 
2023-06-06 17:57:06.458267 SRS_SR830 query : 'OUTP? 1' 
2023-06-06 17:57:06.518280 SRS_SR830 resp  : '-4.32509e-005' 
2023-06-06 17:57:06.519290 SRS_SR830 query : 'SENS?' 
2023-06-06 17:57:06.555848 SRS_SR830 resp  : '15' 
2023-06-06 17:57:06.557850 SRS_SR830 query : 'ISRC?' 
2023-06-06 17:57:06.594076 SRS_SR830 resp  : '1' 
2023-06-06 17:57:06.595075 SRS_SR830 query : 'OUTP? 2' 
2023-06-06 17:57:06.654090 SRS_SR830 resp  : '-3.24103e-005' 
2023-06-06 17:57:06.654876 SRS_SR830 query : 'SENS?' 
2023-06-06 17:57:06.692969 SRS_SR830 resp  : '15' 
2023-06-06 17:57:06.693965 SRS_SR830 query : 'ISRC?' 
2023-06-06 17:57:06.729787 SRS_SR830 resp  : '1' 
2023-06-06 17:57:06.772704 KEPCO BOP 50-8D write : 'CURR 0.2630' 
2023-06-06 17:57:07.290224 SRS_SR830 query : 'OUTP? 1' 
2023-06-06 17:57:07.348993 SRS_SR830 resp  : '-4.33477e-005' 
2023-06-06 17:57:07.350985 SRS_SR830 query : 'SENS?' 
2023-06-06 17:57:07.388635 SRS_SR830 resp  : '15' 
2023-06-06 17:57:07.389645 SRS_SR830 query : 'ISRC?' 
2023-06-06 17:57:07.424879 SRS_SR830 resp  : '1' 
2023-06-06 17:57:07.425937 SRS_SR830 query : 'OUTP? 2' 
2023-06-06 17:57:07.485126 SRS_SR830 resp  : '-3.23656e-005' 
2023-06-06 17:57:07.486168 SRS_SR830 query : 'SENS?' 
2023-06-06 17:57:07.523186 SRS_SR830 resp  : '15' 
2023-06-06 17:57:07.525189 SRS_SR830 query : 'ISRC?' 
2023-06-06 17:57:07.562304 SRS_SR830 resp  : '1' 
2023-06-06 17:57:07.627124 KEPCO BOP 50-8D write : 'CURR 0.2656' 
2023-06-06 17:57:08.143193 SRS_SR830 query : 'OUTP? 1' 
2023-06-06 17:57:08.202157 SRS_SR830 resp  : '-4.32061e-005' 
2023-06-06 17:57:08.202157 SRS_SR830 query : 'SENS?' 
2023-06-06 17:57:08.240429 SRS_SR830 resp  : '15' 
2023-06-06 17:57:08.241405 SRS_SR830 query : 'ISRC?' 
2023-06-06 17:57:08.276699 SRS_SR830 resp  : '1' 
2023-06-06 17:57:08.276699 SRS_SR830 query : 'OUTP? 2' 
2023-06-06 17:57:08.335221 SRS_SR830 resp  : '-3.16801e-005' 
2023-06-06 17:57:08.336217 SRS_SR830 query : 'SENS?' 
2023-06-06 17:57:08.373274 SRS_SR830 resp  : '15' 
2023-06-06 17:57:08.374270 SRS_SR830 query : 'ISRC?' 
2023-06-06 17:57:08.410894 SRS_SR830 resp  : '1' 
2023-06-06 17:57:08.476698 KEPCO BOP 50-8D write : 'CURR 0.2682' 
2023-06-06 17:57:08.993087 SRS_SR830 query : 'OUTP? 1' 
2023-06-06 17:57:09.051472 SRS_SR830 resp  : '-4.29156e-005' 
2023-06-06 17:57:09.052475 SRS_SR830 query : 'SENS?' 
2023-06-06 17:57:09.090489 SRS_SR830 resp  : '15' 
2023-06-06 17:57:09.091486 SRS_SR830 query : 'ISRC?' 
2023-06-06 17:57:09.127902 SRS_SR830 resp  : '1' 
2023-06-06 17:57:09.128858 SRS_SR830 query : 'OUTP? 2' 
2023-06-06 17:57:09.186546 SRS_SR830 resp  : '-3.20526e-005' 
2023-06-06 17:57:09.187554 SRS_SR830 query : 'SENS?' 
2023-06-06 17:57:09.225851 SRS_SR830 resp  : '15' 
2023-06-06 17:57:09.227852 SRS_SR830 query : 'ISRC?' 
2023-06-06 17:57:09.263710 SRS_SR830 resp  : '1' 
2023-06-06 17:57:09.328569 KEPCO BOP 50-8D write : 'CURR 0.2707' 
2023-06-06 17:57:09.839672 SRS_SR830 query : 'OUTP? 1' 
2023-06-06 17:57:09.897608 SRS_SR830 resp  : '-4.26846e-005' 
2023-06-06 17:57:09.899611 SRS_SR830 query : 'SENS?' 
2023-06-06 17:57:09.937829 SRS_SR830 resp  : '15' 
2023-06-06 17:57:09.938825 SRS_SR830 query : 'ISRC?' 
2023-06-06 17:57:09.975385 SRS_SR830 resp  : '1' 
2023-06-06 17:57:09.976383 SRS_SR830 query : 'OUTP? 2' 
2023-06-06 17:57:10.035059 SRS_SR830 resp  : '-3.18813e-005' 
2023-06-06 17:57:10.036091 SRS_SR830 query : 'SENS?' 
2023-06-06 17:57:10.074003 SRS_SR830 resp  : '15' 
2023-06-06 17:57:10.075031 SRS_SR830 query : 'ISRC?' 
2023-06-06 17:57:10.110873 SRS_SR830 resp  : '1' 
2023-06-06 17:57:10.166758 KEPCO BOP 50-8D write : 'CURR 0.2733' 
2023-06-06 17:57:10.669346 SRS_SR830 query : 'OUTP? 1' 
2023-06-06 17:57:10.729776 SRS_SR830 resp  : '-4.50092e-005' 
2023-06-06 17:57:10.730795 SRS_SR830 query : 'SENS?' 
2023-06-06 17:57:10.768906 SRS_SR830 resp  : '15' 
2023-06-06 17:57:10.769915 SRS_SR830 query : 'ISRC?' 
2023-06-06 17:57:10.807419 SRS_SR830 resp  : '1' 
2023-06-06 17:57:10.808382 SRS_SR830 query : 'OUTP? 2' 
2023-06-06 17:57:10.866419 SRS_SR830 resp  : '-3.11139e-005' 
2023-06-06 17:57:10.867369 SRS_SR830 query : 'SENS?' 
2023-06-06 17:57:10.904844 SRS_SR830 resp  : '15' 
2023-06-06 17:57:10.905850 SRS_SR830 query : 'ISRC?' 
2023-06-06 17:57:10.942097 SRS_SR830 resp  : '1' 
2023-06-06 17:57:11.017931 KEPCO BOP 50-8D write : 'CURR 0.2759' 
2023-06-06 17:57:11.532245 SRS_SR830 query : 'OUTP? 1' 
2023-06-06 17:57:11.591148 SRS_SR830 resp  : '-4.37575e-005' 
2023-06-06 17:57:11.592144 SRS_SR830 query : 'SENS?' 
2023-06-06 17:57:11.630046 SRS_SR830 resp  : '15' 
2023-06-06 17:57:11.631043 SRS_SR830 query : 'ISRC?' 
2023-06-06 17:57:11.666800 SRS_SR830 resp  : '1' 
2023-06-06 17:57:11.668801 SRS_SR830 query : 'OUTP? 2' 
2023-06-06 17:57:11.727220 SRS_SR830 resp  : '-3.21942e-005' 
2023-06-06 17:57:11.728182 SRS_SR830 query : 'SENS?' 
2023-06-06 17:57:11.764837 SRS_SR830 resp  : '15' 
2023-06-06 17:57:11.765802 SRS_SR830 query : 'ISRC?' 
2023-06-06 17:57:11.802042 SRS_SR830 resp  : '1' 
2023-06-06 17:57:11.864870 KEPCO BOP 50-8D write : 'CURR 0.2784' 
2023-06-06 17:57:12.380342 SRS_SR830 query : 'OUTP? 1' 
2023-06-06 17:57:12.440242 SRS_SR830 resp  : '-4.32658e-005' 
2023-06-06 17:57:12.441238 SRS_SR830 query : 'SENS?' 
2023-06-06 17:57:12.478889 SRS_SR830 resp  : '15' 
2023-06-06 17:57:12.480892 SRS_SR830 query : 'ISRC?' 
2023-06-06 17:57:12.517509 SRS_SR830 resp  : '1' 
2023-06-06 17:57:12.518508 SRS_SR830 query : 'OUTP? 2' 
2023-06-06 17:57:12.578127 SRS_SR830 resp  : '-3.18589e-005' 
2023-06-06 17:57:12.579123 SRS_SR830 query : 'SENS?' 
2023-06-06 17:57:12.615920 SRS_SR830 resp  : '15' 
2023-06-06 17:57:12.616916 SRS_SR830 query : 'ISRC?' 
2023-06-06 17:57:12.653989 SRS_SR830 resp  : '1' 
2023-06-06 17:57:12.720802 KEPCO BOP 50-8D write : 'CURR 0.2810' 
2023-06-06 17:57:13.234023 SRS_SR830 query : 'OUTP? 1' 
2023-06-06 17:57:13.292536 SRS_SR830 resp  : '-4.00546e-005' 
2023-06-06 17:57:13.292536 SRS_SR830 query : 'SENS?' 
2023-06-06 17:57:13.330034 SRS_SR830 resp  : '15' 
2023-06-06 17:57:13.331038 SRS_SR830 query : 'ISRC?' 
2023-06-06 17:57:13.365807 SRS_SR830 resp  : '1' 
2023-06-06 17:57:13.367810 SRS_SR830 query : 'OUTP? 2' 
2023-06-06 17:57:13.426050 SRS_SR830 resp  : '-3.55991e-005' 
2023-06-06 17:57:13.427046 SRS_SR830 query : 'SENS?' 
2023-06-06 17:57:13.464877 SRS_SR830 resp  : '15' 
2023-06-06 17:57:13.465918 SRS_SR830 query : 'ISRC?' 
2023-06-06 17:57:13.503528 SRS_SR830 resp  : '1' 
2023-06-06 17:57:13.571373 KEPCO BOP 50-8D write : 'CURR 0.2836' 
2023-06-06 17:57:14.077382 SRS_SR830 query : 'OUTP? 1' 
2023-06-06 17:57:14.136786 SRS_SR830 resp  : '-4.21184e-005' 
2023-06-06 17:57:14.138791 SRS_SR830 query : 'SENS?' 
2023-06-06 17:57:14.175976 SRS_SR830 resp  : '15' 
2023-06-06 17:57:14.176973 SRS_SR830 query : 'ISRC?' 
2023-06-06 17:57:14.214060 SRS_SR830 resp  : '1' 
2023-06-06 17:57:14.215056 SRS_SR830 query : 'OUTP? 2' 
2023-06-06 17:57:14.272828 SRS_SR830 resp  : '-3.49733e-005' 
2023-06-06 17:57:14.273825 SRS_SR830 query : 'SENS?' 
2023-06-06 17:57:14.312537 SRS_SR830 resp  : '15' 
2023-06-06 17:57:14.312537 SRS_SR830 query : 'ISRC?' 
2023-06-06 17:57:14.348535 SRS_SR830 resp  : '1' 
2023-06-06 17:57:14.413366 KEPCO BOP 50-8D write : 'CURR 0.2861' 
2023-06-06 17:57:14.924174 SRS_SR830 query : 'OUTP? 1' 
2023-06-06 17:57:14.981988 SRS_SR830 resp  : '-4.3601e-005' 
2023-06-06 17:57:14.981988 SRS_SR830 query : 'SENS?' 
2023-06-06 17:57:15.019114 SRS_SR830 resp  : '15' 
2023-06-06 17:57:15.020117 SRS_SR830 query : 'ISRC?' 
2023-06-06 17:57:15.055944 SRS_SR830 resp  : '1' 
2023-06-06 17:57:15.056940 SRS_SR830 query : 'OUTP? 2' 
2023-06-06 17:57:15.115709 SRS_SR830 resp  : '-3.33937e-005' 
2023-06-06 17:57:15.116666 SRS_SR830 query : 'SENS?' 
2023-06-06 17:57:15.154878 SRS_SR830 resp  : '15' 
2023-06-06 17:57:15.155883 SRS_SR830 query : 'ISRC?' 
2023-06-06 17:57:15.191482 SRS_SR830 resp  : '1' 
2023-06-06 17:57:15.258302 KEPCO BOP 50-8D write : 'CURR 0.2887' 
2023-06-06 17:57:15.773287 SRS_SR830 query : 'OUTP? 1' 
2023-06-06 17:57:15.831819 SRS_SR830 resp  : '-4.34148e-005' 
2023-06-06 17:57:15.831819 SRS_SR830 query : 'SENS?' 
2023-06-06 17:57:15.870317 SRS_SR830 resp  : '15' 
2023-06-06 17:57:15.871275 SRS_SR830 query : 'ISRC?' 
2023-06-06 17:57:15.906505 SRS_SR830 resp  : '1' 
2023-06-06 17:57:15.907512 SRS_SR830 query : 'OUTP? 2' 
2023-06-06 17:57:15.966576 SRS_SR830 resp  : '-2.94672e-005' 
2023-06-06 17:57:15.968578 SRS_SR830 query : 'SENS?' 
2023-06-06 17:57:16.006093 SRS_SR830 resp  : '15' 
2023-06-06 17:57:16.007059 SRS_SR830 query : 'ISRC?' 
2023-06-06 17:57:16.043335 SRS_SR830 resp  : '1' 
2023-06-06 17:57:16.109187 KEPCO BOP 50-8D write : 'CURR 0.2913' 
2023-06-06 17:57:16.622078 SRS_SR830 query : 'OUTP? 1' 
2023-06-06 17:57:16.682036 SRS_SR830 resp  : '-4.29081e-005' 
2023-06-06 17:57:16.682989 SRS_SR830 query : 'SENS?' 
2023-06-06 17:57:16.720853 SRS_SR830 resp  : '15' 
2023-06-06 17:57:16.721863 SRS_SR830 query : 'ISRC?' 
2023-06-06 17:57:16.757217 SRS_SR830 resp  : '1' 
2023-06-06 17:57:16.758219 SRS_SR830 query : 'OUTP? 2' 
2023-06-06 17:57:16.814194 SRS_SR830 resp  : '-3.1166e-005' 
2023-06-06 17:57:16.814194 SRS_SR830 query : 'SENS?' 
2023-06-06 17:57:16.852212 SRS_SR830 resp  : '15' 
2023-06-06 17:57:16.853209 SRS_SR830 query : 'ISRC?' 
2023-06-06 17:57:16.890184 SRS_SR830 resp  : '1' 
2023-06-06 17:57:16.957997 KEPCO BOP 50-8D write : 'CURR 0.2938' 
2023-06-06 17:57:17.468847 SRS_SR830 query : 'OUTP? 1' 
2023-06-06 17:57:17.527752 SRS_SR830 resp  : '-4.37053e-005' 
2023-06-06 17:57:17.529755 SRS_SR830 query : 'SENS?' 
2023-06-06 17:57:17.566853 SRS_SR830 resp  : '15' 
2023-06-06 17:57:17.568853 SRS_SR830 query : 'ISRC?' 
2023-06-06 17:57:17.604839 SRS_SR830 resp  : '1' 
2023-06-06 17:57:17.604839 SRS_SR830 query : 'OUTP? 2' 
2023-06-06 17:57:17.663931 SRS_SR830 resp  : '-3.22165e-005' 
2023-06-06 17:57:17.664927 SRS_SR830 query : 'SENS?' 
2023-06-06 17:57:17.702141 SRS_SR830 resp  : '15' 
2023-06-06 17:57:17.703145 SRS_SR830 query : 'ISRC?' 
2023-06-06 17:57:17.739280 SRS_SR830 resp  : '1' 
2023-06-06 17:57:17.808100 KEPCO BOP 50-8D write : 'CURR 0.2964' 
2023-06-06 17:57:18.311527 SRS_SR830 query : 'OUTP? 1' 
2023-06-06 17:57:18.371130 SRS_SR830 resp  : '-4.42045e-005' 
2023-06-06 17:57:18.372126 SRS_SR830 query : 'SENS?' 
2023-06-06 17:57:18.411030 SRS_SR830 resp  : '15' 
2023-06-06 17:57:18.411992 SRS_SR830 query : 'ISRC?' 
2023-06-06 17:57:18.448307 SRS_SR830 resp  : '1' 
2023-06-06 17:57:18.449287 SRS_SR830 query : 'OUTP? 2' 
2023-06-06 17:57:18.508220 SRS_SR830 resp  : '-3.22091e-005' 
2023-06-06 17:57:18.509216 SRS_SR830 query : 'SENS?' 
2023-06-06 17:57:18.546469 SRS_SR830 resp  : '15' 
2023-06-06 17:57:18.547477 SRS_SR830 query : 'ISRC?' 
2023-06-06 17:57:18.585888 SRS_SR830 resp  : '1' 
2023-06-06 17:57:18.658717 KEPCO BOP 50-8D write : 'CURR 0.2990' 
2023-06-06 17:57:19.171236 SRS_SR830 query : 'OUTP? 1' 
2023-06-06 17:57:19.230259 SRS_SR830 resp  : '-4.18427e-005' 
2023-06-06 17:57:19.231267 SRS_SR830 query : 'SENS?' 
2023-06-06 17:57:19.272241 SRS_SR830 resp  : '15' 
2023-06-06 17:57:19.273240 SRS_SR830 query : 'ISRC?' 
2023-06-06 17:57:19.308602 SRS_SR830 resp  : '1' 
2023-06-06 17:57:19.308602 SRS_SR830 query : 'OUTP? 2' 
2023-06-06 17:57:19.367705 SRS_SR830 resp  : '-3.35278e-005' 
2023-06-06 17:57:19.368709 SRS_SR830 query : 'SENS?' 
2023-06-06 17:57:19.406950 SRS_SR830 resp  : '15' 
2023-06-06 17:57:19.407945 SRS_SR830 query : 'ISRC?' 
2023-06-06 17:57:19.443602 SRS_SR830 resp  : '1' 
2023-06-06 17:57:19.516404 KEPCO BOP 50-8D write : 'CURR 0.0000' 
