SpinLab Experiment Logfile2023-6-6_21-7-46
2023-06-06 16:07:46.097346 OPEN_ : '' 
2023-06-06 16:07:46.204658 GPIB0::15::INSTR OPEN_ : '' 
2023-06-06 16:07:46.223264 GPIB0::6::INSTR OPEN_ : '' 
2023-06-06 16:07:46.224261 KEPCO BOP 50-8D write : '*CLS' 
2023-06-06 16:07:46.226043 KEPCO BOP 50-8D write : '*RST' 
2023-06-06 16:07:46.227143 KEPCO BOP 50-8D write : 'OUTPUT ON' 
2023-06-06 16:07:46.229888 KEPCO BOP 50-8D write : 'FUNC:MODE CURR' 
2023-06-06 16:07:46.232918 KEPCO BOP 50-8D write : 'VOLT 20.0000' 
2023-06-06 16:07:46.235876 KEPCO BOP 50-8D write : 'CURR 0.0000' 
2023-06-06 16:07:46.255420 ASRL4::INSTR OPEN_ : '' 
2023-06-06 16:07:46.255420 SRS_SR830 write : 'OUTX 0' 
2023-06-06 16:07:46.255420 SRS_SR830 write : 'OVRM 1' 
2023-06-06 16:07:46.256390 KEPCO BOP 50-8D query : 'MEAS:CURR?' 
2023-06-06 16:07:46.289474 KEPCO BOP 50-8D resp  : '2.14370E0' 
2023-06-06 16:07:46.290467 KEPCO BOP 50-8D query : 'MEAS:VOLT?' 
2023-06-06 16:07:46.322293 KEPCO BOP 50-8D resp  : '-4.06799E1' 
2023-06-06 16:07:46.323291 KEPCO BOP 50-8D query : 'FUNC:MODE?' 
2023-06-06 16:07:46.329399 KEPCO BOP 50-8D resp  : '1' 
2023-06-06 16:07:46.330406 HP 8673G CW Gen query : 'OK' 
2023-06-06 16:07:46.427786 HP 8673G CW Gen resp  : 'FR03000000000HZ' 
2023-06-06 16:07:46.429787 HP 8673G CW Gen query : 'LE OA' 
2023-06-06 16:07:46.440008 HP 8673G CW Gen resp  : 'LE-70.0DM' 
2023-06-06 16:07:46.441014 SRS_SR830 query : 'SENS?' 
2023-06-06 16:07:46.479090 SRS_SR830 resp  : '15' 
2023-06-06 16:07:46.479090 SRS_SR830 query : 'ISRC?' 
2023-06-06 16:07:46.514366 SRS_SR830 resp  : '1' 
2023-06-06 16:07:46.514865 SRS_SR830 query : 'OFLT?' 
2023-06-06 16:07:46.550474 SRS_SR830 resp  : '9' 
2023-06-06 16:07:49.157565 HP 8673G CW Gen write : 'LE -3 DB' 
2023-06-06 16:07:49.163780 HP 8673G CW Gen query : 'MG' 
2023-06-06 16:07:49.172762 HP 8673G CW Gen resp  : '00' 
2023-06-06 16:07:51.568094 HP 8673G CW Gen write : 'FR 3.0 GZ' 
2023-06-06 16:07:51.575079 HP 8673G CW Gen query : 'MG' 
2023-06-06 16:07:51.582874 HP 8673G CW Gen resp  : '00' 
2023-06-06 16:07:51.680566 KEPCO BOP 50-8D write : 'CURR 0.0448' 
2023-06-06 16:07:52.193222 SRS_SR830 query : 'OUTP? 1' 
2023-06-06 16:07:52.251031 SRS_SR830 resp  : '-3.44145e-005' 
2023-06-06 16:07:52.252033 SRS_SR830 query : 'OUTP? 2' 
2023-06-06 16:07:52.307727 SRS_SR830 resp  : '-3.0719e-005' 
2023-06-06 16:07:52.448581 KEPCO BOP 50-8D write : 'CURR 0.0474' 
2023-06-06 16:07:52.962446 SRS_SR830 query : 'OUTP? 1' 
2023-06-06 16:07:53.020291 SRS_SR830 resp  : '-4.10306e-005' 
2023-06-06 16:07:53.020291 SRS_SR830 query : 'OUTP? 2' 
2023-06-06 16:07:53.078184 SRS_SR830 resp  : '-3.07413e-005' 
2023-06-06 16:07:53.132067 KEPCO BOP 50-8D write : 'CURR 0.0500' 
2023-06-06 16:07:53.636269 SRS_SR830 query : 'OUTP? 1' 
2023-06-06 16:07:53.695447 SRS_SR830 resp  : '-4.29007e-005' 
2023-06-06 16:07:53.696446 SRS_SR830 query : 'OUTP? 2' 
2023-06-06 16:07:53.755097 SRS_SR830 resp  : '-3.01079e-005' 
2023-06-06 16:07:53.818965 KEPCO BOP 50-8D write : 'CURR 0.0525' 
2023-06-06 16:07:54.325870 SRS_SR830 query : 'OUTP? 1' 
2023-06-06 16:07:54.383691 SRS_SR830 resp  : '-4.31689e-005' 
2023-06-06 16:07:54.383691 SRS_SR830 query : 'OUTP? 2' 
2023-06-06 16:07:54.441265 SRS_SR830 resp  : '-2.90127e-005' 
2023-06-06 16:07:54.489160 KEPCO BOP 50-8D write : 'CURR 0.0551' 
2023-06-06 16:07:54.996255 SRS_SR830 query : 'OUTP? 1' 
2023-06-06 16:07:55.055048 SRS_SR830 resp  : '-4.31167e-005' 
2023-06-06 16:07:55.056046 SRS_SR830 query : 'OUTP? 2' 
2023-06-06 16:07:55.114842 SRS_SR830 resp  : '-2.92064e-005' 
2023-06-06 16:07:55.189458 KEPCO BOP 50-8D write : 'CURR 0.0577' 
2023-06-06 16:07:55.701942 SRS_SR830 query : 'OUTP? 1' 
2023-06-06 16:07:55.760667 SRS_SR830 resp  : '-4.32434e-005' 
2023-06-06 16:07:55.762669 SRS_SR830 query : 'OUTP? 2' 
2023-06-06 16:07:55.819723 SRS_SR830 resp  : '-2.89754e-005' 
2023-06-06 16:07:55.908188 KEPCO BOP 50-8D write : 'CURR 0.0602' 
2023-06-06 16:07:56.421518 SRS_SR830 query : 'OUTP? 1' 
2023-06-06 16:07:56.480112 SRS_SR830 resp  : '-4.39438e-005' 
2023-06-06 16:07:56.482115 SRS_SR830 query : 'OUTP? 2' 
2023-06-06 16:07:56.538416 SRS_SR830 resp  : '-2.9266e-005' 
2023-06-06 16:07:56.599287 KEPCO BOP 50-8D write : 'CURR 0.0628' 
2023-06-06 16:07:57.108766 SRS_SR830 query : 'OUTP? 1' 
2023-06-06 16:07:57.166736 SRS_SR830 resp  : '-4.38693e-005' 
2023-06-06 16:07:57.167744 SRS_SR830 query : 'OUTP? 2' 
2023-06-06 16:07:57.227152 SRS_SR830 resp  : '-2.74928e-005' 
2023-06-06 16:07:57.341730 KEPCO BOP 50-8D write : 'CURR 0.0654' 
2023-06-06 16:07:57.845989 SRS_SR830 query : 'OUTP? 1' 
2023-06-06 16:07:57.905979 SRS_SR830 resp  : '-4.39661e-005' 
2023-06-06 16:07:57.906974 SRS_SR830 query : 'OUTP? 2' 
2023-06-06 16:07:57.965302 SRS_SR830 resp  : '-2.48404e-005' 
2023-06-06 16:07:58.035119 KEPCO BOP 50-8D write : 'CURR 0.0679' 
2023-06-06 16:07:58.538268 SRS_SR830 query : 'OUTP? 1' 
2023-06-06 16:07:58.597853 SRS_SR830 resp  : '-4.46665e-005' 
2023-06-06 16:07:58.598861 SRS_SR830 query : 'OUTP? 2' 
2023-06-06 16:07:58.657570 SRS_SR830 resp  : '-2.2553e-005' 
2023-06-06 16:07:58.733395 KEPCO BOP 50-8D write : 'CURR 0.0705' 
2023-06-06 16:07:59.241271 SRS_SR830 query : 'OUTP? 1' 
2023-06-06 16:07:59.299436 SRS_SR830 resp  : '-4.4659e-005' 
2023-06-06 16:07:59.300443 SRS_SR830 query : 'OUTP? 2' 
2023-06-06 16:07:59.359930 SRS_SR830 resp  : '-2.36259e-005' 
2023-06-06 16:07:59.433738 KEPCO BOP 50-8D write : 'CURR 0.0731' 
2023-06-06 16:07:59.948046 SRS_SR830 query : 'OUTP? 1' 
2023-06-06 16:08:00.006320 SRS_SR830 resp  : '-4.5486e-005' 
2023-06-06 16:08:00.007314 SRS_SR830 query : 'OUTP? 2' 
2023-06-06 16:08:00.064885 SRS_SR830 resp  : '-2.4058e-005' 
2023-06-06 16:08:00.127753 KEPCO BOP 50-8D write : 'CURR 0.0756' 
2023-06-06 16:08:00.638751 SRS_SR830 query : 'OUTP? 1' 
2023-06-06 16:08:00.697561 SRS_SR830 resp  : '-4.59778e-005' 
2023-06-06 16:08:00.697561 SRS_SR830 query : 'OUTP? 2' 
2023-06-06 16:08:00.755525 SRS_SR830 resp  : '-2.40729e-005' 
2023-06-06 16:08:00.821388 KEPCO BOP 50-8D write : 'CURR 0.0782' 
2023-06-06 16:08:01.327358 SRS_SR830 query : 'OUTP? 1' 
2023-06-06 16:08:01.384733 SRS_SR830 resp  : '-4.8578e-005' 
2023-06-06 16:08:01.386724 SRS_SR830 query : 'OUTP? 2' 
2023-06-06 16:08:01.442952 SRS_SR830 resp  : '-2.2702e-005' 
2023-06-06 16:08:01.512770 KEPCO BOP 50-8D write : 'CURR 0.0808' 
2023-06-06 16:08:02.019300 SRS_SR830 query : 'OUTP? 1' 
2023-06-06 16:08:02.079197 SRS_SR830 resp  : '-4.94721e-005' 
2023-06-06 16:08:02.080204 SRS_SR830 query : 'OUTP? 2' 
2023-06-06 16:08:02.139247 SRS_SR830 resp  : '-2.1495e-005' 
2023-06-06 16:08:02.202110 KEPCO BOP 50-8D write : 'CURR 0.0833' 
2023-06-06 16:08:02.710721 SRS_SR830 query : 'OUTP? 1' 
2023-06-06 16:08:02.769318 SRS_SR830 resp  : '-4.94646e-005' 
2023-06-06 16:08:02.771320 SRS_SR830 query : 'OUTP? 2' 
2023-06-06 16:08:02.826572 SRS_SR830 resp  : '-2.1428e-005' 
2023-06-06 16:08:02.867456 KEPCO BOP 50-8D write : 'CURR 0.0859' 
2023-06-06 16:08:03.374135 SRS_SR830 query : 'OUTP? 1' 
2023-06-06 16:08:03.434057 SRS_SR830 resp  : '-5.00383e-005' 
2023-06-06 16:08:03.435053 SRS_SR830 query : 'OUTP? 2' 
2023-06-06 16:08:03.492121 SRS_SR830 resp  : '-1.96995e-005' 
2023-06-06 16:08:03.698721 KEPCO BOP 50-8D write : 'CURR 0.0885' 
2023-06-06 16:08:04.208208 SRS_SR830 query : 'OUTP? 1' 
2023-06-06 16:08:04.268848 SRS_SR830 resp  : '-5.17892e-005' 
2023-06-06 16:08:04.269844 SRS_SR830 query : 'OUTP? 2' 
2023-06-06 16:08:04.328327 SRS_SR830 resp  : '-1.96696e-005' 
2023-06-06 16:08:04.371209 KEPCO BOP 50-8D write : 'CURR 0.0910' 
2023-06-06 16:08:04.885964 SRS_SR830 query : 'OUTP? 1' 
2023-06-06 16:08:04.947048 SRS_SR830 resp  : '-5.32421e-005' 
2023-06-06 16:08:04.948044 SRS_SR830 query : 'OUTP? 2' 
2023-06-06 16:08:05.005046 SRS_SR830 resp  : '-1.81795e-005' 
2023-06-06 16:08:05.067910 KEPCO BOP 50-8D write : 'CURR 0.0936' 
2023-06-06 16:08:05.580275 SRS_SR830 query : 'OUTP? 1' 
2023-06-06 16:08:05.638219 SRS_SR830 resp  : '-5.27727e-005' 
2023-06-06 16:08:05.639221 SRS_SR830 query : 'OUTP? 2' 
2023-06-06 16:08:05.696132 SRS_SR830 resp  : '-1.64734e-005' 
2023-06-06 16:08:05.757971 KEPCO BOP 50-8D write : 'CURR 0.0962' 
2023-06-06 16:08:06.274643 SRS_SR830 query : 'OUTP? 1' 
2023-06-06 16:08:06.334481 SRS_SR830 resp  : '-5.40169e-005' 
2023-06-06 16:08:06.335476 SRS_SR830 query : 'OUTP? 2' 
2023-06-06 16:08:06.393593 SRS_SR830 resp  : '-1.4402e-005' 
2023-06-06 16:08:06.441499 KEPCO BOP 50-8D write : 'CURR 0.0987' 
2023-06-06 16:08:06.949254 SRS_SR830 query : 'OUTP? 1' 
2023-06-06 16:08:07.008215 SRS_SR830 resp  : '-5.69376e-005' 
2023-06-06 16:08:07.009217 SRS_SR830 query : 'OUTP? 2' 
2023-06-06 16:08:07.067938 SRS_SR830 resp  : '-1.28002e-005' 
2023-06-06 16:08:07.135752 KEPCO BOP 50-8D write : 'CURR 0.1013' 
2023-06-06 16:08:07.641070 SRS_SR830 query : 'OUTP? 1' 
2023-06-06 16:08:07.701364 SRS_SR830 resp  : '-5.81073e-005' 
2023-06-06 16:08:07.702360 SRS_SR830 query : 'OUTP? 2' 
2023-06-06 16:08:07.761461 SRS_SR830 resp  : '-8.75449e-006' 
2023-06-06 16:08:07.802383 KEPCO BOP 50-8D write : 'CURR 0.1039' 
2023-06-06 16:08:08.312359 SRS_SR830 query : 'OUTP? 1' 
2023-06-06 16:08:08.370396 SRS_SR830 resp  : '-6.1438e-005' 
2023-06-06 16:08:08.372399 SRS_SR830 query : 'OUTP? 2' 
2023-06-06 16:08:08.432132 SRS_SR830 resp  : '-6.08715e-006' 
2023-06-06 16:08:08.473052 KEPCO BOP 50-8D write : 'CURR 0.1064' 
2023-06-06 16:08:08.985907 SRS_SR830 query : 'OUTP? 1' 
2023-06-06 16:08:09.045855 SRS_SR830 resp  : '-6.45821e-005' 
2023-06-06 16:08:09.046851 SRS_SR830 query : 'OUTP? 2' 
2023-06-06 16:08:09.106360 SRS_SR830 resp  : '-2.89829e-006' 
2023-06-06 16:08:09.151237 KEPCO BOP 50-8D write : 'CURR 0.1090' 
2023-06-06 16:08:09.657698 SRS_SR830 query : 'OUTP? 1' 
2023-06-06 16:08:09.715290 SRS_SR830 resp  : '-6.7078e-005' 
2023-06-06 16:08:09.716286 SRS_SR830 query : 'OUTP? 2' 
2023-06-06 16:08:09.773754 SRS_SR830 resp  : '5.06643e-007' 
2023-06-06 16:08:09.816642 KEPCO BOP 50-8D write : 'CURR 0.1116' 
2023-06-06 16:08:10.331374 SRS_SR830 query : 'OUTP? 1' 
2023-06-06 16:08:10.389888 SRS_SR830 resp  : '-7.03414e-005' 
2023-06-06 16:08:10.390895 SRS_SR830 query : 'OUTP? 2' 
2023-06-06 16:08:10.450051 SRS_SR830 resp  : '7.36865e-006' 
2023-06-06 16:08:10.515879 KEPCO BOP 50-8D write : 'CURR 0.1141' 
2023-06-06 16:08:11.020344 SRS_SR830 query : 'OUTP? 1' 
2023-06-06 16:08:11.080348 SRS_SR830 resp  : '-7.33216e-005' 
2023-06-06 16:08:11.082351 SRS_SR830 query : 'OUTP? 2' 
2023-06-06 16:08:11.139601 SRS_SR830 resp  : '1.36123e-005' 
2023-06-06 16:08:11.192455 KEPCO BOP 50-8D write : 'CURR 0.1167' 
2023-06-06 16:08:11.697295 SRS_SR830 query : 'OUTP? 1' 
2023-06-06 16:08:11.756886 SRS_SR830 resp  : '-8.00197e-005' 
2023-06-06 16:08:11.757843 SRS_SR830 query : 'OUTP? 2' 
2023-06-06 16:08:11.815276 SRS_SR830 resp  : '1.99826e-005' 
2023-06-06 16:08:11.858198 KEPCO BOP 50-8D write : 'CURR 0.1193' 
2023-06-06 16:08:12.372278 SRS_SR830 query : 'OUTP? 1' 
2023-06-06 16:08:12.431912 SRS_SR830 resp  : '-8.78875e-005' 
2023-06-06 16:08:12.431912 SRS_SR830 query : 'OUTP? 2' 
2023-06-06 16:08:12.490140 SRS_SR830 resp  : '2.98918e-005' 
2023-06-06 16:08:12.543986 KEPCO BOP 50-8D write : 'CURR 0.1218' 
2023-06-06 16:08:13.048833 SRS_SR830 query : 'OUTP? 1' 
2023-06-06 16:08:13.109054 SRS_SR830 resp  : '-9.73125e-005' 
2023-06-06 16:08:13.110061 SRS_SR830 query : 'OUTP? 2' 
2023-06-06 16:08:13.169131 SRS_SR830 resp  : '3.98459e-005' 
2023-06-06 16:08:13.228990 KEPCO BOP 50-8D write : 'CURR 0.1244' 
2023-06-06 16:08:13.741261 SRS_SR830 query : 'OUTP? 1' 
2023-06-06 16:08:13.800511 SRS_SR830 resp  : '-0.000106156' 
2023-06-06 16:08:13.801470 SRS_SR830 query : 'OUTP? 2' 
2023-06-06 16:08:13.859202 SRS_SR830 resp  : '5.23555e-005' 
2023-06-06 16:08:13.924023 KEPCO BOP 50-8D write : 'CURR 0.1270' 
2023-06-06 16:08:14.429278 SRS_SR830 query : 'OUTP? 1' 
2023-06-06 16:08:14.488962 SRS_SR830 resp  : '-0.000118487' 
2023-06-06 16:08:14.489957 SRS_SR830 query : 'OUTP? 2' 
2023-06-06 16:08:14.546861 SRS_SR830 resp  : '6.8896e-005' 
2023-06-06 16:08:14.591768 KEPCO BOP 50-8D write : 'CURR 0.1295' 
2023-06-06 16:08:15.102718 SRS_SR830 query : 'OUTP? 1' 
2023-06-06 16:08:15.160979 SRS_SR830 resp  : '-0.000131027' 
2023-06-06 16:08:15.163022 SRS_SR830 query : 'OUTP? 2' 
2023-06-06 16:08:15.219242 SRS_SR830 resp  : '8.42293e-005' 
2023-06-06 16:08:15.269065 KEPCO BOP 50-8D write : 'CURR 0.1321' 
2023-06-06 16:08:15.777342 SRS_SR830 query : 'OUTP? 1' 
2023-06-06 16:08:15.834937 SRS_SR830 resp  : '-0.000146219' 
2023-06-06 16:08:15.835941 SRS_SR830 query : 'OUTP? 2' 
2023-06-06 16:08:15.891654 SRS_SR830 resp  : '0.000101783' 
2023-06-06 16:08:15.945547 KEPCO BOP 50-8D write : 'CURR 0.1347' 
2023-06-06 16:08:16.455996 SRS_SR830 query : 'OUTP? 1' 
2023-06-06 16:08:16.514790 SRS_SR830 resp  : '-0.000158959' 
2023-06-06 16:08:16.514790 SRS_SR830 query : 'OUTP? 2' 
2023-06-06 16:08:16.572915 SRS_SR830 resp  : '0.000120983' 
2023-06-06 16:08:16.614771 KEPCO BOP 50-8D write : 'CURR 0.1372' 
2023-06-06 16:08:17.133705 SRS_SR830 query : 'OUTP? 1' 
2023-06-06 16:08:17.193920 SRS_SR830 resp  : '-0.000170955' 
2023-06-06 16:08:17.194917 SRS_SR830 query : 'OUTP? 2' 
2023-06-06 16:08:17.251749 SRS_SR830 resp  : '0.000135564' 
2023-06-06 16:08:17.305607 KEPCO BOP 50-8D write : 'CURR 0.1398' 
2023-06-06 16:08:17.817130 SRS_SR830 query : 'OUTP? 1' 
2023-06-06 16:08:17.876059 SRS_SR830 resp  : '-0.000180782' 
2023-06-06 16:08:17.877103 SRS_SR830 query : 'OUTP? 2' 
2023-06-06 16:08:17.933664 SRS_SR830 resp  : '0.000146524' 
2023-06-06 16:08:17.976553 KEPCO BOP 50-8D write : 'CURR 0.1424' 
2023-06-06 16:08:18.493261 SRS_SR830 query : 'OUTP? 1' 
2023-06-06 16:08:18.553122 SRS_SR830 resp  : '-0.000184172' 
2023-06-06 16:08:18.553122 SRS_SR830 query : 'OUTP? 2' 
2023-06-06 16:08:18.609033 SRS_SR830 resp  : '0.000151561' 
2023-06-06 16:08:18.654944 KEPCO BOP 50-8D write : 'CURR 0.1449' 
2023-06-06 16:08:19.165474 SRS_SR830 query : 'OUTP? 1' 
2023-06-06 16:08:19.224885 SRS_SR830 resp  : '-0.000182816' 
2023-06-06 16:08:19.225890 SRS_SR830 query : 'OUTP? 2' 
2023-06-06 16:08:19.282305 SRS_SR830 resp  : '0.000147284' 
2023-06-06 16:08:19.331178 KEPCO BOP 50-8D write : 'CURR 0.1475' 
2023-06-06 16:08:19.837616 SRS_SR830 query : 'OUTP? 1' 
2023-06-06 16:08:19.896459 SRS_SR830 resp  : '-0.000172318' 
2023-06-06 16:08:19.897466 SRS_SR830 query : 'OUTP? 2' 
2023-06-06 16:08:19.954882 SRS_SR830 resp  : '0.000134186' 
2023-06-06 16:08:20.018717 KEPCO BOP 50-8D write : 'CURR 0.1501' 
2023-06-06 16:08:20.523022 SRS_SR830 query : 'OUTP? 1' 
2023-06-06 16:08:20.582504 SRS_SR830 resp  : '-0.000154943' 
2023-06-06 16:08:20.583500 SRS_SR830 query : 'OUTP? 2' 
2023-06-06 16:08:20.639463 SRS_SR830 resp  : '0.000111461' 
2023-06-06 16:08:20.682350 KEPCO BOP 50-8D write : 'CURR 0.1526' 
2023-06-06 16:08:21.197311 SRS_SR830 query : 'OUTP? 1' 
2023-06-06 16:08:21.256198 SRS_SR830 resp  : '-0.000131839' 
2023-06-06 16:08:21.257196 SRS_SR830 query : 'OUTP? 2' 
2023-06-06 16:08:21.314166 SRS_SR830 resp  : '8.14577e-005' 
2023-06-06 16:08:21.359757 KEPCO BOP 50-8D write : 'CURR 0.1552' 
2023-06-06 16:08:21.863640 SRS_SR830 query : 'OUTP? 1' 
2023-06-06 16:08:21.921095 SRS_SR830 resp  : '-0.000104376' 
2023-06-06 16:08:21.922097 SRS_SR830 query : 'OUTP? 2' 
2023-06-06 16:08:21.978832 SRS_SR830 resp  : '4.40406e-005' 
2023-06-06 16:08:22.024667 KEPCO BOP 50-8D write : 'CURR 0.1578' 
2023-06-06 16:08:22.536214 SRS_SR830 query : 'OUTP? 1' 
2023-06-06 16:08:22.593975 SRS_SR830 resp  : '-7.2137e-005' 
2023-06-06 16:08:22.594972 SRS_SR830 query : 'OUTP? 2' 
2023-06-06 16:08:22.651147 SRS_SR830 resp  : '6.92908e-007' 
2023-06-06 16:08:22.721995 KEPCO BOP 50-8D write : 'CURR 0.1603' 
2023-06-06 16:08:23.229108 SRS_SR830 query : 'OUTP? 1' 
2023-06-06 16:08:23.288698 SRS_SR830 resp  : '-3.96001e-005' 
2023-06-06 16:08:23.290711 SRS_SR830 query : 'OUTP? 2' 
2023-06-06 16:08:23.349695 SRS_SR830 resp  : '-4.18725e-005' 
2023-06-06 16:08:23.414553 KEPCO BOP 50-8D write : 'CURR 0.1629' 
2023-06-06 16:08:23.928300 SRS_SR830 query : 'OUTP? 1' 
2023-06-06 16:08:23.987459 SRS_SR830 resp  : '-7.53257e-006' 
2023-06-06 16:08:23.987459 SRS_SR830 query : 'OUTP? 2' 
2023-06-06 16:08:24.044838 SRS_SR830 resp  : '-8.10851e-005' 
2023-06-06 16:08:24.102715 KEPCO BOP 50-8D write : 'CURR 0.1655' 
2023-06-06 16:08:24.617053 SRS_SR830 query : 'OUTP? 1' 
2023-06-06 16:08:24.674273 SRS_SR830 resp  : '2.09362e-005' 
2023-06-06 16:08:24.674869 SRS_SR830 query : 'OUTP? 2' 
2023-06-06 16:08:24.732238 SRS_SR830 resp  : '-0.000119836' 
2023-06-06 16:08:24.778152 KEPCO BOP 50-8D write : 'CURR 0.1680' 
2023-06-06 16:08:25.295049 SRS_SR830 query : 'OUTP? 1' 
2023-06-06 16:08:25.353332 SRS_SR830 resp  : '4.90549e-005' 
2023-06-06 16:08:25.355325 SRS_SR830 query : 'OUTP? 2' 
2023-06-06 16:08:25.413307 SRS_SR830 resp  : '-0.000155942' 
2023-06-06 16:08:25.475166 KEPCO BOP 50-8D write : 'CURR 0.1706' 
2023-06-06 16:08:25.987995 SRS_SR830 query : 'OUTP? 1' 
2023-06-06 16:08:26.044881 SRS_SR830 resp  : '7.4551e-005' 
2023-06-06 16:08:26.045928 SRS_SR830 query : 'OUTP? 2' 
2023-06-06 16:08:26.105482 SRS_SR830 resp  : '-0.000188672' 
2023-06-06 16:08:26.151390 KEPCO BOP 50-8D write : 'CURR 0.1732' 
2023-06-06 16:08:26.661669 SRS_SR830 query : 'OUTP? 1' 
2023-06-06 16:08:26.720829 SRS_SR830 resp  : '9.44068e-005' 
2023-06-06 16:08:26.721826 SRS_SR830 query : 'OUTP? 2' 
2023-06-06 16:08:26.779911 SRS_SR830 resp  : '-0.000218445' 
2023-06-06 16:08:26.846735 KEPCO BOP 50-8D write : 'CURR 0.1757' 
2023-06-06 16:08:27.363062 SRS_SR830 query : 'OUTP? 1' 
2023-06-06 16:08:27.421515 SRS_SR830 resp  : '0.000110321' 
2023-06-06 16:08:27.421515 SRS_SR830 query : 'OUTP? 2' 
2023-06-06 16:08:27.478166 SRS_SR830 resp  : '-0.000218445' 
2023-06-06 16:08:27.546007 KEPCO BOP 50-8D write : 'CURR 0.1783' 
2023-06-06 16:08:28.054100 SRS_SR830 query : 'OUTP? 1' 
2023-06-06 16:08:28.112683 SRS_SR830 resp  : '0.000124143' 
2023-06-06 16:08:28.113680 SRS_SR830 query : 'OUTP? 2' 
2023-06-06 16:08:28.171023 SRS_SR830 resp  : '-0.000218445' 
2023-06-06 16:08:28.249848 KEPCO BOP 50-8D write : 'CURR 0.1809' 
2023-06-06 16:08:28.753216 SRS_SR830 query : 'OUTP? 1' 
2023-06-06 16:08:28.812145 SRS_SR830 resp  : '0.000130714' 
2023-06-06 16:08:28.813153 SRS_SR830 query : 'OUTP? 2' 
2023-06-06 16:08:28.869669 SRS_SR830 resp  : '-0.000218445' 
2023-06-06 16:08:28.918574 KEPCO BOP 50-8D write : 'CURR 0.1834' 
2023-06-06 16:08:29.430274 SRS_SR830 query : 'OUTP? 1' 
2023-06-06 16:08:29.488048 SRS_SR830 resp  : '0.000128143' 
2023-06-06 16:08:29.489013 SRS_SR830 query : 'OUTP? 2' 
2023-06-06 16:08:29.549055 SRS_SR830 resp  : '-0.000218445' 
2023-06-06 16:08:29.611882 KEPCO BOP 50-8D write : 'CURR 0.1860' 
2023-06-06 16:08:30.117978 SRS_SR830 query : 'OUTP? 1' 
2023-06-06 16:08:30.176099 SRS_SR830 resp  : '0.000113562' 
2023-06-06 16:08:30.177106 SRS_SR830 query : 'OUTP? 2' 
2023-06-06 16:08:30.234942 SRS_SR830 resp  : '-0.000218445' 
2023-06-06 16:08:30.275862 KEPCO BOP 50-8D write : 'CURR 0.1886' 
2023-06-06 16:08:30.792667 SRS_SR830 query : 'OUTP? 1' 
2023-06-06 16:08:30.849400 SRS_SR830 resp  : '9.4675e-005' 
2023-06-06 16:08:30.850397 SRS_SR830 query : 'OUTP? 2' 
2023-06-06 16:08:30.908081 SRS_SR830 resp  : '-0.000213549' 
2023-06-06 16:08:30.955957 KEPCO BOP 50-8D write : 'CURR 0.1911' 
2023-06-06 16:08:31.463088 SRS_SR830 query : 'OUTP? 1' 
2023-06-06 16:08:31.528018 SRS_SR830 resp  : '8.09063e-005' 
2023-06-06 16:08:31.529022 SRS_SR830 query : 'OUTP? 2' 
2023-06-06 16:08:31.586926 SRS_SR830 resp  : '-0.000190244' 
2023-06-06 16:08:31.627820 KEPCO BOP 50-8D write : 'CURR 0.1937' 
2023-06-06 16:08:32.139279 SRS_SR830 query : 'OUTP? 1' 
2023-06-06 16:08:32.197976 SRS_SR830 resp  : '6.30771e-005' 
2023-06-06 16:08:32.198971 SRS_SR830 query : 'OUTP? 2' 
2023-06-06 16:08:32.256675 SRS_SR830 resp  : '-0.000163504' 
2023-06-06 16:08:32.299563 KEPCO BOP 50-8D write : 'CURR 0.1963' 
2023-06-06 16:08:32.814756 SRS_SR830 query : 'OUTP? 1' 
2023-06-06 16:08:32.873130 SRS_SR830 resp  : '4.1187e-005' 
2023-06-06 16:08:32.874125 SRS_SR830 query : 'OUTP? 2' 
2023-06-06 16:08:32.932308 SRS_SR830 resp  : '-0.000134909' 
2023-06-06 16:08:32.996092 KEPCO BOP 50-8D write : 'CURR 0.1988' 
2023-06-06 16:08:33.506259 SRS_SR830 query : 'OUTP? 1' 
2023-06-06 16:08:33.562386 SRS_SR830 resp  : '2.19123e-005' 
2023-06-06 16:08:33.562386 SRS_SR830 query : 'OUTP? 2' 
2023-06-06 16:08:33.624677 SRS_SR830 resp  : '-0.000111446' 
2023-06-06 16:08:33.668587 KEPCO BOP 50-8D write : 'CURR 0.2014' 
2023-06-06 16:08:34.182845 SRS_SR830 query : 'OUTP? 1' 
2023-06-06 16:08:34.241755 SRS_SR830 resp  : '1.06693e-005' 
2023-06-06 16:08:34.242749 SRS_SR830 query : 'OUTP? 2' 
2023-06-06 16:08:34.300573 SRS_SR830 resp  : '-9.57702e-005' 
2023-06-06 16:08:34.344453 KEPCO BOP 50-8D write : 'CURR 0.2040' 
2023-06-06 16:08:34.856132 SRS_SR830 query : 'OUTP? 1' 
2023-06-06 16:08:34.917323 SRS_SR830 resp  : '-8.79172e-007' 
2023-06-06 16:08:34.918332 SRS_SR830 query : 'OUTP? 2' 
2023-06-06 16:08:34.976094 SRS_SR830 resp  : '-8.0571e-005' 
2023-06-06 16:08:35.024956 KEPCO BOP 50-8D write : 'CURR 0.2065' 
2023-06-06 16:08:35.533282 SRS_SR830 query : 'OUTP? 1' 
2023-06-06 16:08:35.591199 SRS_SR830 resp  : '-1.11908e-005' 
2023-06-06 16:08:35.593202 SRS_SR830 query : 'OUTP? 2' 
2023-06-06 16:08:35.651338 SRS_SR830 resp  : '-6.66683e-005' 
2023-06-06 16:08:35.722155 KEPCO BOP 50-8D write : 'CURR 0.2091' 
2023-06-06 16:08:36.226959 SRS_SR830 query : 'OUTP? 1' 
2023-06-06 16:08:36.286436 SRS_SR830 resp  : '-1.84329e-005' 
2023-06-06 16:08:36.288439 SRS_SR830 query : 'OUTP? 2' 
2023-06-06 16:08:36.346519 SRS_SR830 resp  : '-5.70046e-005' 
2023-06-06 16:08:36.392402 KEPCO BOP 50-8D write : 'CURR 0.2117' 
2023-06-06 16:08:36.898155 SRS_SR830 query : 'OUTP? 1' 
2023-06-06 16:08:36.957523 SRS_SR830 resp  : '-2.30969e-005' 
2023-06-06 16:08:36.958531 SRS_SR830 query : 'OUTP? 2' 
2023-06-06 16:08:37.016516 SRS_SR830 resp  : '-5.03811e-005' 
2023-06-06 16:08:37.059411 KEPCO BOP 50-8D write : 'CURR 0.2143' 
2023-06-06 16:08:37.572236 SRS_SR830 query : 'OUTP? 1' 
2023-06-06 16:08:37.631925 SRS_SR830 resp  : '-2.61889e-005' 
2023-06-06 16:08:37.632921 SRS_SR830 query : 'OUTP? 2' 
2023-06-06 16:08:37.689950 SRS_SR830 resp  : '-4.6924e-005' 
2023-06-06 16:08:37.756810 KEPCO BOP 50-8D write : 'CURR 0.2168' 
2023-06-06 16:08:38.272902 SRS_SR830 query : 'OUTP? 1' 
2023-06-06 16:08:38.332301 SRS_SR830 resp  : '-2.8737e-005' 
2023-06-06 16:08:38.333275 SRS_SR830 query : 'OUTP? 2' 
2023-06-06 16:08:38.392000 SRS_SR830 resp  : '-4.18054e-005' 
2023-06-06 16:08:38.437882 KEPCO BOP 50-8D write : 'CURR 0.2194' 
2023-06-06 16:08:38.947994 SRS_SR830 query : 'OUTP? 1' 
2023-06-06 16:08:39.007996 SRS_SR830 resp  : '-3.12331e-005' 
2023-06-06 16:08:39.008992 SRS_SR830 query : 'OUTP? 2' 
2023-06-06 16:08:39.066237 SRS_SR830 resp  : '-3.67837e-005' 
2023-06-06 16:08:39.128070 KEPCO BOP 50-8D write : 'CURR 0.2220' 
2023-06-06 16:08:39.636228 SRS_SR830 query : 'OUTP? 1' 
2023-06-06 16:08:39.695982 SRS_SR830 resp  : '-3.31777e-005' 
2023-06-06 16:08:39.696978 SRS_SR830 query : 'OUTP? 2' 
2023-06-06 16:08:39.755268 SRS_SR830 resp  : '-3.65379e-005' 
2023-06-06 16:08:39.809126 KEPCO BOP 50-8D write : 'CURR 0.2245' 
2023-06-06 16:08:40.322499 SRS_SR830 query : 'OUTP? 1' 
2023-06-06 16:08:40.382463 SRS_SR830 resp  : '-3.43176e-005' 
2023-06-06 16:08:40.383458 SRS_SR830 query : 'OUTP? 2' 
2023-06-06 16:08:40.441038 SRS_SR830 resp  : '-3.69328e-005' 
2023-06-06 16:08:40.487880 KEPCO BOP 50-8D write : 'CURR 0.2271' 
2023-06-06 16:08:41.000277 SRS_SR830 query : 'OUTP? 1' 
2023-06-06 16:08:41.059472 SRS_SR830 resp  : '-3.54426e-005' 
2023-06-06 16:08:41.060519 SRS_SR830 query : 'OUTP? 2' 
2023-06-06 16:08:41.119674 SRS_SR830 resp  : '-3.60089e-005' 
2023-06-06 16:08:41.185505 KEPCO BOP 50-8D write : 'CURR 0.2297' 
2023-06-06 16:08:41.699828 SRS_SR830 query : 'OUTP? 1' 
2023-06-06 16:08:41.758787 SRS_SR830 resp  : '-3.62324e-005' 
2023-06-06 16:08:41.759780 SRS_SR830 query : 'OUTP? 2' 
2023-06-06 16:08:41.816949 SRS_SR830 resp  : '-3.5085e-005' 
2023-06-06 16:08:41.862830 KEPCO BOP 50-8D write : 'CURR 0.2322' 
2023-06-06 16:08:42.376063 SRS_SR830 query : 'OUTP? 1' 
2023-06-06 16:08:42.434886 SRS_SR830 resp  : '-3.70594e-005' 
2023-06-06 16:08:42.435893 SRS_SR830 query : 'OUTP? 2' 
2023-06-06 16:08:42.494866 SRS_SR830 resp  : '-3.36545e-005' 
2023-06-06 16:08:42.538767 KEPCO BOP 50-8D write : 'CURR 0.2348' 
2023-06-06 16:08:43.051705 SRS_SR830 query : 'OUTP? 1' 
2023-06-06 16:08:43.111854 SRS_SR830 resp  : '-3.79535e-005' 
2023-06-06 16:08:43.112861 SRS_SR830 query : 'OUTP? 2' 
2023-06-06 16:08:43.171630 SRS_SR830 resp  : '-3.29392e-005' 
2023-06-06 16:08:43.237491 KEPCO BOP 50-8D write : 'CURR 0.2374' 
2023-06-06 16:08:43.743218 SRS_SR830 query : 'OUTP? 1' 
2023-06-06 16:08:43.803259 SRS_SR830 resp  : '-3.82515e-005' 
2023-06-06 16:08:43.804253 SRS_SR830 query : 'OUTP? 2' 
2023-06-06 16:08:43.861352 SRS_SR830 resp  : '-3.1926e-005' 
2023-06-06 16:08:43.908231 KEPCO BOP 50-8D write : 'CURR 0.2399' 
2023-06-06 16:08:44.414247 SRS_SR830 query : 'OUTP? 1' 
2023-06-06 16:08:44.471904 SRS_SR830 resp  : '-3.8326e-005' 
2023-06-06 16:08:44.473907 SRS_SR830 query : 'OUTP? 2' 
2023-06-06 16:08:44.532006 SRS_SR830 resp  : '-3.11288e-005' 
2023-06-06 16:08:44.584876 KEPCO BOP 50-8D write : 'CURR 0.2425' 
2023-06-06 16:08:45.092958 SRS_SR830 query : 'OUTP? 1' 
2023-06-06 16:08:45.152416 SRS_SR830 resp  : '-3.89742e-005' 
2023-06-06 16:08:45.152416 SRS_SR830 query : 'OUTP? 2' 
2023-06-06 16:08:45.211199 SRS_SR830 resp  : '-3.08382e-005' 
2023-06-06 16:08:45.275060 KEPCO BOP 50-8D write : 'CURR 0.2451' 
2023-06-06 16:08:45.784158 SRS_SR830 query : 'OUTP? 1' 
2023-06-06 16:08:45.842531 SRS_SR830 resp  : '-3.93691e-005' 
2023-06-06 16:08:45.844532 SRS_SR830 query : 'OUTP? 2' 
2023-06-06 16:08:45.902636 SRS_SR830 resp  : '-2.97726e-005' 
2023-06-06 16:08:45.967500 KEPCO BOP 50-8D write : 'CURR 0.2476' 
2023-06-06 16:08:46.480427 SRS_SR830 query : 'OUTP? 1' 
2023-06-06 16:08:46.549803 SRS_SR830 resp  : '-4.00322e-005' 
2023-06-06 16:08:46.550810 SRS_SR830 query : 'OUTP? 2' 
2023-06-06 16:08:46.607611 SRS_SR830 resp  : '-2.9944e-005' 
2023-06-06 16:08:46.649532 KEPCO BOP 50-8D write : 'CURR 0.2502' 
2023-06-06 16:08:47.165051 SRS_SR830 query : 'OUTP? 1' 
2023-06-06 16:08:47.225136 SRS_SR830 resp  : '-4.05984e-005' 
2023-06-06 16:08:47.226091 SRS_SR830 query : 'OUTP? 2' 
2023-06-06 16:08:47.283809 SRS_SR830 resp  : '-3.09648e-005' 
2023-06-06 16:08:47.340694 KEPCO BOP 50-8D write : 'CURR 0.2528' 
2023-06-06 16:08:47.854818 SRS_SR830 query : 'OUTP? 1' 
2023-06-06 16:08:47.914403 SRS_SR830 resp  : '-4.06431e-005' 
2023-06-06 16:08:47.915351 SRS_SR830 query : 'OUTP? 2' 
2023-06-06 16:08:47.973032 SRS_SR830 resp  : '-3.11809e-005' 
2023-06-06 16:08:48.037863 KEPCO BOP 50-8D write : 'CURR 0.2553' 
2023-06-06 16:08:48.543790 SRS_SR830 query : 'OUTP? 1' 
2023-06-06 16:08:48.604055 SRS_SR830 resp  : '-4.03079e-005' 
2023-06-06 16:08:48.605050 SRS_SR830 query : 'OUTP? 2' 
2023-06-06 16:08:48.663053 SRS_SR830 resp  : '-3.04059e-005' 
2023-06-06 16:08:48.707956 KEPCO BOP 50-8D write : 'CURR 0.2579' 
2023-06-06 16:08:49.218087 SRS_SR830 query : 'OUTP? 1' 
2023-06-06 16:08:49.275694 SRS_SR830 resp  : '-4.0062e-005' 
2023-06-06 16:08:49.277697 SRS_SR830 query : 'OUTP? 2' 
2023-06-06 16:08:49.335352 SRS_SR830 resp  : '-2.81708e-005' 
2023-06-06 16:08:49.398175 KEPCO BOP 50-8D write : 'CURR 0.2605' 
2023-06-06 16:08:49.903504 SRS_SR830 query : 'OUTP? 1' 
2023-06-06 16:08:49.962101 SRS_SR830 resp  : '-4.00248e-005' 
2023-06-06 16:08:49.962101 SRS_SR830 query : 'OUTP? 2' 
2023-06-06 16:08:50.020386 SRS_SR830 resp  : '-2.64944e-005' 
2023-06-06 16:08:50.088234 KEPCO BOP 50-8D write : 'CURR 0.2630' 
2023-06-06 16:08:50.599332 SRS_SR830 query : 'OUTP? 1' 
2023-06-06 16:08:50.659633 SRS_SR830 resp  : '-4.03228e-005' 
2023-06-06 16:08:50.660628 SRS_SR830 query : 'OUTP? 2' 
2023-06-06 16:08:50.719110 SRS_SR830 resp  : '-2.64273e-005' 
2023-06-06 16:08:50.765972 KEPCO BOP 50-8D write : 'CURR 0.2656' 
2023-06-06 16:08:51.279187 SRS_SR830 query : 'OUTP? 1' 
2023-06-06 16:08:51.339461 SRS_SR830 resp  : '-4.07624e-005' 
2023-06-06 16:08:51.340458 SRS_SR830 query : 'OUTP? 2' 
2023-06-06 16:08:51.400034 SRS_SR830 resp  : '-2.59281e-005' 
2023-06-06 16:08:51.463887 KEPCO BOP 50-8D write : 'CURR 0.2682' 
2023-06-06 16:08:51.970258 SRS_SR830 query : 'OUTP? 1' 
2023-06-06 16:08:52.030006 SRS_SR830 resp  : '-4.08592e-005' 
2023-06-06 16:08:52.031012 SRS_SR830 query : 'OUTP? 2' 
2023-06-06 16:08:52.088378 SRS_SR830 resp  : '-2.5347e-005' 
2023-06-06 16:08:52.136382 KEPCO BOP 50-8D write : 'CURR 0.2707' 
2023-06-06 16:08:52.642536 SRS_SR830 query : 'OUTP? 1' 
2023-06-06 16:08:52.702447 SRS_SR830 resp  : '-4.11051e-005' 
2023-06-06 16:08:52.703450 SRS_SR830 query : 'OUTP? 2' 
2023-06-06 16:08:52.761516 SRS_SR830 resp  : '-2.51011e-005' 
2023-06-06 16:08:52.805433 KEPCO BOP 50-8D write : 'CURR 0.2733' 
2023-06-06 16:08:53.319249 SRS_SR830 query : 'OUTP? 1' 
2023-06-06 16:08:53.377173 SRS_SR830 resp  : '-4.12988e-005' 
2023-06-06 16:08:53.378180 SRS_SR830 query : 'OUTP? 2' 
2023-06-06 16:08:53.437230 SRS_SR830 resp  : '-2.47509e-005' 
2023-06-06 16:08:53.504087 KEPCO BOP 50-8D write : 'CURR 0.2759' 
2023-06-06 16:08:54.017438 SRS_SR830 query : 'OUTP? 1' 
2023-06-06 16:08:54.075757 SRS_SR830 resp  : '-4.07549e-005' 
2023-06-06 16:08:54.076772 SRS_SR830 query : 'OUTP? 2' 
2023-06-06 16:08:54.136537 SRS_SR830 resp  : '-2.5116e-005' 
2023-06-06 16:08:54.179457 KEPCO BOP 50-8D write : 'CURR 0.2784' 
2023-06-06 16:08:54.683075 SRS_SR830 query : 'OUTP? 1' 
2023-06-06 16:08:54.742756 SRS_SR830 resp  : '-4.09337e-005' 
2023-06-06 16:08:54.742756 SRS_SR830 query : 'OUTP? 2' 
2023-06-06 16:08:54.800924 SRS_SR830 resp  : '-2.69265e-005' 
2023-06-06 16:08:54.862794 KEPCO BOP 50-8D write : 'CURR 0.2810' 
2023-06-06 16:08:55.377882 SRS_SR830 query : 'OUTP? 1' 
2023-06-06 16:08:55.437146 SRS_SR830 resp  : '-4.15819e-005' 
2023-06-06 16:08:55.438160 SRS_SR830 query : 'OUTP? 2' 
2023-06-06 16:08:55.496273 SRS_SR830 resp  : '-2.96907e-005' 
2023-06-06 16:08:55.542152 KEPCO BOP 50-8D write : 'CURR 0.2836' 
2023-06-06 16:08:56.052313 SRS_SR830 query : 'OUTP? 1' 
2023-06-06 16:08:56.111094 SRS_SR830 resp  : '-4.14404e-005' 
2023-06-06 16:08:56.112045 SRS_SR830 query : 'OUTP? 2' 
2023-06-06 16:08:56.168903 SRS_SR830 resp  : '-3.0391e-005' 
2023-06-06 16:08:56.239719 KEPCO BOP 50-8D write : 'CURR 0.2861' 
2023-06-06 16:08:56.744663 SRS_SR830 query : 'OUTP? 1' 
2023-06-06 16:08:56.803177 SRS_SR830 resp  : '-4.12615e-005' 
2023-06-06 16:08:56.805179 SRS_SR830 query : 'OUTP? 2' 
2023-06-06 16:08:56.864168 SRS_SR830 resp  : '-2.98397e-005' 
2023-06-06 16:08:56.931012 KEPCO BOP 50-8D write : 'CURR 0.2887' 
2023-06-06 16:08:57.437250 SRS_SR830 query : 'OUTP? 1' 
2023-06-06 16:08:57.496128 SRS_SR830 resp  : '-4.14851e-005' 
2023-06-06 16:08:57.497124 SRS_SR830 query : 'OUTP? 2' 
2023-06-06 16:08:57.556073 SRS_SR830 resp  : '-2.96534e-005' 
2023-06-06 16:08:57.622917 KEPCO BOP 50-8D write : 'CURR 0.2913' 
2023-06-06 16:08:58.126235 SRS_SR830 query : 'OUTP? 1' 
2023-06-06 16:08:58.185939 SRS_SR830 resp  : '-4.15298e-005' 
2023-06-06 16:08:58.186895 SRS_SR830 query : 'OUTP? 2' 
2023-06-06 16:08:58.243374 SRS_SR830 resp  : '-2.9713e-005' 
2023-06-06 16:08:58.310153 KEPCO BOP 50-8D write : 'CURR 0.2938' 
2023-06-06 16:08:58.819795 SRS_SR830 query : 'OUTP? 1' 
2023-06-06 16:08:58.877947 SRS_SR830 resp  : '-4.18278e-005' 
2023-06-06 16:08:58.879949 SRS_SR830 query : 'OUTP? 2' 
2023-06-06 16:08:58.937488 SRS_SR830 resp  : '-2.95491e-005' 
2023-06-06 16:08:58.986346 KEPCO BOP 50-8D write : 'CURR 0.2964' 
2023-06-06 16:08:59.496247 SRS_SR830 query : 'OUTP? 1' 
2023-06-06 16:08:59.555493 SRS_SR830 resp  : '-4.17756e-005' 
2023-06-06 16:08:59.556491 SRS_SR830 query : 'OUTP? 2' 
2023-06-06 16:08:59.614842 SRS_SR830 resp  : '-2.94672e-005' 
2023-06-06 16:08:59.662753 KEPCO BOP 50-8D write : 'CURR 0.2990' 
2023-06-06 16:09:00.172625 SRS_SR830 query : 'OUTP? 1' 
2023-06-06 16:09:00.233583 SRS_SR830 resp  : '-4.15074e-005' 
2023-06-06 16:09:00.234585 SRS_SR830 query : 'OUTP? 2' 
2023-06-06 16:09:00.291309 SRS_SR830 resp  : '-2.9184e-005' 
2023-06-06 16:09:00.364022 KEPCO BOP 50-8D write : 'CURR 0.0000' 
