SpinLab Experiment Logfile2023-6-7_16-23-3
2023-06-07 11:23:03.378826 OPEN_ : '' 
2023-06-07 11:23:03.395779 GPIB0::15::INSTR OPEN_ : '' 
2023-06-07 11:23:03.412822 GPIB0::6::INSTR OPEN_ : '' 
2023-06-07 11:23:03.413743 KEPCO BOP 50-8D write : '*CLS' 
2023-06-07 11:23:03.415740 KEPCO BOP 50-8D write : '*RST' 
2023-06-07 11:23:03.418245 KEPCO BOP 50-8D write : 'OUTPUT ON' 
2023-06-07 11:23:03.420538 KEPCO BOP 50-8D write : 'FUNC:MODE CURR' 
2023-06-07 11:23:03.422756 KEPCO BOP 50-8D write : 'VOLT 20.0000' 
2023-06-07 11:23:03.425796 KEPCO BOP 50-8D write : 'CURR 0.0000' 
2023-06-07 11:23:03.462391 ASRL4::INSTR OPEN_ : '' 
2023-06-07 11:23:03.463389 SRS_SR830 write : 'OUTX 0' 
2023-06-07 11:23:03.464385 SRS_SR830 write : 'OVRM 1' 
2023-06-07 11:23:03.464385 KEPCO BOP 50-8D query : 'MEAS:CURR?' 
2023-06-07 11:23:03.497483 KEPCO BOP 50-8D resp  : '4.18194E0' 
2023-06-07 11:23:03.497483 KEPCO BOP 50-8D query : 'MEAS:VOLT?' 
2023-06-07 11:23:03.528163 KEPCO BOP 50-8D resp  : '-4.93781E1' 
2023-06-07 11:23:03.528163 KEPCO BOP 50-8D query : 'FUNC:MODE?' 
2023-06-07 11:23:03.533962 KEPCO BOP 50-8D resp  : '1' 
2023-06-07 11:23:03.534929 HP 8673G CW Gen query : 'OK' 
2023-06-07 11:23:03.619006 HP 8673G CW Gen resp  : 'FR03000000000HZ' 
2023-06-07 11:23:03.621001 HP 8673G CW Gen query : 'LE OA' 
2023-06-07 11:23:03.631011 HP 8673G CW Gen resp  : 'LE-70.0DM' 
2023-06-07 11:23:03.632015 SRS_SR830 query : 'SENS?' 
2023-06-07 11:23:03.669007 SRS_SR830 resp  : '15' 
2023-06-07 11:23:03.670005 SRS_SR830 query : 'ISRC?' 
2023-06-07 11:23:03.705154 SRS_SR830 resp  : '1' 
2023-06-07 11:23:03.705154 SRS_SR830 query : 'OFLT?' 
2023-06-07 11:23:03.741965 SRS_SR830 resp  : '9' 
2023-06-07 11:23:07.392424 HP 8673G CW Gen write : 'LE -3 DB' 
2023-06-07 11:23:07.399410 HP 8673G CW Gen query : 'MG' 
2023-06-07 11:23:07.407384 HP 8673G CW Gen resp  : '00' 
2023-06-07 11:23:21.279413 HP 8673G CW Gen write : 'FR 7.0 GZ' 
2023-06-07 11:23:21.287438 HP 8673G CW Gen query : 'MG' 
2023-06-07 11:23:21.295369 HP 8673G CW Gen resp  : '00' 
2023-06-07 11:23:21.357150 KEPCO BOP 50-8D write : 'CURR 0.5979' 
2023-06-07 11:23:26.366226 KEPCO BOP 50-8D write : 'CURR 0.5979' 
2023-06-07 11:23:26.869874 SRS_SR830 query : 'OUTP? 1' 
2023-06-07 11:23:26.930192 SRS_SR830 resp  : '-1.53483e-005' 
2023-06-07 11:23:26.931191 SRS_SR830 query : 'SENS?' 
2023-06-07 11:23:26.970078 SRS_SR830 resp  : '15' 
2023-06-07 11:23:26.971085 SRS_SR830 query : 'ISRC?' 
2023-06-07 11:23:27.007236 SRS_SR830 resp  : '1' 
2023-06-07 11:23:27.007236 SRS_SR830 query : 'OUTP? 2' 
2023-06-07 11:23:27.067002 SRS_SR830 resp  : '-5.25269e-006' 
2023-06-07 11:23:27.068006 SRS_SR830 query : 'SENS?' 
2023-06-07 11:23:27.105379 SRS_SR830 resp  : '15' 
2023-06-07 11:23:27.106414 SRS_SR830 query : 'ISRC?' 
2023-06-07 11:23:27.143452 SRS_SR830 resp  : '1' 
2023-06-07 11:23:27.286740 KEPCO BOP 50-8D write : 'CURR 0.6017' 
2023-06-07 11:23:27.794015 SRS_SR830 query : 'OUTP? 1' 
2023-06-07 11:23:27.851561 SRS_SR830 resp  : '-1.3955e-005' 
2023-06-07 11:23:27.852557 SRS_SR830 query : 'SENS?' 
2023-06-07 11:23:27.889866 SRS_SR830 resp  : '15' 
2023-06-07 11:23:27.890870 SRS_SR830 query : 'ISRC?' 
2023-06-07 11:23:27.927699 SRS_SR830 resp  : '1' 
2023-06-07 11:23:27.928693 SRS_SR830 query : 'OUTP? 2' 
2023-06-07 11:23:27.988510 SRS_SR830 resp  : '-1.51248e-006' 
2023-06-07 11:23:27.989488 SRS_SR830 query : 'SENS?' 
2023-06-07 11:23:28.027608 SRS_SR830 resp  : '15' 
2023-06-07 11:23:28.028561 SRS_SR830 query : 'ISRC?' 
2023-06-07 11:23:28.064798 SRS_SR830 resp  : '1' 
2023-06-07 11:23:28.126588 KEPCO BOP 50-8D write : 'CURR 0.6054' 
2023-06-07 11:23:28.638981 SRS_SR830 query : 'OUTP? 1' 
2023-06-07 11:23:28.699902 SRS_SR830 resp  : '-1.34782e-005' 
2023-06-07 11:23:28.700912 SRS_SR830 query : 'SENS?' 
2023-06-07 11:23:28.738226 SRS_SR830 resp  : '15' 
2023-06-07 11:23:28.739221 SRS_SR830 query : 'ISRC?' 
2023-06-07 11:23:28.775857 SRS_SR830 resp  : '1' 
2023-06-07 11:23:28.776853 SRS_SR830 query : 'OUTP? 2' 
2023-06-07 11:23:28.832240 SRS_SR830 resp  : '2.3842e-007' 
2023-06-07 11:23:28.834241 SRS_SR830 query : 'SENS?' 
2023-06-07 11:23:28.870546 SRS_SR830 resp  : '15' 
2023-06-07 11:23:28.871545 SRS_SR830 query : 'ISRC?' 
2023-06-07 11:23:28.907709 SRS_SR830 resp  : '1' 
2023-06-07 11:23:28.972561 KEPCO BOP 50-8D write : 'CURR 0.6092' 
2023-06-07 11:23:29.486039 SRS_SR830 query : 'OUTP? 1' 
2023-06-07 11:23:29.545853 SRS_SR830 resp  : '-1.33962e-005' 
2023-06-07 11:23:29.546849 SRS_SR830 query : 'SENS?' 
2023-06-07 11:23:29.583422 SRS_SR830 resp  : '15' 
2023-06-07 11:23:29.585425 SRS_SR830 query : 'ISRC?' 
2023-06-07 11:23:29.621906 SRS_SR830 resp  : '1' 
2023-06-07 11:23:29.623891 SRS_SR830 query : 'OUTP? 2' 
2023-06-07 11:23:29.682061 SRS_SR830 resp  : '-4.24686e-006' 
2023-06-07 11:23:29.684064 SRS_SR830 query : 'SENS?' 
2023-06-07 11:23:29.723575 SRS_SR830 resp  : '15' 
2023-06-07 11:23:29.724577 SRS_SR830 query : 'ISRC?' 
2023-06-07 11:23:29.760533 SRS_SR830 resp  : '1' 
2023-06-07 11:23:29.829388 KEPCO BOP 50-8D write : 'CURR 0.6129' 
2023-06-07 11:23:30.347159 SRS_SR830 query : 'OUTP? 1' 
2023-06-07 11:23:30.406133 SRS_SR830 resp  : '-1.40817e-005' 
2023-06-07 11:23:30.406133 SRS_SR830 query : 'SENS?' 
2023-06-07 11:23:30.443353 SRS_SR830 resp  : '15' 
2023-06-07 11:23:30.444365 SRS_SR830 query : 'ISRC?' 
2023-06-07 11:23:30.480794 SRS_SR830 resp  : '1' 
2023-06-07 11:23:30.481791 SRS_SR830 query : 'OUTP? 2' 
2023-06-07 11:23:30.541316 SRS_SR830 resp  : '-5.86364e-006' 
2023-06-07 11:23:30.542313 SRS_SR830 query : 'SENS?' 
2023-06-07 11:23:30.580286 SRS_SR830 resp  : '15' 
2023-06-07 11:23:30.582336 SRS_SR830 query : 'ISRC?' 
2023-06-07 11:23:30.617850 SRS_SR830 resp  : '1' 
2023-06-07 11:23:30.678692 KEPCO BOP 50-8D write : 'CURR 0.6167' 
2023-06-07 11:23:31.196344 SRS_SR830 query : 'OUTP? 1' 
2023-06-07 11:23:31.256079 SRS_SR830 resp  : '-1.48416e-005' 
2023-06-07 11:23:31.256079 SRS_SR830 query : 'SENS?' 
2023-06-07 11:23:31.294502 SRS_SR830 resp  : '15' 
2023-06-07 11:23:31.295501 SRS_SR830 query : 'ISRC?' 
2023-06-07 11:23:31.330986 SRS_SR830 resp  : '1' 
2023-06-07 11:23:31.331980 SRS_SR830 query : 'OUTP? 2' 
2023-06-07 11:23:31.391243 SRS_SR830 resp  : '-2.62262e-006' 
2023-06-07 11:23:31.392191 SRS_SR830 query : 'SENS?' 
2023-06-07 11:23:31.430509 SRS_SR830 resp  : '15' 
2023-06-07 11:23:31.431466 SRS_SR830 query : 'ISRC?' 
2023-06-07 11:23:31.467341 SRS_SR830 resp  : '1' 
2023-06-07 11:23:31.537178 KEPCO BOP 50-8D write : 'CURR 0.6204' 
2023-06-07 11:23:32.043719 SRS_SR830 query : 'OUTP? 1' 
2023-06-07 11:23:32.100843 SRS_SR830 resp  : '-1.1988e-005' 
2023-06-07 11:23:32.100843 SRS_SR830 query : 'SENS?' 
2023-06-07 11:23:32.138373 SRS_SR830 resp  : '15' 
2023-06-07 11:23:32.139376 SRS_SR830 query : 'ISRC?' 
2023-06-07 11:23:32.174874 SRS_SR830 resp  : '1' 
2023-06-07 11:23:32.176878 SRS_SR830 query : 'OUTP? 2' 
2023-06-07 11:23:32.236060 SRS_SR830 resp  : '-6.40754e-007' 
2023-06-07 11:23:32.237065 SRS_SR830 query : 'SENS?' 
2023-06-07 11:23:32.274831 SRS_SR830 resp  : '15' 
2023-06-07 11:23:32.275889 SRS_SR830 query : 'ISRC?' 
2023-06-07 11:23:32.312356 SRS_SR830 resp  : '1' 
2023-06-07 11:23:32.379171 KEPCO BOP 50-8D write : 'CURR 0.6242' 
2023-06-07 11:23:32.885559 SRS_SR830 query : 'OUTP? 1' 
2023-06-07 11:23:32.945894 SRS_SR830 resp  : '-1.48863e-005' 
2023-06-07 11:23:32.946859 SRS_SR830 query : 'SENS?' 
2023-06-07 11:23:32.983754 SRS_SR830 resp  : '15' 
2023-06-07 11:23:32.984759 SRS_SR830 query : 'ISRC?' 
2023-06-07 11:23:33.020273 SRS_SR830 resp  : '1' 
2023-06-07 11:23:33.022275 SRS_SR830 query : 'OUTP? 2' 
2023-06-07 11:23:33.081380 SRS_SR830 resp  : '-5.61777e-006' 
2023-06-07 11:23:33.082390 SRS_SR830 query : 'SENS?' 
2023-06-07 11:23:33.119425 SRS_SR830 resp  : '15' 
2023-06-07 11:23:33.120420 SRS_SR830 query : 'ISRC?' 
2023-06-07 11:23:33.157359 SRS_SR830 resp  : '1' 
2023-06-07 11:23:33.227199 KEPCO BOP 50-8D write : 'CURR 0.6280' 
2023-06-07 11:23:33.743999 SRS_SR830 query : 'OUTP? 1' 
2023-06-07 11:23:33.804257 SRS_SR830 resp  : '-1.49981e-005' 
2023-06-07 11:23:33.805254 SRS_SR830 query : 'SENS?' 
2023-06-07 11:23:33.844833 SRS_SR830 resp  : '15' 
2023-06-07 11:23:33.845839 SRS_SR830 query : 'ISRC?' 
2023-06-07 11:23:33.882452 SRS_SR830 resp  : '1' 
2023-06-07 11:23:33.884455 SRS_SR830 query : 'OUTP? 2' 
2023-06-07 11:23:33.942025 SRS_SR830 resp  : '5.73698e-007' 
2023-06-07 11:23:33.943036 SRS_SR830 query : 'SENS?' 
2023-06-07 11:23:33.981430 SRS_SR830 resp  : '15' 
2023-06-07 11:23:33.983432 SRS_SR830 query : 'ISRC?' 
2023-06-07 11:23:34.020305 SRS_SR830 resp  : '1' 
2023-06-07 11:23:34.092136 KEPCO BOP 50-8D write : 'CURR 0.6317' 
2023-06-07 11:23:34.605847 SRS_SR830 query : 'OUTP? 1' 
2023-06-07 11:23:34.665934 SRS_SR830 resp  : '-1.13994e-005' 
2023-06-07 11:23:34.666930 SRS_SR830 query : 'SENS?' 
2023-06-07 11:23:34.704854 SRS_SR830 resp  : '15' 
2023-06-07 11:23:34.705811 SRS_SR830 query : 'ISRC?' 
2023-06-07 11:23:34.741731 SRS_SR830 resp  : '1' 
2023-06-07 11:23:34.742728 SRS_SR830 query : 'OUTP? 2' 
2023-06-07 11:23:34.799539 SRS_SR830 resp  : '2.28734e-006' 
2023-06-07 11:23:34.800543 SRS_SR830 query : 'SENS?' 
2023-06-07 11:23:34.839738 SRS_SR830 resp  : '15' 
2023-06-07 11:23:34.840732 SRS_SR830 query : 'ISRC?' 
2023-06-07 11:23:34.876972 SRS_SR830 resp  : '1' 
2023-06-07 11:23:34.944816 KEPCO BOP 50-8D write : 'CURR 0.6355' 
2023-06-07 11:23:35.455782 SRS_SR830 query : 'OUTP? 1' 
2023-06-07 11:23:35.513560 SRS_SR830 resp  : '-1.38879e-005' 
2023-06-07 11:23:35.513560 SRS_SR830 query : 'SENS?' 
2023-06-07 11:23:35.551017 SRS_SR830 resp  : '15' 
2023-06-07 11:23:35.551017 SRS_SR830 query : 'ISRC?' 
2023-06-07 11:23:35.588601 SRS_SR830 resp  : '1' 
2023-06-07 11:23:35.589596 SRS_SR830 query : 'OUTP? 2' 
2023-06-07 11:23:35.649061 SRS_SR830 resp  : '-5.66248e-007' 
2023-06-07 11:23:35.650056 SRS_SR830 query : 'SENS?' 
2023-06-07 11:23:35.688494 SRS_SR830 resp  : '15' 
2023-06-07 11:23:35.689455 SRS_SR830 query : 'ISRC?' 
2023-06-07 11:23:35.726162 SRS_SR830 resp  : '1' 
2023-06-07 11:23:35.797994 KEPCO BOP 50-8D write : 'CURR 0.6392' 
2023-06-07 11:23:36.313682 SRS_SR830 query : 'OUTP? 1' 
2023-06-07 11:23:36.371589 SRS_SR830 resp  : '-9.4772e-006' 
2023-06-07 11:23:36.373591 SRS_SR830 query : 'SENS?' 
2023-06-07 11:23:36.411798 SRS_SR830 resp  : '15' 
2023-06-07 11:23:36.412791 SRS_SR830 query : 'ISRC?' 
2023-06-07 11:23:36.448264 SRS_SR830 resp  : '1' 
2023-06-07 11:23:36.449262 SRS_SR830 query : 'OUTP? 2' 
2023-06-07 11:23:36.510096 SRS_SR830 resp  : '-2.60772e-007' 
2023-06-07 11:23:36.510096 SRS_SR830 query : 'SENS?' 
2023-06-07 11:23:36.546860 SRS_SR830 resp  : '15' 
2023-06-07 11:23:36.547825 SRS_SR830 query : 'ISRC?' 
2023-06-07 11:23:36.583265 SRS_SR830 resp  : '1' 
2023-06-07 11:23:36.650068 KEPCO BOP 50-8D write : 'CURR 0.6430' 
2023-06-07 11:23:37.160228 SRS_SR830 query : 'OUTP? 1' 
2023-06-07 11:23:37.219385 SRS_SR830 resp  : '-1.12653e-005' 
2023-06-07 11:23:37.221388 SRS_SR830 query : 'SENS?' 
2023-06-07 11:23:37.257915 SRS_SR830 resp  : '15' 
2023-06-07 11:23:37.259918 SRS_SR830 query : 'ISRC?' 
2023-06-07 11:23:37.295243 SRS_SR830 resp  : '1' 
2023-06-07 11:23:37.296244 SRS_SR830 query : 'OUTP? 2' 
2023-06-07 11:23:37.350691 SRS_SR830 resp  : '1.207e-006' 
2023-06-07 11:23:37.351697 SRS_SR830 query : 'SENS?' 
2023-06-07 11:23:37.390355 SRS_SR830 resp  : '15' 
2023-06-07 11:23:37.392357 SRS_SR830 query : 'ISRC?' 
2023-06-07 11:23:37.428214 SRS_SR830 resp  : '1' 
2023-06-07 11:23:37.496036 KEPCO BOP 50-8D write : 'CURR 0.6467' 
2023-06-07 11:23:38.009220 SRS_SR830 query : 'OUTP? 1' 
2023-06-07 11:23:38.067998 SRS_SR830 resp  : '-1.44691e-005' 
2023-06-07 11:23:38.067998 SRS_SR830 query : 'SENS?' 
2023-06-07 11:23:38.105379 SRS_SR830 resp  : '15' 
2023-06-07 11:23:38.105379 SRS_SR830 query : 'ISRC?' 
2023-06-07 11:23:38.145893 SRS_SR830 resp  : '1' 
2023-06-07 11:23:38.146900 SRS_SR830 query : 'OUTP? 2' 
2023-06-07 11:23:38.204799 SRS_SR830 resp  : '2.45871e-007' 
2023-06-07 11:23:38.205804 SRS_SR830 query : 'SENS?' 
2023-06-07 11:23:38.243299 SRS_SR830 resp  : '15' 
2023-06-07 11:23:38.243299 SRS_SR830 query : 'ISRC?' 
2023-06-07 11:23:38.279396 SRS_SR830 resp  : '1' 
2023-06-07 11:23:38.327303 KEPCO BOP 50-8D write : 'CURR 0.6505' 
2023-06-07 11:23:38.843997 SRS_SR830 query : 'OUTP? 1' 
2023-06-07 11:23:38.903720 SRS_SR830 resp  : '-1.37315e-005' 
2023-06-07 11:23:38.904708 SRS_SR830 query : 'SENS?' 
2023-06-07 11:23:38.943207 SRS_SR830 resp  : '15' 
2023-06-07 11:23:38.944203 SRS_SR830 query : 'ISRC?' 
2023-06-07 11:23:38.980006 SRS_SR830 resp  : '1' 
2023-06-07 11:23:38.981000 SRS_SR830 query : 'OUTP? 2' 
2023-06-07 11:23:39.040133 SRS_SR830 resp  : '-3.85943e-006' 
2023-06-07 11:23:39.041130 SRS_SR830 query : 'SENS?' 
2023-06-07 11:23:39.080340 SRS_SR830 resp  : '15' 
2023-06-07 11:23:39.081337 SRS_SR830 query : 'ISRC?' 
2023-06-07 11:23:39.117610 SRS_SR830 resp  : '1' 
2023-06-07 11:23:39.185451 KEPCO BOP 50-8D write : 'CURR 0.6542' 
2023-06-07 11:23:39.690079 SRS_SR830 query : 'OUTP? 1' 
2023-06-07 11:23:39.750784 SRS_SR830 resp  : '-1.42009e-005' 
2023-06-07 11:23:39.751779 SRS_SR830 query : 'SENS?' 
2023-06-07 11:23:39.790247 SRS_SR830 resp  : '15' 
2023-06-07 11:23:39.791196 SRS_SR830 query : 'ISRC?' 
2023-06-07 11:23:39.827501 SRS_SR830 resp  : '1' 
2023-06-07 11:23:39.829503 SRS_SR830 query : 'OUTP? 2' 
2023-06-07 11:23:39.888694 SRS_SR830 resp  : '-3.18886e-006' 
2023-06-07 11:23:39.889701 SRS_SR830 query : 'SENS?' 
2023-06-07 11:23:39.929174 SRS_SR830 resp  : '15' 
2023-06-07 11:23:39.930177 SRS_SR830 query : 'ISRC?' 
2023-06-07 11:23:39.966080 SRS_SR830 resp  : '1' 
2023-06-07 11:23:40.034900 KEPCO BOP 50-8D write : 'CURR 0.6580' 
2023-06-07 11:23:40.538240 SRS_SR830 query : 'OUTP? 1' 
2023-06-07 11:23:40.599209 SRS_SR830 resp  : '-1.60934e-005' 
2023-06-07 11:23:40.600205 SRS_SR830 query : 'SENS?' 
2023-06-07 11:23:40.637492 SRS_SR830 resp  : '15' 
2023-06-07 11:23:40.639494 SRS_SR830 query : 'ISRC?' 
2023-06-07 11:23:40.675930 SRS_SR830 resp  : '1' 
2023-06-07 11:23:40.676924 SRS_SR830 query : 'OUTP? 2' 
2023-06-07 11:23:40.734835 SRS_SR830 resp  : '6.92908e-007' 
2023-06-07 11:23:40.735882 SRS_SR830 query : 'SENS?' 
2023-06-07 11:23:40.773979 SRS_SR830 resp  : '15' 
2023-06-07 11:23:40.773979 SRS_SR830 query : 'ISRC?' 
2023-06-07 11:23:40.808798 SRS_SR830 resp  : '1' 
2023-06-07 11:23:40.854675 KEPCO BOP 50-8D write : 'CURR 0.6618' 
2023-06-07 11:23:41.367645 SRS_SR830 query : 'OUTP? 1' 
2023-06-07 11:23:41.426571 SRS_SR830 resp  : '-1.58177e-005' 
2023-06-07 11:23:41.428574 SRS_SR830 query : 'SENS?' 
2023-06-07 11:23:41.466219 SRS_SR830 resp  : '15' 
2023-06-07 11:23:41.467216 SRS_SR830 query : 'ISRC?' 
2023-06-07 11:23:41.502699 SRS_SR830 resp  : '1' 
2023-06-07 11:23:41.504702 SRS_SR830 query : 'OUTP? 2' 
2023-06-07 11:23:41.562806 SRS_SR830 resp  : '5.31229e-006' 
2023-06-07 11:23:41.563799 SRS_SR830 query : 'SENS?' 
2023-06-07 11:23:41.601261 SRS_SR830 resp  : '15' 
2023-06-07 11:23:41.601261 SRS_SR830 query : 'ISRC?' 
2023-06-07 11:23:41.637102 SRS_SR830 resp  : '1' 
2023-06-07 11:23:41.699970 KEPCO BOP 50-8D write : 'CURR 0.6655' 
2023-06-07 11:23:42.217165 SRS_SR830 query : 'OUTP? 1' 
2023-06-07 11:23:42.277473 SRS_SR830 resp  : '-1.26586e-005' 
2023-06-07 11:23:42.279475 SRS_SR830 query : 'SENS?' 
2023-06-07 11:23:42.317295 SRS_SR830 resp  : '15' 
2023-06-07 11:23:42.318290 SRS_SR830 query : 'ISRC?' 
2023-06-07 11:23:42.354486 SRS_SR830 resp  : '1' 
2023-06-07 11:23:42.355498 SRS_SR830 query : 'OUTP? 2' 
2023-06-07 11:23:42.413295 SRS_SR830 resp  : '2.65242e-006' 
2023-06-07 11:23:42.414290 SRS_SR830 query : 'SENS?' 
2023-06-07 11:23:42.451886 SRS_SR830 resp  : '15' 
2023-06-07 11:23:42.452917 SRS_SR830 query : 'ISRC?' 
2023-06-07 11:23:42.490232 SRS_SR830 resp  : '1' 
2023-06-07 11:23:42.557077 KEPCO BOP 50-8D write : 'CURR 0.6693' 
2023-06-07 11:23:43.064015 SRS_SR830 query : 'OUTP? 1' 
2023-06-07 11:23:43.129966 SRS_SR830 resp  : '-1.56091e-005' 
2023-06-07 11:23:43.130962 SRS_SR830 query : 'SENS?' 
2023-06-07 11:23:43.168070 SRS_SR830 resp  : '15' 
2023-06-07 11:23:43.169080 SRS_SR830 query : 'ISRC?' 
2023-06-07 11:23:43.204863 SRS_SR830 resp  : '1' 
2023-06-07 11:23:43.206855 SRS_SR830 query : 'OUTP? 2' 
2023-06-07 11:23:43.264832 SRS_SR830 resp  : '3.73276e-006' 
2023-06-07 11:23:43.265878 SRS_SR830 query : 'SENS?' 
2023-06-07 11:23:43.303998 SRS_SR830 resp  : '15' 
2023-06-07 11:23:43.304992 SRS_SR830 query : 'ISRC?' 
2023-06-07 11:23:43.341517 SRS_SR830 resp  : '1' 
2023-06-07 11:23:43.407336 KEPCO BOP 50-8D write : 'CURR 0.6730' 
2023-06-07 11:23:43.910957 SRS_SR830 query : 'OUTP? 1' 
2023-06-07 11:23:43.971765 SRS_SR830 resp  : '-1.03862e-005' 
2023-06-07 11:23:43.972763 SRS_SR830 query : 'SENS?' 
2023-06-07 11:23:44.011247 SRS_SR830 resp  : '15' 
2023-06-07 11:23:44.012242 SRS_SR830 query : 'ISRC?' 
2023-06-07 11:23:44.048587 SRS_SR830 resp  : '1' 
2023-06-07 11:23:44.049537 SRS_SR830 query : 'OUTP? 2' 
2023-06-07 11:23:44.108038 SRS_SR830 resp  : '1.43797e-006' 
2023-06-07 11:23:44.109032 SRS_SR830 query : 'SENS?' 
2023-06-07 11:23:44.147283 SRS_SR830 resp  : '15' 
2023-06-07 11:23:44.148296 SRS_SR830 query : 'ISRC?' 
2023-06-07 11:23:44.184830 SRS_SR830 resp  : '1' 
2023-06-07 11:23:44.257674 KEPCO BOP 50-8D write : 'CURR 0.6768' 
2023-06-07 11:23:44.773518 SRS_SR830 query : 'OUTP? 1' 
2023-06-07 11:23:44.831745 SRS_SR830 resp  : '-9.15682e-006' 
2023-06-07 11:23:44.832748 SRS_SR830 query : 'SENS?' 
2023-06-07 11:23:44.871361 SRS_SR830 resp  : '15' 
2023-06-07 11:23:44.873364 SRS_SR830 query : 'ISRC?' 
2023-06-07 11:23:44.909004 SRS_SR830 resp  : '1' 
2023-06-07 11:23:44.909004 SRS_SR830 query : 'OUTP? 2' 
2023-06-07 11:23:44.967605 SRS_SR830 resp  : '-7.52512e-007' 
2023-06-07 11:23:44.969607 SRS_SR830 query : 'SENS?' 
2023-06-07 11:23:45.006740 SRS_SR830 resp  : '15' 
2023-06-07 11:23:45.007748 SRS_SR830 query : 'ISRC?' 
2023-06-07 11:23:45.045266 SRS_SR830 resp  : '1' 
2023-06-07 11:23:45.118824 KEPCO BOP 50-8D write : 'CURR 0.6805' 
2023-06-07 11:23:45.632086 SRS_SR830 query : 'OUTP? 1' 
2023-06-07 11:23:45.689811 SRS_SR830 resp  : '-1.2979e-005' 
2023-06-07 11:23:45.690814 SRS_SR830 query : 'SENS?' 
2023-06-07 11:23:45.727863 SRS_SR830 resp  : '15' 
2023-06-07 11:23:45.729878 SRS_SR830 query : 'ISRC?' 
2023-06-07 11:23:45.765966 SRS_SR830 resp  : '1' 
2023-06-07 11:23:45.766924 SRS_SR830 query : 'OUTP? 2' 
2023-06-07 11:23:45.825447 SRS_SR830 resp  : '-8.77684e-006' 
2023-06-07 11:23:45.826449 SRS_SR830 query : 'SENS?' 
2023-06-07 11:23:45.865482 SRS_SR830 resp  : '15' 
2023-06-07 11:23:45.865482 SRS_SR830 query : 'ISRC?' 
2023-06-07 11:23:45.901780 SRS_SR830 resp  : '1' 
2023-06-07 11:23:45.987065 KEPCO BOP 50-8D write : 'CURR 0.6843' 
2023-06-07 11:23:46.493941 SRS_SR830 query : 'OUTP? 1' 
2023-06-07 11:23:46.554394 SRS_SR830 resp  : '-1.97665e-005' 
2023-06-07 11:23:46.555393 SRS_SR830 query : 'SENS?' 
2023-06-07 11:23:46.592866 SRS_SR830 resp  : '15' 
2023-06-07 11:23:46.593876 SRS_SR830 query : 'ISRC?' 
2023-06-07 11:23:46.629921 SRS_SR830 resp  : '1' 
2023-06-07 11:23:46.631920 SRS_SR830 query : 'OUTP? 2' 
2023-06-07 11:23:46.691175 SRS_SR830 resp  : '-8.47882e-006' 
2023-06-07 11:23:46.692171 SRS_SR830 query : 'SENS?' 
2023-06-07 11:23:46.730774 SRS_SR830 resp  : '15' 
2023-06-07 11:23:46.732767 SRS_SR830 query : 'ISRC?' 
2023-06-07 11:23:46.769915 SRS_SR830 resp  : '1' 
2023-06-07 11:23:46.838765 KEPCO BOP 50-8D write : 'CURR 0.6880' 
2023-06-07 11:23:47.356171 SRS_SR830 query : 'OUTP? 1' 
2023-06-07 11:23:47.416003 SRS_SR830 resp  : '-1.57879e-005' 
2023-06-07 11:23:47.416997 SRS_SR830 query : 'SENS?' 
2023-06-07 11:23:47.454834 SRS_SR830 resp  : '15' 
2023-06-07 11:23:47.455839 SRS_SR830 query : 'ISRC?' 
2023-06-07 11:23:47.492372 SRS_SR830 resp  : '1' 
2023-06-07 11:23:47.493413 SRS_SR830 query : 'OUTP? 2' 
2023-06-07 11:23:47.552227 SRS_SR830 resp  : '5.14094e-007' 
2023-06-07 11:23:47.553180 SRS_SR830 query : 'SENS?' 
2023-06-07 11:23:47.591721 SRS_SR830 resp  : '15' 
2023-06-07 11:23:47.592718 SRS_SR830 query : 'ISRC?' 
2023-06-07 11:23:47.629089 SRS_SR830 resp  : '1' 
2023-06-07 11:23:47.670981 KEPCO BOP 50-8D write : 'CURR 0.6918' 
2023-06-07 11:23:48.174558 SRS_SR830 query : 'OUTP? 1' 
2023-06-07 11:23:48.232430 SRS_SR830 resp  : '-1.36793e-005' 
2023-06-07 11:23:48.233400 SRS_SR830 query : 'SENS?' 
2023-06-07 11:23:48.270310 SRS_SR830 resp  : '15' 
2023-06-07 11:23:48.271300 SRS_SR830 query : 'ISRC?' 
2023-06-07 11:23:48.305231 SRS_SR830 resp  : '1' 
2023-06-07 11:23:48.306205 SRS_SR830 query : 'OUTP? 2' 
2023-06-07 11:23:48.362065 SRS_SR830 resp  : '4.02333e-007' 
2023-06-07 11:23:48.363062 SRS_SR830 query : 'SENS?' 
2023-06-07 11:23:48.398966 SRS_SR830 resp  : '15' 
2023-06-07 11:23:48.398966 SRS_SR830 query : 'ISRC?' 
2023-06-07 11:23:48.434895 SRS_SR830 resp  : '1' 
2023-06-07 11:23:48.483739 KEPCO BOP 50-8D write : 'CURR 0.6956' 
2023-06-07 11:23:48.985611 SRS_SR830 query : 'OUTP? 1' 
2023-06-07 11:23:49.043442 SRS_SR830 resp  : '-1.59816e-005' 
2023-06-07 11:23:49.043442 SRS_SR830 query : 'SENS?' 
2023-06-07 11:23:49.080354 SRS_SR830 resp  : '15' 
2023-06-07 11:23:49.080354 SRS_SR830 query : 'ISRC?' 
2023-06-07 11:23:49.116070 SRS_SR830 resp  : '1' 
2023-06-07 11:23:49.116070 SRS_SR830 query : 'OUTP? 2' 
2023-06-07 11:23:49.172947 SRS_SR830 resp  : '-1.57953e-006' 
2023-06-07 11:23:49.173916 SRS_SR830 query : 'SENS?' 
2023-06-07 11:23:49.209821 SRS_SR830 resp  : '15' 
2023-06-07 11:23:49.209821 SRS_SR830 query : 'ISRC?' 
2023-06-07 11:23:49.244755 SRS_SR830 resp  : '1' 
2023-06-07 11:23:49.312549 KEPCO BOP 50-8D write : 'CURR 0.6993' 
2023-06-07 11:23:49.825076 SRS_SR830 query : 'OUTP? 1' 
2023-06-07 11:23:49.883913 SRS_SR830 resp  : '-1.45659e-005' 
2023-06-07 11:23:49.884907 SRS_SR830 query : 'SENS?' 
2023-06-07 11:23:49.921499 SRS_SR830 resp  : '15' 
2023-06-07 11:23:49.921499 SRS_SR830 query : 'ISRC?' 
2023-06-07 11:23:49.956405 SRS_SR830 resp  : '1' 
2023-06-07 11:23:49.956405 SRS_SR830 query : 'OUTP? 2' 
2023-06-07 11:23:50.015249 SRS_SR830 resp  : '-1.70619e-006' 
2023-06-07 11:23:50.015249 SRS_SR830 query : 'SENS?' 
2023-06-07 11:23:50.051793 SRS_SR830 resp  : '15' 
2023-06-07 11:23:50.051793 SRS_SR830 query : 'ISRC?' 
2023-06-07 11:23:50.086728 SRS_SR830 resp  : '1' 
2023-06-07 11:23:50.146539 KEPCO BOP 50-8D write : 'CURR 0.7031' 
2023-06-07 11:23:50.659886 SRS_SR830 query : 'OUTP? 1' 
2023-06-07 11:23:50.718728 SRS_SR830 resp  : '-1.53632e-005' 
2023-06-07 11:23:50.718728 SRS_SR830 query : 'SENS?' 
2023-06-07 11:23:50.755664 SRS_SR830 resp  : '15' 
2023-06-07 11:23:50.755664 SRS_SR830 query : 'ISRC?' 
2023-06-07 11:23:50.790879 SRS_SR830 resp  : '1' 
2023-06-07 11:23:50.790879 SRS_SR830 query : 'OUTP? 2' 
2023-06-07 11:23:50.847699 SRS_SR830 resp  : '4.02333e-007' 
2023-06-07 11:23:50.847699 SRS_SR830 query : 'SENS?' 
2023-06-07 11:23:50.884600 SRS_SR830 resp  : '15' 
2023-06-07 11:23:50.884600 SRS_SR830 query : 'ISRC?' 
2023-06-07 11:23:50.919471 SRS_SR830 resp  : '1' 
2023-06-07 11:23:50.962328 KEPCO BOP 50-8D write : 'CURR 0.7068' 
2023-06-07 11:23:51.477718 SRS_SR830 query : 'OUTP? 1' 
2023-06-07 11:23:51.534559 SRS_SR830 resp  : '-1.6451e-005' 
2023-06-07 11:23:51.535528 SRS_SR830 query : 'SENS?' 
2023-06-07 11:23:51.571978 SRS_SR830 resp  : '15' 
2023-06-07 11:23:51.572977 SRS_SR830 query : 'ISRC?' 
2023-06-07 11:23:51.607654 SRS_SR830 resp  : '1' 
2023-06-07 11:23:51.607654 SRS_SR830 query : 'OUTP? 2' 
2023-06-07 11:23:51.665500 SRS_SR830 resp  : '9.46227e-007' 
2023-06-07 11:23:51.665500 SRS_SR830 query : 'SENS?' 
2023-06-07 11:23:51.702430 SRS_SR830 resp  : '15' 
2023-06-07 11:23:51.702430 SRS_SR830 query : 'ISRC?' 
2023-06-07 11:23:51.738305 SRS_SR830 resp  : '1' 
2023-06-07 11:23:51.786177 KEPCO BOP 50-8D write : 'CURR 0.7106' 
2023-06-07 11:23:52.300801 SRS_SR830 query : 'OUTP? 1' 
2023-06-07 11:23:52.358645 SRS_SR830 resp  : '-1.4864e-005' 
2023-06-07 11:23:52.359643 SRS_SR830 query : 'SENS?' 
2023-06-07 11:23:52.395546 SRS_SR830 resp  : '15' 
2023-06-07 11:23:52.395546 SRS_SR830 query : 'ISRC?' 
2023-06-07 11:23:52.431479 SRS_SR830 resp  : '1' 
2023-06-07 11:23:52.431479 SRS_SR830 query : 'OUTP? 2' 
2023-06-07 11:23:52.490323 SRS_SR830 resp  : '-1.49013e-008' 
2023-06-07 11:23:52.491291 SRS_SR830 query : 'SENS?' 
2023-06-07 11:23:52.527201 SRS_SR830 resp  : '15' 
2023-06-07 11:23:52.527201 SRS_SR830 query : 'ISRC?' 
2023-06-07 11:23:52.562103 SRS_SR830 resp  : '1' 
2023-06-07 11:23:52.628923 KEPCO BOP 50-8D write : 'CURR 0.7143' 
2023-06-07 11:23:53.142152 SRS_SR830 query : 'OUTP? 1' 
2023-06-07 11:23:53.200995 SRS_SR830 resp  : '-1.84999e-005' 
2023-06-07 11:23:53.201992 SRS_SR830 query : 'SENS?' 
2023-06-07 11:23:53.238894 SRS_SR830 resp  : '15' 
2023-06-07 11:23:53.239890 SRS_SR830 query : 'ISRC?' 
2023-06-07 11:23:53.274797 SRS_SR830 resp  : '1' 
2023-06-07 11:23:53.274797 SRS_SR830 query : 'OUTP? 2' 
2023-06-07 11:23:53.332643 SRS_SR830 resp  : '-1.02819e-006' 
2023-06-07 11:23:53.332643 SRS_SR830 query : 'SENS?' 
2023-06-07 11:23:53.370101 SRS_SR830 resp  : '15' 
2023-06-07 11:23:53.370101 SRS_SR830 query : 'ISRC?' 
2023-06-07 11:23:53.406009 SRS_SR830 resp  : '1' 
2023-06-07 11:23:53.523694 KEPCO BOP 50-8D write : 'CURR 0.7181' 
