SpinLab Experiment Logfile2023-6-8_11-19-16
2023-06-08 06:19:16.213650 OPEN_ : '' 
2023-06-08 06:19:16.229608 GPIB0::15::INSTR OPEN_ : '' 
2023-06-08 06:19:16.247560 GPIB0::6::INSTR OPEN_ : '' 
2023-06-08 06:19:16.248558 KEPCO BOP 50-8D write : '*CLS' 
2023-06-08 06:19:16.250552 KEPCO BOP 50-8D write : '*RST' 
2023-06-08 06:19:16.251550 KEPCO BOP 50-8D write : 'OUTPUT ON' 
2023-06-08 06:19:16.254540 KEPCO BOP 50-8D write : 'FUNC:MODE CURR' 
2023-06-08 06:19:16.257539 KEPCO BOP 50-8D write : 'VOLT 40.0000' 
2023-06-08 06:19:16.260525 KEPCO BOP 50-8D write : 'CURR 0.0000' 
2023-06-08 06:19:16.285509 ASRL4::INSTR OPEN_ : '' 
2023-06-08 06:19:16.286470 SRS_SR830 write : 'OUTX 0' 
2023-06-08 06:19:16.286470 SRS_SR830 write : 'OVRM 1' 
2023-06-08 06:19:16.287453 KEPCO BOP 50-8D query : 'MEAS:CURR?' 
2023-06-08 06:19:16.320247 KEPCO BOP 50-8D resp  : '4.19777E0' 
2023-06-08 06:19:16.321251 KEPCO BOP 50-8D query : 'MEAS:VOLT?' 
2023-06-08 06:19:16.353275 KEPCO BOP 50-8D resp  : '-5.19533E1' 
2023-06-08 06:19:16.354272 KEPCO BOP 50-8D query : 'FUNC:MODE?' 
2023-06-08 06:19:16.360256 KEPCO BOP 50-8D resp  : '1' 
2023-06-08 06:19:16.361253 HP 8673G CW Gen query : 'OK' 
2023-06-08 06:19:16.452504 HP 8673G CW Gen resp  : 'FR03000000000HZ' 
2023-06-08 06:19:16.453506 HP 8673G CW Gen query : 'LE OA' 
2023-06-08 06:19:16.464256 HP 8673G CW Gen resp  : 'LE-70.0DM' 
2023-06-08 06:19:16.464256 SRS_SR830 query : 'SENS?' 
2023-06-08 06:19:16.501261 SRS_SR830 resp  : '15' 
2023-06-08 06:19:16.501261 SRS_SR830 query : 'ISRC?' 
2023-06-08 06:19:16.536214 SRS_SR830 resp  : '1' 
2023-06-08 06:19:16.537212 SRS_SR830 query : 'OFLT?' 
2023-06-08 06:19:16.572510 SRS_SR830 resp  : '9' 
2023-06-08 06:19:59.614426 KEPCO BOP 50-8D query : 'MEAS:CURR?' 
2023-06-08 06:19:59.647657 KEPCO BOP 50-8D resp  : '4.19649E0' 
2023-06-08 06:19:59.648418 KEPCO BOP 50-8D query : 'MEAS:VOLT?' 
2023-06-08 06:19:59.678260 KEPCO BOP 50-8D resp  : '-3.77188E1' 
2023-06-08 06:19:59.679229 KEPCO BOP 50-8D query : 'FUNC:MODE?' 
2023-06-08 06:19:59.684999 KEPCO BOP 50-8D resp  : '1' 
2023-06-08 06:19:59.684999 HP 8673G CW Gen query : 'OK' 
2023-06-08 06:19:59.694320 HP 8673G CW Gen resp  : 'FR03000000000HZ' 
2023-06-08 06:19:59.694320 HP 8673G CW Gen query : 'LE OA' 
2023-06-08 06:19:59.704342 HP 8673G CW Gen resp  : 'LE-70.0DM' 
2023-06-08 06:19:59.706338 SRS_SR830 query : 'SENS?' 
2023-06-08 06:19:59.742779 SRS_SR830 resp  : '15' 
2023-06-08 06:19:59.742779 SRS_SR830 query : 'ISRC?' 
2023-06-08 06:19:59.778072 SRS_SR830 resp  : '1' 
2023-06-08 06:19:59.778072 SRS_SR830 query : 'OFLT?' 
2023-06-08 06:19:59.814758 SRS_SR830 resp  : '9' 
2023-06-08 06:19:59.815761 SRS_SR830 query : 'ISRC?' 
2023-06-08 06:19:59.851102 SRS_SR830 resp  : '1' 
2023-06-08 06:19:59.851102 SRS_SR830 write : 'SENS 15' 
2023-06-08 06:19:59.852099 HP 8673G CW Gen write : 'FR 2.0 GZ' 
2023-06-08 06:19:59.859111 HP 8673G CW Gen query : 'MG' 
2023-06-08 06:19:59.867538 HP 8673G CW Gen resp  : '00' 
2023-06-08 06:19:59.946243 KEPCO BOP 50-8D write : 'CURR 0.0000' 
2023-06-08 06:20:04.950489 KEPCO BOP 50-8D write : 'CURR 0.0000' 
2023-06-08 06:20:05.456289 SRS_SR830 query : 'OUTP? 1' 
2023-06-08 06:20:05.514961 SRS_SR830 resp  : '0.000132167' 
2023-06-08 06:20:05.565696 SRS_SR830 query : 'OUTP? 1' 
2023-06-08 06:20:05.621817 SRS_SR830 resp  : '0.000140258' 
2023-06-08 06:20:05.674358 SRS_SR830 query : 'OUTP? 1' 
2023-06-08 06:20:05.730731 SRS_SR830 resp  : '0.00015992' 
2023-06-08 06:20:05.793254 SRS_SR830 query : 'OUTP? 1' 
2023-06-08 06:20:05.850196 SRS_SR830 resp  : '0.000191056' 
2023-06-08 06:20:05.910559 SRS_SR830 query : 'OUTP? 1' 
2023-06-08 06:20:05.967161 SRS_SR830 resp  : '0.000218437' 
2023-06-08 06:20:06.027039 SRS_SR830 query : 'OUTP? 1' 
2023-06-08 06:20:06.084166 SRS_SR830 resp  : '0.000218437' 
2023-06-08 06:20:06.142280 SRS_SR830 query : 'OUTP? 1' 
2023-06-08 06:20:06.200717 SRS_SR830 resp  : '0.000218437' 
2023-06-08 06:20:06.265722 SRS_SR830 query : 'OUTP? 1' 
2023-06-08 06:20:06.322358 SRS_SR830 resp  : '0.000218437' 
2023-06-08 06:20:06.377659 SRS_SR830 query : 'OUTP? 1' 
2023-06-08 06:20:06.434267 SRS_SR830 resp  : '0.000218437' 
2023-06-08 06:20:06.495196 SRS_SR830 query : 'OUTP? 1' 
2023-06-08 06:20:06.551929 SRS_SR830 resp  : '0.000218437' 
2023-06-08 06:20:06.611109 SRS_SR830 query : 'SENS?' 
2023-06-08 06:20:06.650250 SRS_SR830 resp  : '15' 
2023-06-08 06:20:06.651255 SRS_SR830 query : 'ISRC?' 
2023-06-08 06:20:06.686893 SRS_SR830 resp  : '1' 
2023-06-08 06:20:06.688897 SRS_SR830 query : 'SENS?' 
2023-06-08 06:20:06.725138 SRS_SR830 resp  : '15' 
2023-06-08 06:20:06.725138 SRS_SR830 write : 'SENS 16' 
2023-06-08 06:20:11.740280 SRS_SR830 query : 'OUTP? 2' 
2023-06-08 06:20:11.798838 SRS_SR830 resp  : '-0.000312837' 
2023-06-08 06:20:11.864469 SRS_SR830 query : 'OUTP? 2' 
2023-06-08 06:20:11.923436 SRS_SR830 resp  : '-0.000263842' 
2023-06-08 06:20:11.975809 SRS_SR830 query : 'OUTP? 2' 
2023-06-08 06:20:12.035739 SRS_SR830 resp  : '-0.000223727' 
2023-06-08 06:20:12.085860 SRS_SR830 query : 'OUTP? 2' 
2023-06-08 06:20:12.143256 SRS_SR830 resp  : '-0.00016302' 
2023-06-08 06:20:12.194776 SRS_SR830 query : 'OUTP? 2' 
2023-06-08 06:20:12.251892 SRS_SR830 resp  : '-0.00010252' 
2023-06-08 06:20:12.305186 SRS_SR830 query : 'OUTP? 2' 
2023-06-08 06:20:12.364205 SRS_SR830 resp  : '-7.50427e-005' 
2023-06-08 06:20:12.430071 SRS_SR830 query : 'OUTP? 2' 
2023-06-08 06:20:12.488510 SRS_SR830 resp  : '-6.60722e-005' 
2023-06-08 06:20:12.553392 SRS_SR830 query : 'OUTP? 2' 
2023-06-08 06:20:12.612199 SRS_SR830 resp  : '-7.97515e-005' 
2023-06-08 06:20:12.678325 SRS_SR830 query : 'OUTP? 2' 
2023-06-08 06:20:12.736753 SRS_SR830 resp  : '-7.67414e-005' 
2023-06-08 06:20:12.788156 SRS_SR830 query : 'OUTP? 2' 
2023-06-08 06:20:12.846039 SRS_SR830 resp  : '-4.70879e-005' 
2023-06-08 06:20:12.913672 SRS_SR830 query : 'SENS?' 
2023-06-08 06:20:12.951992 SRS_SR830 resp  : '16' 
2023-06-08 06:20:12.953978 SRS_SR830 query : 'ISRC?' 
2023-06-08 06:20:12.990252 SRS_SR830 resp  : '1' 
2023-06-08 06:20:13.141119 KEPCO BOP 50-8D write : 'CURR 0.0005' 
2023-06-08 06:20:13.653029 SRS_SR830 query : 'OUTP? 1' 
2023-06-08 06:20:13.711857 SRS_SR830 resp  : '5.42405e-006' 
2023-06-08 06:20:13.770356 SRS_SR830 query : 'OUTP? 1' 
2023-06-08 06:20:13.826594 SRS_SR830 resp  : '1.1623e-005' 
2023-06-08 06:20:13.878600 SRS_SR830 query : 'OUTP? 1' 
2023-06-08 06:20:13.937592 SRS_SR830 resp  : '9.44739e-006' 
2023-06-08 06:20:14.004465 SRS_SR830 query : 'OUTP? 1' 
2023-06-08 06:20:14.063897 SRS_SR830 resp  : '-2.84017e-005' 
2023-06-08 06:20:14.114174 SRS_SR830 query : 'OUTP? 1' 
2023-06-08 06:20:14.172378 SRS_SR830 resp  : '-3.80876e-005' 
2023-06-08 06:20:14.222964 SRS_SR830 query : 'OUTP? 1' 
2023-06-08 06:20:14.280675 SRS_SR830 resp  : '4.94721e-006' 
2023-06-08 06:20:14.337675 SRS_SR830 query : 'OUTP? 1' 
2023-06-08 06:20:14.396080 SRS_SR830 resp  : '7.00955e-005' 
2023-06-08 06:20:14.454486 SRS_SR830 query : 'OUTP? 1' 
2023-06-08 06:20:14.511117 SRS_SR830 resp  : '0.000142992' 
2023-06-08 06:20:14.562759 SRS_SR830 query : 'OUTP? 1' 
2023-06-08 06:20:14.619065 SRS_SR830 resp  : '0.000206501' 
2023-06-08 06:20:14.673450 SRS_SR830 query : 'OUTP? 1' 
2023-06-08 06:20:14.730249 SRS_SR830 resp  : '0.000235767' 
2023-06-08 06:20:14.788081 SRS_SR830 query : 'SENS?' 
2023-06-08 06:20:14.829994 SRS_SR830 resp  : '16' 
2023-06-08 06:20:14.829994 SRS_SR830 query : 'ISRC?' 
2023-06-08 06:20:14.864900 SRS_SR830 resp  : '1' 
2023-06-08 06:20:14.865898 SRS_SR830 query : 'OUTP? 2' 
2023-06-08 06:20:14.920925 SRS_SR830 resp  : '-0.00026557' 
2023-06-08 06:20:14.974086 SRS_SR830 query : 'OUTP? 2' 
2023-06-08 06:20:15.032570 SRS_SR830 resp  : '-0.000256808' 
2023-06-08 06:20:15.093308 SRS_SR830 query : 'OUTP? 2' 
2023-06-08 06:20:15.149771 SRS_SR830 resp  : '-0.00023678' 
2023-06-08 06:20:15.208435 SRS_SR830 query : 'OUTP? 2' 
2023-06-08 06:20:15.265202 SRS_SR830 resp  : '-0.00022924' 
2023-06-08 06:20:15.326552 SRS_SR830 query : 'OUTP? 2' 
2023-06-08 06:20:15.383945 SRS_SR830 resp  : '-0.000222207' 
2023-06-08 06:20:15.441972 SRS_SR830 query : 'OUTP? 2' 
2023-06-08 06:20:15.502700 SRS_SR830 resp  : '-0.000224859' 
2023-06-08 06:20:15.562526 SRS_SR830 query : 'OUTP? 2' 
2023-06-08 06:20:15.620253 SRS_SR830 resp  : '-0.000219584' 
2023-06-08 06:20:15.677577 SRS_SR830 query : 'OUTP? 2' 
2023-06-08 06:20:15.735498 SRS_SR830 resp  : '-0.000182421' 
2023-06-08 06:20:15.795410 SRS_SR830 query : 'OUTP? 2' 
2023-06-08 06:20:15.853923 SRS_SR830 resp  : '-0.000146718' 
2023-06-08 06:20:15.905599 SRS_SR830 query : 'OUTP? 2' 
2023-06-08 06:20:15.963488 SRS_SR830 resp  : '-0.000151456' 
2023-06-08 06:20:16.015781 SRS_SR830 query : 'SENS?' 
2023-06-08 06:20:16.053270 SRS_SR830 resp  : '16' 
2023-06-08 06:20:16.053270 SRS_SR830 query : 'ISRC?' 
2023-06-08 06:20:16.089865 SRS_SR830 resp  : '1' 
2023-06-08 06:20:16.177319 KEPCO BOP 50-8D write : 'CURR 0.0010' 
2023-06-08 06:20:16.687152 SRS_SR830 query : 'OUTP? 1' 
2023-06-08 06:20:16.746559 SRS_SR830 resp  : '-4.70879e-005' 
2023-06-08 06:20:16.796843 SRS_SR830 query : 'OUTP? 1' 
2023-06-08 06:20:16.854253 SRS_SR830 resp  : '1.20402e-005' 
2023-06-08 06:20:16.906288 SRS_SR830 query : 'OUTP? 1' 
2023-06-08 06:20:16.963613 SRS_SR830 resp  : '7.67414e-005' 
2023-06-08 06:20:17.014997 SRS_SR830 query : 'OUTP? 1' 
2023-06-08 06:20:17.072684 SRS_SR830 resp  : '0.000139655' 
2023-06-08 06:20:17.128036 SRS_SR830 query : 'OUTP? 1' 
2023-06-08 06:20:17.184867 SRS_SR830 resp  : '0.000193507' 
2023-06-08 06:20:17.237406 SRS_SR830 query : 'OUTP? 1' 
2023-06-08 06:20:17.294076 SRS_SR830 resp  : '0.00023383' 
2023-06-08 06:20:17.360286 SRS_SR830 query : 'OUTP? 1' 
2023-06-08 06:20:17.416154 SRS_SR830 resp  : '0.000264945' 
2023-06-08 06:20:17.470470 SRS_SR830 query : 'OUTP? 1' 
2023-06-08 06:20:17.526891 SRS_SR830 resp  : '0.000279965' 
2023-06-08 06:20:17.580097 SRS_SR830 query : 'OUTP? 1' 
2023-06-08 06:20:17.637169 SRS_SR830 resp  : '0.000293287' 
2023-06-08 06:20:17.690033 SRS_SR830 query : 'OUTP? 1' 
2023-06-08 06:20:17.746338 SRS_SR830 resp  : '0.000315698' 
2023-06-08 06:20:17.799138 SRS_SR830 query : 'SENS?' 
2023-06-08 06:20:17.835660 SRS_SR830 resp  : '16' 
2023-06-08 06:20:17.835660 SRS_SR830 query : 'ISRC?' 
2023-06-08 06:20:17.871268 SRS_SR830 resp  : '1' 
2023-06-08 06:20:17.872270 SRS_SR830 query : 'OUTP? 2' 
2023-06-08 06:20:17.928931 SRS_SR830 resp  : '8.5861e-005' 
2023-06-08 06:20:17.986786 SRS_SR830 query : 'OUTP? 2' 
2023-06-08 06:20:18.044064 SRS_SR830 resp  : '0.000124306' 
2023-06-08 06:20:18.096676 SRS_SR830 query : 'OUTP? 2' 
2023-06-08 06:20:18.154234 SRS_SR830 resp  : '0.000144602' 
2023-06-08 06:20:18.206045 SRS_SR830 query : 'OUTP? 2' 
2023-06-08 06:20:18.262002 SRS_SR830 resp  : '0.000142516' 
2023-06-08 06:20:18.313370 SRS_SR830 query : 'OUTP? 2' 
2023-06-08 06:20:18.370079 SRS_SR830 resp  : '0.000153572' 
2023-06-08 06:20:18.429523 SRS_SR830 query : 'OUTP? 2' 
2023-06-08 06:20:18.485239 SRS_SR830 resp  : '0.000177146' 
2023-06-08 06:20:18.540312 SRS_SR830 query : 'OUTP? 2' 
2023-06-08 06:20:18.595891 SRS_SR830 resp  : '0.000199826' 
2023-06-08 06:20:18.658190 SRS_SR830 query : 'OUTP? 2' 
2023-06-08 06:20:18.715401 SRS_SR830 resp  : '0.000206382' 
2023-06-08 06:20:18.767980 SRS_SR830 query : 'OUTP? 2' 
2023-06-08 06:20:18.824514 SRS_SR830 resp  : '0.000185789' 
2023-06-08 06:20:18.876922 SRS_SR830 query : 'OUTP? 2' 
2023-06-08 06:20:18.934258 SRS_SR830 resp  : '0.000143976' 
2023-06-08 06:20:18.986200 SRS_SR830 query : 'SENS?' 
2023-06-08 06:20:19.023164 SRS_SR830 resp  : '16' 
2023-06-08 06:20:19.024164 SRS_SR830 query : 'ISRC?' 
2023-06-08 06:20:19.060374 SRS_SR830 resp  : '1' 
2023-06-08 06:20:19.131364 KEPCO BOP 50-8D write : 'CURR 0.0015' 
2023-06-08 06:20:19.635215 SRS_SR830 query : 'OUTP? 1' 
2023-06-08 06:20:19.692995 SRS_SR830 resp  : '3.74618e-005' 
2023-06-08 06:20:19.757923 SRS_SR830 query : 'OUTP? 1' 
2023-06-08 06:20:19.815421 SRS_SR830 resp  : '1.56165e-005' 
2023-06-08 06:20:19.865585 SRS_SR830 query : 'OUTP? 1' 
2023-06-08 06:20:19.923658 SRS_SR830 resp  : '-3.07264e-005' 
2023-06-08 06:20:19.991223 SRS_SR830 query : 'OUTP? 1' 
2023-06-08 06:20:20.050556 SRS_SR830 resp  : '-5.66544e-005' 
2023-06-08 06:20:20.108135 SRS_SR830 query : 'OUTP? 1' 
2023-06-08 06:20:20.167295 SRS_SR830 resp  : '-3.23954e-005' 
2023-06-08 06:20:20.222683 SRS_SR830 query : 'OUTP? 1' 
2023-06-08 06:20:20.280679 SRS_SR830 resp  : '3.31404e-005' 
2023-06-08 06:20:20.332299 SRS_SR830 query : 'OUTP? 1' 
2023-06-08 06:20:20.389349 SRS_SR830 resp  : '0.000124753' 
2023-06-08 06:20:20.443135 SRS_SR830 query : 'OUTP? 1' 
2023-06-08 06:20:20.499287 SRS_SR830 resp  : '0.000188411' 
2023-06-08 06:20:20.551314 SRS_SR830 query : 'OUTP? 1' 
2023-06-08 06:20:20.606267 SRS_SR830 resp  : '0.000222833' 
2023-06-08 06:20:20.659686 SRS_SR830 query : 'OUTP? 1' 
2023-06-08 06:20:20.716435 SRS_SR830 resp  : '0.000244858' 
2023-06-08 06:20:20.768297 SRS_SR830 query : 'SENS?' 
2023-06-08 06:20:20.805495 SRS_SR830 resp  : '16' 
2023-06-08 06:20:20.806484 SRS_SR830 query : 'ISRC?' 
2023-06-08 06:20:20.841527 SRS_SR830 resp  : '1' 
2023-06-08 06:20:20.842524 SRS_SR830 query : 'OUTP? 2' 
2023-06-08 06:20:20.901350 SRS_SR830 resp  : '-0.000436397' 
2023-06-08 06:20:20.954411 SRS_SR830 query : 'OUTP? 2' 
2023-06-08 06:20:21.011922 SRS_SR830 resp  : '-0.000438841' 
2023-06-08 06:20:21.063298 SRS_SR830 query : 'OUTP? 2' 
2023-06-08 06:20:21.121162 SRS_SR830 resp  : '-0.000457617' 
2023-06-08 06:20:21.176863 SRS_SR830 query : 'OUTP? 2' 
2023-06-08 06:20:21.234588 SRS_SR830 resp  : '-0.000469448' 
2023-06-08 06:20:21.285880 SRS_SR830 query : 'OUTP? 2' 
2023-06-08 06:20:21.343237 SRS_SR830 resp  : '-0.000458451' 
2023-06-08 06:20:21.396900 SRS_SR830 query : 'OUTP? 2' 
2023-06-08 06:20:21.453767 SRS_SR830 resp  : '-0.000442507' 
2023-06-08 06:20:21.509007 SRS_SR830 query : 'OUTP? 2' 
2023-06-08 06:20:21.565177 SRS_SR830 resp  : '-0.000434758' 
2023-06-08 06:20:21.618860 SRS_SR830 query : 'OUTP? 2' 
2023-06-08 06:20:21.675957 SRS_SR830 resp  : '-0.000427129' 
2023-06-08 06:20:21.728133 SRS_SR830 query : 'OUTP? 2' 
2023-06-08 06:20:21.786614 SRS_SR830 resp  : '-0.000398966' 
2023-06-08 06:20:21.838020 SRS_SR830 query : 'OUTP? 2' 
2023-06-08 06:20:21.895422 SRS_SR830 resp  : '-0.000352712' 
2023-06-08 06:20:21.947532 SRS_SR830 query : 'SENS?' 
2023-06-08 06:20:21.985032 SRS_SR830 resp  : '16' 
2023-06-08 06:20:21.985032 SRS_SR830 query : 'ISRC?' 
2023-06-08 06:20:22.020788 SRS_SR830 resp  : '1' 
2023-06-08 06:20:22.021790 SRS_SR830 query : 'SENS?' 
2023-06-08 06:20:22.059130 SRS_SR830 resp  : '16' 
2023-06-08 06:20:22.061133 SRS_SR830 write : 'SENS 17' 
2023-06-08 06:20:27.123776 KEPCO BOP 50-8D write : 'CURR 0.0020' 
2023-06-08 06:20:27.633796 SRS_SR830 query : 'OUTP? 1' 
2023-06-08 06:20:27.683953 SRS_SR830 resp  : '0.000104785' 
2023-06-08 06:20:27.743914 SRS_SR830 query : 'OUTP? 1' 
2023-06-08 06:20:27.793887 SRS_SR830 resp  : '0.00011307' 
2023-06-08 06:20:27.854116 SRS_SR830 query : 'OUTP? 1' 
2023-06-08 06:20:27.904087 SRS_SR830 resp  : '0.000120104' 
2023-06-08 06:20:27.974051 SRS_SR830 query : 'OUTP? 1' 
2023-06-08 06:20:28.024285 SRS_SR830 resp  : '0.000110746' 
2023-06-08 06:20:28.084335 SRS_SR830 query : 'OUTP? 1' 
2023-06-08 06:20:28.134270 SRS_SR830 resp  : '9.61428e-005' 
2023-06-08 06:20:28.184270 SRS_SR830 query : 'OUTP? 1' 
2023-06-08 06:20:28.234489 SRS_SR830 resp  : '8.75597e-005' 
2023-06-08 06:20:28.294361 SRS_SR830 query : 'OUTP? 1' 
2023-06-08 06:20:28.344599 SRS_SR830 resp  : '8.4341e-005' 
2023-06-08 06:20:28.404504 SRS_SR830 query : 'OUTP? 1' 
2023-06-08 06:20:28.454293 SRS_SR830 resp  : '8.02283e-005' 
2023-06-08 06:20:28.504458 SRS_SR830 query : 'OUTP? 1' 
2023-06-08 06:20:28.554214 SRS_SR830 resp  : '8.35662e-005' 
2023-06-08 06:20:28.604455 SRS_SR830 query : 'OUTP? 1' 
2023-06-08 06:20:28.654391 SRS_SR830 resp  : '9.60235e-005' 
2023-06-08 06:20:28.714333 SRS_SR830 query : 'SENS?' 
2023-06-08 06:20:28.744583 SRS_SR830 resp  : '17' 
2023-06-08 06:20:28.744583 SRS_SR830 query : 'ISRC?' 
2023-06-08 06:20:28.784611 SRS_SR830 resp  : '1' 
2023-06-08 06:20:28.784611 SRS_SR830 query : 'OUTP? 2' 
2023-06-08 06:20:28.845079 SRS_SR830 resp  : '-0.000274958' 
2023-06-08 06:20:28.904723 SRS_SR830 query : 'OUTP? 2' 
2023-06-08 06:20:28.954868 SRS_SR830 resp  : '-0.000267567' 
2023-06-08 06:20:29.005135 SRS_SR830 query : 'OUTP? 2' 
2023-06-08 06:20:29.055035 SRS_SR830 resp  : '-0.000278415' 
2023-06-08 06:20:29.115043 SRS_SR830 query : 'OUTP? 2' 
2023-06-08 06:20:29.164993 SRS_SR830 resp  : '-0.000298562' 
2023-06-08 06:20:29.224959 SRS_SR830 query : 'OUTP? 2' 
2023-06-08 06:20:29.274932 SRS_SR830 resp  : '-0.0003109' 
2023-06-08 06:20:29.334899 SRS_SR830 query : 'OUTP? 2' 
2023-06-08 06:20:29.385111 SRS_SR830 resp  : '-0.000316801' 
2023-06-08 06:20:29.435166 SRS_SR830 query : 'OUTP? 2' 
2023-06-08 06:20:29.484901 SRS_SR830 resp  : '-0.000322761' 
2023-06-08 06:20:29.544840 SRS_SR830 query : 'OUTP? 2' 
2023-06-08 06:20:29.594843 SRS_SR830 resp  : '-0.000342431' 
2023-06-08 06:20:29.654814 SRS_SR830 query : 'OUTP? 2' 
2023-06-08 06:20:29.704756 SRS_SR830 resp  : '-0.000351252' 
2023-06-08 06:20:29.754847 SRS_SR830 query : 'OUTP? 2' 
2023-06-08 06:20:29.804910 SRS_SR830 resp  : '-0.000356259' 
2023-06-08 06:20:29.864876 SRS_SR830 query : 'SENS?' 
2023-06-08 06:20:29.894863 SRS_SR830 resp  : '17' 
2023-06-08 06:20:29.904696 SRS_SR830 query : 'ISRC?' 
2023-06-08 06:20:29.934838 SRS_SR830 resp  : '1' 
2023-06-08 06:20:29.994601 KEPCO BOP 50-8D write : 'CURR 0.0025' 
2023-06-08 06:20:30.495445 SRS_SR830 query : 'OUTP? 1' 
2023-06-08 06:20:30.545398 SRS_SR830 resp  : '0.000121415' 
2023-06-08 06:20:30.605368 SRS_SR830 query : 'OUTP? 1' 
2023-06-08 06:20:30.655599 SRS_SR830 resp  : '0.000129403' 
2023-06-08 06:20:30.715566 SRS_SR830 query : 'OUTP? 1' 
2023-06-08 06:20:30.765539 SRS_SR830 resp  : '0.00014037' 
2023-06-08 06:20:30.825506 SRS_SR830 query : 'OUTP? 1' 
2023-06-08 06:20:30.875503 SRS_SR830 resp  : '0.000163854' 
2023-06-08 06:20:30.935447 SRS_SR830 query : 'OUTP? 1' 
2023-06-08 06:20:30.985517 SRS_SR830 resp  : '0.000174285' 
2023-06-08 06:20:31.035710 SRS_SR830 query : 'OUTP? 1' 
2023-06-08 06:20:31.085449 SRS_SR830 resp  : '0.000165106' 
2023-06-08 06:20:31.145422 SRS_SR830 query : 'OUTP? 1' 
2023-06-08 06:20:31.195389 SRS_SR830 resp  : '0.000150741' 
2023-06-08 06:20:31.245602 SRS_SR830 query : 'OUTP? 1' 
2023-06-08 06:20:31.295830 SRS_SR830 resp  : '0.000135065' 
2023-06-08 06:20:31.355975 SRS_SR830 query : 'OUTP? 1' 
2023-06-08 06:20:31.406469 SRS_SR830 resp  : '0.000106693' 
2023-06-08 06:20:31.465710 SRS_SR830 query : 'OUTP? 1' 
2023-06-08 06:20:31.515473 SRS_SR830 resp  : '7.69501e-005' 
2023-06-08 06:20:31.565478 SRS_SR830 query : 'SENS?' 
2023-06-08 06:20:31.595459 SRS_SR830 resp  : '17' 
2023-06-08 06:20:31.595459 SRS_SR830 query : 'ISRC?' 
2023-06-08 06:20:31.635442 SRS_SR830 resp  : '1' 
2023-06-08 06:20:31.635442 SRS_SR830 query : 'OUTP? 2' 
2023-06-08 06:20:31.685418 SRS_SR830 resp  : '-2.30075e-005' 
2023-06-08 06:20:31.745379 SRS_SR830 query : 'OUTP? 2' 
2023-06-08 06:20:31.795451 SRS_SR830 resp  : '-2.19346e-005' 
2023-06-08 06:20:31.855773 SRS_SR830 query : 'OUTP? 2' 
2023-06-08 06:20:31.905745 SRS_SR830 resp  : '-2.75971e-005' 
2023-06-08 06:20:31.965710 SRS_SR830 query : 'OUTP? 2' 
2023-06-08 06:20:32.015685 SRS_SR830 resp  : '-3.6061e-005' 
2023-06-08 06:20:32.075475 SRS_SR830 query : 'OUTP? 2' 
2023-06-08 06:20:32.125856 SRS_SR830 resp  : '-4.46441e-005' 
2023-06-08 06:20:32.186059 SRS_SR830 query : 'OUTP? 2' 
2023-06-08 06:20:32.245866 SRS_SR830 resp  : '-4.89356e-005' 
2023-06-08 06:20:32.296003 SRS_SR830 query : 'OUTP? 2' 
2023-06-08 06:20:32.345976 SRS_SR830 resp  : '-4.68495e-005' 
2023-06-08 06:20:32.406534 SRS_SR830 query : 'OUTP? 2' 
2023-06-08 06:20:32.456453 SRS_SR830 resp  : '-3.0935e-005' 
2023-06-08 06:20:32.516422 SRS_SR830 query : 'OUTP? 2' 
2023-06-08 06:20:32.566659 SRS_SR830 resp  : '1.78815e-006' 
2023-06-08 06:20:32.626827 SRS_SR830 query : 'OUTP? 2' 
2023-06-08 06:20:32.677419 SRS_SR830 resp  : '2.34843e-005' 
2023-06-08 06:20:32.737305 SRS_SR830 query : 'SENS?' 
2023-06-08 06:20:32.767552 SRS_SR830 resp  : '17' 
2023-06-08 06:20:32.767552 SRS_SR830 query : 'ISRC?' 
2023-06-08 06:20:32.807530 SRS_SR830 resp  : '1' 
2023-06-08 06:20:32.867025 KEPCO BOP 50-8D write : 'CURR 0.0030' 
2023-06-08 06:20:33.368279 SRS_SR830 query : 'OUTP? 1' 
2023-06-08 06:20:33.418211 SRS_SR830 resp  : '5.45981e-005' 
2023-06-08 06:20:33.478596 SRS_SR830 query : 'OUTP? 1' 
2023-06-08 06:20:33.528575 SRS_SR830 resp  : '5.66843e-005' 
2023-06-08 06:20:33.588548 SRS_SR830 query : 'OUTP? 1' 
2023-06-08 06:20:33.638518 SRS_SR830 resp  : '7.68309e-005' 
2023-06-08 06:20:33.698520 SRS_SR830 query : 'OUTP? 1' 
2023-06-08 06:20:33.748470 SRS_SR830 resp  : '9.03611e-005' 
2023-06-08 06:20:33.798701 SRS_SR830 query : 'OUTP? 1' 
2023-06-08 06:20:33.849014 SRS_SR830 resp  : '9.01823e-005' 
2023-06-08 06:20:33.899216 SRS_SR830 query : 'OUTP? 1' 
2023-06-08 06:20:33.949170 SRS_SR830 resp  : '7.61156e-005' 
2023-06-08 06:20:33.999241 SRS_SR830 query : 'OUTP? 1' 
2023-06-08 06:20:34.049214 SRS_SR830 resp  : '6.39562e-005' 
2023-06-08 06:20:34.099263 SRS_SR830 query : 'OUTP? 1' 
2023-06-08 06:20:34.149500 SRS_SR830 resp  : '5.49557e-005' 
2023-06-08 06:20:34.200020 SRS_SR830 query : 'OUTP? 1' 
2023-06-08 06:20:34.249931 SRS_SR830 resp  : '4.51806e-005' 
2023-06-08 06:20:34.300152 SRS_SR830 query : 'OUTP? 1' 
2023-06-08 06:20:34.350333 SRS_SR830 resp  : '4.13063e-005' 
2023-06-08 06:20:34.400569 SRS_SR830 query : 'SENS?' 
2023-06-08 06:20:34.430539 SRS_SR830 resp  : '17' 
2023-06-08 06:20:34.440330 SRS_SR830 query : 'ISRC?' 
2023-06-08 06:20:34.470779 SRS_SR830 resp  : '1' 
2023-06-08 06:20:34.470779 SRS_SR830 query : 'OUTP? 2' 
2023-06-08 06:20:34.530942 SRS_SR830 resp  : '-0.000266494' 
2023-06-08 06:20:34.590905 SRS_SR830 query : 'OUTP? 2' 
2023-06-08 06:20:34.641171 SRS_SR830 resp  : '-0.00026411' 
2023-06-08 06:20:34.691800 SRS_SR830 query : 'OUTP? 2' 
2023-06-08 06:20:34.741614 SRS_SR830 resp  : '-0.000279607' 
2023-06-08 06:20:34.792014 SRS_SR830 query : 'OUTP? 2' 
2023-06-08 06:20:34.841900 SRS_SR830 resp  : '-0.000298085' 
2023-06-08 06:20:34.902128 SRS_SR830 query : 'OUTP? 2' 
2023-06-08 06:20:34.952300 SRS_SR830 resp  : '-0.000311913' 
2023-06-08 06:20:35.002565 SRS_SR830 query : 'OUTP? 2' 
2023-06-08 06:20:35.052189 SRS_SR830 resp  : '-0.000322225' 
2023-06-08 06:20:35.122225 SRS_SR830 query : 'OUTP? 2' 
2023-06-08 06:20:35.172676 SRS_SR830 resp  : '-0.000333192' 
2023-06-08 06:20:35.232773 SRS_SR830 query : 'OUTP? 2' 
2023-06-08 06:20:35.282747 SRS_SR830 resp  : '-0.00033194' 
2023-06-08 06:20:35.332786 SRS_SR830 query : 'OUTP? 2' 
2023-06-08 06:20:35.383289 SRS_SR830 resp  : '-0.000353994' 
2023-06-08 06:20:35.443245 SRS_SR830 query : 'OUTP? 2' 
2023-06-08 06:20:35.493692 SRS_SR830 resp  : '-0.000397326' 
2023-06-08 06:20:35.553595 SRS_SR830 query : 'SENS?' 
2023-06-08 06:20:35.583579 SRS_SR830 resp  : '17' 
2023-06-08 06:20:35.583579 SRS_SR830 query : 'ISRC?' 
2023-06-08 06:20:35.623592 SRS_SR830 resp  : '1' 
2023-06-08 06:20:35.683603 KEPCO BOP 50-8D write : 'CURR 0.0035' 
2023-06-08 06:20:36.184847 SRS_SR830 query : 'OUTP? 1' 
2023-06-08 06:20:36.235160 SRS_SR830 resp  : '7.3314e-006' 
2023-06-08 06:20:36.285360 SRS_SR830 query : 'OUTP? 1' 
2023-06-08 06:20:36.335277 SRS_SR830 resp  : '4.60746e-005' 
2023-06-08 06:20:36.395243 SRS_SR830 query : 'OUTP? 1' 
2023-06-08 06:20:36.445214 SRS_SR830 resp  : '7.01551e-005' 
2023-06-08 06:20:36.505442 SRS_SR830 query : 'OUTP? 1' 
2023-06-08 06:20:36.555419 SRS_SR830 resp  : '8.21357e-005' 
2023-06-08 06:20:36.625644 SRS_SR830 query : 'OUTP? 1' 
2023-06-08 06:20:36.675612 SRS_SR830 resp  : '0.000118316' 
2023-06-08 06:20:36.735694 SRS_SR830 query : 'OUTP? 1' 
2023-06-08 06:20:36.785909 SRS_SR830 resp  : '0.000166656' 
2023-06-08 06:20:36.836058 SRS_SR830 query : 'OUTP? 1' 
2023-06-08 06:20:36.886032 SRS_SR830 resp  : '0.000193418' 
2023-06-08 06:20:36.946000 SRS_SR830 query : 'OUTP? 1' 
2023-06-08 06:20:36.996238 SRS_SR830 resp  : '0.000221075' 
2023-06-08 06:20:37.046362 SRS_SR830 query : 'OUTP? 1' 
2023-06-08 06:20:37.096382 SRS_SR830 resp  : '0.000242711' 
2023-06-08 06:20:37.156574 SRS_SR830 query : 'OUTP? 1' 
2023-06-08 06:20:37.206544 SRS_SR830 resp  : '0.000263335' 
2023-06-08 06:20:37.266927 SRS_SR830 query : 'SENS?' 
2023-06-08 06:20:37.297157 SRS_SR830 resp  : '17' 
2023-06-08 06:20:37.297157 SRS_SR830 query : 'ISRC?' 
2023-06-08 06:20:37.337066 SRS_SR830 resp  : '1' 
2023-06-08 06:20:37.337066 SRS_SR830 query : 'OUTP? 2' 
2023-06-08 06:20:37.397247 SRS_SR830 resp  : '-0.000366153' 
2023-06-08 06:20:37.457413 SRS_SR830 query : 'OUTP? 2' 
2023-06-08 06:20:37.507387 SRS_SR830 resp  : '-0.000388326' 
2023-06-08 06:20:37.567356 SRS_SR830 query : 'OUTP? 2' 
2023-06-08 06:20:37.617135 SRS_SR830 resp  : '-0.00041193' 
2023-06-08 06:20:37.667553 SRS_SR830 query : 'OUTP? 2' 
2023-06-08 06:20:37.717525 SRS_SR830 resp  : '-0.000402631' 
2023-06-08 06:20:37.767568 SRS_SR830 query : 'OUTP? 2' 
2023-06-08 06:20:37.817811 SRS_SR830 resp  : '-0.000377359' 
2023-06-08 06:20:37.877736 SRS_SR830 query : 'OUTP? 2' 
2023-06-08 06:20:37.928213 SRS_SR830 resp  : '-0.000347318' 
2023-06-08 06:20:37.988311 SRS_SR830 query : 'OUTP? 2' 
2023-06-08 06:20:38.038005 SRS_SR830 resp  : '-0.000314118' 
2023-06-08 06:20:38.088247 SRS_SR830 query : 'OUTP? 2' 
2023-06-08 06:20:38.138184 SRS_SR830 resp  : '-0.000304641' 
2023-06-08 06:20:38.188588 SRS_SR830 query : 'OUTP? 2' 
2023-06-08 06:20:38.238598 SRS_SR830 resp  : '-0.000304105' 
2023-06-08 06:20:38.289120 SRS_SR830 query : 'OUTP? 2' 
2023-06-08 06:20:38.339026 SRS_SR830 resp  : '-0.00030935' 
2023-06-08 06:20:38.389454 SRS_SR830 query : 'SENS?' 
2023-06-08 06:20:38.419698 SRS_SR830 resp  : '17' 
2023-06-08 06:20:38.429488 SRS_SR830 query : 'ISRC?' 
2023-06-08 06:20:38.459675 SRS_SR830 resp  : '1' 
2023-06-08 06:20:38.509468 KEPCO BOP 50-8D write : 'CURR 0.0040' 
2023-06-08 06:20:39.011664 SRS_SR830 query : 'OUTP? 1' 
2023-06-08 06:20:39.062089 SRS_SR830 resp  : '-0.000116706' 
2023-06-08 06:20:39.112415 SRS_SR830 query : 'OUTP? 1' 
2023-06-08 06:20:39.162061 SRS_SR830 resp  : '-9.73945e-005' 
2023-06-08 06:20:39.232018 SRS_SR830 query : 'OUTP? 1' 
2023-06-08 06:20:39.291813 SRS_SR830 resp  : '-5.62074e-005' 
2023-06-08 06:20:39.342212 SRS_SR830 query : 'OUTP? 1' 
2023-06-08 06:20:39.402454 SRS_SR830 resp  : '-1.49012e-006' 
2023-06-08 06:20:39.452829 SRS_SR830 query : 'OUTP? 1' 
2023-06-08 06:20:39.503064 SRS_SR830 resp  : '5.22735e-005' 
2023-06-08 06:20:39.562961 SRS_SR830 query : 'OUTP? 1' 
2023-06-08 06:20:39.612934 SRS_SR830 resp  : '8.96459e-005' 
2023-06-08 06:20:39.672903 SRS_SR830 query : 'OUTP? 1' 
2023-06-08 06:20:39.723139 SRS_SR830 resp  : '9.90038e-005' 
2023-06-08 06:20:39.773148 SRS_SR830 query : 'OUTP? 1' 
2023-06-08 06:20:39.823368 SRS_SR830 resp  : '8.3447e-005' 
2023-06-08 06:20:39.883599 SRS_SR830 query : 'OUTP? 1' 
2023-06-08 06:20:39.933572 SRS_SR830 resp  : '5.25119e-005' 
2023-06-08 06:20:39.993541 SRS_SR830 query : 'OUTP? 1' 
2023-06-08 06:20:40.043496 SRS_SR830 resp  : '3.65379e-005' 
2023-06-08 06:20:40.093730 SRS_SR830 query : 'SENS?' 
2023-06-08 06:20:40.123974 SRS_SR830 resp  : '17' 
2023-06-08 06:20:40.123974 SRS_SR830 query : 'ISRC?' 
2023-06-08 06:20:40.164085 SRS_SR830 resp  : '1' 
2023-06-08 06:20:40.164085 SRS_SR830 query : 'OUTP? 2' 
2023-06-08 06:20:40.224055 SRS_SR830 resp  : '-7.47447e-005' 
2023-06-08 06:20:40.274387 SRS_SR830 query : 'OUTP? 2' 
2023-06-08 06:20:40.324835 SRS_SR830 resp  : '-6.91419e-005' 
2023-06-08 06:20:40.384536 SRS_SR830 query : 'OUTP? 2' 
2023-06-08 06:20:40.444339 SRS_SR830 resp  : '-7.79037e-005' 
2023-06-08 06:20:40.494738 SRS_SR830 query : 'OUTP? 2' 
2023-06-08 06:20:40.544443 SRS_SR830 resp  : '-9.44738e-005' 
2023-06-08 06:20:40.614618 SRS_SR830 query : 'OUTP? 2' 
2023-06-08 06:20:40.664591 SRS_SR830 resp  : '-0.00010103' 
2023-06-08 06:20:40.714720 SRS_SR830 query : 'OUTP? 2' 
2023-06-08 06:20:40.765033 SRS_SR830 resp  : '-0.000111223' 
2023-06-08 06:20:40.815226 SRS_SR830 query : 'OUTP? 2' 
2023-06-08 06:20:40.865130 SRS_SR830 resp  : '-0.000131429' 
2023-06-08 06:20:40.915205 SRS_SR830 query : 'OUTP? 2' 
2023-06-08 06:20:40.965402 SRS_SR830 resp  : '-0.00015241' 
2023-06-08 06:20:41.015880 SRS_SR830 query : 'OUTP? 2' 
2023-06-08 06:20:41.066048 SRS_SR830 resp  : '-0.000179471' 
2023-06-08 06:20:41.116092 SRS_SR830 query : 'OUTP? 2' 
2023-06-08 06:20:41.166519 SRS_SR830 resp  : '-0.000213207' 
2023-06-08 06:20:41.226484 SRS_SR830 query : 'SENS?' 
2023-06-08 06:20:41.256463 SRS_SR830 resp  : '17' 
2023-06-08 06:20:41.256463 SRS_SR830 query : 'ISRC?' 
2023-06-08 06:20:41.296602 SRS_SR830 resp  : '1' 
2023-06-08 06:20:41.346379 KEPCO BOP 50-8D write : 'CURR 0.0045' 
2023-06-08 06:20:41.847163 SRS_SR830 query : 'OUTP? 1' 
2023-06-08 06:20:41.897396 SRS_SR830 resp  : '0.000234307' 
2023-06-08 06:20:41.947432 SRS_SR830 query : 'OUTP? 1' 
2023-06-08 06:20:41.997618 SRS_SR830 resp  : '0.000246705' 
2023-06-08 06:20:42.057780 SRS_SR830 query : 'OUTP? 1' 
2023-06-08 06:20:42.107807 SRS_SR830 resp  : '0.000243247' 
2023-06-08 06:20:42.157954 SRS_SR830 query : 'OUTP? 1' 
2023-06-08 06:20:42.207913 SRS_SR830 resp  : '0.000235976' 
2023-06-08 06:20:42.267807 SRS_SR830 query : 'OUTP? 1' 
2023-06-08 06:20:42.317903 SRS_SR830 resp  : '0.000228168' 
2023-06-08 06:20:42.378350 SRS_SR830 query : 'OUTP? 1' 
2023-06-08 06:20:42.428585 SRS_SR830 resp  : '0.000237645' 
2023-06-08 06:20:42.478654 SRS_SR830 query : 'OUTP? 1' 
2023-06-08 06:20:42.528627 SRS_SR830 resp  : '0.000268104' 
2023-06-08 06:20:42.578861 SRS_SR830 query : 'OUTP? 1' 
2023-06-08 06:20:42.629097 SRS_SR830 resp  : '0.000299813' 
2023-06-08 06:20:42.688932 SRS_SR830 query : 'OUTP? 1' 
2023-06-08 06:20:42.738905 SRS_SR830 resp  : '0.000322463' 
2023-06-08 06:20:42.799466 SRS_SR830 query : 'OUTP? 1' 
2023-06-08 06:20:42.848900 SRS_SR830 resp  : '0.000317456' 
2023-06-08 06:20:42.899085 SRS_SR830 query : 'SENS?' 
2023-06-08 06:20:42.929329 SRS_SR830 resp  : '17' 
2023-06-08 06:20:42.929329 SRS_SR830 query : 'ISRC?' 
2023-06-08 06:20:42.969308 SRS_SR830 resp  : '1' 
2023-06-08 06:20:42.969308 SRS_SR830 query : 'OUTP? 2' 
2023-06-08 06:20:43.029537 SRS_SR830 resp  : '-0.000284078' 
2023-06-08 06:20:43.089556 SRS_SR830 query : 'OUTP? 2' 
2023-06-08 06:20:43.139745 SRS_SR830 resp  : '-0.000285449' 
2023-06-08 06:20:43.199713 SRS_SR830 query : 'OUTP? 2' 
2023-06-08 06:20:43.249688 SRS_SR830 resp  : '-0.000304939' 
2023-06-08 06:20:43.309677 SRS_SR830 query : 'OUTP? 2' 
2023-06-08 06:20:43.359890 SRS_SR830 resp  : '-0.00032902' 
2023-06-08 06:20:43.419860 SRS_SR830 query : 'OUTP? 2' 
2023-06-08 06:20:43.470087 SRS_SR830 resp  : '-0.000363888' 
2023-06-08 06:20:43.530056 SRS_SR830 query : 'OUTP? 2' 
2023-06-08 06:20:43.580027 SRS_SR830 resp  : '-0.000418367' 
2023-06-08 06:20:43.639995 SRS_SR830 query : 'OUTP? 2' 
2023-06-08 06:20:43.689793 SRS_SR830 resp  : '-0.000476422' 
2023-06-08 06:20:43.749729 SRS_SR830 query : 'OUTP? 2' 
2023-06-08 06:20:43.799732 SRS_SR830 resp  : '-0.000515822' 
2023-06-08 06:20:43.859671 SRS_SR830 query : 'OUTP? 2' 
2023-06-08 06:20:43.909644 SRS_SR830 resp  : '-0.000547115' 
2023-06-08 06:20:43.959652 SRS_SR830 query : 'OUTP? 2' 
2023-06-08 06:20:44.009624 SRS_SR830 resp  : '-0.000560407' 
2023-06-08 06:20:44.069596 SRS_SR830 query : 'SENS?' 
2023-06-08 06:20:44.099577 SRS_SR830 resp  : '17' 
2023-06-08 06:20:44.099577 SRS_SR830 query : 'ISRC?' 
2023-06-08 06:20:44.139557 SRS_SR830 resp  : '1' 
2023-06-08 06:20:44.189496 KEPCO BOP 50-8D write : 'CURR 0.0050' 
2023-06-08 06:20:44.690425 SRS_SR830 query : 'OUTP? 1' 
2023-06-08 06:20:44.740910 SRS_SR830 resp  : '-4.03526e-005' 
2023-06-08 06:20:44.800643 SRS_SR830 query : 'OUTP? 1' 
2023-06-08 06:20:44.850855 SRS_SR830 resp  : '-2.9266e-005' 
2023-06-08 06:20:44.910553 SRS_SR830 query : 'OUTP? 1' 
2023-06-08 06:20:44.960504 SRS_SR830 resp  : '-1.81199e-005' 
2023-06-08 06:20:45.010734 SRS_SR830 query : 'OUTP? 1' 
2023-06-08 06:20:45.060643 SRS_SR830 resp  : '-3.14715e-005' 
2023-06-08 06:20:45.110900 SRS_SR830 query : 'OUTP? 1' 
2023-06-08 06:20:45.160820 SRS_SR830 resp  : '-5.43001e-005' 
2023-06-08 06:20:45.211187 SRS_SR830 query : 'OUTP? 1' 
2023-06-08 06:20:45.261200 SRS_SR830 resp  : '-6.40755e-005' 
2023-06-08 06:20:45.311673 SRS_SR830 query : 'OUTP? 1' 
2023-06-08 06:20:45.361353 SRS_SR830 resp  : '-6.93207e-005' 
2023-06-08 06:20:45.431529 SRS_SR830 query : 'OUTP? 1' 
2023-06-08 06:20:45.491595 SRS_SR830 resp  : '-6.37178e-005' 
2023-06-08 06:20:45.541734 SRS_SR830 query : 'OUTP? 1' 
2023-06-08 06:20:45.591710 SRS_SR830 resp  : '-4.72667e-005' 
2023-06-08 06:20:45.651674 SRS_SR830 query : 'OUTP? 1' 
2023-06-08 06:20:45.711480 SRS_SR830 resp  : '-2.22923e-005' 
2023-06-08 06:20:45.761614 SRS_SR830 query : 'SENS?' 
2023-06-08 06:20:45.791643 SRS_SR830 resp  : '17' 
2023-06-08 06:20:45.791643 SRS_SR830 query : 'ISRC?' 
2023-06-08 06:20:45.831635 SRS_SR830 resp  : '1' 
2023-06-08 06:20:45.831635 SRS_SR830 query : 'OUTP? 2' 
2023-06-08 06:20:45.891585 SRS_SR830 resp  : '-0.000387253' 
2023-06-08 06:20:45.951551 SRS_SR830 query : 'OUTP? 2' 
2023-06-08 06:20:46.001832 SRS_SR830 resp  : '-0.000405909' 
2023-06-08 06:20:46.061733 SRS_SR830 query : 'OUTP? 2' 
2023-06-08 06:20:46.112552 SRS_SR830 resp  : '-0.000405135' 
2023-06-08 06:20:46.172161 SRS_SR830 query : 'OUTP? 2' 
2023-06-08 06:20:46.222131 SRS_SR830 resp  : '-0.000396313' 
2023-06-08 06:20:46.282041 SRS_SR830 query : 'OUTP? 2' 
2023-06-08 06:20:46.332336 SRS_SR830 resp  : '-0.000380279' 
2023-06-08 06:20:46.392566 SRS_SR830 query : 'OUTP? 2' 
2023-06-08 06:20:46.442802 SRS_SR830 resp  : '-0.000366749' 
2023-06-08 06:20:46.502768 SRS_SR830 query : 'OUTP? 2' 
2023-06-08 06:20:46.552778 SRS_SR830 resp  : '-0.000356378' 
2023-06-08 06:20:46.602988 SRS_SR830 query : 'OUTP? 2' 
2023-06-08 06:20:46.652959 SRS_SR830 resp  : '-0.000337305' 
2023-06-08 06:20:46.712928 SRS_SR830 query : 'OUTP? 2' 
2023-06-08 06:20:46.762885 SRS_SR830 resp  : '-0.000308039' 
2023-06-08 06:20:46.813382 SRS_SR830 query : 'OUTP? 2' 
2023-06-08 06:20:46.863311 SRS_SR830 resp  : '-0.000285866' 
2023-06-08 06:20:46.913499 SRS_SR830 query : 'SENS?' 
2023-06-08 06:20:46.943746 SRS_SR830 resp  : '17' 
2023-06-08 06:20:46.953538 SRS_SR830 query : 'ISRC?' 
2023-06-08 06:20:46.983724 SRS_SR830 resp  : '1' 
2023-06-08 06:20:47.033524 KEPCO BOP 50-8D write : 'CURR 0.0055' 
2023-06-08 06:20:47.544620 SRS_SR830 query : 'OUTP? 1' 
2023-06-08 06:20:47.594530 SRS_SR830 resp  : '0.000456097' 
2023-06-08 06:20:47.654723 SRS_SR830 query : 'OUTP? 1' 
2023-06-08 06:20:47.704662 SRS_SR830 resp  : '0.000476422' 
2023-06-08 06:20:47.764896 SRS_SR830 query : 'OUTP? 1' 
2023-06-08 06:20:47.814882 SRS_SR830 resp  : '0.000465455' 
2023-06-08 06:20:47.874834 SRS_SR830 query : 'OUTP? 1' 
2023-06-08 06:20:47.925067 SRS_SR830 resp  : '0.000442984' 
2023-06-08 06:20:47.985036 SRS_SR830 query : 'OUTP? 1' 
2023-06-08 06:20:48.035274 SRS_SR830 resp  : '0.000416519' 
2023-06-08 06:20:48.095285 SRS_SR830 query : 'OUTP? 1' 
2023-06-08 06:20:48.145508 SRS_SR830 resp  : '0.000396432' 
2023-06-08 06:20:48.205399 SRS_SR830 query : 'OUTP? 1' 
2023-06-08 06:20:48.255411 SRS_SR830 resp  : '0.000377418' 
2023-06-08 06:20:48.315345 SRS_SR830 query : 'OUTP? 1' 
2023-06-08 06:20:48.365574 SRS_SR830 resp  : '0.000325443' 
2023-06-08 06:20:48.425542 SRS_SR830 query : 'OUTP? 1' 
2023-06-08 06:20:48.475515 SRS_SR830 resp  : '0.000262799' 
2023-06-08 06:20:48.535486 SRS_SR830 query : 'OUTP? 1' 
2023-06-08 06:20:48.585548 SRS_SR830 resp  : '0.000227571' 
2023-06-08 06:20:48.636010 SRS_SR830 query : 'SENS?' 
2023-06-08 06:20:48.665991 SRS_SR830 resp  : '17' 
2023-06-08 06:20:48.665991 SRS_SR830 query : 'ISRC?' 
2023-06-08 06:20:48.705806 SRS_SR830 resp  : '1' 
2023-06-08 06:20:48.705806 SRS_SR830 query : 'OUTP? 2' 
2023-06-08 06:20:48.765823 SRS_SR830 resp  : '-0.000409069' 
2023-06-08 06:20:48.815963 SRS_SR830 query : 'OUTP? 2' 
2023-06-08 06:20:48.866192 SRS_SR830 resp  : '-0.00039822' 
2023-06-08 06:20:48.926162 SRS_SR830 query : 'OUTP? 2' 
2023-06-08 06:20:48.976395 SRS_SR830 resp  : '-0.000374379' 
2023-06-08 06:20:49.036362 SRS_SR830 query : 'OUTP? 2' 
2023-06-08 06:20:49.086655 SRS_SR830 resp  : '-0.000343384' 
2023-06-08 06:20:49.146853 SRS_SR830 query : 'OUTP? 2' 
2023-06-08 06:20:49.196812 SRS_SR830 resp  : '-0.00033504' 
2023-06-08 06:20:49.256781 SRS_SR830 query : 'OUTP? 2' 
2023-06-08 06:20:49.306786 SRS_SR830 resp  : '-0.000360372' 
2023-06-08 06:20:49.367259 SRS_SR830 query : 'OUTP? 2' 
2023-06-08 06:20:49.417437 SRS_SR830 resp  : '-0.000409963' 
2023-06-08 06:20:49.477128 SRS_SR830 query : 'OUTP? 2' 
2023-06-08 06:20:49.527575 SRS_SR830 resp  : '-0.000458779' 
2023-06-08 06:20:49.587479 SRS_SR830 query : 'OUTP? 2' 
2023-06-08 06:20:49.637713 SRS_SR830 resp  : '-0.000502471' 
2023-06-08 06:20:49.697623 SRS_SR830 query : 'OUTP? 2' 
2023-06-08 06:20:49.748119 SRS_SR830 resp  : '-0.000544492' 
2023-06-08 06:20:49.808146 SRS_SR830 query : 'SENS?' 
2023-06-08 06:20:49.838352 SRS_SR830 resp  : '17' 
2023-06-08 06:20:49.838352 SRS_SR830 query : 'ISRC?' 
2023-06-08 06:20:49.878039 SRS_SR830 resp  : '1' 
2023-06-08 06:20:49.938052 KEPCO BOP 50-8D write : 'CURR 0.0060' 
2023-06-08 06:20:50.449307 SRS_SR830 query : 'OUTP? 1' 
2023-06-08 06:20:50.499281 SRS_SR830 resp  : '0.000197829' 
2023-06-08 06:20:50.549671 SRS_SR830 query : 'OUTP? 1' 
2023-06-08 06:20:50.599644 SRS_SR830 resp  : '0.000185669' 
2023-06-08 06:20:50.649927 SRS_SR830 query : 'OUTP? 1' 
2023-06-08 06:20:50.700049 SRS_SR830 resp  : '0.000167907' 
2023-06-08 06:20:50.760018 SRS_SR830 query : 'OUTP? 1' 
2023-06-08 06:20:50.810302 SRS_SR830 resp  : '0.000121356' 
2023-06-08 06:20:50.860743 SRS_SR830 query : 'OUTP? 1' 
2023-06-08 06:20:50.910649 SRS_SR830 resp  : '7.52811e-005' 
2023-06-08 06:20:50.971145 SRS_SR830 query : 'OUTP? 1' 
2023-06-08 06:20:51.021053 SRS_SR830 resp  : '4.17831e-005' 
2023-06-08 06:20:51.081076 SRS_SR830 query : 'OUTP? 1' 
2023-06-08 06:20:51.131299 SRS_SR830 resp  : '2.08617e-005' 
2023-06-08 06:20:51.191405 SRS_SR830 query : 'OUTP? 1' 
2023-06-08 06:20:51.241427 SRS_SR830 resp  : '5.36445e-006' 
2023-06-08 06:20:51.301641 SRS_SR830 query : 'OUTP? 1' 
2023-06-08 06:20:51.351878 SRS_SR830 resp  : '-7.98708e-006' 
2023-06-08 06:20:51.421771 SRS_SR830 query : 'OUTP? 1' 
2023-06-08 06:20:51.481559 SRS_SR830 resp  : '-2.78355e-005' 
2023-06-08 06:20:51.531745 SRS_SR830 query : 'SENS?' 
2023-06-08 06:20:51.561779 SRS_SR830 resp  : '17' 
2023-06-08 06:20:51.561779 SRS_SR830 query : 'ISRC?' 
2023-06-08 06:20:51.601972 SRS_SR830 resp  : '1' 
2023-06-08 06:20:51.601972 SRS_SR830 query : 'OUTP? 2' 
2023-06-08 06:20:51.662200 SRS_SR830 resp  : '-0.000129403' 
2023-06-08 06:20:51.722428 SRS_SR830 query : 'OUTP? 2' 
2023-06-08 06:20:51.772465 SRS_SR830 resp  : '-0.000125409' 
2023-06-08 06:20:51.822671 SRS_SR830 query : 'OUTP? 2' 
2023-06-08 06:20:51.872882 SRS_SR830 resp  : '-0.000122071' 
2023-06-08 06:20:51.932723 SRS_SR830 query : 'OUTP? 2' 
2023-06-08 06:20:51.982694 SRS_SR830 resp  : '-0.000133337' 
2023-06-08 06:20:52.043249 SRS_SR830 query : 'OUTP? 2' 
2023-06-08 06:20:52.093148 SRS_SR830 resp  : '-0.00015849' 
2023-06-08 06:20:52.153103 SRS_SR830 query : 'OUTP? 2' 
2023-06-08 06:20:52.212908 SRS_SR830 resp  : '-0.000199438' 
2023-06-08 06:20:52.263300 SRS_SR830 query : 'OUTP? 2' 
2023-06-08 06:20:52.323593 SRS_SR830 resp  : '-0.000241459' 
2023-06-08 06:20:52.383540 SRS_SR830 query : 'OUTP? 2' 
2023-06-08 06:20:52.433985 SRS_SR830 resp  : '-0.000275733' 
2023-06-08 06:20:52.484001 SRS_SR830 query : 'OUTP? 2' 
2023-06-08 06:20:52.534450 SRS_SR830 resp  : '-0.000303151' 
2023-06-08 06:20:52.594606 SRS_SR830 query : 'OUTP? 2' 
2023-06-08 06:20:52.644581 SRS_SR830 resp  : '-0.000320019' 
2023-06-08 06:20:52.704580 SRS_SR830 query : 'SENS?' 
2023-06-08 06:20:52.734803 SRS_SR830 resp  : '17' 
2023-06-08 06:20:52.734803 SRS_SR830 query : 'ISRC?' 
2023-06-08 06:20:52.775111 SRS_SR830 resp  : '1' 
2023-06-08 06:20:52.824663 KEPCO BOP 50-8D write : 'CURR 0.0065' 
2023-06-08 06:20:53.336155 SRS_SR830 query : 'OUTP? 1' 
2023-06-08 06:20:53.386323 SRS_SR830 resp  : '0.000199796' 
2023-06-08 06:20:53.436731 SRS_SR830 query : 'OUTP? 1' 
2023-06-08 06:20:53.486430 SRS_SR830 resp  : '0.000188888' 
2023-06-08 06:20:53.536616 SRS_SR830 query : 'OUTP? 1' 
2023-06-08 06:20:53.586593 SRS_SR830 resp  : '0.000173152' 
2023-06-08 06:20:53.646559 SRS_SR830 query : 'OUTP? 1' 
2023-06-08 06:20:53.696791 SRS_SR830 resp  : '0.000165881' 
2023-06-08 06:20:53.756761 SRS_SR830 query : 'OUTP? 1' 
2023-06-08 06:20:53.806774 SRS_SR830 resp  : '0.000183881' 
2023-06-08 06:20:53.856960 SRS_SR830 query : 'OUTP? 1' 
2023-06-08 06:20:53.907193 SRS_SR830 resp  : '0.000219406' 
2023-06-08 06:20:53.967158 SRS_SR830 query : 'OUTP? 1' 
2023-06-08 06:20:54.017441 SRS_SR830 resp  : '0.000248315' 
2023-06-08 06:20:54.077579 SRS_SR830 query : 'OUTP? 1' 
2023-06-08 06:20:54.128148 SRS_SR830 resp  : '0.000265719' 
2023-06-08 06:20:54.178623 SRS_SR830 query : 'OUTP? 1' 
2023-06-08 06:20:54.228291 SRS_SR830 resp  : '0.000266733' 
2023-06-08 06:20:54.287984 SRS_SR830 query : 'OUTP? 1' 
2023-06-08 06:20:54.338542 SRS_SR830 resp  : '0.000263574' 
2023-06-08 06:20:54.398657 SRS_SR830 query : 'SENS?' 
2023-06-08 06:20:54.438472 SRS_SR830 resp  : '17' 
2023-06-08 06:20:54.438472 SRS_SR830 query : 'ISRC?' 
2023-06-08 06:20:54.468619 SRS_SR830 resp  : '1' 
2023-06-08 06:20:54.468619 SRS_SR830 query : 'OUTP? 2' 
2023-06-08 06:20:54.528861 SRS_SR830 resp  : '-0.000380399' 
2023-06-08 06:20:54.588811 SRS_SR830 query : 'OUTP? 2' 
2023-06-08 06:20:54.639251 SRS_SR830 resp  : '-0.000375332' 
2023-06-08 06:20:54.699164 SRS_SR830 query : 'OUTP? 2' 
2023-06-08 06:20:54.749136 SRS_SR830 resp  : '-0.000396015' 
2023-06-08 06:20:54.809144 SRS_SR830 query : 'OUTP? 2' 
2023-06-08 06:20:54.859352 SRS_SR830 resp  : '-0.00041634' 
2023-06-08 06:20:54.919314 SRS_SR830 query : 'OUTP? 2' 
2023-06-08 06:20:54.969287 SRS_SR830 resp  : '-0.000439348' 
2023-06-08 06:20:55.029516 SRS_SR830 query : 'OUTP? 2' 
2023-06-08 06:20:55.079546 SRS_SR830 resp  : '-0.000455918' 
2023-06-08 06:20:55.139479 SRS_SR830 query : 'OUTP? 2' 
2023-06-08 06:20:55.189692 SRS_SR830 resp  : '-0.000456812' 
2023-06-08 06:20:55.249659 SRS_SR830 query : 'OUTP? 2' 
2023-06-08 06:20:55.299953 SRS_SR830 resp  : '-0.000442626' 
2023-06-08 06:20:55.359685 SRS_SR830 query : 'OUTP? 2' 
2023-06-08 06:20:55.409628 SRS_SR830 resp  : '-0.000428798' 
2023-06-08 06:20:55.459724 SRS_SR830 query : 'OUTP? 2' 
2023-06-08 06:20:55.509978 SRS_SR830 resp  : '-0.000421466' 
2023-06-08 06:20:55.560166 SRS_SR830 query : 'SENS?' 
2023-06-08 06:20:55.590419 SRS_SR830 resp  : '17' 
2023-06-08 06:20:55.590419 SRS_SR830 query : 'ISRC?' 
2023-06-08 06:20:55.630133 SRS_SR830 resp  : '1' 
2023-06-08 06:20:55.689925 KEPCO BOP 50-8D write : 'CURR 0.0070' 
2023-06-08 06:20:56.200888 SRS_SR830 query : 'OUTP? 1' 
2023-06-08 06:20:56.251334 SRS_SR830 resp  : '3.92201e-005' 
2023-06-08 06:20:56.311306 SRS_SR830 query : 'OUTP? 1' 
2023-06-08 06:20:56.361275 SRS_SR830 resp  : '6.97379e-005' 
2023-06-08 06:20:56.421245 SRS_SR830 query : 'OUTP? 1' 
2023-06-08 06:20:56.471221 SRS_SR830 resp  : '9.4593e-005' 
2023-06-08 06:20:56.521369 SRS_SR830 query : 'OUTP? 1' 
2023-06-08 06:20:56.571603 SRS_SR830 resp  : '0.000128926' 
2023-06-08 06:20:56.621640 SRS_SR830 query : 'OUTP? 1' 
2023-06-08 06:20:56.671877 SRS_SR830 resp  : '0.000169993' 
2023-06-08 06:20:56.731842 SRS_SR830 query : 'OUTP? 1' 
2023-06-08 06:20:56.782346 SRS_SR830 resp  : '0.00020361' 
2023-06-08 06:20:56.842293 SRS_SR830 query : 'OUTP? 1' 
2023-06-08 06:20:56.892771 SRS_SR830 resp  : '0.000211776' 
2023-06-08 06:20:56.952603 SRS_SR830 query : 'OUTP? 1' 
2023-06-08 06:20:57.002576 SRS_SR830 resp  : '0.000214578' 
2023-06-08 06:20:57.062805 SRS_SR830 query : 'OUTP? 1' 
2023-06-08 06:20:57.113177 SRS_SR830 resp  : '0.000208975' 
2023-06-08 06:20:57.173372 SRS_SR830 query : 'OUTP? 1' 
2023-06-08 06:20:57.223277 SRS_SR830 resp  : '0.000182987' 
2023-06-08 06:20:57.283248 SRS_SR830 query : 'SENS?' 
2023-06-08 06:20:57.313286 SRS_SR830 resp  : '17' 
2023-06-08 06:20:57.313286 SRS_SR830 query : 'ISRC?' 
2023-06-08 06:20:57.353238 SRS_SR830 resp  : '1' 
2023-06-08 06:20:57.353238 SRS_SR830 query : 'OUTP? 2' 
2023-06-08 06:20:57.413503 SRS_SR830 resp  : '-2.14578e-006' 
2023-06-08 06:20:57.473571 SRS_SR830 query : 'OUTP? 2' 
2023-06-08 06:20:57.523609 SRS_SR830 resp  : '-3.773e-005' 
2023-06-08 06:20:57.573797 SRS_SR830 query : 'OUTP? 2' 
2023-06-08 06:20:57.623704 SRS_SR830 resp  : '-5.84724e-005' 
2023-06-08 06:20:57.683671 SRS_SR830 query : 'OUTP? 2' 
2023-06-08 06:20:57.733646 SRS_SR830 resp  : '-5.87108e-005' 
2023-06-08 06:20:57.793614 SRS_SR830 query : 'OUTP? 2' 
2023-06-08 06:20:57.843612 SRS_SR830 resp  : '-4.23195e-005' 
2023-06-08 06:20:57.903817 SRS_SR830 query : 'OUTP? 2' 
2023-06-08 06:20:57.954316 SRS_SR830 resp  : '-2.78355e-005' 
2023-06-08 06:20:58.014223 SRS_SR830 query : 'OUTP? 2' 
2023-06-08 06:20:58.064534 SRS_SR830 resp  : '-1.86564e-005' 
2023-06-08 06:20:58.124266 SRS_SR830 query : 'OUTP? 2' 
2023-06-08 06:20:58.174239 SRS_SR830 resp  : '-1.91332e-005' 
2023-06-08 06:20:58.234207 SRS_SR830 query : 'OUTP? 2' 
2023-06-08 06:20:58.284220 SRS_SR830 resp  : '-1.87756e-005' 
2023-06-08 06:20:58.334265 SRS_SR830 query : 'OUTP? 2' 
2023-06-08 06:20:58.384601 SRS_SR830 resp  : '-4.41077e-006' 
2023-06-08 06:20:58.444566 SRS_SR830 query : 'SENS?' 
2023-06-08 06:20:58.474552 SRS_SR830 resp  : '17' 
2023-06-08 06:20:58.474552 SRS_SR830 query : 'ISRC?' 
2023-06-08 06:20:58.514530 SRS_SR830 resp  : '1' 
2023-06-08 06:20:58.564331 KEPCO BOP 50-8D write : 'CURR 0.0075' 
2023-06-08 06:20:59.075984 SRS_SR830 query : 'OUTP? 1' 
2023-06-08 06:20:59.126160 SRS_SR830 resp  : '9.8825e-005' 
2023-06-08 06:20:59.176368 SRS_SR830 query : 'OUTP? 1' 
2023-06-08 06:20:59.226343 SRS_SR830 resp  : '0.000110448' 
2023-06-08 06:20:59.286310 SRS_SR830 query : 'OUTP? 1' 
2023-06-08 06:20:59.336319 SRS_SR830 resp  : '0.000129999' 
2023-06-08 06:20:59.396074 SRS_SR830 query : 'OUTP? 1' 
2023-06-08 06:20:59.446222 SRS_SR830 resp  : '0.00015843' 
2023-06-08 06:20:59.496326 SRS_SR830 query : 'OUTP? 1' 
2023-06-08 06:20:59.546301 SRS_SR830 resp  : '0.00017357' 
2023-06-08 06:20:59.606271 SRS_SR830 query : 'OUTP? 1' 
2023-06-08 06:20:59.656246 SRS_SR830 resp  : '0.000185252' 
2023-06-08 06:20:59.706276 SRS_SR830 query : 'OUTP? 1' 
2023-06-08 06:20:59.756318 SRS_SR830 resp  : '0.000203432' 
2023-06-08 06:20:59.816542 SRS_SR830 query : 'OUTP? 1' 
2023-06-08 06:20:59.866483 SRS_SR830 resp  : '0.000230909' 
2023-06-08 06:20:59.926447 SRS_SR830 query : 'OUTP? 1' 
2023-06-08 06:20:59.976420 SRS_SR830 resp  : '0.000251831' 
2023-06-08 06:21:00.026448 SRS_SR830 query : 'OUTP? 1' 
2023-06-08 06:21:00.076452 SRS_SR830 resp  : '0.000255467' 
2023-06-08 06:21:00.126618 SRS_SR830 query : 'SENS?' 
2023-06-08 06:21:00.156815 SRS_SR830 resp  : '17' 
2023-06-08 06:21:00.166655 SRS_SR830 query : 'ISRC?' 
2023-06-08 06:21:00.196793 SRS_SR830 resp  : '1' 
2023-06-08 06:21:00.196793 SRS_SR830 query : 'OUTP? 2' 
2023-06-08 06:21:00.256762 SRS_SR830 resp  : '-0.000159145' 
2023-06-08 06:21:00.317113 SRS_SR830 query : 'OUTP? 2' 
2023-06-08 06:21:00.367047 SRS_SR830 resp  : '-0.000197769' 
2023-06-08 06:21:00.426933 SRS_SR830 query : 'OUTP? 2' 
2023-06-08 06:21:00.476983 SRS_SR830 resp  : '-0.000221969' 
2023-06-08 06:21:00.537209 SRS_SR830 query : 'OUTP? 2' 
2023-06-08 06:21:00.597178 SRS_SR830 resp  : '-0.000251176' 
2023-06-08 06:21:00.657146 SRS_SR830 query : 'OUTP? 2' 
2023-06-08 06:21:00.706919 SRS_SR830 resp  : '-0.000282528' 
2023-06-08 06:21:00.757092 SRS_SR830 query : 'OUTP? 2' 
2023-06-08 06:21:00.807387 SRS_SR830 resp  : '-0.000303509' 
2023-06-08 06:21:00.857594 SRS_SR830 query : 'OUTP? 2' 
2023-06-08 06:21:00.907552 SRS_SR830 resp  : '-0.000327529' 
2023-06-08 06:21:00.957901 SRS_SR830 query : 'OUTP? 2' 
2023-06-08 06:21:01.008360 SRS_SR830 resp  : '-0.000346126' 
2023-06-08 06:21:01.067709 SRS_SR830 query : 'OUTP? 2' 
2023-06-08 06:21:01.117713 SRS_SR830 resp  : '-0.000358464' 
2023-06-08 06:21:01.167910 SRS_SR830 query : 'OUTP? 2' 
2023-06-08 06:21:01.218358 SRS_SR830 resp  : '-0.000377776' 
2023-06-08 06:21:01.278156 SRS_SR830 query : 'SENS?' 
2023-06-08 06:21:01.308186 SRS_SR830 resp  : '17' 
2023-06-08 06:21:01.308186 SRS_SR830 query : 'ISRC?' 
2023-06-08 06:21:01.348393 SRS_SR830 resp  : '1' 
2023-06-08 06:21:01.398125 KEPCO BOP 50-8D write : 'CURR 0.0080' 
2023-06-08 06:21:01.909814 SRS_SR830 query : 'OUTP? 1' 
2023-06-08 06:21:01.959723 SRS_SR830 resp  : '9.95402e-005' 
2023-06-08 06:21:02.019951 SRS_SR830 query : 'OUTP? 1' 
2023-06-08 06:21:02.069854 SRS_SR830 resp  : '0.000109315' 
2023-06-08 06:21:02.120154 SRS_SR830 query : 'OUTP? 1' 
2023-06-08 06:21:02.170077 SRS_SR830 resp  : '0.000104189' 
2023-06-08 06:21:02.230046 SRS_SR830 query : 'OUTP? 1' 
2023-06-08 06:21:02.280273 SRS_SR830 resp  : '0.000106574' 
2023-06-08 06:21:02.340247 SRS_SR830 query : 'OUTP? 1' 
2023-06-08 06:21:02.390234 SRS_SR830 resp  : '0.000122608' 
2023-06-08 06:21:02.440419 SRS_SR830 query : 'OUTP? 1' 
2023-06-08 06:21:02.490392 SRS_SR830 resp  : '0.000134111' 
2023-06-08 06:21:02.550359 SRS_SR830 query : 'OUTP? 1' 
2023-06-08 06:21:02.600333 SRS_SR830 resp  : '0.00014639' 
2023-06-08 06:21:02.660302 SRS_SR830 query : 'OUTP? 1' 
2023-06-08 06:21:02.710275 SRS_SR830 resp  : '0.000144781' 
2023-06-08 06:21:02.770243 SRS_SR830 query : 'OUTP? 1' 
2023-06-08 06:21:02.820469 SRS_SR830 resp  : '0.000142337' 
2023-06-08 06:21:02.880751 SRS_SR830 query : 'OUTP? 1' 
2023-06-08 06:21:02.930703 SRS_SR830 resp  : '0.000177682' 
2023-06-08 06:21:02.990673 SRS_SR830 query : 'SENS?' 
2023-06-08 06:21:03.020655 SRS_SR830 resp  : '17' 
2023-06-08 06:21:03.030486 SRS_SR830 query : 'ISRC?' 
2023-06-08 06:21:03.060633 SRS_SR830 resp  : '1' 
2023-06-08 06:21:03.060633 SRS_SR830 query : 'OUTP? 2' 
2023-06-08 06:21:03.120918 SRS_SR830 resp  : '-0.000243963' 
2023-06-08 06:21:03.180860 SRS_SR830 query : 'OUTP? 2' 
2023-06-08 06:21:03.230830 SRS_SR830 resp  : '-0.000221313' 
2023-06-08 06:21:03.290695 SRS_SR830 query : 'OUTP? 2' 
2023-06-08 06:21:03.350980 SRS_SR830 resp  : '-0.000218392' 
2023-06-08 06:21:03.401190 SRS_SR830 query : 'OUTP? 2' 
2023-06-08 06:21:03.451164 SRS_SR830 resp  : '-0.000225008' 
2023-06-08 06:21:03.511134 SRS_SR830 query : 'OUTP? 2' 
2023-06-08 06:21:03.561359 SRS_SR830 resp  : '-0.000229062' 
2023-06-08 06:21:03.631579 SRS_SR830 query : 'OUTP? 2' 
2023-06-08 06:21:03.681717 SRS_SR830 resp  : '-0.000214637' 
2023-06-08 06:21:03.741948 SRS_SR830 query : 'OUTP? 2' 
2023-06-08 06:21:03.791771 SRS_SR830 resp  : '-0.000211299' 
2023-06-08 06:21:03.851911 SRS_SR830 query : 'OUTP? 2' 
2023-06-08 06:21:03.901915 SRS_SR830 resp  : '-0.000241579' 
2023-06-08 06:21:03.952040 SRS_SR830 query : 'OUTP? 2' 
2023-06-08 06:21:04.002061 SRS_SR830 resp  : '-0.000280084' 
2023-06-08 06:21:04.052351 SRS_SR830 query : 'OUTP? 2' 
2023-06-08 06:21:04.102366 SRS_SR830 resp  : '-0.0002988' 
2023-06-08 06:21:04.162132 SRS_SR830 query : 'SENS?' 
2023-06-08 06:21:04.192317 SRS_SR830 resp  : '17' 
2023-06-08 06:21:04.192317 SRS_SR830 query : 'ISRC?' 
2023-06-08 06:21:04.232331 SRS_SR830 resp  : '1' 
2023-06-08 06:21:04.292090 KEPCO BOP 50-8D write : 'CURR 0.0085' 
2023-06-08 06:21:04.798944 SRS_SR830 query : 'OUTP? 1' 
2023-06-08 06:21:04.849474 SRS_SR830 resp  : '0.000247421' 
2023-06-08 06:21:04.909327 SRS_SR830 query : 'OUTP? 1' 
2023-06-08 06:21:04.959592 SRS_SR830 resp  : '0.000263752' 
2023-06-08 06:21:05.019510 SRS_SR830 query : 'OUTP? 1' 
2023-06-08 06:21:05.069672 SRS_SR830 resp  : '0.00027311' 
2023-06-08 06:21:05.119935 SRS_SR830 query : 'OUTP? 1' 
2023-06-08 06:21:05.169858 SRS_SR830 resp  : '0.000266852' 
2023-06-08 06:21:05.229825 SRS_SR830 query : 'OUTP? 1' 
2023-06-08 06:21:05.279800 SRS_SR830 resp  : '0.000240983' 
2023-06-08 06:21:05.329830 SRS_SR830 query : 'OUTP? 1' 
2023-06-08 06:21:05.380055 SRS_SR830 resp  : '0.000214578' 
2023-06-08 06:21:05.440265 SRS_SR830 query : 'OUTP? 1' 
2023-06-08 06:21:05.490602 SRS_SR830 resp  : '0.000173689' 
2023-06-08 06:21:05.550519 SRS_SR830 query : 'OUTP? 1' 
2023-06-08 06:21:05.600489 SRS_SR830 resp  : '0.000143052' 
2023-06-08 06:21:05.660717 SRS_SR830 query : 'OUTP? 1' 
2023-06-08 06:21:05.710690 SRS_SR830 resp  : '0.000131787' 
2023-06-08 06:21:05.760720 SRS_SR830 query : 'OUTP? 1' 
2023-06-08 06:21:05.810655 SRS_SR830 resp  : '0.00012225' 
2023-06-08 06:21:05.870610 SRS_SR830 query : 'SENS?' 
2023-06-08 06:21:05.900387 SRS_SR830 resp  : '17' 
2023-06-08 06:21:05.900387 SRS_SR830 query : 'ISRC?' 
2023-06-08 06:21:05.940397 SRS_SR830 resp  : '1' 
2023-06-08 06:21:05.940397 SRS_SR830 query : 'OUTP? 2' 
2023-06-08 06:21:06.000536 SRS_SR830 resp  : '-0.000144363' 
2023-06-08 06:21:06.060480 SRS_SR830 query : 'OUTP? 2' 
2023-06-08 06:21:06.110536 SRS_SR830 resp  : '-0.000127614' 
2023-06-08 06:21:06.170676 SRS_SR830 query : 'OUTP? 2' 
2023-06-08 06:21:06.230491 SRS_SR830 resp  : '-0.000102044' 
2023-06-08 06:21:06.280551 SRS_SR830 query : 'OUTP? 2' 
2023-06-08 06:21:06.330569 SRS_SR830 resp  : '-8.75001e-005' 
2023-06-08 06:21:06.390810 SRS_SR830 query : 'OUTP? 2' 
2023-06-08 06:21:06.440803 SRS_SR830 resp  : '-6.86054e-005' 
2023-06-08 06:21:06.501024 SRS_SR830 query : 'OUTP? 2' 
2023-06-08 06:21:06.560790 SRS_SR830 resp  : '-5.06642e-005' 
2023-06-08 06:21:06.610861 SRS_SR830 query : 'OUTP? 2' 
2023-06-08 06:21:06.670731 SRS_SR830 resp  : '-5.13794e-005' 
2023-06-08 06:21:06.720910 SRS_SR830 query : 'OUTP? 2' 
2023-06-08 06:21:06.771146 SRS_SR830 resp  : '-5.43001e-005' 
2023-06-08 06:21:06.830882 SRS_SR830 query : 'OUTP? 2' 
2023-06-08 06:21:06.889201 SRS_SR830 resp  : '-6.76517e-005' 
2023-06-08 06:21:06.954240 SRS_SR830 query : 'OUTP? 2' 
2023-06-08 06:21:07.010891 SRS_SR830 resp  : '-8.49371e-005' 
2023-06-08 06:21:07.062492 SRS_SR830 query : 'SENS?' 
2023-06-08 06:21:07.099703 SRS_SR830 resp  : '17' 
2023-06-08 06:21:07.100721 SRS_SR830 query : 'ISRC?' 
2023-06-08 06:21:07.135170 SRS_SR830 resp  : '1' 
2023-06-08 06:21:07.209214 KEPCO BOP 50-8D write : 'CURR 0.0090' 
2023-06-08 06:21:07.722574 SRS_SR830 query : 'OUTP? 1' 
2023-06-08 06:21:07.779542 SRS_SR830 resp  : '6.43733e-006' 
2023-06-08 06:21:07.831812 SRS_SR830 query : 'OUTP? 1' 
2023-06-08 06:21:07.889289 SRS_SR830 resp  : '1.06097e-005' 
2023-06-08 06:21:07.940469 SRS_SR830 query : 'OUTP? 1' 
2023-06-08 06:21:07.997602 SRS_SR830 resp  : '1.07885e-005' 
2023-06-08 06:21:08.051364 SRS_SR830 query : 'OUTP? 1' 
2023-06-08 06:21:08.107347 SRS_SR830 resp  : '1.8418e-005' 
2023-06-08 06:21:08.160481 SRS_SR830 query : 'OUTP? 1' 
2023-06-08 06:21:08.215549 SRS_SR830 resp  : '3.2306e-005' 
2023-06-08 06:21:08.270654 SRS_SR830 query : 'OUTP? 1' 
2023-06-08 06:21:08.326260 SRS_SR830 resp  : '5.8234e-005' 
2023-06-08 06:21:08.380479 SRS_SR830 query : 'OUTP? 1' 
2023-06-08 06:21:08.437367 SRS_SR830 resp  : '8.16588e-005' 
2023-06-08 06:21:08.489749 SRS_SR830 query : 'OUTP? 1' 
2023-06-08 06:21:08.547730 SRS_SR830 resp  : '9.41758e-005' 
2023-06-08 06:21:08.599434 SRS_SR830 query : 'OUTP? 1' 
2023-06-08 06:21:08.656205 SRS_SR830 resp  : '9.67984e-005' 
2023-06-08 06:21:08.710373 SRS_SR830 query : 'OUTP? 1' 
2023-06-08 06:21:08.767300 SRS_SR830 resp  : '9.72752e-005' 
2023-06-08 06:21:08.817855 SRS_SR830 query : 'SENS?' 
2023-06-08 06:21:08.856157 SRS_SR830 resp  : '17' 
2023-06-08 06:21:08.857149 SRS_SR830 query : 'ISRC?' 
2023-06-08 06:21:08.892136 SRS_SR830 resp  : '1' 
2023-06-08 06:21:08.893164 SRS_SR830 query : 'OUTP? 2' 
2023-06-08 06:21:08.950396 SRS_SR830 resp  : '-0.000305476' 
2023-06-08 06:21:09.005024 SRS_SR830 query : 'OUTP? 2' 
2023-06-08 06:21:09.063174 SRS_SR830 resp  : '-0.000302853' 
2023-06-08 06:21:09.113825 SRS_SR830 query : 'OUTP? 2' 
2023-06-08 06:21:09.171157 SRS_SR830 resp  : '-0.000296535' 
2023-06-08 06:21:09.224679 SRS_SR830 query : 'OUTP? 2' 
2023-06-08 06:21:09.281962 SRS_SR830 resp  : '-0.000301184' 
2023-06-08 06:21:09.334104 SRS_SR830 query : 'OUTP? 2' 
2023-06-08 06:21:09.392246 SRS_SR830 resp  : '-0.000305058' 
2023-06-08 06:21:09.442308 SRS_SR830 query : 'OUTP? 2' 
2023-06-08 06:21:09.500247 SRS_SR830 resp  : '-0.000299336' 
2023-06-08 06:21:09.551286 SRS_SR830 query : 'OUTP? 2' 
2023-06-08 06:21:09.608928 SRS_SR830 resp  : '-0.000298383' 
2023-06-08 06:21:09.660931 SRS_SR830 query : 'OUTP? 2' 
2023-06-08 06:21:09.716912 SRS_SR830 resp  : '-0.000304462' 
2023-06-08 06:21:09.770122 SRS_SR830 query : 'OUTP? 2' 
2023-06-08 06:21:09.826727 SRS_SR830 resp  : '-0.000302078' 
2023-06-08 06:21:09.880045 SRS_SR830 query : 'OUTP? 2' 
2023-06-08 06:21:09.937973 SRS_SR830 resp  : '-0.000281634' 
2023-06-08 06:21:10.003133 SRS_SR830 query : 'SENS?' 
2023-06-08 06:21:10.040882 SRS_SR830 resp  : '17' 
2023-06-08 06:21:10.041755 SRS_SR830 query : 'ISRC?' 
2023-06-08 06:21:10.077941 SRS_SR830 resp  : '1' 
2023-06-08 06:21:10.140762 KEPCO BOP 50-8D write : 'CURR 0.0095' 
2023-06-08 07:07:19.576855 CLOSE : '' 
2023-06-08 07:07:19.576855 KEPCO BOP 50-8D write : 'VOLT 0' 
2023-06-08 07:07:19.576855 KEPCO BOP 50-8D CLOSE : '' 
2023-06-08 07:07:19.586819 HP 8673G CW Gen CLOSE : '' 
2023-06-08 07:07:19.586819 SRS_SR830 CLOSE : '' 
