SpinLab Experiment Logfile2023-6-8_17-57-0
2023-06-08 12:57:00.825510 OPEN_ : '' 
2023-06-08 12:57:00.846464 GPIB0::15::INSTR OPEN_ : '' 
2023-06-08 12:57:00.863251 GPIB0::6::INSTR OPEN_ : '' 
2023-06-08 12:57:00.864428 KEPCO BOP 50-8D write : '*CLS' 
2023-06-08 12:57:00.866378 KEPCO BOP 50-8D write : '*RST' 
2023-06-08 12:57:00.868380 KEPCO BOP 50-8D write : 'OUTPUT ON' 
2023-06-08 12:57:00.870459 KEPCO BOP 50-8D write : 'FUNC:MODE CURR' 
2023-06-08 12:57:00.872953 KEPCO BOP 50-8D write : 'VOLT 40.0000' 
2023-06-08 12:57:00.876088 KEPCO BOP 50-8D write : 'CURR 0.0000' 
2023-06-08 12:57:00.910391 ASRL4::INSTR OPEN_ : '' 
2023-06-08 12:57:00.911362 SRS_SR830 write : 'OUTX 0' 
2023-06-08 12:57:00.911362 SRS_SR830 write : 'OVRM 1' 
2023-06-08 12:57:00.912359 KEPCO BOP 50-8D query : 'MEAS:CURR?' 
2023-06-08 12:57:00.945041 KEPCO BOP 50-8D resp  : '8.36515E0' 
2023-06-08 12:57:00.945041 KEPCO BOP 50-8D query : 'MEAS:VOLT?' 
2023-06-08 12:57:00.975705 KEPCO BOP 50-8D resp  : '-4.84357E1' 
2023-06-08 12:57:00.975705 KEPCO BOP 50-8D query : 'FUNC:MODE?' 
2023-06-08 12:57:00.982032 KEPCO BOP 50-8D resp  : '1' 
2023-06-08 12:57:00.983035 HP 8673G CW Gen query : 'OK' 
2023-06-08 12:57:01.069131 HP 8673G CW Gen resp  : 'FR03000000000HZ' 
2023-06-08 12:57:01.096765 HP 8673G CW Gen query : 'LE OA' 
2023-06-08 12:57:01.106318 HP 8673G CW Gen resp  : 'LE-70.0DM' 
2023-06-08 12:57:01.107321 SRS_SR830 query : 'SENS?' 
2023-06-08 12:57:01.144772 SRS_SR830 resp  : '15' 
2023-06-08 12:57:01.145742 SRS_SR830 query : 'ISRC?' 
2023-06-08 12:57:01.180649 SRS_SR830 resp  : '1' 
2023-06-08 12:57:01.181645 SRS_SR830 query : 'OFLT?' 
2023-06-08 12:57:01.217223 SRS_SR830 resp  : '9' 
2023-06-08 12:57:01.274638 HP 8673G CW Gen write : 'LE -3 DB' 
2023-06-08 12:57:01.288604 HP 8673G CW Gen query : 'MG' 
2023-06-08 12:57:01.295582 HP 8673G CW Gen resp  : '00' 
2023-06-08 12:57:01.297580 KEPCO BOP 50-8D query : 'MEAS:CURR?' 
2023-06-08 12:57:01.330499 KEPCO BOP 50-8D resp  : '2.09288E0' 
2023-06-08 12:57:01.331493 KEPCO BOP 50-8D query : 'MEAS:VOLT?' 
2023-06-08 12:57:01.363059 KEPCO BOP 50-8D resp  : '4.54954E1' 
2023-06-08 12:57:01.364073 KEPCO BOP 50-8D query : 'FUNC:MODE?' 
2023-06-08 12:57:01.374030 KEPCO BOP 50-8D resp  : '1' 
2023-06-08 12:57:01.375026 HP 8673G CW Gen query : 'OK' 
2023-06-08 12:57:01.450072 HP 8673G CW Gen resp  : 'FR03000000000HZ' 
2023-06-08 12:57:01.450072 HP 8673G CW Gen query : 'LE OA' 
2023-06-08 12:57:01.460201 HP 8673G CW Gen resp  : 'LE-3.0DM' 
2023-06-08 12:57:01.460201 SRS_SR830 query : 'SENS?' 
2023-06-08 12:57:01.498576 SRS_SR830 resp  : '15' 
2023-06-08 12:57:01.499573 SRS_SR830 query : 'ISRC?' 
2023-06-08 12:57:01.536522 SRS_SR830 resp  : '1' 
2023-06-08 12:57:01.537522 SRS_SR830 query : 'OFLT?' 
2023-06-08 12:57:01.574126 SRS_SR830 resp  : '9' 
2023-06-08 12:57:01.809459 SRS_SR830 query : 'ISRC?' 
2023-06-08 12:57:01.844364 SRS_SR830 resp  : '1' 
2023-06-08 12:57:01.845361 SRS_SR830 write : 'SENS 15' 
2023-06-08 12:57:01.845361 KEPCO BOP 50-8D write : 'CURR 0.0531' 
2023-06-08 12:57:01.848363 HP 8673G CW Gen write : 'FR 1.5 GZ' 
2023-06-08 12:57:01.855335 HP 8673G CW Gen query : 'MG' 
2023-06-08 12:57:01.861319 HP 8673G CW Gen resp  : '01' 
2023-06-08 12:57:01.861319 HP 8673G CW Gen ERR  : 'Device message code 01: FREQUENCY OUT OF RANGE.' 
2023-06-08 13:00:06.339387 CLOSE : '' 
2023-06-08 13:00:06.339387 KEPCO BOP 50-8D write : 'VOLT 0' 
2023-06-08 13:00:06.341383 KEPCO BOP 50-8D CLOSE : '' 
2023-06-08 13:00:06.342642 SRS_SR830 CLOSE : '' 
2023-06-08 13:00:06.344263 HP 8673G CW Gen CLOSE : '' 
