SpinLab Experiment Logfile2023-6-8_18-58-6
2023-06-08 13:58:06.360356 OPEN_ : '' 
2023-06-08 13:58:06.375313 GPIB0::15::INSTR OPEN_ : '' 
2023-06-08 13:58:06.395267 GPIB0::6::INSTR OPEN_ : '' 
2023-06-08 13:58:06.397254 KEPCO BOP 50-8D write : '*CLS' 
2023-06-08 13:58:06.399249 KEPCO BOP 50-8D write : '*RST' 
2023-06-08 13:58:06.401270 KEPCO BOP 50-8D write : 'OUTPUT ON' 
2023-06-08 13:58:06.403238 KEPCO BOP 50-8D write : 'FUNC:MODE CURR' 
2023-06-08 13:58:06.405256 KEPCO BOP 50-8D write : 'VOLT 40.0000' 
2023-06-08 13:58:06.409222 KEPCO BOP 50-8D write : 'CURR 0.0000' 
2023-06-08 13:58:06.422187 ASRL4::INSTR OPEN_ : '' 
2023-06-08 13:58:06.422187 SRS_SR830 write : 'OUTX 0' 
2023-06-08 13:58:06.423185 SRS_SR830 write : 'OVRM 1' 
2023-06-08 13:58:06.424182 KEPCO BOP 50-8D query : 'MEAS:CURR?' 
2023-06-08 13:58:06.457133 KEPCO BOP 50-8D resp  : '3.13294E0' 
2023-06-08 13:58:06.457133 KEPCO BOP 50-8D query : 'MEAS:VOLT?' 
2023-06-08 13:58:06.487084 KEPCO BOP 50-8D resp  : '4.65988E1' 
2023-06-08 13:58:06.489086 KEPCO BOP 50-8D query : 'FUNC:MODE?' 
2023-06-08 13:58:06.495071 KEPCO BOP 50-8D resp  : '1' 
2023-06-08 13:58:06.497066 HP 8673G CW Gen query : 'OK' 
2023-06-08 13:58:06.600201 HP 8673G CW Gen resp  : 'FR03000000000HZ' 
2023-06-08 13:58:06.601203 HP 8673G CW Gen query : 'LE OA' 
2023-06-08 13:58:06.610596 HP 8673G CW Gen resp  : 'LE-70.0DM' 
2023-06-08 13:58:06.611600 SRS_SR830 query : 'SENS?' 
2023-06-08 13:58:06.649005 SRS_SR830 resp  : '18' 
2023-06-08 13:58:06.650006 SRS_SR830 query : 'ISRC?' 
2023-06-08 13:58:06.684518 SRS_SR830 resp  : '1' 
2023-06-08 13:58:06.684518 SRS_SR830 query : 'OFLT?' 
2023-06-08 13:58:06.721198 SRS_SR830 resp  : '9' 
2023-06-08 13:58:06.731177 HP 8673G CW Gen write : 'LE -3 DB' 
2023-06-08 13:58:06.792406 HP 8673G CW Gen query : 'MG' 
2023-06-08 13:58:06.801623 HP 8673G CW Gen resp  : '00' 
2023-06-08 13:58:06.801623 KEPCO BOP 50-8D query : 'MEAS:CURR?' 
2023-06-08 13:58:06.833704 KEPCO BOP 50-8D resp  : '1.04695E0' 
2023-06-08 13:58:06.833704 KEPCO BOP 50-8D query : 'MEAS:VOLT?' 
2023-06-08 13:58:06.864470 KEPCO BOP 50-8D resp  : '4.56532E1' 
2023-06-08 13:58:06.864470 KEPCO BOP 50-8D query : 'FUNC:MODE?' 
2023-06-08 13:58:06.870876 KEPCO BOP 50-8D resp  : '1' 
2023-06-08 13:58:06.870876 HP 8673G CW Gen query : 'OK' 
2023-06-08 13:58:06.954507 HP 8673G CW Gen resp  : 'FR03000000000HZ' 
2023-06-08 13:58:06.955536 HP 8673G CW Gen query : 'LE OA' 
2023-06-08 13:58:06.964515 HP 8673G CW Gen resp  : 'LE-3.0DM' 
2023-06-08 13:58:06.965481 SRS_SR830 query : 'SENS?' 
2023-06-08 13:58:07.002537 SRS_SR830 resp  : '18' 
2023-06-08 13:58:07.003538 SRS_SR830 query : 'ISRC?' 
2023-06-08 13:58:07.038756 SRS_SR830 resp  : '1' 
2023-06-08 13:58:07.038756 SRS_SR830 query : 'OFLT?' 
2023-06-08 13:58:07.076078 SRS_SR830 resp  : '9' 
2023-06-08 13:58:07.078077 SRS_SR830 query : 'ISRC?' 
2023-06-08 13:58:07.114104 SRS_SR830 resp  : '1' 
2023-06-08 13:58:07.115101 SRS_SR830 write : 'SENS 15' 
2023-06-08 13:58:07.116100 HP 8673G CW Gen write : 'FR 2.0 GZ' 
2023-06-08 13:58:07.123242 HP 8673G CW Gen query : 'MG' 
2023-06-08 13:58:07.130518 HP 8673G CW Gen resp  : '00' 
2023-06-08 13:58:07.131485 KEPCO BOP 50-8D write : 'CURR 0.0000' 
2023-06-08 13:58:12.235644 KEPCO BOP 50-8D write : 'CURR 0.0000' 
2023-06-08 13:58:12.739741 SRS_SR830 query : 'OUTP? 1' 
2023-06-08 13:58:12.796972 SRS_SR830 resp  : '-6.32261e-005' 
2023-06-08 13:58:12.913452 SRS_SR830 query : 'OUTP? 1' 
2023-06-08 13:58:12.972100 SRS_SR830 resp  : '-6.30175e-005' 
2023-06-08 13:58:13.083417 SRS_SR830 query : 'OUTP? 1' 
2023-06-08 13:58:13.142650 SRS_SR830 resp  : '-6.28983e-005' 
2023-06-08 13:58:13.245386 SRS_SR830 query : 'OUTP? 1' 
2023-06-08 13:58:13.304471 SRS_SR830 resp  : '-6.29132e-005' 
2023-06-08 13:58:13.414344 SRS_SR830 query : 'OUTP? 1' 
2023-06-08 13:58:13.473401 SRS_SR830 resp  : '-6.29579e-005' 
2023-06-08 13:58:13.587203 SRS_SR830 query : 'OUTP? 1' 
2023-06-08 13:58:13.646228 SRS_SR830 resp  : '-6.29728e-005' 
2023-06-08 13:58:13.760388 SRS_SR830 query : 'OUTP? 1' 
2023-06-08 13:58:13.820203 SRS_SR830 resp  : '-6.29653e-005' 
2023-06-08 13:58:13.936288 SRS_SR830 query : 'OUTP? 1' 
2023-06-08 13:58:13.996264 SRS_SR830 resp  : '-6.30845e-005' 
2023-06-08 13:58:14.104640 SRS_SR830 query : 'OUTP? 1' 
2023-06-08 13:58:14.162808 SRS_SR830 resp  : '-6.32708e-005' 
2023-06-08 13:58:14.270788 SRS_SR830 query : 'OUTP? 1' 
2023-06-08 13:58:14.330267 SRS_SR830 resp  : '-6.33677e-005' 
2023-06-08 13:58:14.447731 SRS_SR830 query : 'SENS?' 
2023-06-08 13:58:14.485952 SRS_SR830 resp  : '15' 
2023-06-08 13:58:14.488356 SRS_SR830 query : 'ISRC?' 
2023-06-08 13:58:14.524542 SRS_SR830 resp  : '1' 
2023-06-08 13:58:14.525541 SRS_SR830 query : 'OUTP? 2' 
2023-06-08 13:58:14.584576 SRS_SR830 resp  : '-1.93567e-005' 
2023-06-08 13:58:14.699050 SRS_SR830 query : 'OUTP? 2' 
2023-06-08 13:58:14.757654 SRS_SR830 resp  : '-1.92822e-005' 
2023-06-08 13:58:14.871498 SRS_SR830 query : 'OUTP? 2' 
2023-06-08 13:58:14.928643 SRS_SR830 resp  : '-1.92897e-005' 
2023-06-08 13:58:15.031611 SRS_SR830 query : 'OUTP? 2' 
2023-06-08 13:58:15.089805 SRS_SR830 resp  : '-1.93195e-005' 
2023-06-08 13:58:15.206320 SRS_SR830 query : 'OUTP? 2' 
2023-06-08 13:58:15.264211 SRS_SR830 resp  : '-1.93195e-005' 
2023-06-08 13:58:15.378390 SRS_SR830 query : 'OUTP? 2' 
2023-06-08 13:58:15.435883 SRS_SR830 resp  : '-1.92822e-005' 
2023-06-08 13:58:15.541479 SRS_SR830 query : 'OUTP? 2' 
2023-06-08 13:58:15.599186 SRS_SR830 resp  : '-1.91854e-005' 
2023-06-08 13:58:15.709901 SRS_SR830 query : 'OUTP? 2' 
2023-06-08 13:58:15.767583 SRS_SR830 resp  : '-1.90811e-005' 
2023-06-08 13:58:15.873475 SRS_SR830 query : 'OUTP? 2' 
2023-06-08 13:58:15.931017 SRS_SR830 resp  : '-1.90736e-005' 
2023-06-08 13:58:16.045395 SRS_SR830 query : 'OUTP? 2' 
2023-06-08 13:58:16.103124 SRS_SR830 resp  : '-1.91779e-005' 
2023-06-08 13:58:16.212691 SRS_SR830 query : 'SENS?' 
2023-06-08 13:58:16.250207 SRS_SR830 resp  : '15' 
2023-06-08 13:58:16.252211 SRS_SR830 query : 'ISRC?' 
2023-06-08 13:58:16.288448 SRS_SR830 resp  : '1' 
2023-06-08 13:58:16.433813 KEPCO BOP 50-8D write : 'CURR 0.0015' 
2023-06-08 13:58:16.942429 SRS_SR830 query : 'OUTP? 1' 
2023-06-08 13:58:17.001375 SRS_SR830 resp  : '-6.33304e-005' 
2023-06-08 13:58:17.114551 SRS_SR830 query : 'OUTP? 1' 
2023-06-08 13:58:17.175488 SRS_SR830 resp  : '-6.34571e-005' 
2023-06-08 13:58:17.287213 SRS_SR830 query : 'OUTP? 1' 
2023-06-08 13:58:17.346065 SRS_SR830 resp  : '-6.35837e-005' 
2023-06-08 13:58:17.459426 SRS_SR830 query : 'OUTP? 1' 
2023-06-08 13:58:17.516645 SRS_SR830 resp  : '-6.37029e-005' 
2023-06-08 13:58:17.629908 SRS_SR830 query : 'OUTP? 1' 
2023-06-08 13:58:17.689352 SRS_SR830 resp  : '-6.37625e-005' 
2023-06-08 13:58:17.799515 SRS_SR830 query : 'OUTP? 1' 
2023-06-08 13:58:17.858447 SRS_SR830 resp  : '-6.37849e-005' 
2023-06-08 13:58:17.971614 SRS_SR830 query : 'OUTP? 1' 
2023-06-08 13:58:18.030766 SRS_SR830 resp  : '-6.38445e-005' 
2023-06-08 13:58:18.144866 SRS_SR830 query : 'OUTP? 1' 
2023-06-08 13:58:18.202742 SRS_SR830 resp  : '-6.39712e-005' 
2023-06-08 13:58:18.304469 SRS_SR830 query : 'OUTP? 1' 
2023-06-08 13:58:18.361575 SRS_SR830 resp  : '-6.41351e-005' 
2023-06-08 13:58:18.462316 SRS_SR830 query : 'OUTP? 1' 
2023-06-08 13:58:18.520131 SRS_SR830 resp  : '-6.42915e-005' 
2023-06-08 13:58:18.632699 SRS_SR830 query : 'SENS?' 
2023-06-08 13:58:18.669838 SRS_SR830 resp  : '15' 
2023-06-08 13:58:18.670836 SRS_SR830 query : 'ISRC?' 
2023-06-08 13:58:18.706463 SRS_SR830 resp  : '1' 
2023-06-08 13:58:18.707458 SRS_SR830 query : 'OUTP? 2' 
2023-06-08 13:58:18.765645 SRS_SR830 resp  : '-1.69874e-005' 
2023-06-08 13:58:18.866741 SRS_SR830 query : 'OUTP? 2' 
2023-06-08 13:58:18.924330 SRS_SR830 resp  : '-1.70545e-005' 
2023-06-08 13:58:19.038415 SRS_SR830 query : 'OUTP? 2' 
2023-06-08 13:58:19.097356 SRS_SR830 resp  : '-1.7129e-005' 
2023-06-08 13:58:19.211556 SRS_SR830 query : 'OUTP? 2' 
2023-06-08 13:58:19.270342 SRS_SR830 resp  : '-1.71514e-005' 
2023-06-08 13:58:19.382923 SRS_SR830 query : 'OUTP? 2' 
2023-06-08 13:58:19.440282 SRS_SR830 resp  : '-1.70768e-005' 
2023-06-08 13:58:19.555278 SRS_SR830 query : 'OUTP? 2' 
2023-06-08 13:58:19.613797 SRS_SR830 resp  : '-1.69949e-005' 
2023-06-08 13:58:19.727977 SRS_SR830 query : 'OUTP? 2' 
2023-06-08 13:58:19.788138 SRS_SR830 resp  : '-1.67341e-005' 
2023-06-08 13:58:19.899047 SRS_SR830 query : 'OUTP? 2' 
2023-06-08 13:58:19.959016 SRS_SR830 resp  : '-1.64659e-005' 
2023-06-08 13:58:20.070426 SRS_SR830 query : 'OUTP? 2' 
2023-06-08 13:58:20.129776 SRS_SR830 resp  : '-1.63616e-005' 
2023-06-08 13:58:20.243456 SRS_SR830 query : 'OUTP? 2' 
2023-06-08 13:58:20.303120 SRS_SR830 resp  : '-1.65255e-005' 
2023-06-08 13:58:20.419498 SRS_SR830 query : 'SENS?' 
2023-06-08 13:58:20.455716 SRS_SR830 resp  : '15' 
2023-06-08 13:58:20.456684 SRS_SR830 query : 'ISRC?' 
2023-06-08 13:58:20.492211 SRS_SR830 resp  : '1' 
2023-06-08 13:58:20.562538 KEPCO BOP 50-8D write : 'CURR 0.0030' 
2023-06-08 13:58:21.066947 SRS_SR830 query : 'OUTP? 1' 
2023-06-08 13:58:21.126438 SRS_SR830 resp  : '-6.53868e-005' 
2023-06-08 13:58:21.239516 SRS_SR830 query : 'OUTP? 1' 
2023-06-08 13:58:21.304851 SRS_SR830 resp  : '-6.54613e-005' 
2023-06-08 13:58:21.413205 SRS_SR830 query : 'OUTP? 1' 
2023-06-08 13:58:21.471023 SRS_SR830 resp  : '-6.5506e-005' 
2023-06-08 13:58:21.587157 SRS_SR830 query : 'OUTP? 1' 
2023-06-08 13:58:21.646791 SRS_SR830 resp  : '-6.55879e-005' 
2023-06-08 13:58:21.759081 SRS_SR830 query : 'OUTP? 1' 
2023-06-08 13:58:21.817881 SRS_SR830 resp  : '-6.56177e-005' 
2023-06-08 13:58:21.931689 SRS_SR830 query : 'OUTP? 1' 
2023-06-08 13:58:21.990230 SRS_SR830 resp  : '-6.56848e-005' 
2023-06-08 13:58:22.105261 SRS_SR830 query : 'OUTP? 1' 
2023-06-08 13:58:22.164550 SRS_SR830 resp  : '-6.56997e-005' 
2023-06-08 13:58:22.277673 SRS_SR830 query : 'OUTP? 1' 
2023-06-08 13:58:22.335574 SRS_SR830 resp  : '-6.56997e-005' 
2023-06-08 13:58:22.449103 SRS_SR830 query : 'OUTP? 1' 
2023-06-08 13:58:22.507252 SRS_SR830 resp  : '-6.56773e-005' 
2023-06-08 13:58:22.620461 SRS_SR830 query : 'OUTP? 1' 
2023-06-08 13:58:22.679344 SRS_SR830 resp  : '-6.56252e-005' 
2023-06-08 13:58:22.785020 SRS_SR830 query : 'SENS?' 
2023-06-08 13:58:22.821914 SRS_SR830 resp  : '15' 
2023-06-08 13:58:22.823916 SRS_SR830 query : 'ISRC?' 
2023-06-08 13:58:22.860258 SRS_SR830 resp  : '1' 
2023-06-08 13:58:22.862261 SRS_SR830 query : 'OUTP? 2' 
2023-06-08 13:58:22.919176 SRS_SR830 resp  : '-1.51918e-005' 
2023-06-08 13:58:23.031699 SRS_SR830 query : 'OUTP? 2' 
2023-06-08 13:58:23.090249 SRS_SR830 resp  : '-1.52067e-005' 
2023-06-08 13:58:23.203490 SRS_SR830 query : 'OUTP? 2' 
2023-06-08 13:58:23.263561 SRS_SR830 resp  : '-1.53334e-005' 
2023-06-08 13:58:23.367288 SRS_SR830 query : 'OUTP? 2' 
2023-06-08 13:58:23.426441 SRS_SR830 resp  : '-1.54452e-005' 
2023-06-08 13:58:23.541603 SRS_SR830 query : 'OUTP? 2' 
2023-06-08 13:58:23.599467 SRS_SR830 resp  : '-1.54824e-005' 
2023-06-08 13:58:23.714722 SRS_SR830 query : 'OUTP? 2' 
2023-06-08 13:58:23.772099 SRS_SR830 resp  : '-1.54303e-005' 
2023-06-08 13:58:23.872439 SRS_SR830 query : 'OUTP? 2' 
2023-06-08 13:58:23.928833 SRS_SR830 resp  : '-1.5393e-005' 
2023-06-08 13:58:24.030944 SRS_SR830 query : 'OUTP? 2' 
2023-06-08 13:58:24.087826 SRS_SR830 resp  : '-1.5393e-005' 
2023-06-08 13:58:24.189860 SRS_SR830 query : 'OUTP? 2' 
2023-06-08 13:58:24.248638 SRS_SR830 resp  : '-1.54452e-005' 
2023-06-08 13:58:24.349976 SRS_SR830 query : 'OUTP? 2' 
2023-06-08 13:58:24.408711 SRS_SR830 resp  : '-1.53856e-005' 
2023-06-08 13:58:24.524054 SRS_SR830 query : 'SENS?' 
2023-06-08 13:58:24.562609 SRS_SR830 resp  : '15' 
2023-06-08 13:58:24.563606 SRS_SR830 query : 'ISRC?' 
2023-06-08 13:58:24.599360 SRS_SR830 resp  : '1' 
2023-06-08 13:58:24.678275 KEPCO BOP 50-8D write : 'CURR 0.0045' 
2023-06-08 13:58:25.195789 SRS_SR830 query : 'OUTP? 1' 
2023-06-08 13:58:25.254088 SRS_SR830 resp  : '-6.64447e-005' 
2023-06-08 13:58:25.366949 SRS_SR830 query : 'OUTP? 1' 
2023-06-08 13:58:25.425488 SRS_SR830 resp  : '-6.65118e-005' 
2023-06-08 13:58:25.538649 SRS_SR830 query : 'OUTP? 1' 
2023-06-08 13:58:25.597443 SRS_SR830 resp  : '-6.65118e-005' 
2023-06-08 13:58:25.711457 SRS_SR830 query : 'OUTP? 1' 
2023-06-08 13:58:25.770463 SRS_SR830 resp  : '-6.65043e-005' 
2023-06-08 13:58:25.884595 SRS_SR830 query : 'OUTP? 1' 
2023-06-08 13:58:25.943693 SRS_SR830 resp  : '-6.64373e-005' 
2023-06-08 13:58:26.057342 SRS_SR830 query : 'OUTP? 1' 
2023-06-08 13:58:26.114635 SRS_SR830 resp  : '-6.63032e-005' 
2023-06-08 13:58:26.230003 SRS_SR830 query : 'OUTP? 1' 
2023-06-08 13:58:26.288511 SRS_SR830 resp  : '-6.61467e-005' 
2023-06-08 13:58:26.401431 SRS_SR830 query : 'OUTP? 1' 
2023-06-08 13:58:26.459648 SRS_SR830 resp  : '-6.61244e-005' 
2023-06-08 13:58:26.574554 SRS_SR830 query : 'OUTP? 1' 
2023-06-08 13:58:26.631695 SRS_SR830 resp  : '-6.6184e-005' 
2023-06-08 13:58:26.746572 SRS_SR830 query : 'OUTP? 1' 
2023-06-08 13:58:26.805145 SRS_SR830 resp  : '-6.62883e-005' 
2023-06-08 13:58:26.919953 SRS_SR830 query : 'SENS?' 
2023-06-08 13:58:26.956252 SRS_SR830 resp  : '15' 
2023-06-08 13:58:26.957220 SRS_SR830 query : 'ISRC?' 
2023-06-08 13:58:26.992156 SRS_SR830 resp  : '1' 
2023-06-08 13:58:26.993122 SRS_SR830 query : 'OUTP? 2' 
2023-06-08 13:58:27.049812 SRS_SR830 resp  : '-1.48342e-005' 
2023-06-08 13:58:27.152180 SRS_SR830 query : 'OUTP? 2' 
2023-06-08 13:58:27.209073 SRS_SR830 resp  : '-1.4715e-005' 
2023-06-08 13:58:27.321706 SRS_SR830 query : 'OUTP? 2' 
2023-06-08 13:58:27.380203 SRS_SR830 resp  : '-1.45808e-005' 
2023-06-08 13:58:27.491615 SRS_SR830 query : 'OUTP? 2' 
2023-06-08 13:58:27.548580 SRS_SR830 resp  : '-1.4402e-005' 
2023-06-08 13:58:27.662964 SRS_SR830 query : 'OUTP? 2' 
2023-06-08 13:58:27.719789 SRS_SR830 resp  : '-1.42754e-005' 
2023-06-08 13:58:27.820536 SRS_SR830 query : 'OUTP? 2' 
2023-06-08 13:58:27.877355 SRS_SR830 resp  : '-1.43126e-005' 
2023-06-08 13:58:27.978114 SRS_SR830 query : 'OUTP? 2' 
2023-06-08 13:58:28.035945 SRS_SR830 resp  : '-1.44691e-005' 
2023-06-08 13:58:28.148312 SRS_SR830 query : 'OUTP? 2' 
2023-06-08 13:58:28.204418 SRS_SR830 resp  : '-1.4633e-005' 
2023-06-08 13:58:28.306097 SRS_SR830 query : 'OUTP? 2' 
2023-06-08 13:58:28.363554 SRS_SR830 resp  : '-1.46777e-005' 
2023-06-08 13:58:28.475255 SRS_SR830 query : 'OUTP? 2' 
2023-06-08 13:58:28.532687 SRS_SR830 resp  : '-1.45734e-005' 
2023-06-08 13:58:28.646774 SRS_SR830 query : 'SENS?' 
2023-06-08 13:58:28.684280 SRS_SR830 resp  : '15' 
2023-06-08 13:58:28.685244 SRS_SR830 query : 'ISRC?' 
2023-06-08 13:58:28.721360 SRS_SR830 resp  : '1' 
2023-06-08 13:58:28.831015 KEPCO BOP 50-8D write : 'CURR 0.0060' 
2023-06-08 13:58:29.335162 SRS_SR830 query : 'OUTP? 1' 
2023-06-08 13:58:29.391896 SRS_SR830 resp  : '-6.6713e-005' 
2023-06-08 13:58:29.507812 SRS_SR830 query : 'OUTP? 1' 
2023-06-08 13:58:29.566966 SRS_SR830 resp  : '-6.67502e-005' 
2023-06-08 13:58:29.677562 SRS_SR830 query : 'OUTP? 1' 
2023-06-08 13:58:29.734733 SRS_SR830 resp  : '-6.67577e-005' 
2023-06-08 13:58:29.834838 SRS_SR830 query : 'OUTP? 1' 
2023-06-08 13:58:29.892430 SRS_SR830 resp  : '-6.67651e-005' 
2023-06-08 13:58:30.008446 SRS_SR830 query : 'OUTP? 1' 
