SpinLab Experiment Logfile2023-6-7_18-25-5
2023-06-07 13:25:05.359376 OPEN_ : '' 
2023-06-07 13:25:05.483503 GPIB0::15::INSTR OPEN_ : '' 
2023-06-07 13:25:05.503449 GPIB0::6::INSTR OPEN_ : '' 
2023-06-07 13:25:05.504446 KEPCO BOP 50-8D write : '*CLS' 
2023-06-07 13:25:05.506441 KEPCO BOP 50-8D write : '*RST' 
2023-06-07 13:25:05.507439 KEPCO BOP 50-8D write : 'OUTPUT ON' 
2023-06-07 13:25:05.510431 KEPCO BOP 50-8D write : 'FUNC:MODE CURR' 
2023-06-07 13:25:05.512426 KEPCO BOP 50-8D write : 'VOLT 40.0000' 
2023-06-07 13:25:05.515419 KEPCO BOP 50-8D write : 'CURR 0.0000' 
2023-06-07 13:25:05.532372 ASRL4::INSTR OPEN_ : '' 
2023-06-07 13:25:05.532372 SRS_SR830 write : 'OUTX 0' 
2023-06-07 13:25:05.532372 SRS_SR830 write : 'OVRM 1' 
2023-06-07 13:25:05.533373 KEPCO BOP 50-8D query : 'MEAS:CURR?' 
2023-06-07 13:25:05.565283 KEPCO BOP 50-8D resp  : '4.22892E0' 
2023-06-07 13:25:05.565283 KEPCO BOP 50-8D query : 'MEAS:VOLT?' 
2023-06-07 13:25:05.596303 KEPCO BOP 50-8D resp  : '-4.18837E1' 
2023-06-07 13:25:05.597304 KEPCO BOP 50-8D query : 'FUNC:MODE?' 
2023-06-07 13:25:05.603524 KEPCO BOP 50-8D resp  : '1' 
2023-06-07 13:25:05.604525 HP 8673G CW Gen query : 'OK' 
2023-06-07 13:25:05.706990 HP 8673G CW Gen resp  : 'FR03000000000HZ' 
2023-06-07 13:25:05.707986 HP 8673G CW Gen query : 'LE OA' 
2023-06-07 13:25:05.718563 HP 8673G CW Gen resp  : 'LE-70.0DM' 
2023-06-07 13:25:05.719566 SRS_SR830 query : 'SENS?' 
2023-06-07 13:25:05.757414 SRS_SR830 resp  : '16' 
2023-06-07 13:25:05.758417 SRS_SR830 query : 'ISRC?' 
2023-06-07 13:25:05.794635 SRS_SR830 resp  : '1' 
2023-06-07 13:25:05.794635 SRS_SR830 query : 'OFLT?' 
2023-06-07 13:25:05.831070 SRS_SR830 resp  : '9' 
