SpinLab Experiment Logfile2023-6-8_17-34-29
2023-06-08 12:34:29.581489 OPEN_ : '' 
2023-06-08 12:34:29.718374 GPIB0::15::INSTR OPEN_ : '' 
2023-06-08 12:34:29.760875 GPIB0::6::INSTR OPEN_ : '' 
2023-06-08 12:34:29.762867 KEPCO BOP 50-8D write : '*CLS' 
2023-06-08 12:34:29.765861 KEPCO BOP 50-8D write : '*RST' 
2023-06-08 12:34:29.769850 KEPCO BOP 50-8D write : 'OUTPUT ON' 
2023-06-08 12:34:29.778237 KEPCO BOP 50-8D write : 'FUNC:MODE CURR' 
2023-06-08 12:34:29.781228 KEPCO BOP 50-8D write : 'VOLT 40.0000' 
2023-06-08 12:34:29.784221 KEPCO BOP 50-8D write : 'CURR 0.0000' 
2023-06-08 12:34:29.847659 ASRL4::INSTR OPEN_ : '' 
2023-06-08 12:34:29.848656 SRS_SR830 write : 'OUTX 0' 
2023-06-08 12:34:29.848656 SRS_SR830 write : 'OVRM 1' 
2023-06-08 12:34:29.849654 KEPCO BOP 50-8D query : 'MEAS:CURR?' 
2023-06-08 12:34:29.883581 KEPCO BOP 50-8D resp  : '7.31667E0' 
2023-06-08 12:34:29.883581 KEPCO BOP 50-8D query : 'MEAS:VOLT?' 
2023-06-08 12:34:29.914979 KEPCO BOP 50-8D resp  : '-4.93286E1' 
2023-06-08 12:34:29.915985 KEPCO BOP 50-8D query : 'FUNC:MODE?' 
2023-06-08 12:34:29.922240 KEPCO BOP 50-8D resp  : '1' 
2023-06-08 12:34:29.925877 HP 8673G CW Gen query : 'OK' 
2023-06-08 12:34:29.942216 HP 8673G CW Gen resp  : 'FR03000000000HZ' 
2023-06-08 12:34:29.943215 HP 8673G CW Gen query : 'LE OA' 
2023-06-08 12:34:29.953398 HP 8673G CW Gen resp  : 'LE-70.0DM' 
2023-06-08 12:34:29.955400 SRS_SR830 query : 'SENS?' 
2023-06-08 12:34:29.992298 SRS_SR830 resp  : '17' 
2023-06-08 12:34:29.993294 SRS_SR830 query : 'ISRC?' 
2023-06-08 12:34:30.029183 SRS_SR830 resp  : '1' 
2023-06-08 12:34:30.031187 SRS_SR830 query : 'OFLT?' 
2023-06-08 12:34:30.067328 SRS_SR830 resp  : '9' 
2023-06-08 12:34:30.070327 HP 8673G CW Gen write : 'LE -3 DB' 
2023-06-08 12:34:30.077420 HP 8673G CW Gen query : 'MG' 
2023-06-08 12:34:30.086960 HP 8673G CW Gen resp  : '00' 
2023-06-08 12:34:30.087958 KEPCO BOP 50-8D query : 'MEAS:CURR?' 
2023-06-08 12:34:30.122037 KEPCO BOP 50-8D resp  : '-8.36829E0' 
2023-06-08 12:34:30.122037 KEPCO BOP 50-8D query : 'MEAS:VOLT?' 
2023-06-08 12:34:30.155249 KEPCO BOP 50-8D resp  : '-5.05453E1' 
2023-06-08 12:34:30.156274 KEPCO BOP 50-8D query : 'FUNC:MODE?' 
2023-06-08 12:34:30.163813 KEPCO BOP 50-8D resp  : '1' 
2023-06-08 12:34:30.165768 HP 8673G CW Gen query : 'OK' 
2023-06-08 12:34:30.176926 HP 8673G CW Gen resp  : 'FR03000000000HZ' 
2023-06-08 12:34:30.178918 HP 8673G CW Gen query : 'LE OA' 
2023-06-08 12:34:30.189887 HP 8673G CW Gen resp  : 'LE-3.0DM' 
2023-06-08 12:34:30.193584 SRS_SR830 query : 'SENS?' 
2023-06-08 12:34:30.230232 SRS_SR830 resp  : '17' 
2023-06-08 12:34:30.231232 SRS_SR830 query : 'ISRC?' 
2023-06-08 12:34:30.267644 SRS_SR830 resp  : '1' 
2023-06-08 12:34:30.267644 SRS_SR830 query : 'OFLT?' 
2023-06-08 12:34:30.303526 SRS_SR830 resp  : '9' 
2023-06-08 12:34:30.304526 SRS_SR830 query : 'ISRC?' 
2023-06-08 12:34:30.339974 SRS_SR830 resp  : '1' 
2023-06-08 12:34:30.340088 SRS_SR830 write : 'SENS 15' 
2023-06-08 12:34:30.340088 HP 8673G CW Gen write : 'FR 2.0 GZ' 
2023-06-08 12:34:30.347776 HP 8673G CW Gen query : 'MG' 
2023-06-08 12:34:30.356057 HP 8673G CW Gen resp  : '00' 
2023-06-08 12:34:30.479261 KEPCO BOP 50-8D write : 'CURR 0.0000' 
2023-06-08 12:34:35.488611 KEPCO BOP 50-8D write : 'CURR 0.0000' 
2023-06-08 12:34:35.996126 SRS_SR830 query : 'OUTP? 1' 
2023-06-08 12:34:36.055868 SRS_SR830 resp  : '-4.28411e-005' 
2023-06-08 12:34:36.163846 SRS_SR830 query : 'OUTP? 1' 
2023-06-08 12:34:36.223409 SRS_SR830 resp  : '-4.28262e-005' 
2023-06-08 12:34:36.330137 SRS_SR830 query : 'OUTP? 1' 
2023-06-08 12:34:36.390208 SRS_SR830 resp  : '-4.28411e-005' 
2023-06-08 12:34:36.496438 SRS_SR830 query : 'OUTP? 1' 
2023-06-08 12:34:36.554937 SRS_SR830 resp  : '-4.29081e-005' 
2023-06-08 12:34:36.665378 SRS_SR830 query : 'OUTP? 1' 
2023-06-08 12:34:36.723128 SRS_SR830 resp  : '-4.3072e-005' 
2023-06-08 12:34:36.836881 SRS_SR830 query : 'OUTP? 1' 
2023-06-08 12:34:36.895471 SRS_SR830 resp  : '-4.32434e-005' 
2023-06-08 12:34:36.999206 SRS_SR830 query : 'OUTP? 1' 
2023-06-08 12:34:37.058110 SRS_SR830 resp  : '-4.32956e-005' 
2023-06-08 12:34:37.167155 SRS_SR830 query : 'OUTP? 1' 
2023-06-08 12:34:37.224529 SRS_SR830 resp  : '-4.34073e-005' 
2023-06-08 12:34:37.333484 SRS_SR830 query : 'OUTP? 1' 
2023-06-08 12:34:37.392416 SRS_SR830 resp  : '-4.35116e-005' 
2023-06-08 12:34:37.500086 SRS_SR830 query : 'OUTP? 1' 
2023-06-08 12:34:37.558012 SRS_SR830 resp  : '-4.34893e-005' 
2023-06-08 12:34:37.681281 SRS_SR830 query : 'SENS?' 
2023-06-08 12:34:37.719936 SRS_SR830 resp  : '15' 
2023-06-08 12:34:37.720884 SRS_SR830 query : 'ISRC?' 
2023-06-08 12:34:37.756915 SRS_SR830 resp  : '1' 
2023-06-08 12:34:37.757916 SRS_SR830 query : 'OUTP? 2' 
2023-06-08 12:34:37.815070 SRS_SR830 resp  : '-2.14429e-005' 
2023-06-08 12:34:37.918816 SRS_SR830 query : 'OUTP? 2' 
2023-06-08 12:34:37.977775 SRS_SR830 resp  : '-2.13609e-005' 
2023-06-08 12:34:38.086036 SRS_SR830 query : 'OUTP? 2' 
2023-06-08 12:34:38.144664 SRS_SR830 resp  : '-2.13758e-005' 
2023-06-08 12:34:38.253248 SRS_SR830 query : 'OUTP? 2' 
2023-06-08 12:34:38.312203 SRS_SR830 resp  : '-2.14578e-005' 
2023-06-08 12:34:38.421528 SRS_SR830 query : 'OUTP? 2' 
2023-06-08 12:34:38.480247 SRS_SR830 resp  : '-2.15174e-005' 
2023-06-08 12:34:38.586947 SRS_SR830 query : 'OUTP? 2' 
2023-06-08 12:34:38.644343 SRS_SR830 resp  : '-2.15993e-005' 
2023-06-08 12:34:38.755012 SRS_SR830 query : 'OUTP? 2' 
2023-06-08 12:34:38.812569 SRS_SR830 resp  : '-2.1659e-005' 
2023-06-08 12:34:38.922281 SRS_SR830 query : 'OUTP? 2' 
2023-06-08 12:34:38.981102 SRS_SR830 resp  : '-2.16664e-005' 
2023-06-08 12:34:39.089505 SRS_SR830 query : 'OUTP? 2' 
2023-06-08 12:34:39.148092 SRS_SR830 resp  : '-2.17186e-005' 
2023-06-08 12:34:39.256687 SRS_SR830 query : 'OUTP? 2' 
2023-06-08 12:34:39.315674 SRS_SR830 resp  : '-2.18378e-005' 
2023-06-08 12:34:39.426258 SRS_SR830 query : 'SENS?' 
2023-06-08 12:34:39.463434 SRS_SR830 resp  : '15' 
2023-06-08 12:34:39.464436 SRS_SR830 query : 'ISRC?' 
2023-06-08 12:34:39.499579 SRS_SR830 resp  : '1' 
2023-06-08 12:34:39.666077 KEPCO BOP 50-8D write : 'CURR 0.0015' 
2023-06-08 12:34:40.181531 SRS_SR830 query : 'OUTP? 1' 
2023-06-08 12:34:40.241749 SRS_SR830 resp  : '-4.26772e-005' 
2023-06-08 12:34:40.352622 SRS_SR830 query : 'OUTP? 1' 
2023-06-08 12:34:40.410074 SRS_SR830 resp  : '-4.29007e-005' 
2023-06-08 12:34:40.511478 SRS_SR830 query : 'OUTP? 1' 
2023-06-08 12:34:40.570729 SRS_SR830 resp  : '-4.30944e-005' 
2023-06-08 12:34:40.682655 SRS_SR830 query : 'OUTP? 1' 
2023-06-08 12:34:40.740429 SRS_SR830 resp  : '-4.33105e-005' 
2023-06-08 12:34:40.844948 SRS_SR830 query : 'OUTP? 1' 
2023-06-08 12:34:40.903218 SRS_SR830 resp  : '-4.35265e-005' 
2023-06-08 12:34:41.011693 SRS_SR830 query : 'OUTP? 1' 
2023-06-08 12:34:41.070446 SRS_SR830 resp  : '-4.37575e-005' 
2023-06-08 12:34:41.178716 SRS_SR830 query : 'OUTP? 1' 
2023-06-08 12:34:41.238312 SRS_SR830 resp  : '-4.39587e-005' 
2023-06-08 12:34:41.351334 SRS_SR830 query : 'OUTP? 1' 
2023-06-08 12:34:41.417682 SRS_SR830 resp  : '-4.41375e-005' 
2023-06-08 12:34:41.523637 SRS_SR830 query : 'OUTP? 1' 
2023-06-08 12:34:41.582581 SRS_SR830 resp  : '-4.42269e-005' 
2023-06-08 12:34:41.695896 SRS_SR830 query : 'OUTP? 1' 
2023-06-08 12:34:41.753267 SRS_SR830 resp  : '-4.4279e-005' 
2023-06-08 12:34:41.868464 SRS_SR830 query : 'SENS?' 
2023-06-08 12:34:41.905695 SRS_SR830 resp  : '15' 
2023-06-08 12:34:41.905695 SRS_SR830 query : 'ISRC?' 
2023-06-08 12:34:41.941206 SRS_SR830 resp  : '1' 
2023-06-08 12:34:41.941206 SRS_SR830 query : 'OUTP? 2' 
2023-06-08 12:34:41.999628 SRS_SR830 resp  : '-2.01316e-005' 
2023-06-08 12:34:42.103428 SRS_SR830 query : 'OUTP? 2' 
2023-06-08 12:34:42.160346 SRS_SR830 resp  : '-2.0221e-005' 
2023-06-08 12:34:42.267096 SRS_SR830 query : 'OUTP? 2' 
2023-06-08 12:34:42.325266 SRS_SR830 resp  : '-2.03029e-005' 
2023-06-08 12:34:42.434852 SRS_SR830 query : 'OUTP? 2' 
2023-06-08 12:34:42.494557 SRS_SR830 resp  : '-2.03104e-005' 
2023-06-08 12:34:42.598897 SRS_SR830 query : 'OUTP? 2' 
2023-06-08 12:34:42.657690 SRS_SR830 resp  : '-2.03328e-005' 
2023-06-08 12:34:42.771139 SRS_SR830 query : 'OUTP? 2' 
2023-06-08 12:34:42.829284 SRS_SR830 resp  : '-2.03029e-005' 
2023-06-08 12:34:42.929449 SRS_SR830 query : 'OUTP? 2' 
2023-06-08 12:34:42.987397 SRS_SR830 resp  : '-2.02508e-005' 
2023-06-08 12:34:43.103288 SRS_SR830 query : 'OUTP? 2' 
2023-06-08 12:34:43.162143 SRS_SR830 resp  : '-2.01763e-005' 
2023-06-08 12:34:43.262629 SRS_SR830 query : 'OUTP? 2' 
2023-06-08 12:34:43.318540 SRS_SR830 resp  : '-2.0072e-005' 
2023-06-08 12:34:43.433635 SRS_SR830 query : 'OUTP? 2' 
2023-06-08 12:34:43.491416 SRS_SR830 resp  : '-1.99826e-005' 
2023-06-08 12:34:43.608154 SRS_SR830 query : 'SENS?' 
2023-06-08 12:34:43.645062 SRS_SR830 resp  : '15' 
2023-06-08 12:34:43.645062 SRS_SR830 query : 'ISRC?' 
2023-06-08 12:34:43.680885 SRS_SR830 resp  : '1' 
2023-06-08 12:34:43.743068 KEPCO BOP 50-8D write : 'CURR 0.0030' 
2023-06-08 12:34:44.252642 SRS_SR830 query : 'OUTP? 1' 
2023-06-08 12:34:44.312600 SRS_SR830 resp  : '-4.45175e-005' 
2023-06-08 12:34:44.424420 SRS_SR830 query : 'OUTP? 1' 
2023-06-08 12:34:44.482022 SRS_SR830 resp  : '-4.46218e-005' 
2023-06-08 12:34:44.591744 SRS_SR830 query : 'OUTP? 1' 
2023-06-08 12:34:44.650541 SRS_SR830 resp  : '-4.46888e-005' 
2023-06-08 12:34:44.752461 SRS_SR830 query : 'OUTP? 1' 
2023-06-08 12:34:44.810127 SRS_SR830 resp  : '-4.4741e-005' 
2023-06-08 12:34:44.925704 SRS_SR830 query : 'OUTP? 1' 
2023-06-08 12:34:44.984686 SRS_SR830 resp  : '-4.4808e-005' 
2023-06-08 12:34:45.092948 SRS_SR830 query : 'OUTP? 1' 
2023-06-08 12:34:45.152083 SRS_SR830 resp  : '-4.48825e-005' 
2023-06-08 12:34:45.260188 SRS_SR830 query : 'OUTP? 1' 
2023-06-08 12:34:45.319175 SRS_SR830 resp  : '-4.49421e-005' 
2023-06-08 12:34:45.422527 SRS_SR830 query : 'OUTP? 1' 
2023-06-08 12:34:45.479438 SRS_SR830 resp  : '-4.5039e-005' 
2023-06-08 12:34:45.594637 SRS_SR830 query : 'OUTP? 1' 
2023-06-08 12:34:45.652192 SRS_SR830 resp  : '-4.5106e-005' 
2023-06-08 12:34:45.755659 SRS_SR830 query : 'OUTP? 1' 
2023-06-08 12:34:45.813155 SRS_SR830 resp  : '-4.5188e-005' 
2023-06-08 12:34:45.931196 SRS_SR830 query : 'SENS?' 
2023-06-08 12:34:45.967998 SRS_SR830 resp  : '15' 
2023-06-08 12:34:45.970001 SRS_SR830 query : 'ISRC?' 
2023-06-08 12:34:46.006875 SRS_SR830 resp  : '1' 
2023-06-08 12:34:46.007871 SRS_SR830 query : 'OUTP? 2' 
2023-06-08 12:34:46.065183 SRS_SR830 resp  : '-1.88724e-005' 
2023-06-08 12:34:46.174646 SRS_SR830 query : 'OUTP? 2' 
2023-06-08 12:34:46.234142 SRS_SR830 resp  : '-1.89022e-005' 
2023-06-08 12:34:46.347122 SRS_SR830 query : 'OUTP? 2' 
2023-06-08 12:34:46.406227 SRS_SR830 resp  : '-1.89395e-005' 
2023-06-08 12:34:46.514471 SRS_SR830 query : 'OUTP? 2' 
2023-06-08 12:34:46.573476 SRS_SR830 resp  : '-1.90065e-005' 
2023-06-08 12:34:46.681752 SRS_SR830 query : 'OUTP? 2' 
2023-06-08 12:34:46.740018 SRS_SR830 resp  : '-1.89469e-005' 
2023-06-08 12:34:46.855288 SRS_SR830 query : 'OUTP? 2' 
2023-06-08 12:34:46.913352 SRS_SR830 resp  : '-1.88873e-005' 
2023-06-08 12:34:47.016194 SRS_SR830 query : 'OUTP? 2' 
2023-06-08 12:34:47.075499 SRS_SR830 resp  : '-1.88352e-005' 
2023-06-08 12:34:47.183303 SRS_SR830 query : 'OUTP? 2' 
2023-06-08 12:34:47.242376 SRS_SR830 resp  : '-1.88054e-005' 
2023-06-08 12:34:47.343641 SRS_SR830 query : 'OUTP? 2' 
2023-06-08 12:34:47.402026 SRS_SR830 resp  : '-1.88203e-005' 
2023-06-08 12:34:47.518037 SRS_SR830 query : 'OUTP? 2' 
2023-06-08 12:34:47.578575 SRS_SR830 resp  : '-1.88501e-005' 
2023-06-08 12:34:47.687165 SRS_SR830 query : 'SENS?' 
2023-06-08 12:34:47.725696 SRS_SR830 resp  : '15' 
2023-06-08 12:34:47.726692 SRS_SR830 query : 'ISRC?' 
2023-06-08 12:34:47.762542 SRS_SR830 resp  : '1' 
2023-06-08 12:34:47.844749 KEPCO BOP 50-8D write : 'CURR 0.0045' 
2023-06-08 12:34:48.348675 SRS_SR830 query : 'OUTP? 1' 
2023-06-08 12:34:48.406867 SRS_SR830 resp  : '-4.58213e-005' 
2023-06-08 12:34:48.521473 SRS_SR830 query : 'OUTP? 1' 
2023-06-08 12:34:48.581455 SRS_SR830 resp  : '-4.59256e-005' 
2023-06-08 12:34:48.687883 SRS_SR830 query : 'OUTP? 1' 
2023-06-08 12:34:48.745838 SRS_SR830 resp  : '-4.61193e-005' 
2023-06-08 12:34:48.855178 SRS_SR830 query : 'OUTP? 1' 
2023-06-08 12:34:48.914312 SRS_SR830 resp  : '-4.63428e-005' 
2023-06-08 12:34:49.022946 SRS_SR830 query : 'OUTP? 1' 
2023-06-08 12:34:49.081639 SRS_SR830 resp  : '-4.64472e-005' 
2023-06-08 12:34:49.190142 SRS_SR830 query : 'OUTP? 1' 
2023-06-08 12:34:49.248952 SRS_SR830 resp  : '-4.65515e-005' 
2023-06-08 12:34:49.357532 SRS_SR830 query : 'OUTP? 1' 
2023-06-08 12:34:49.416479 SRS_SR830 resp  : '-4.67079e-005' 
2023-06-08 12:34:49.524694 SRS_SR830 query : 'OUTP? 1' 
2023-06-08 12:34:49.584049 SRS_SR830 resp  : '-4.67675e-005' 
2023-06-08 12:34:49.691866 SRS_SR830 query : 'OUTP? 1' 
2023-06-08 12:34:49.750971 SRS_SR830 resp  : '-4.68122e-005' 
2023-06-08 12:34:49.866631 SRS_SR830 query : 'OUTP? 1' 
2023-06-08 12:34:49.926308 SRS_SR830 resp  : '-4.68271e-005' 
2023-06-08 12:34:50.045083 SRS_SR830 query : 'SENS?' 
2023-06-08 12:34:50.084061 SRS_SR830 resp  : '15' 
2023-06-08 12:34:50.085055 SRS_SR830 query : 'ISRC?' 
2023-06-08 12:34:50.122526 SRS_SR830 resp  : '1' 
2023-06-08 12:34:50.123482 SRS_SR830 query : 'OUTP? 2' 
2023-06-08 12:34:50.182642 SRS_SR830 resp  : '-1.62796e-005' 
2023-06-08 12:34:50.295560 SRS_SR830 query : 'OUTP? 2' 
2023-06-08 12:34:50.351591 SRS_SR830 resp  : '-1.622e-005' 
2023-06-08 12:34:50.466473 SRS_SR830 query : 'OUTP? 2' 
2023-06-08 12:34:50.525493 SRS_SR830 resp  : '-1.62573e-005' 
2023-06-08 12:34:50.628491 SRS_SR830 query : 'OUTP? 2' 
2023-06-08 12:34:50.687501 SRS_SR830 resp  : '-1.63094e-005' 
2023-06-08 12:34:50.795071 SRS_SR830 query : 'OUTP? 2' 
2023-06-08 12:34:50.850881 SRS_SR830 resp  : '-1.6302e-005' 
2023-06-08 12:34:50.952605 SRS_SR830 query : 'OUTP? 2' 
2023-06-08 12:34:51.010542 SRS_SR830 resp  : '-1.62498e-005' 
2023-06-08 12:34:51.112490 SRS_SR830 query : 'OUTP? 2' 
2023-06-08 12:34:51.171390 SRS_SR830 resp  : '-1.61455e-005' 
2023-06-08 12:34:51.284747 SRS_SR830 query : 'OUTP? 2' 
2023-06-08 12:34:51.342441 SRS_SR830 resp  : '-1.6004e-005' 
2023-06-08 12:34:51.457626 SRS_SR830 query : 'OUTP? 2' 
2023-06-08 12:34:51.516082 SRS_SR830 resp  : '-1.58475e-005' 
2023-06-08 12:34:51.632253 SRS_SR830 query : 'OUTP? 2' 
2023-06-08 12:34:51.691115 SRS_SR830 resp  : '-1.56687e-005' 
2023-06-08 12:34:51.807134 SRS_SR830 query : 'SENS?' 
2023-06-08 12:34:51.844840 SRS_SR830 resp  : '15' 
2023-06-08 12:34:51.845837 SRS_SR830 query : 'ISRC?' 
2023-06-08 12:34:51.882041 SRS_SR830 resp  : '1' 
2023-06-08 12:34:51.942913 KEPCO BOP 50-8D write : 'CURR 0.0060' 
2023-06-08 12:34:52.460416 SRS_SR830 query : 'OUTP? 1' 
2023-06-08 12:34:52.519980 SRS_SR830 resp  : '-4.72146e-005' 
2023-06-08 12:34:52.632613 SRS_SR830 query : 'OUTP? 1' 
2023-06-08 12:34:52.691220 SRS_SR830 resp  : '-4.73189e-005' 
2023-06-08 12:34:52.806085 SRS_SR830 query : 'OUTP? 1' 
2023-06-08 12:34:52.866386 SRS_SR830 resp  : '-4.74008e-005' 
2023-06-08 12:34:52.979367 SRS_SR830 query : 'OUTP? 1' 
2023-06-08 12:34:53.038929 SRS_SR830 resp  : '-4.74679e-005' 
2023-06-08 12:34:53.150415 SRS_SR830 query : 'OUTP? 1' 
2023-06-08 12:34:53.209710 SRS_SR830 resp  : '-4.75126e-005' 
2023-06-08 12:34:53.322809 SRS_SR830 query : 'OUTP? 1' 
2023-06-08 12:34:53.382386 SRS_SR830 resp  : '-4.75722e-005' 
2023-06-08 12:34:53.494627 SRS_SR830 query : 'OUTP? 1' 
2023-06-08 12:34:53.554261 SRS_SR830 resp  : '-4.75796e-005' 
2023-06-08 12:34:53.660407 SRS_SR830 query : 'OUTP? 1' 
2023-06-08 12:34:53.714782 SRS_SR830 resp  : '-4.74977e-005' 
2023-06-08 12:34:53.830413 SRS_SR830 query : 'OUTP? 1' 
2023-06-08 12:34:53.887894 SRS_SR830 resp  : '-4.7371e-005' 
2023-06-08 12:34:54.002789 SRS_SR830 query : 'OUTP? 1' 
2023-06-08 12:34:54.062895 SRS_SR830 resp  : '-4.73636e-005' 
2023-06-08 12:34:54.178065 SRS_SR830 query : 'SENS?' 
2023-06-08 12:34:54.214872 SRS_SR830 resp  : '15' 
2023-06-08 12:34:54.216874 SRS_SR830 query : 'ISRC?' 
2023-06-08 12:34:54.253356 SRS_SR830 resp  : '1' 
2023-06-08 12:34:54.254366 SRS_SR830 query : 'OUTP? 2' 
2023-06-08 12:34:54.313673 SRS_SR830 resp  : '-1.45212e-005' 
2023-06-08 12:34:54.427906 SRS_SR830 query : 'OUTP? 2' 
2023-06-08 12:34:54.486936 SRS_SR830 resp  : '-1.45659e-005' 
2023-06-08 12:34:54.602616 SRS_SR830 query : 'OUTP? 2' 
2023-06-08 12:34:54.661754 SRS_SR830 resp  : '-1.46106e-005' 
2023-06-08 12:34:54.774200 SRS_SR830 query : 'OUTP? 2' 
2023-06-08 12:34:54.834335 SRS_SR830 resp  : '-1.46628e-005' 
2023-06-08 12:34:54.947484 SRS_SR830 query : 'OUTP? 2' 
2023-06-08 12:34:55.004648 SRS_SR830 resp  : '-1.46404e-005' 
2023-06-08 12:34:55.119028 SRS_SR830 query : 'OUTP? 2' 
2023-06-08 12:34:55.177087 SRS_SR830 resp  : '-1.46181e-005' 
2023-06-08 12:34:55.277536 SRS_SR830 query : 'OUTP? 2' 
2023-06-08 12:34:55.336992 SRS_SR830 resp  : '-1.46106e-005' 
2023-06-08 12:34:55.449192 SRS_SR830 query : 'OUTP? 2' 
2023-06-08 12:34:55.508035 SRS_SR830 resp  : '-1.47224e-005' 
2023-06-08 12:34:55.621562 SRS_SR830 query : 'OUTP? 2' 
2023-06-08 12:34:55.680523 SRS_SR830 resp  : '-1.48938e-005' 
2023-06-08 12:34:55.794778 SRS_SR830 query : 'OUTP? 2' 
2023-06-08 12:34:55.853795 SRS_SR830 resp  : '-1.50279e-005' 
2023-06-08 12:34:55.968568 SRS_SR830 query : 'SENS?' 
2023-06-08 12:34:56.005648 SRS_SR830 resp  : '15' 
2023-06-08 12:34:56.005648 SRS_SR830 query : 'ISRC?' 
2023-06-08 12:34:56.042081 SRS_SR830 resp  : '1' 
2023-06-08 12:34:56.107929 KEPCO BOP 50-8D write : 'CURR 0.0075' 
2023-06-08 12:34:56.616029 SRS_SR830 query : 'OUTP? 1' 
2023-06-08 12:34:56.674299 SRS_SR830 resp  : '-4.80341e-005' 
2023-06-08 12:34:56.789189 SRS_SR830 query : 'OUTP? 1' 
2023-06-08 12:34:56.849451 SRS_SR830 resp  : '-4.82949e-005' 
2023-06-08 12:34:56.963302 SRS_SR830 query : 'OUTP? 1' 
2023-06-08 12:34:57.021664 SRS_SR830 resp  : '-4.84961e-005' 
2023-06-08 12:34:57.135609 SRS_SR830 query : 'OUTP? 1' 
2023-06-08 12:34:57.193048 SRS_SR830 resp  : '-4.866e-005' 
2023-06-08 12:34:57.305467 SRS_SR830 query : 'OUTP? 1' 
2023-06-08 12:34:57.364747 SRS_SR830 resp  : '-4.88686e-005' 
2023-06-08 12:34:57.479619 SRS_SR830 query : 'OUTP? 1' 
2023-06-08 12:34:57.538019 SRS_SR830 resp  : '-4.89356e-005' 
2023-06-08 12:34:57.644627 SRS_SR830 query : 'OUTP? 1' 
2023-06-08 12:34:57.703475 SRS_SR830 resp  : '-4.87792e-005' 
2023-06-08 12:34:57.818999 SRS_SR830 query : 'OUTP? 1' 
2023-06-08 12:34:57.880055 SRS_SR830 resp  : '-4.86153e-005' 
2023-06-08 12:34:57.991145 SRS_SR830 query : 'OUTP? 1' 
2023-06-08 12:34:58.050247 SRS_SR830 resp  : '-4.85184e-005' 
2023-06-08 12:34:58.160414 SRS_SR830 query : 'OUTP? 1' 
2023-06-08 12:34:58.219994 SRS_SR830 resp  : '-4.83918e-005' 
2023-06-08 12:34:58.334622 SRS_SR830 query : 'SENS?' 
2023-06-08 12:34:58.372217 SRS_SR830 resp  : '15' 
2023-06-08 12:34:58.373214 SRS_SR830 query : 'ISRC?' 
2023-06-08 12:34:58.409795 SRS_SR830 resp  : '1' 
2023-06-08 12:34:58.410791 SRS_SR830 query : 'OUTP? 2' 
2023-06-08 12:34:58.469500 SRS_SR830 resp  : '-1.39624e-005' 
2023-06-08 12:34:58.582662 SRS_SR830 query : 'OUTP? 2' 
2023-06-08 12:34:58.640460 SRS_SR830 resp  : '-1.39699e-005' 
2023-06-08 12:34:58.756503 SRS_SR830 query : 'OUTP? 2' 
2023-06-08 12:34:58.816646 SRS_SR830 resp  : '-1.39773e-005' 
2023-06-08 12:34:58.929000 SRS_SR830 query : 'OUTP? 2' 
2023-06-08 12:34:58.988567 SRS_SR830 resp  : '-1.39773e-005' 
2023-06-08 12:34:59.103689 SRS_SR830 query : 'OUTP? 2' 
2023-06-08 12:34:59.161939 SRS_SR830 resp  : '-1.39848e-005' 
2023-06-08 12:34:59.276751 SRS_SR830 query : 'OUTP? 2' 
2023-06-08 12:34:59.334398 SRS_SR830 resp  : '-1.39103e-005' 
2023-06-08 12:34:59.449096 SRS_SR830 query : 'OUTP? 2' 
2023-06-08 12:34:59.507746 SRS_SR830 resp  : '-1.37687e-005' 
2023-06-08 12:34:59.621619 SRS_SR830 query : 'OUTP? 2' 
2023-06-08 12:34:59.680210 SRS_SR830 resp  : '-1.36868e-005' 
2023-06-08 12:34:59.794417 SRS_SR830 query : 'OUTP? 2' 
2023-06-08 12:34:59.852815 SRS_SR830 resp  : '-1.37389e-005' 
2023-06-08 12:34:59.960456 SRS_SR830 query : 'OUTP? 2' 
2023-06-08 12:35:00.019618 SRS_SR830 resp  : '-1.37985e-005' 
2023-06-08 12:35:00.135655 SRS_SR830 query : 'SENS?' 
2023-06-08 12:35:00.173657 SRS_SR830 resp  : '15' 
2023-06-08 12:35:00.175659 SRS_SR830 query : 'ISRC?' 
2023-06-08 12:35:00.211964 SRS_SR830 resp  : '1' 
2023-06-08 12:35:00.292747 KEPCO BOP 50-8D write : 'CURR 0.0091' 
2023-06-08 12:35:00.807660 SRS_SR830 query : 'OUTP? 1' 
2023-06-08 12:35:00.866443 SRS_SR830 resp  : '-4.88835e-005' 
2023-06-08 12:35:00.978882 SRS_SR830 query : 'OUTP? 1' 
2023-06-08 12:35:01.038514 SRS_SR830 resp  : '-4.91294e-005' 
2023-06-08 12:35:01.151564 SRS_SR830 query : 'OUTP? 1' 
2023-06-08 12:35:01.210671 SRS_SR830 resp  : '-4.92784e-005' 
2023-06-08 12:35:01.322661 SRS_SR830 query : 'OUTP? 1' 
2023-06-08 12:35:01.382468 SRS_SR830 resp  : '-4.93976e-005' 
2023-06-08 12:35:01.493378 SRS_SR830 query : 'OUTP? 1' 
2023-06-08 12:35:01.551060 SRS_SR830 resp  : '-4.95242e-005' 
2023-06-08 12:35:01.665314 SRS_SR830 query : 'OUTP? 1' 
2023-06-08 12:35:01.721678 SRS_SR830 resp  : '-4.9636e-005' 
2023-06-08 12:35:01.830711 SRS_SR830 query : 'OUTP? 1' 
2023-06-08 12:35:01.887317 SRS_SR830 resp  : '-4.9718e-005' 
2023-06-08 12:35:01.988844 SRS_SR830 query : 'OUTP? 1' 
2023-06-08 12:35:02.046035 SRS_SR830 resp  : '-4.9718e-005' 
2023-06-08 12:35:02.147300 SRS_SR830 query : 'OUTP? 1' 
2023-06-08 12:35:02.204587 SRS_SR830 resp  : '-4.96211e-005' 
2023-06-08 12:35:02.318946 SRS_SR830 query : 'OUTP? 1' 
2023-06-08 12:35:02.378123 SRS_SR830 resp  : '-4.95242e-005' 
2023-06-08 12:35:02.489460 SRS_SR830 query : 'SENS?' 
2023-06-08 12:35:02.526076 SRS_SR830 resp  : '15' 
2023-06-08 12:35:02.526076 SRS_SR830 query : 'ISRC?' 
2023-06-08 12:35:02.562323 SRS_SR830 resp  : '1' 
2023-06-08 12:35:02.563317 SRS_SR830 query : 'OUTP? 2' 
2023-06-08 12:35:02.620627 SRS_SR830 resp  : '-1.25021e-005' 
2023-06-08 12:35:02.724278 SRS_SR830 query : 'OUTP? 2' 
2023-06-08 12:35:02.782551 SRS_SR830 resp  : '-1.24053e-005' 
2023-06-08 12:35:02.896826 SRS_SR830 query : 'OUTP? 2' 
2023-06-08 12:35:02.955136 SRS_SR830 resp  : '-1.23531e-005' 
2023-06-08 12:35:03.070531 SRS_SR830 query : 'OUTP? 2' 
2023-06-08 12:35:03.128499 SRS_SR830 resp  : '-1.24127e-005' 
2023-06-08 12:35:03.242693 SRS_SR830 query : 'OUTP? 2' 
2023-06-08 12:35:03.300251 SRS_SR830 resp  : '-1.25692e-005' 
2023-06-08 12:35:03.412619 SRS_SR830 query : 'OUTP? 2' 
2023-06-08 12:35:03.471399 SRS_SR830 resp  : '-1.27555e-005' 
