SpinLab Experiment Logfile2023-6-8_18-36-47
2023-06-08 13:36:47.652349 OPEN_ : '' 
2023-06-08 13:36:47.666312 GPIB0::15::INSTR OPEN_ : '' 
2023-06-08 13:36:47.687337 GPIB0::6::INSTR OPEN_ : '' 
2023-06-08 13:36:47.689299 KEPCO BOP 50-8D write : '*CLS' 
2023-06-08 13:36:47.691293 KEPCO BOP 50-8D write : '*RST' 
2023-06-08 13:36:47.692325 KEPCO BOP 50-8D write : 'OUTPUT ON' 
2023-06-08 13:36:47.695282 KEPCO BOP 50-8D write : 'FUNC:MODE CURR' 
2023-06-08 13:36:47.697321 KEPCO BOP 50-8D write : 'VOLT 40.0000' 
2023-06-08 13:36:47.701326 KEPCO BOP 50-8D write : 'CURR 0.0000' 
2023-06-08 13:36:47.720291 ASRL4::INSTR OPEN_ : '' 
2023-06-08 13:36:47.721261 SRS_SR830 write : 'OUTX 0' 
2023-06-08 13:36:47.721261 SRS_SR830 write : 'OVRM 1' 
2023-06-08 13:36:47.722258 KEPCO BOP 50-8D query : 'MEAS:CURR?' 
2023-06-08 13:36:47.754486 KEPCO BOP 50-8D resp  : '1.14526E0' 
2023-06-08 13:36:47.755481 KEPCO BOP 50-8D query : 'MEAS:VOLT?' 
2023-06-08 13:36:47.786729 KEPCO BOP 50-8D resp  : '-4.91293E1' 
2023-06-08 13:36:47.787726 KEPCO BOP 50-8D query : 'FUNC:MODE?' 
2023-06-08 13:36:47.793791 KEPCO BOP 50-8D resp  : '1' 
2023-06-08 13:36:47.795792 HP 8673G CW Gen query : 'OK' 
2023-06-08 13:36:47.890930 HP 8673G CW Gen resp  : 'FR03000000000HZ' 
2023-06-08 13:36:47.892924 HP 8673G CW Gen query : 'LE OA' 
2023-06-08 13:36:47.904067 HP 8673G CW Gen resp  : 'LE-70.0DM' 
2023-06-08 13:36:47.905064 SRS_SR830 query : 'SENS?' 
2023-06-08 13:36:47.943017 SRS_SR830 resp  : '18' 
2023-06-08 13:36:47.944044 SRS_SR830 query : 'ISRC?' 
2023-06-08 13:36:47.980241 SRS_SR830 resp  : '1' 
2023-06-08 13:36:47.981248 SRS_SR830 query : 'OFLT?' 
2023-06-08 13:36:48.016171 SRS_SR830 resp  : '9' 
2023-06-08 13:36:48.022015 HP 8673G CW Gen write : 'LE -3 DB' 
2023-06-08 13:36:48.028933 HP 8673G CW Gen query : 'MG' 
2023-06-08 13:36:48.038252 HP 8673G CW Gen resp  : '00' 
2023-06-08 13:36:48.040254 KEPCO BOP 50-8D query : 'MEAS:CURR?' 
2023-06-08 13:36:48.074382 KEPCO BOP 50-8D resp  : '7.31973E0' 
2023-06-08 13:36:48.075379 KEPCO BOP 50-8D query : 'MEAS:VOLT?' 
2023-06-08 13:36:48.106120 KEPCO BOP 50-8D resp  : '-4.46088E1' 
2023-06-08 13:36:48.107159 KEPCO BOP 50-8D query : 'FUNC:MODE?' 
2023-06-08 13:36:48.114636 KEPCO BOP 50-8D resp  : '1' 
2023-06-08 13:36:48.115630 HP 8673G CW Gen query : 'OK' 
2023-06-08 13:36:48.125813 HP 8673G CW Gen resp  : 'FR03000000000HZ' 
2023-06-08 13:36:48.126810 HP 8673G CW Gen query : 'LE OA' 
2023-06-08 13:36:48.136275 HP 8673G CW Gen resp  : 'LE-3.0DM' 
2023-06-08 13:36:48.138270 SRS_SR830 query : 'SENS?' 
2023-06-08 13:36:48.174997 SRS_SR830 resp  : '18' 
2023-06-08 13:36:48.174997 SRS_SR830 query : 'ISRC?' 
2023-06-08 13:36:48.210268 SRS_SR830 resp  : '1' 
2023-06-08 13:36:48.210268 SRS_SR830 query : 'OFLT?' 
2023-06-08 13:36:48.246297 SRS_SR830 resp  : '9' 
2023-06-08 13:36:48.247295 SRS_SR830 query : 'ISRC?' 
2023-06-08 13:36:48.282251 SRS_SR830 resp  : '1' 
2023-06-08 13:36:48.282251 SRS_SR830 write : 'SENS 18' 
2023-06-08 13:36:48.283340 HP 8673G CW Gen write : 'FR 2.0 GZ' 
2023-06-08 13:36:48.290575 HP 8673G CW Gen query : 'MG' 
2023-06-08 13:36:48.298190 HP 8673G CW Gen resp  : '00' 
2023-06-08 13:36:48.298190 KEPCO BOP 50-8D write : 'CURR 0.0000' 
2023-06-08 13:36:53.397209 KEPCO BOP 50-8D write : 'CURR 0.0000' 
2023-06-08 13:36:53.907397 SRS_SR830 query : 'OUTP? 1' 
2023-06-08 13:36:53.965476 SRS_SR830 resp  : '-4.66111e-005' 
2023-06-08 13:36:54.074091 SRS_SR830 query : 'OUTP? 1' 
2023-06-08 13:36:54.133479 SRS_SR830 resp  : '-4.64919e-005' 
2023-06-08 13:36:54.241779 SRS_SR830 query : 'OUTP? 1' 
2023-06-08 13:36:54.300791 SRS_SR830 resp  : '-4.62534e-005' 
2023-06-08 13:36:54.407669 SRS_SR830 query : 'OUTP? 1' 
2023-06-08 13:36:54.466708 SRS_SR830 resp  : '-4.61342e-005' 
2023-06-08 13:36:54.575297 SRS_SR830 query : 'OUTP? 1' 
2023-06-08 13:36:54.632695 SRS_SR830 resp  : '-4.6015e-005' 
2023-06-08 13:36:54.743381 SRS_SR830 query : 'OUTP? 1' 
2023-06-08 13:36:54.801597 SRS_SR830 resp  : '-4.58958e-005' 
2023-06-08 13:36:54.904631 SRS_SR830 query : 'OUTP? 1' 
2023-06-08 13:36:54.965485 SRS_SR830 resp  : '-4.58958e-005' 
2023-06-08 13:36:55.077018 SRS_SR830 query : 'OUTP? 1' 
2023-06-08 13:36:55.137484 SRS_SR830 resp  : '-4.57766e-005' 
2023-06-08 13:36:55.244207 SRS_SR830 query : 'OUTP? 1' 
2023-06-08 13:36:55.303040 SRS_SR830 resp  : '-4.55382e-005' 
2023-06-08 13:36:55.412620 SRS_SR830 query : 'OUTP? 1' 
2023-06-08 13:36:55.471208 SRS_SR830 resp  : '-4.55382e-005' 
2023-06-08 13:36:55.578906 SRS_SR830 query : 'SENS?' 
2023-06-08 13:36:55.616145 SRS_SR830 resp  : '18' 
2023-06-08 13:36:55.617158 SRS_SR830 query : 'ISRC?' 
2023-06-08 13:36:55.653887 SRS_SR830 resp  : '1' 
2023-06-08 13:36:55.655890 SRS_SR830 query : 'OUTP? 2' 
2023-06-08 13:36:55.714646 SRS_SR830 resp  : '-1.77623e-005' 
2023-06-08 13:36:55.829425 SRS_SR830 query : 'OUTP? 2' 
2023-06-08 13:36:55.888730 SRS_SR830 resp  : '-1.78815e-005' 
2023-06-08 13:36:55.996680 SRS_SR830 query : 'OUTP? 2' 
2023-06-08 13:36:56.054914 SRS_SR830 resp  : '-1.80007e-005' 
2023-06-08 13:36:56.164891 SRS_SR830 query : 'OUTP? 2' 
2023-06-08 13:36:56.222762 SRS_SR830 resp  : '-1.80007e-005' 
2023-06-08 13:36:56.331445 SRS_SR830 query : 'OUTP? 2' 
2023-06-08 13:36:56.390241 SRS_SR830 resp  : '-1.81199e-005' 
2023-06-08 13:36:56.499270 SRS_SR830 query : 'OUTP? 2' 
2023-06-08 13:36:56.557677 SRS_SR830 resp  : '-1.82391e-005' 
2023-06-08 13:36:56.661772 SRS_SR830 query : 'OUTP? 2' 
2023-06-08 13:36:56.719520 SRS_SR830 resp  : '-1.82391e-005' 
2023-06-08 13:36:56.833841 SRS_SR830 query : 'OUTP? 2' 
2023-06-08 13:36:56.893445 SRS_SR830 resp  : '-1.81199e-005' 
2023-06-08 13:36:56.999562 SRS_SR830 query : 'OUTP? 2' 
2023-06-08 13:36:57.057932 SRS_SR830 resp  : '-1.80007e-005' 
2023-06-08 13:36:57.166165 SRS_SR830 query : 'OUTP? 2' 
2023-06-08 13:36:57.224261 SRS_SR830 resp  : '-1.81199e-005' 
2023-06-08 13:36:57.327500 SRS_SR830 query : 'SENS?' 
2023-06-08 13:36:57.365362 SRS_SR830 resp  : '18' 
2023-06-08 13:36:57.365362 SRS_SR830 query : 'ISRC?' 
2023-06-08 13:36:57.400986 SRS_SR830 resp  : '1' 
2023-06-08 13:36:57.538983 KEPCO BOP 50-8D write : 'CURR 0.0015' 
2023-06-08 13:36:58.047002 SRS_SR830 query : 'OUTP? 1' 
2023-06-08 13:36:58.104846 SRS_SR830 resp  : '-4.61342e-005' 
2023-06-08 13:36:58.205154 SRS_SR830 query : 'OUTP? 1' 
2023-06-08 13:36:58.263000 SRS_SR830 resp  : '-4.64919e-005' 
2023-06-08 13:36:58.378688 SRS_SR830 query : 'OUTP? 1' 
2023-06-08 13:36:58.436504 SRS_SR830 resp  : '-4.68495e-005' 
2023-06-08 13:36:58.550025 SRS_SR830 query : 'OUTP? 1' 
2023-06-08 13:36:58.610242 SRS_SR830 resp  : '-4.69687e-005' 
2023-06-08 13:36:58.720555 SRS_SR830 query : 'OUTP? 1' 
2023-06-08 13:36:58.779660 SRS_SR830 resp  : '-4.69687e-005' 
2023-06-08 13:36:58.893781 SRS_SR830 query : 'OUTP? 1' 
2023-06-08 13:36:58.953187 SRS_SR830 resp  : '-4.69687e-005' 
2023-06-08 13:36:59.065581 SRS_SR830 query : 'OUTP? 1' 
2023-06-08 13:36:59.123362 SRS_SR830 resp  : '-4.69687e-005' 
2023-06-08 13:36:59.224799 SRS_SR830 query : 'OUTP? 1' 
2023-06-08 13:36:59.283214 SRS_SR830 resp  : '-4.70879e-005' 
2023-06-08 13:36:59.397374 SRS_SR830 query : 'OUTP? 1' 
2023-06-08 13:36:59.456162 SRS_SR830 resp  : '-4.70879e-005' 
2023-06-08 13:36:59.565882 SRS_SR830 query : 'OUTP? 1' 
2023-06-08 13:36:59.623510 SRS_SR830 resp  : '-4.70879e-005' 
2023-06-08 13:36:59.735946 SRS_SR830 query : 'SENS?' 
2023-06-08 13:36:59.772655 SRS_SR830 resp  : '18' 
2023-06-08 13:36:59.772655 SRS_SR830 query : 'ISRC?' 
2023-06-08 13:36:59.808831 SRS_SR830 resp  : '1' 
2023-06-08 13:36:59.808831 SRS_SR830 query : 'OUTP? 2' 
2023-06-08 13:36:59.867742 SRS_SR830 resp  : '-1.53781e-005' 
2023-06-08 13:36:59.971567 SRS_SR830 query : 'OUTP? 2' 
2023-06-08 13:37:00.030406 SRS_SR830 resp  : '-1.51396e-005' 
2023-06-08 13:37:00.145252 SRS_SR830 query : 'OUTP? 2' 
2023-06-08 13:37:00.204110 SRS_SR830 resp  : '-1.51396e-005' 
2023-06-08 13:37:00.315577 SRS_SR830 query : 'OUTP? 2' 
2023-06-08 13:37:00.373783 SRS_SR830 resp  : '-1.53781e-005' 
2023-06-08 13:37:00.484893 SRS_SR830 query : 'OUTP? 2' 
2023-06-08 13:37:00.542785 SRS_SR830 resp  : '-1.53781e-005' 
2023-06-08 13:37:00.657039 SRS_SR830 query : 'OUTP? 2' 
2023-06-08 13:37:00.714188 SRS_SR830 resp  : '-1.53781e-005' 
2023-06-08 13:37:00.829495 SRS_SR830 query : 'OUTP? 2' 
2023-06-08 13:37:00.886709 SRS_SR830 resp  : '-1.54973e-005' 
2023-06-08 13:37:00.988569 SRS_SR830 query : 'OUTP? 2' 
2023-06-08 13:37:01.047335 SRS_SR830 resp  : '-1.54973e-005' 
2023-06-08 13:37:01.160465 SRS_SR830 query : 'OUTP? 2' 
2023-06-08 13:37:01.219816 SRS_SR830 resp  : '-1.54973e-005' 
2023-06-08 13:37:01.332209 SRS_SR830 query : 'OUTP? 2' 
2023-06-08 13:37:01.391481 SRS_SR830 resp  : '-1.53781e-005' 
2023-06-08 13:37:01.506881 SRS_SR830 query : 'SENS?' 
2023-06-08 13:37:01.543685 SRS_SR830 resp  : '18' 
2023-06-08 13:37:01.544724 SRS_SR830 query : 'ISRC?' 
2023-06-08 13:37:01.581728 SRS_SR830 resp  : '1' 
2023-06-08 13:37:01.640598 KEPCO BOP 50-8D write : 'CURR 0.0030' 
2023-06-08 13:37:02.150543 SRS_SR830 query : 'OUTP? 1' 
2023-06-08 13:37:02.210242 SRS_SR830 resp  : '-4.75647e-005' 
2023-06-08 13:37:02.324065 SRS_SR830 query : 'OUTP? 1' 
2023-06-08 13:37:02.384129 SRS_SR830 resp  : '-4.76839e-005' 
2023-06-08 13:37:02.498633 SRS_SR830 query : 'OUTP? 1' 
2023-06-08 13:37:02.559083 SRS_SR830 resp  : '-4.78032e-005' 
2023-06-08 13:37:02.669548 SRS_SR830 query : 'OUTP? 1' 
2023-06-08 13:37:02.727744 SRS_SR830 resp  : '-4.80416e-005' 
2023-06-08 13:37:02.842674 SRS_SR830 query : 'OUTP? 1' 
2023-06-08 13:37:02.902864 SRS_SR830 resp  : '-4.80416e-005' 
2023-06-08 13:37:03.015334 SRS_SR830 query : 'OUTP? 1' 
2023-06-08 13:37:03.074429 SRS_SR830 resp  : '-4.78032e-005' 
2023-06-08 13:37:03.187476 SRS_SR830 query : 'OUTP? 1' 
2023-06-08 13:37:03.246832 SRS_SR830 resp  : '-4.78032e-005' 
2023-06-08 13:37:03.359297 SRS_SR830 query : 'OUTP? 1' 
2023-06-08 13:37:03.419358 SRS_SR830 resp  : '-4.78032e-005' 
2023-06-08 13:37:03.531606 SRS_SR830 query : 'OUTP? 1' 
2023-06-08 13:37:03.589673 SRS_SR830 resp  : '-4.78032e-005' 
2023-06-08 13:37:03.704404 SRS_SR830 query : 'OUTP? 1' 
2023-06-08 13:37:03.763856 SRS_SR830 resp  : '-4.76839e-005' 
2023-06-08 13:37:03.875582 SRS_SR830 query : 'SENS?' 
2023-06-08 13:37:03.912208 SRS_SR830 resp  : '18' 
2023-06-08 13:37:03.912208 SRS_SR830 query : 'ISRC?' 
2023-06-08 13:37:03.948220 SRS_SR830 resp  : '1' 
2023-06-08 13:37:03.948220 SRS_SR830 query : 'OUTP? 2' 
2023-06-08 13:37:04.005443 SRS_SR830 resp  : '-1.40668e-005' 
2023-06-08 13:37:04.111680 SRS_SR830 query : 'OUTP? 2' 
2023-06-08 13:37:04.168507 SRS_SR830 resp  : '-1.39475e-005' 
2023-06-08 13:37:04.269118 SRS_SR830 query : 'OUTP? 2' 
2023-06-08 13:37:04.327701 SRS_SR830 resp  : '-1.38283e-005' 
2023-06-08 13:37:04.441209 SRS_SR830 query : 'OUTP? 2' 
2023-06-08 13:37:04.501746 SRS_SR830 resp  : '-1.38283e-005' 
2023-06-08 13:37:04.613072 SRS_SR830 query : 'OUTP? 2' 
2023-06-08 13:37:04.671726 SRS_SR830 resp  : '-1.39475e-005' 
2023-06-08 13:37:04.787181 SRS_SR830 query : 'OUTP? 2' 
2023-06-08 13:37:04.846451 SRS_SR830 resp  : '-1.40668e-005' 
2023-06-08 13:37:04.960692 SRS_SR830 query : 'OUTP? 2' 
2023-06-08 13:37:05.018650 SRS_SR830 resp  : '-1.43052e-005' 
2023-06-08 13:37:05.132604 SRS_SR830 query : 'OUTP? 2' 
2023-06-08 13:37:05.189622 SRS_SR830 resp  : '-1.44244e-005' 
2023-06-08 13:37:05.304519 SRS_SR830 query : 'OUTP? 2' 
2023-06-08 13:37:05.363246 SRS_SR830 resp  : '-1.46628e-005' 
2023-06-08 13:37:05.474370 SRS_SR830 query : 'OUTP? 2' 
2023-06-08 13:37:05.531294 SRS_SR830 resp  : '-1.4782e-005' 
2023-06-08 13:37:05.632331 SRS_SR830 query : 'SENS?' 
2023-06-08 13:37:05.669408 SRS_SR830 resp  : '18' 
2023-06-08 13:37:05.670393 SRS_SR830 query : 'ISRC?' 
2023-06-08 13:37:05.706963 SRS_SR830 resp  : '1' 
2023-06-08 13:37:05.778737 KEPCO BOP 50-8D write : 'CURR 0.0045' 
2023-06-08 13:37:06.293652 SRS_SR830 query : 'OUTP? 1' 
2023-06-08 13:37:06.354015 SRS_SR830 resp  : '-4.76839e-005' 
2023-06-08 13:37:06.466380 SRS_SR830 query : 'OUTP? 1' 
2023-06-08 13:37:06.527667 SRS_SR830 resp  : '-4.78032e-005' 
2023-06-08 13:37:06.640085 SRS_SR830 query : 'OUTP? 1' 
2023-06-08 13:37:06.699363 SRS_SR830 resp  : '-4.78032e-005' 
2023-06-08 13:37:06.812648 SRS_SR830 query : 'OUTP? 1' 
2023-06-08 13:37:06.872052 SRS_SR830 resp  : '-4.80416e-005' 
2023-06-08 13:37:06.986098 SRS_SR830 query : 'OUTP? 1' 
2023-06-08 13:37:07.045834 SRS_SR830 resp  : '-4.81608e-005' 
2023-06-08 13:37:07.161559 SRS_SR830 query : 'OUTP? 1' 
2023-06-08 13:37:07.217931 SRS_SR830 resp  : '-4.828e-005' 
2023-06-08 13:37:07.318227 SRS_SR830 query : 'OUTP? 1' 
2023-06-08 13:37:07.377614 SRS_SR830 resp  : '-4.83992e-005' 
2023-06-08 13:37:07.490405 SRS_SR830 query : 'OUTP? 1' 
2023-06-08 13:37:07.550241 SRS_SR830 resp  : '-4.86376e-005' 
2023-06-08 13:37:07.662612 SRS_SR830 query : 'OUTP? 1' 
2023-06-08 13:37:07.721841 SRS_SR830 resp  : '-4.87568e-005' 
2023-06-08 13:37:07.835483 SRS_SR830 query : 'OUTP? 1' 
2023-06-08 13:37:07.895363 SRS_SR830 resp  : '-4.87568e-005' 
2023-06-08 13:37:08.010969 SRS_SR830 query : 'SENS?' 
2023-06-08 13:37:08.048947 SRS_SR830 resp  : '18' 
2023-06-08 13:37:08.050950 SRS_SR830 query : 'ISRC?' 
2023-06-08 13:37:08.087220 SRS_SR830 resp  : '1' 
2023-06-08 13:37:08.088212 SRS_SR830 query : 'OUTP? 2' 
2023-06-08 13:37:08.146870 SRS_SR830 resp  : '-1.43052e-005' 
2023-06-08 13:37:08.258015 SRS_SR830 query : 'OUTP? 2' 
2023-06-08 13:37:08.315175 SRS_SR830 resp  : '-1.43052e-005' 
2023-06-08 13:37:08.415643 SRS_SR830 query : 'OUTP? 2' 
2023-06-08 13:37:08.474718 SRS_SR830 resp  : '-1.43052e-005' 
2023-06-08 13:37:08.588627 SRS_SR830 query : 'OUTP? 2' 
2023-06-08 13:37:08.647248 SRS_SR830 resp  : '-1.40668e-005' 
2023-06-08 13:37:08.761508 SRS_SR830 query : 'OUTP? 2' 
2023-06-08 13:37:08.820236 SRS_SR830 resp  : '-1.39475e-005' 
2023-06-08 13:37:08.935662 SRS_SR830 query : 'OUTP? 2' 
2023-06-08 13:37:08.994333 SRS_SR830 resp  : '-1.38283e-005' 
2023-06-08 13:37:09.109210 SRS_SR830 query : 'OUTP? 2' 
2023-06-08 13:37:09.168452 SRS_SR830 resp  : '-1.38283e-005' 
2023-06-08 13:37:09.281570 SRS_SR830 query : 'OUTP? 2' 
2023-06-08 13:37:09.340206 SRS_SR830 resp  : '-1.38283e-005' 
2023-06-08 13:37:09.453627 SRS_SR830 query : 'OUTP? 2' 
2023-06-08 13:37:09.511611 SRS_SR830 resp  : '-1.38283e-005' 
2023-06-08 13:37:09.627550 SRS_SR830 query : 'OUTP? 2' 
2023-06-08 13:37:09.686186 SRS_SR830 resp  : '-1.38283e-005' 
2023-06-08 13:37:09.801565 SRS_SR830 query : 'SENS?' 
2023-06-08 13:37:09.838740 SRS_SR830 resp  : '18' 
2023-06-08 13:37:09.838740 SRS_SR830 query : 'ISRC?' 
2023-06-08 13:37:09.875815 SRS_SR830 resp  : '1' 
2023-06-08 13:37:09.937624 KEPCO BOP 50-8D write : 'CURR 0.0060' 
2023-06-08 13:37:10.454818 SRS_SR830 query : 'OUTP? 1' 
2023-06-08 13:37:10.512756 SRS_SR830 resp  : '-4.92337e-005' 
2023-06-08 13:37:10.628490 SRS_SR830 query : 'OUTP? 1' 
2023-06-08 13:37:10.687284 SRS_SR830 resp  : '-4.92337e-005' 
2023-06-08 13:37:10.800322 SRS_SR830 query : 'OUTP? 1' 
2023-06-08 13:37:10.858137 SRS_SR830 resp  : '-4.92337e-005' 
2023-06-08 13:37:10.959820 SRS_SR830 query : 'OUTP? 1' 
2023-06-08 13:37:11.017650 SRS_SR830 resp  : '-4.94721e-005' 
2023-06-08 13:37:11.132331 SRS_SR830 query : 'OUTP? 1' 
2023-06-08 13:37:11.190176 SRS_SR830 resp  : '-4.97105e-005' 
2023-06-08 13:37:11.302783 SRS_SR830 query : 'OUTP? 1' 
2023-06-08 13:37:11.360628 SRS_SR830 resp  : '-4.99489e-005' 
2023-06-08 13:37:11.471815 SRS_SR830 query : 'OUTP? 1' 
2023-06-08 13:37:11.528812 SRS_SR830 resp  : '-5.00681e-005' 
2023-06-08 13:37:11.639294 SRS_SR830 query : 'OUTP? 1' 
2023-06-08 13:37:11.697546 SRS_SR830 resp  : '-5.00681e-005' 
2023-06-08 13:37:11.809615 SRS_SR830 query : 'OUTP? 1' 
2023-06-08 13:37:11.867645 SRS_SR830 resp  : '-5.00681e-005' 
2023-06-08 13:37:11.979563 SRS_SR830 query : 'OUTP? 1' 
2023-06-08 13:37:12.040365 SRS_SR830 resp  : '-5.00681e-005' 
2023-06-08 13:37:12.153198 SRS_SR830 query : 'SENS?' 
2023-06-08 13:37:12.190057 SRS_SR830 resp  : '18' 
2023-06-08 13:37:12.190057 SRS_SR830 query : 'ISRC?' 
2023-06-08 13:37:12.225396 SRS_SR830 resp  : '1' 
2023-06-08 13:37:12.225396 SRS_SR830 query : 'OUTP? 2' 
2023-06-08 13:37:12.283837 SRS_SR830 resp  : '-1.27555e-005' 
2023-06-08 13:37:12.386848 SRS_SR830 query : 'OUTP? 2' 
2023-06-08 13:37:12.443549 SRS_SR830 resp  : '-1.2517e-005' 
2023-06-08 13:37:12.543619 SRS_SR830 query : 'OUTP? 2' 
2023-06-08 13:37:12.602159 SRS_SR830 resp  : '-1.22786e-005' 
2023-06-08 13:37:12.715630 SRS_SR830 query : 'OUTP? 2' 
2023-06-08 13:37:12.774220 SRS_SR830 resp  : '-1.21594e-005' 
2023-06-08 13:37:12.887294 SRS_SR830 query : 'OUTP? 2' 
2023-06-08 13:37:12.944237 SRS_SR830 resp  : '-1.21594e-005' 
2023-06-08 13:37:13.044773 SRS_SR830 query : 'OUTP? 2' 
2023-06-08 13:37:13.102548 SRS_SR830 resp  : '-1.23978e-005' 
2023-06-08 13:37:13.215377 SRS_SR830 query : 'OUTP? 2' 
2023-06-08 13:37:13.274230 SRS_SR830 resp  : '-1.26362e-005' 
2023-06-08 13:37:13.388245 SRS_SR830 query : 'OUTP? 2' 
2023-06-08 13:37:13.446661 SRS_SR830 resp  : '-1.28747e-005' 
2023-06-08 13:37:13.559738 SRS_SR830 query : 'OUTP? 2' 
2023-06-08 13:37:13.618743 SRS_SR830 resp  : '-1.28747e-005' 
2023-06-08 13:37:13.731559 SRS_SR830 query : 'OUTP? 2' 
2023-06-08 13:37:13.790450 SRS_SR830 resp  : '-1.26362e-005' 
2023-06-08 13:37:13.904637 SRS_SR830 query : 'SENS?' 
2023-06-08 13:37:13.941102 SRS_SR830 resp  : '18' 
2023-06-08 13:37:13.942098 SRS_SR830 query : 'ISRC?' 
2023-06-08 13:37:13.977360 SRS_SR830 resp  : '1' 
2023-06-08 13:37:14.051985 KEPCO BOP 50-8D write : 'CURR 0.0075' 
2023-06-08 13:37:14.565656 SRS_SR830 query : 'OUTP? 1' 
2023-06-08 13:37:14.625547 SRS_SR830 resp  : '-4.99489e-005' 
2023-06-08 13:37:14.737548 SRS_SR830 query : 'OUTP? 1' 
2023-06-08 13:37:14.796288 SRS_SR830 resp  : '-5.01873e-005' 
2023-06-08 13:37:14.909247 SRS_SR830 query : 'OUTP? 1' 
2023-06-08 13:37:14.966407 SRS_SR830 resp  : '-5.0545e-005' 
2023-06-08 13:37:15.081151 SRS_SR830 query : 'OUTP? 1' 
2023-06-08 13:37:15.138789 SRS_SR830 resp  : '-5.09026e-005' 
2023-06-08 13:37:15.253687 SRS_SR830 query : 'OUTP? 1' 
2023-06-08 13:37:15.311378 SRS_SR830 resp  : '-5.1141e-005' 
2023-06-08 13:37:15.423747 SRS_SR830 query : 'OUTP? 1' 
2023-06-08 13:37:15.482093 SRS_SR830 resp  : '-5.12602e-005' 
2023-06-08 13:37:15.596874 SRS_SR830 query : 'OUTP? 1' 
2023-06-08 13:37:15.655550 SRS_SR830 resp  : '-5.13794e-005' 
2023-06-08 13:37:15.767623 SRS_SR830 query : 'OUTP? 1' 
2023-06-08 13:37:15.825846 SRS_SR830 resp  : '-5.12602e-005' 
2023-06-08 13:37:15.938294 SRS_SR830 query : 'OUTP? 1' 
2023-06-08 13:37:15.996727 SRS_SR830 resp  : '-5.1141e-005' 
2023-06-08 13:37:16.111568 SRS_SR830 query : 'OUTP? 1' 
2023-06-08 13:37:16.169221 SRS_SR830 resp  : '-5.09026e-005' 
2023-06-08 13:37:16.282227 SRS_SR830 query : 'SENS?' 
2023-06-08 13:37:16.319589 SRS_SR830 resp  : '18' 
2023-06-08 13:37:16.320203 SRS_SR830 query : 'ISRC?' 
2023-06-08 13:37:16.355549 SRS_SR830 resp  : '1' 
2023-06-08 13:37:16.355549 SRS_SR830 query : 'OUTP? 2' 
2023-06-08 13:37:16.413964 SRS_SR830 resp  : '-1.10865e-005' 
2023-06-08 13:37:16.514966 SRS_SR830 query : 'OUTP? 2' 
2023-06-08 13:37:16.572886 SRS_SR830 resp  : '-1.12057e-005' 
2023-06-08 13:37:16.685794 SRS_SR830 query : 'OUTP? 2' 
2023-06-08 13:37:16.743604 SRS_SR830 resp  : '-1.12057e-005' 
2023-06-08 13:37:16.857495 SRS_SR830 query : 'OUTP? 2' 
2023-06-08 13:37:16.915370 SRS_SR830 resp  : '-1.12057e-005' 
2023-06-08 13:37:17.016116 SRS_SR830 query : 'OUTP? 2' 
2023-06-08 13:37:17.073917 SRS_SR830 resp  : '-1.10865e-005' 
2023-06-08 13:37:17.174244 SRS_SR830 query : 'OUTP? 2' 
2023-06-08 13:37:17.231059 SRS_SR830 resp  : '-1.10865e-005' 
2023-06-08 13:37:17.333376 SRS_SR830 query : 'OUTP? 2' 
2023-06-08 13:37:17.391137 SRS_SR830 resp  : '-1.10865e-005' 
2023-06-08 13:37:17.503109 SRS_SR830 query : 'OUTP? 2' 
2023-06-08 13:37:17.560939 SRS_SR830 resp  : '-1.12057e-005' 
2023-06-08 13:37:17.673243 SRS_SR830 query : 'OUTP? 2' 
2023-06-08 13:37:17.731282 SRS_SR830 resp  : '-1.14442e-005' 
2023-06-08 13:37:17.845527 SRS_SR830 query : 'OUTP? 2' 
2023-06-08 13:37:17.903824 SRS_SR830 resp  : '-1.14442e-005' 
2023-06-08 13:37:18.004976 SRS_SR830 query : 'SENS?' 
2023-06-08 13:37:18.042032 SRS_SR830 resp  : '18' 
2023-06-08 13:37:18.042032 SRS_SR830 query : 'ISRC?' 
2023-06-08 13:37:18.077226 SRS_SR830 resp  : '1' 
2023-06-08 13:37:18.139562 KEPCO BOP 50-8D write : 'CURR 0.0091' 
2023-06-08 13:37:18.644013 SRS_SR830 query : 'OUTP? 1' 
2023-06-08 13:37:18.701981 SRS_SR830 resp  : '-5.17371e-005' 
2023-06-08 13:37:18.815690 SRS_SR830 query : 'OUTP? 1' 
2023-06-08 13:37:18.874283 SRS_SR830 resp  : '-5.19755e-005' 
2023-06-08 13:37:18.985644 SRS_SR830 query : 'OUTP? 1' 
2023-06-08 13:37:19.044950 SRS_SR830 resp  : '-5.20947e-005' 
2023-06-08 13:37:19.155329 SRS_SR830 query : 'OUTP? 1' 
2023-06-08 13:37:19.213637 SRS_SR830 resp  : '-5.22139e-005' 
2023-06-08 13:37:19.328440 SRS_SR830 query : 'OUTP? 1' 
2023-06-08 13:37:19.386602 SRS_SR830 resp  : '-5.22139e-005' 
2023-06-08 13:37:19.501580 SRS_SR830 query : 'OUTP? 1' 
2023-06-08 13:37:19.560405 SRS_SR830 resp  : '-5.23331e-005' 
2023-06-08 13:37:19.673178 SRS_SR830 query : 'OUTP? 1' 
2023-06-08 13:37:19.730250 SRS_SR830 resp  : '-5.25715e-005' 
2023-06-08 13:37:19.843721 SRS_SR830 query : 'OUTP? 1' 
2023-06-08 13:37:19.902618 SRS_SR830 resp  : '-5.26907e-005' 
2023-06-08 13:37:20.005535 SRS_SR830 query : 'OUTP? 1' 
2023-06-08 13:37:20.064828 SRS_SR830 resp  : '-5.28099e-005' 
2023-06-08 13:37:20.176267 SRS_SR830 query : 'OUTP? 1' 
2023-06-08 13:37:20.234358 SRS_SR830 resp  : '-5.26907e-005' 
2023-06-08 13:37:20.352097 SRS_SR830 query : 'SENS?' 
2023-06-08 13:37:20.390248 SRS_SR830 resp  : '18' 
2023-06-08 13:37:20.391288 SRS_SR830 query : 'ISRC?' 
2023-06-08 13:37:20.427091 SRS_SR830 resp  : '1' 
2023-06-08 13:37:20.428281 SRS_SR830 query : 'OUTP? 2' 
2023-06-08 13:37:20.487687 SRS_SR830 resp  : '-9.29838e-006' 
2023-06-08 13:37:20.600464 SRS_SR830 query : 'OUTP? 2' 
2023-06-08 13:37:20.660249 SRS_SR830 resp  : '-9.41759e-006' 
2023-06-08 13:37:20.764199 SRS_SR830 query : 'OUTP? 2' 
2023-06-08 13:37:20.823147 SRS_SR830 resp  : '-9.65601e-006' 
2023-06-08 13:37:20.931626 SRS_SR830 query : 'OUTP? 2' 
2023-06-08 13:37:20.990224 SRS_SR830 resp  : '-9.89443e-006' 
2023-06-08 13:37:21.093686 SRS_SR830 query : 'OUTP? 2' 
2023-06-08 13:37:21.153727 SRS_SR830 resp  : '-9.89443e-006' 
2023-06-08 13:37:21.265618 SRS_SR830 query : 'OUTP? 2' 
2023-06-08 13:37:21.324056 SRS_SR830 resp  : '-9.89443e-006' 
2023-06-08 13:37:21.433988 SRS_SR830 query : 'OUTP? 2' 
2023-06-08 13:37:21.492112 SRS_SR830 resp  : '-9.89443e-006' 
2023-06-08 13:37:21.606752 SRS_SR830 query : 'OUTP? 2' 
2023-06-08 13:37:21.664690 SRS_SR830 resp  : '-9.77522e-006' 
2023-06-08 13:37:21.765709 SRS_SR830 query : 'OUTP? 2' 
2023-06-08 13:37:21.824133 SRS_SR830 resp  : '-9.77522e-006' 
2023-06-08 13:37:21.939544 SRS_SR830 query : 'OUTP? 2' 
2023-06-08 13:37:21.998165 SRS_SR830 resp  : '-9.65601e-006' 
2023-06-08 13:37:22.113642 SRS_SR830 query : 'SENS?' 
2023-06-08 13:37:22.151654 SRS_SR830 resp  : '18' 
2023-06-08 13:37:22.152645 SRS_SR830 query : 'ISRC?' 
2023-06-08 13:37:22.188961 SRS_SR830 resp  : '1' 
2023-06-08 13:37:22.258594 KEPCO BOP 50-8D write : 'CURR 0.0106' 
2023-06-08 13:37:22.771154 SRS_SR830 query : 'OUTP? 1' 
2023-06-08 13:37:22.831279 SRS_SR830 resp  : '-5.25715e-005' 
2023-06-08 13:37:22.944631 SRS_SR830 query : 'OUTP? 1' 
2023-06-08 13:37:23.004157 SRS_SR830 resp  : '-5.28099e-005' 
2023-06-08 13:37:23.116689 SRS_SR830 query : 'OUTP? 1' 
2023-06-08 13:37:23.176134 SRS_SR830 resp  : '-5.30484e-005' 
2023-06-08 13:37:23.288855 SRS_SR830 query : 'OUTP? 1' 
2023-06-08 13:37:23.347676 SRS_SR830 resp  : '-5.30484e-005' 
2023-06-08 13:37:23.459376 SRS_SR830 query : 'OUTP? 1' 
2023-06-08 13:37:23.516996 SRS_SR830 resp  : '-5.31676e-005' 
2023-06-08 13:37:23.629697 SRS_SR830 query : 'OUTP? 1' 
2023-06-08 13:37:23.687510 SRS_SR830 resp  : '-5.31676e-005' 
2023-06-08 13:37:23.798276 SRS_SR830 query : 'OUTP? 1' 
2023-06-08 13:37:23.856678 SRS_SR830 resp  : '-5.32868e-005' 
2023-06-08 13:37:23.968094 SRS_SR830 query : 'OUTP? 1' 
2023-06-08 13:37:24.025914 SRS_SR830 resp  : '-5.3406e-005' 
2023-06-08 13:37:24.140517 SRS_SR830 query : 'OUTP? 1' 
2023-06-08 13:37:24.199205 SRS_SR830 resp  : '-5.35252e-005' 
2023-06-08 13:37:24.311409 SRS_SR830 query : 'OUTP? 1' 
2023-06-08 13:37:24.370252 SRS_SR830 resp  : '-5.36444e-005' 
2023-06-08 13:37:24.484924 SRS_SR830 query : 'SENS?' 
2023-06-08 13:37:24.522176 SRS_SR830 resp  : '18' 
2023-06-08 13:37:24.523178 SRS_SR830 query : 'ISRC?' 
2023-06-08 13:37:24.558619 SRS_SR830 resp  : '1' 
2023-06-08 13:37:24.559616 SRS_SR830 query : 'OUTP? 2' 
2023-06-08 13:37:24.617141 SRS_SR830 resp  : '-7.51021e-006' 
2023-06-08 13:37:24.720075 SRS_SR830 query : 'OUTP? 2' 
2023-06-08 13:37:24.779705 SRS_SR830 resp  : '-7.51021e-006' 
2023-06-08 13:37:24.894048 SRS_SR830 query : 'OUTP? 2' 
2023-06-08 13:37:24.952958 SRS_SR830 resp  : '-7.62945e-006' 
2023-06-08 13:37:25.065234 SRS_SR830 query : 'OUTP? 2' 
2023-06-08 13:37:25.124309 SRS_SR830 resp  : '-7.62945e-006' 
2023-06-08 13:37:25.239190 SRS_SR830 query : 'OUTP? 2' 
2023-06-08 13:37:25.296352 SRS_SR830 resp  : '-7.62945e-006' 
2023-06-08 13:37:25.409721 SRS_SR830 query : 'OUTP? 2' 
2023-06-08 13:37:25.467984 SRS_SR830 resp  : '-7.86787e-006' 
2023-06-08 13:37:25.582538 SRS_SR830 query : 'OUTP? 2' 
2023-06-08 13:37:25.641657 SRS_SR830 resp  : '-8.10629e-006' 
2023-06-08 13:37:25.754551 SRS_SR830 query : 'OUTP? 2' 
2023-06-08 13:37:25.813370 SRS_SR830 resp  : '-8.2255e-006' 
2023-06-08 13:37:25.925370 SRS_SR830 query : 'OUTP? 2' 
2023-06-08 13:37:25.984716 SRS_SR830 resp  : '-8.34471e-006' 
2023-06-08 13:37:26.095746 SRS_SR830 query : 'OUTP? 2' 
2023-06-08 13:37:26.154932 SRS_SR830 resp  : '-8.46392e-006' 
2023-06-08 13:37:26.269086 SRS_SR830 query : 'SENS?' 
2023-06-08 13:37:26.306880 SRS_SR830 resp  : '18' 
2023-06-08 13:37:26.307887 SRS_SR830 query : 'ISRC?' 
2023-06-08 13:37:26.343466 SRS_SR830 resp  : '1' 
2023-06-08 13:37:26.418305 KEPCO BOP 50-8D write : 'CURR 0.0121' 
2023-06-08 13:37:26.926632 SRS_SR830 query : 'OUTP? 1' 
2023-06-08 13:37:26.983583 SRS_SR830 resp  : '-5.37636e-005' 
2023-06-08 13:37:27.098407 SRS_SR830 query : 'OUTP? 1' 
2023-06-08 13:37:27.155795 SRS_SR830 resp  : '-5.4002e-005' 
2023-06-08 13:37:27.270499 SRS_SR830 query : 'OUTP? 1' 
2023-06-08 13:37:27.331413 SRS_SR830 resp  : '-5.43597e-005' 
2023-06-08 13:37:27.441926 SRS_SR830 query : 'OUTP? 1' 
2023-06-08 13:37:27.500621 SRS_SR830 resp  : '-5.44789e-005' 
2023-06-08 13:37:27.602763 SRS_SR830 query : 'OUTP? 1' 
2023-06-08 13:37:27.661929 SRS_SR830 resp  : '-5.45981e-005' 
2023-06-08 13:37:27.775570 SRS_SR830 query : 'OUTP? 1' 
2023-06-08 13:37:27.834727 SRS_SR830 resp  : '-5.47173e-005' 
2023-06-08 13:37:27.938307 SRS_SR830 query : 'OUTP? 1' 
2023-06-08 13:37:27.997786 SRS_SR830 resp  : '-5.49557e-005' 
2023-06-08 13:37:28.111635 SRS_SR830 query : 'OUTP? 1' 
2023-06-08 13:37:28.168969 SRS_SR830 resp  : '-5.50749e-005' 
2023-06-08 13:37:28.271557 SRS_SR830 query : 'OUTP? 1' 
2023-06-08 13:37:28.329912 SRS_SR830 resp  : '-5.50749e-005' 
2023-06-08 13:37:28.441921 SRS_SR830 query : 'OUTP? 1' 
2023-06-08 13:37:28.500558 SRS_SR830 resp  : '-5.49557e-005' 
2023-06-08 13:37:28.614565 SRS_SR830 query : 'SENS?' 
2023-06-08 13:37:28.653756 SRS_SR830 resp  : '18' 
2023-06-08 13:37:28.654753 SRS_SR830 query : 'ISRC?' 
2023-06-08 13:37:28.690956 SRS_SR830 resp  : '1' 
2023-06-08 13:37:28.691950 SRS_SR830 query : 'OUTP? 2' 
2023-06-08 13:37:28.751326 SRS_SR830 resp  : '-5.48366e-006' 
2023-06-08 13:37:28.863433 SRS_SR830 query : 'OUTP? 2' 
2023-06-08 13:37:28.921665 SRS_SR830 resp  : '-5.48366e-006' 
2023-06-08 13:37:29.022211 SRS_SR830 query : 'OUTP? 2' 
2023-06-08 13:37:29.080727 SRS_SR830 resp  : '-5.60287e-006' 
2023-06-08 13:37:29.192409 SRS_SR830 query : 'OUTP? 2' 
2023-06-08 13:37:29.250875 SRS_SR830 resp  : '-5.72208e-006' 
2023-06-08 13:37:29.363286 SRS_SR830 query : 'OUTP? 2' 
2023-06-08 13:37:29.423007 SRS_SR830 resp  : '-5.84128e-006' 
2023-06-08 13:37:29.533521 SRS_SR830 query : 'OUTP? 2' 
2023-06-08 13:37:29.590994 SRS_SR830 resp  : '-5.84128e-006' 
2023-06-08 13:37:29.693174 SRS_SR830 query : 'OUTP? 2' 
2023-06-08 13:37:29.751610 SRS_SR830 resp  : '-5.60287e-006' 
2023-06-08 13:37:29.864594 SRS_SR830 query : 'OUTP? 2' 
2023-06-08 13:37:29.925009 SRS_SR830 resp  : '-5.60287e-006' 
2023-06-08 13:37:30.037350 SRS_SR830 query : 'OUTP? 2' 
2023-06-08 13:37:30.096239 SRS_SR830 resp  : '-5.48366e-006' 
2023-06-08 13:37:30.209870 SRS_SR830 query : 'OUTP? 2' 
2023-06-08 13:37:30.269409 SRS_SR830 resp  : '-5.36445e-006' 
2023-06-08 13:37:30.381385 SRS_SR830 query : 'SENS?' 
2023-06-08 13:37:30.418111 SRS_SR830 resp  : '18' 
2023-06-08 13:37:30.419112 SRS_SR830 query : 'ISRC?' 
2023-06-08 13:37:30.454714 SRS_SR830 resp  : '1' 
2023-06-08 13:37:30.518470 KEPCO BOP 50-8D write : 'CURR 0.0136' 
2023-06-08 13:37:31.024360 SRS_SR830 query : 'OUTP? 1' 
2023-06-08 13:37:31.080415 SRS_SR830 resp  : '-5.5671e-005' 
2023-06-08 13:37:31.195185 SRS_SR830 query : 'OUTP? 1' 
2023-06-08 13:37:31.253965 SRS_SR830 resp  : '-5.6267e-005' 
2023-06-08 13:37:31.368172 SRS_SR830 query : 'OUTP? 1' 
2023-06-08 13:37:31.426749 SRS_SR830 resp  : '-5.66246e-005' 
2023-06-08 13:37:31.537532 SRS_SR830 query : 'OUTP? 1' 
2023-06-08 13:37:31.595207 SRS_SR830 resp  : '-5.71015e-005' 
2023-06-08 13:37:31.709204 SRS_SR830 query : 'OUTP? 1' 
2023-06-08 13:37:31.768301 SRS_SR830 resp  : '-5.75783e-005' 
2023-06-08 13:37:31.881961 SRS_SR830 query : 'OUTP? 1' 
2023-06-08 13:37:31.941374 SRS_SR830 resp  : '-5.78167e-005' 
2023-06-08 13:37:32.053504 SRS_SR830 query : 'OUTP? 1' 
2023-06-08 13:37:32.111686 SRS_SR830 resp  : '-5.80552e-005' 
2023-06-08 13:37:32.224202 SRS_SR830 query : 'OUTP? 1' 
2023-06-08 13:37:32.283302 SRS_SR830 resp  : '-5.81744e-005' 
2023-06-08 13:37:32.395597 SRS_SR830 query : 'OUTP? 1' 
2023-06-08 13:37:32.454584 SRS_SR830 resp  : '-5.79359e-005' 
2023-06-08 13:37:32.566670 SRS_SR830 query : 'OUTP? 1' 
2023-06-08 13:37:32.626097 SRS_SR830 resp  : '-5.76975e-005' 
2023-06-08 13:37:32.740047 SRS_SR830 query : 'SENS?' 
2023-06-08 13:37:32.776950 SRS_SR830 resp  : '18' 
2023-06-08 13:37:32.776950 SRS_SR830 query : 'ISRC?' 
2023-06-08 13:37:32.812852 SRS_SR830 resp  : '1' 
2023-06-08 13:37:32.812852 SRS_SR830 query : 'OUTP? 2' 
2023-06-08 13:37:32.871696 SRS_SR830 resp  : '-3.33787e-006' 
2023-06-08 13:37:32.975538 SRS_SR830 query : 'OUTP? 2' 
2023-06-08 13:37:33.034090 SRS_SR830 resp  : '-3.21867e-006' 
2023-06-08 13:37:33.147970 SRS_SR830 query : 'OUTP? 2' 
2023-06-08 13:37:33.205795 SRS_SR830 resp  : '-3.09946e-006' 
2023-06-08 13:37:33.320014 SRS_SR830 query : 'OUTP? 2' 
2023-06-08 13:37:33.379032 SRS_SR830 resp  : '-2.98025e-006' 
2023-06-08 13:37:33.491564 SRS_SR830 query : 'OUTP? 2' 
2023-06-08 13:37:33.552319 SRS_SR830 resp  : '-2.86104e-006' 
2023-06-08 13:37:33.664091 SRS_SR830 query : 'OUTP? 2' 
2023-06-08 13:37:33.721427 SRS_SR830 resp  : '-2.86104e-006' 
2023-06-08 13:37:33.821562 SRS_SR830 query : 'OUTP? 2' 
2023-06-08 13:37:33.880433 SRS_SR830 resp  : '-2.98025e-006' 
2023-06-08 13:37:33.994276 SRS_SR830 query : 'OUTP? 2' 
2023-06-08 13:37:34.051113 SRS_SR830 resp  : '-2.98025e-006' 
2023-06-08 13:37:34.153470 SRS_SR830 query : 'OUTP? 2' 
2023-06-08 13:37:34.213421 SRS_SR830 resp  : '-2.86104e-006' 
2023-06-08 13:37:34.325470 SRS_SR830 query : 'OUTP? 2' 
2023-06-08 13:37:34.383435 SRS_SR830 resp  : '-2.98025e-006' 
2023-06-08 13:37:34.483803 SRS_SR830 query : 'SENS?' 
2023-06-08 13:37:34.520356 SRS_SR830 resp  : '18' 
2023-06-08 13:37:34.521357 SRS_SR830 query : 'ISRC?' 
2023-06-08 13:37:34.556753 SRS_SR830 resp  : '1' 
2023-06-08 13:37:34.619584 KEPCO BOP 50-8D write : 'CURR 0.0151' 
2023-06-08 13:37:35.126432 SRS_SR830 query : 'OUTP? 1' 
2023-06-08 13:37:35.185551 SRS_SR830 resp  : '-5.72207e-005' 
2023-06-08 13:37:35.299538 SRS_SR830 query : 'OUTP? 1' 
2023-06-08 13:37:35.357892 SRS_SR830 resp  : '-5.75783e-005' 
2023-06-08 13:37:35.471561 SRS_SR830 query : 'OUTP? 1' 
2023-06-08 13:37:35.530047 SRS_SR830 resp  : '-5.79359e-005' 
2023-06-08 13:37:35.643324 SRS_SR830 query : 'OUTP? 1' 
2023-06-08 13:37:35.702001 SRS_SR830 resp  : '-5.84128e-005' 
2023-06-08 13:37:35.814504 SRS_SR830 query : 'OUTP? 1' 
2023-06-08 13:37:35.873258 SRS_SR830 resp  : '-5.86512e-005' 
2023-06-08 13:37:35.985441 SRS_SR830 query : 'OUTP? 1' 
2023-06-08 13:37:36.044920 SRS_SR830 resp  : '-5.87704e-005' 
2023-06-08 13:37:36.159938 SRS_SR830 query : 'OUTP? 1' 
2023-06-08 13:37:36.218591 SRS_SR830 resp  : '-5.88896e-005' 
2023-06-08 13:37:36.332681 SRS_SR830 query : 'OUTP? 1' 
2023-06-08 13:37:36.391057 SRS_SR830 resp  : '-5.90088e-005' 
2023-06-08 13:37:36.504450 SRS_SR830 query : 'OUTP? 1' 
2023-06-08 13:37:36.560901 SRS_SR830 resp  : '-5.9128e-005' 
2023-06-08 13:37:36.676514 SRS_SR830 query : 'OUTP? 1' 
2023-06-08 13:37:36.734328 SRS_SR830 resp  : '-5.9128e-005' 
2023-06-08 13:37:36.851084 SRS_SR830 query : 'SENS?' 
