SpinLab Experiment Logfile2023-6-6_23-1-8
2023-06-06 18:01:08.361985 OPEN_ : '' 
2023-06-06 18:01:08.479244 GPIB0::15::INSTR OPEN_ : '' 
2023-06-06 18:01:08.521838 GPIB0::6::INSTR OPEN_ : '' 
2023-06-06 18:01:08.523697 KEPCO BOP 50-8D write : '*CLS' 
2023-06-06 18:01:08.524735 KEPCO BOP 50-8D write : '*RST' 
2023-06-06 18:01:08.527145 KEPCO BOP 50-8D write : 'OUTPUT ON' 
2023-06-06 18:01:08.529964 KEPCO BOP 50-8D write : 'FUNC:MODE CURR' 
2023-06-06 18:01:08.534118 KEPCO BOP 50-8D write : 'VOLT 20.0000' 
2023-06-06 18:01:08.536642 KEPCO BOP 50-8D write : 'CURR 0.0000' 
2023-06-06 18:01:08.575376 ASRL4::INSTR OPEN_ : '' 
2023-06-06 18:01:08.576373 SRS_SR830 write : 'OUTX 0' 
2023-06-06 18:01:08.576373 SRS_SR830 write : 'OVRM 1' 
2023-06-06 18:01:08.577370 KEPCO BOP 50-8D query : 'MEAS:CURR?' 
2023-06-06 18:01:08.610119 KEPCO BOP 50-8D resp  : '2.10616E0' 
2023-06-06 18:01:08.610119 KEPCO BOP 50-8D query : 'MEAS:VOLT?' 
2023-06-06 18:01:08.640951 KEPCO BOP 50-8D resp  : '-4.68412E1' 
2023-06-06 18:01:08.641952 KEPCO BOP 50-8D query : 'FUNC:MODE?' 
2023-06-06 18:01:08.648073 KEPCO BOP 50-8D resp  : '1' 
2023-06-06 18:01:08.648073 HP 8673G CW Gen query : 'OK' 
2023-06-06 18:01:08.707490 HP 8673G CW Gen resp  : 'FR03000000000HZ' 
2023-06-06 18:01:08.708450 HP 8673G CW Gen query : 'LE OA' 
2023-06-06 18:01:08.719189 HP 8673G CW Gen resp  : 'LE-70.0DM' 
2023-06-06 18:01:08.720187 SRS_SR830 query : 'SENS?' 
2023-06-06 18:01:08.758468 SRS_SR830 resp  : '15' 
2023-06-06 18:01:08.759465 SRS_SR830 query : 'ISRC?' 
2023-06-06 18:01:08.795703 SRS_SR830 resp  : '1' 
2023-06-06 18:01:08.796703 SRS_SR830 query : 'OFLT?' 
2023-06-06 18:01:08.832239 SRS_SR830 resp  : '9' 
2023-06-06 18:01:10.188781 HP 8673G CW Gen write : 'LE -3 DB' 
2023-06-06 18:01:10.195757 HP 8673G CW Gen query : 'MG' 
2023-06-06 18:01:10.205738 HP 8673G CW Gen resp  : '00' 
2023-06-06 18:01:14.146442 HP 8673G CW Gen write : 'FR 3.0 GZ' 
2023-06-06 18:01:14.153430 HP 8673G CW Gen query : 'MG' 
2023-06-06 18:01:14.160411 HP 8673G CW Gen resp  : '00' 
2023-06-06 18:01:14.258273 KEPCO BOP 50-8D write : 'CURR 0.0448' 
2023-06-06 18:01:14.765057 SRS_SR830 query : 'OUTP? 1' 
2023-06-06 18:01:14.823472 SRS_SR830 resp  : '-2.65391e-005' 
2023-06-06 18:01:14.824469 SRS_SR830 query : 'SENS?' 
2023-06-06 18:01:14.864254 SRS_SR830 resp  : '15' 
2023-06-06 18:01:14.865259 SRS_SR830 query : 'ISRC?' 
2023-06-06 18:01:14.901366 SRS_SR830 resp  : '1' 
2023-06-06 18:01:14.902408 SRS_SR830 query : 'OUTP? 2' 
2023-06-06 18:01:14.959802 SRS_SR830 resp  : '-3.28722e-005' 
2023-06-06 18:01:14.961805 SRS_SR830 query : 'SENS?' 
2023-06-06 18:01:14.999950 SRS_SR830 resp  : '15' 
2023-06-06 18:01:15.000947 SRS_SR830 query : 'ISRC?' 
2023-06-06 18:01:15.038388 SRS_SR830 resp  : '1' 
2023-06-06 18:01:15.251922 KEPCO BOP 50-8D write : 'CURR 0.0474' 
2023-06-06 18:01:15.758810 SRS_SR830 query : 'OUTP? 1' 
2023-06-06 18:01:15.818934 SRS_SR830 resp  : '-2.46168e-005' 
2023-06-06 18:01:15.819932 SRS_SR830 query : 'SENS?' 
2023-06-06 18:01:15.858908 SRS_SR830 resp  : '15' 
2023-06-06 18:01:15.860904 SRS_SR830 query : 'ISRC?' 
2023-06-06 18:01:15.897431 SRS_SR830 resp  : '1' 
2023-06-06 18:01:15.898428 SRS_SR830 query : 'OUTP? 2' 
2023-06-06 18:01:15.956392 SRS_SR830 resp  : '-3.20601e-005' 
2023-06-06 18:01:15.956392 SRS_SR830 query : 'SENS?' 
2023-06-06 18:01:15.996700 SRS_SR830 resp  : '15' 
2023-06-06 18:01:15.997698 SRS_SR830 query : 'ISRC?' 
2023-06-06 18:01:16.032572 SRS_SR830 resp  : '1' 
2023-06-06 18:01:16.115860 KEPCO BOP 50-8D write : 'CURR 0.0500' 
2023-06-06 18:01:16.630122 SRS_SR830 query : 'OUTP? 1' 
2023-06-06 18:01:16.687500 SRS_SR830 resp  : '-4.00397e-005' 
2023-06-06 18:01:16.687500 SRS_SR830 query : 'SENS?' 
2023-06-06 18:01:16.724755 SRS_SR830 resp  : '15' 
2023-06-06 18:01:16.724755 SRS_SR830 query : 'ISRC?' 
2023-06-06 18:01:16.758403 SRS_SR830 resp  : '1' 
2023-06-06 18:01:16.758403 SRS_SR830 query : 'OUTP? 2' 
2023-06-06 18:01:16.815976 SRS_SR830 resp  : '-4.07922e-005' 
2023-06-06 18:01:16.816983 SRS_SR830 query : 'SENS?' 
2023-06-06 18:01:16.854882 SRS_SR830 resp  : '15' 
2023-06-06 18:01:16.855888 SRS_SR830 query : 'ISRC?' 
2023-06-06 18:01:16.891680 SRS_SR830 resp  : '1' 
2023-06-06 18:01:16.973739 KEPCO BOP 50-8D write : 'CURR 0.0525' 
2023-06-06 18:01:17.481932 SRS_SR830 query : 'OUTP? 1' 
2023-06-06 18:01:17.541793 SRS_SR830 resp  : '-3.05551e-005' 
2023-06-06 18:01:17.542789 SRS_SR830 query : 'SENS?' 
2023-06-06 18:01:17.578674 SRS_SR830 resp  : '15' 
2023-06-06 18:01:17.582281 SRS_SR830 query : 'ISRC?' 
2023-06-06 18:01:17.617777 SRS_SR830 resp  : '1' 
2023-06-06 18:01:17.618782 SRS_SR830 query : 'OUTP? 2' 
2023-06-06 18:01:17.678239 SRS_SR830 resp  : '-3.10095e-005' 
2023-06-06 18:01:17.679343 SRS_SR830 query : 'SENS?' 
2023-06-06 18:01:17.717589 SRS_SR830 resp  : '15' 
2023-06-06 18:01:17.718587 SRS_SR830 query : 'ISRC?' 
2023-06-06 18:01:17.754637 SRS_SR830 resp  : '1' 
2023-06-06 18:01:17.831960 KEPCO BOP 50-8D write : 'CURR 0.0551' 
2023-06-06 18:01:18.334546 SRS_SR830 query : 'OUTP? 1' 
2023-06-06 18:01:18.394363 SRS_SR830 resp  : '-3.35055e-005' 
2023-06-06 18:01:18.395358 SRS_SR830 query : 'SENS?' 
2023-06-06 18:01:18.431210 SRS_SR830 resp  : '15' 
2023-06-06 18:01:18.431210 SRS_SR830 query : 'ISRC?' 
2023-06-06 18:01:18.469709 SRS_SR830 resp  : '1' 
2023-06-06 18:01:18.470704 SRS_SR830 query : 'OUTP? 2' 
2023-06-06 18:01:18.528504 SRS_SR830 resp  : '-1.4037e-005' 
2023-06-06 18:01:18.529500 SRS_SR830 query : 'SENS?' 
2023-06-06 18:01:18.567106 SRS_SR830 resp  : '15' 
2023-06-06 18:01:18.568102 SRS_SR830 query : 'ISRC?' 
2023-06-06 18:01:18.604882 SRS_SR830 resp  : '1' 
2023-06-06 18:01:18.668947 KEPCO BOP 50-8D write : 'CURR 0.0577' 
2023-06-06 18:01:19.187401 SRS_SR830 query : 'OUTP? 1' 
2023-06-06 18:01:19.246953 SRS_SR830 resp  : '-3.49733e-005' 
2023-06-06 18:01:19.248955 SRS_SR830 query : 'SENS?' 
2023-06-06 18:01:19.284310 SRS_SR830 resp  : '15' 
2023-06-06 18:01:19.284310 SRS_SR830 query : 'ISRC?' 
2023-06-06 18:01:19.331437 SRS_SR830 resp  : '1' 
2023-06-06 18:01:19.332433 SRS_SR830 query : 'OUTP? 2' 
2023-06-06 18:01:19.391454 SRS_SR830 resp  : '-1.31131e-006' 
2023-06-06 18:01:19.392461 SRS_SR830 query : 'SENS?' 
2023-06-06 18:01:19.431243 SRS_SR830 resp  : '15' 
2023-06-06 18:01:19.432249 SRS_SR830 query : 'ISRC?' 
2023-06-06 18:01:19.467970 SRS_SR830 resp  : '1' 
2023-06-06 18:01:19.542121 KEPCO BOP 50-8D write : 'CURR 0.0602' 
2023-06-06 18:01:20.057134 SRS_SR830 query : 'OUTP? 1' 
2023-06-06 18:01:20.116898 SRS_SR830 resp  : '-3.97491e-005' 
2023-06-06 18:01:20.118901 SRS_SR830 query : 'SENS?' 
2023-06-06 18:01:20.153488 SRS_SR830 resp  : '15' 
2023-06-06 18:01:20.156453 SRS_SR830 query : 'ISRC?' 
2023-06-06 18:01:20.191735 SRS_SR830 resp  : '1' 
2023-06-06 18:01:20.191735 SRS_SR830 query : 'OUTP? 2' 
2023-06-06 18:01:20.250492 SRS_SR830 resp  : '-8.96311e-006' 
2023-06-06 18:01:20.251440 SRS_SR830 query : 'SENS?' 
2023-06-06 18:01:20.287857 SRS_SR830 resp  : '15' 
2023-06-06 18:01:20.287857 SRS_SR830 query : 'ISRC?' 
2023-06-06 18:01:20.325435 SRS_SR830 resp  : '1' 
2023-06-06 18:01:20.398984 KEPCO BOP 50-8D write : 'CURR 0.0628' 
2023-06-06 18:01:20.909615 SRS_SR830 query : 'OUTP? 1' 
2023-06-06 18:01:20.967639 SRS_SR830 resp  : '-5.2199e-005' 
2023-06-06 18:01:20.968645 SRS_SR830 query : 'SENS?' 
2023-06-06 18:01:21.006438 SRS_SR830 resp  : '15' 
2023-06-06 18:01:21.006438 SRS_SR830 query : 'ISRC?' 
2023-06-06 18:01:21.043941 SRS_SR830 resp  : '1' 
2023-06-06 18:01:21.044938 SRS_SR830 query : 'OUTP? 2' 
2023-06-06 18:01:21.103566 SRS_SR830 resp  : '-6.83966e-006' 
2023-06-06 18:01:21.105570 SRS_SR830 query : 'SENS?' 
2023-06-06 18:01:21.140509 SRS_SR830 resp  : '15' 
2023-06-06 18:01:21.140509 SRS_SR830 query : 'ISRC?' 
2023-06-06 18:01:21.179411 SRS_SR830 resp  : '1' 
2023-06-06 18:01:21.239164 KEPCO BOP 50-8D write : 'CURR 0.0654' 
2023-06-06 18:01:21.745933 SRS_SR830 query : 'OUTP? 1' 
2023-06-06 18:01:21.803293 SRS_SR830 resp  : '-4.904e-005' 
2023-06-06 18:01:21.804288 SRS_SR830 query : 'SENS?' 
2023-06-06 18:01:21.840857 SRS_SR830 resp  : '15' 
2023-06-06 18:01:21.842861 SRS_SR830 query : 'ISRC?' 
2023-06-06 18:01:21.878124 SRS_SR830 resp  : '1' 
2023-06-06 18:01:21.879120 SRS_SR830 query : 'OUTP? 2' 
2023-06-06 18:01:21.936699 SRS_SR830 resp  : '-2.20166e-005' 
2023-06-06 18:01:21.936699 SRS_SR830 query : 'SENS?' 
2023-06-06 18:01:21.973474 SRS_SR830 resp  : '15' 
2023-06-06 18:01:21.974520 SRS_SR830 query : 'ISRC?' 
2023-06-06 18:01:22.010247 SRS_SR830 resp  : '1' 
2023-06-06 18:01:22.078665 KEPCO BOP 50-8D write : 'CURR 0.0679' 
2023-06-06 18:01:22.581766 SRS_SR830 query : 'OUTP? 1' 
2023-06-06 18:01:22.642541 SRS_SR830 resp  : '-4.80788e-005' 
2023-06-06 18:01:22.643545 SRS_SR830 query : 'SENS?' 
2023-06-06 18:01:22.678954 SRS_SR830 resp  : '15' 
2023-06-06 18:01:22.678954 SRS_SR830 query : 'ISRC?' 
2023-06-06 18:01:22.719045 SRS_SR830 resp  : '1' 
2023-06-06 18:01:22.719994 SRS_SR830 query : 'OUTP? 2' 
2023-06-06 18:01:22.777361 SRS_SR830 resp  : '-2.52799e-005' 
2023-06-06 18:01:22.778365 SRS_SR830 query : 'SENS?' 
2023-06-06 18:01:22.817379 SRS_SR830 resp  : '15' 
2023-06-06 18:01:22.818382 SRS_SR830 query : 'ISRC?' 
2023-06-06 18:01:22.853751 SRS_SR830 resp  : '1' 
2023-06-06 18:01:22.919326 KEPCO BOP 50-8D write : 'CURR 0.0705' 
2023-06-06 18:01:23.435217 SRS_SR830 query : 'OUTP? 1' 
2023-06-06 18:01:23.493364 SRS_SR830 resp  : '-4.82204e-005' 
2023-06-06 18:01:23.495413 SRS_SR830 query : 'SENS?' 
2023-06-06 18:01:23.531578 SRS_SR830 resp  : '15' 
2023-06-06 18:01:23.531578 SRS_SR830 query : 'ISRC?' 
2023-06-06 18:01:23.570464 SRS_SR830 resp  : '1' 
2023-06-06 18:01:23.572466 SRS_SR830 query : 'OUTP? 2' 
2023-06-06 18:01:23.630242 SRS_SR830 resp  : '-2.50043e-005' 
2023-06-06 18:01:23.632292 SRS_SR830 query : 'SENS?' 
2023-06-06 18:01:23.670112 SRS_SR830 resp  : '15' 
2023-06-06 18:01:23.671077 SRS_SR830 query : 'ISRC?' 
2023-06-06 18:01:23.707676 SRS_SR830 resp  : '1' 
2023-06-06 18:01:23.775091 KEPCO BOP 50-8D write : 'CURR 0.0731' 
2023-06-06 18:01:24.287001 SRS_SR830 query : 'OUTP? 1' 
2023-06-06 18:01:24.344710 SRS_SR830 resp  : '-4.88462e-005' 
2023-06-06 18:01:24.344710 SRS_SR830 query : 'SENS?' 
2023-06-06 18:01:24.382509 SRS_SR830 resp  : '15' 
2023-06-06 18:01:24.382509 SRS_SR830 query : 'ISRC?' 
2023-06-06 18:01:24.418459 SRS_SR830 resp  : '1' 
2023-06-06 18:01:24.418459 SRS_SR830 query : 'OUTP? 2' 
2023-06-06 18:01:24.477081 SRS_SR830 resp  : '-2.46988e-005' 
2023-06-06 18:01:24.478084 SRS_SR830 query : 'SENS?' 
2023-06-06 18:01:24.516097 SRS_SR830 resp  : '15' 
2023-06-06 18:01:24.517061 SRS_SR830 query : 'ISRC?' 
2023-06-06 18:01:24.552238 SRS_SR830 resp  : '1' 
2023-06-06 18:01:24.627910 KEPCO BOP 50-8D write : 'CURR 0.0756' 
2023-06-06 18:01:25.140432 SRS_SR830 query : 'OUTP? 1' 
2023-06-06 18:01:25.199590 SRS_SR830 resp  : '-4.77734e-005' 
2023-06-06 18:01:25.201592 SRS_SR830 query : 'SENS?' 
2023-06-06 18:01:25.237802 SRS_SR830 resp  : '15' 
2023-06-06 18:01:25.237802 SRS_SR830 query : 'ISRC?' 
2023-06-06 18:01:25.277353 SRS_SR830 resp  : '1' 
2023-06-06 18:01:25.277353 SRS_SR830 query : 'OUTP? 2' 
2023-06-06 18:01:25.336395 SRS_SR830 resp  : '-2.37526e-005' 
2023-06-06 18:01:25.338395 SRS_SR830 query : 'SENS?' 
2023-06-06 18:01:25.376663 SRS_SR830 resp  : '15' 
2023-06-06 18:01:25.377659 SRS_SR830 query : 'ISRC?' 
2023-06-06 18:01:25.413607 SRS_SR830 resp  : '1' 
2023-06-06 18:01:25.476443 KEPCO BOP 50-8D write : 'CURR 0.0782' 
2023-06-06 18:01:25.982254 SRS_SR830 query : 'OUTP? 1' 
2023-06-06 18:01:26.042023 SRS_SR830 resp  : '-4.88686e-005' 
2023-06-06 18:01:26.043025 SRS_SR830 query : 'SENS?' 
2023-06-06 18:01:26.079387 SRS_SR830 resp  : '15' 
2023-06-06 18:01:26.080398 SRS_SR830 query : 'ISRC?' 
2023-06-06 18:01:26.116046 SRS_SR830 resp  : '1' 
2023-06-06 18:01:26.118038 SRS_SR830 query : 'OUTP? 2' 
2023-06-06 18:01:26.176012 SRS_SR830 resp  : '-2.49149e-005' 
2023-06-06 18:01:26.177007 SRS_SR830 query : 'SENS?' 
2023-06-06 18:01:26.216084 SRS_SR830 resp  : '15' 
2023-06-06 18:01:26.217081 SRS_SR830 query : 'ISRC?' 
2023-06-06 18:01:26.252136 SRS_SR830 resp  : '1' 
2023-06-06 18:01:26.317938 KEPCO BOP 50-8D write : 'CURR 0.0808' 
2023-06-06 18:01:26.831871 SRS_SR830 query : 'OUTP? 1' 
2023-06-06 18:01:26.891739 SRS_SR830 resp  : '-5.03587e-005' 
2023-06-06 18:01:26.892746 SRS_SR830 query : 'SENS?' 
2023-06-06 18:01:26.931239 SRS_SR830 resp  : '15' 
2023-06-06 18:01:26.932235 SRS_SR830 query : 'ISRC?' 
2023-06-06 18:01:26.969212 SRS_SR830 resp  : '1' 
2023-06-06 18:01:26.970207 SRS_SR830 query : 'OUTP? 2' 
2023-06-06 18:01:27.028227 SRS_SR830 resp  : '-2.33726e-005' 
2023-06-06 18:01:27.029230 SRS_SR830 query : 'SENS?' 
2023-06-06 18:01:27.067106 SRS_SR830 resp  : '15' 
2023-06-06 18:01:27.068103 SRS_SR830 query : 'ISRC?' 
2023-06-06 18:01:27.104845 SRS_SR830 resp  : '1' 
2023-06-06 18:01:27.164691 KEPCO BOP 50-8D write : 'CURR 0.0833' 
2023-06-06 18:01:27.679270 SRS_SR830 query : 'OUTP? 1' 
2023-06-06 18:01:27.738908 SRS_SR830 resp  : '-5.18414e-005' 
2023-06-06 18:01:27.738908 SRS_SR830 query : 'SENS?' 
2023-06-06 18:01:27.777380 SRS_SR830 resp  : '15' 
2023-06-06 18:01:27.778375 SRS_SR830 query : 'ISRC?' 
2023-06-06 18:01:27.813177 SRS_SR830 resp  : '1' 
2023-06-06 18:01:27.815179 SRS_SR830 query : 'OUTP? 2' 
2023-06-06 18:01:27.873665 SRS_SR830 resp  : '-2.05116e-005' 
2023-06-06 18:01:27.874669 SRS_SR830 query : 'SENS?' 
2023-06-06 18:01:27.912559 SRS_SR830 resp  : '15' 
2023-06-06 18:01:27.912559 SRS_SR830 query : 'ISRC?' 
2023-06-06 18:01:27.947951 SRS_SR830 resp  : '1' 
2023-06-06 18:01:27.986889 KEPCO BOP 50-8D write : 'CURR 0.0859' 
2023-06-06 18:01:28.501076 SRS_SR830 query : 'OUTP? 1' 
2023-06-06 18:01:28.558354 SRS_SR830 resp  : '-5.0612e-005' 
2023-06-06 18:01:28.558354 SRS_SR830 query : 'SENS?' 
2023-06-06 18:01:28.595069 SRS_SR830 resp  : '15' 
2023-06-06 18:01:28.596114 SRS_SR830 query : 'ISRC?' 
2023-06-06 18:01:28.632385 SRS_SR830 resp  : '1' 
2023-06-06 18:01:28.633382 SRS_SR830 query : 'OUTP? 2' 
2023-06-06 18:01:28.693086 SRS_SR830 resp  : '-1.44169e-005' 
2023-06-06 18:01:28.694080 SRS_SR830 query : 'SENS?' 
2023-06-06 18:01:28.731104 SRS_SR830 resp  : '15' 
2023-06-06 18:01:28.733107 SRS_SR830 query : 'ISRC?' 
2023-06-06 18:01:28.768106 SRS_SR830 resp  : '1' 
2023-06-06 18:01:28.807041 KEPCO BOP 50-8D write : 'CURR 0.0885' 
2023-06-06 18:01:29.319327 SRS_SR830 query : 'OUTP? 1' 
2023-06-06 18:01:29.377926 SRS_SR830 resp  : '-4.9405e-005' 
2023-06-06 18:01:29.378925 SRS_SR830 query : 'SENS?' 
2023-06-06 18:01:29.416787 SRS_SR830 resp  : '15' 
2023-06-06 18:01:29.417750 SRS_SR830 query : 'ISRC?' 
2023-06-06 18:01:29.453771 SRS_SR830 resp  : '1' 
2023-06-06 18:01:29.454779 SRS_SR830 query : 'OUTP? 2' 
2023-06-06 18:01:29.513672 SRS_SR830 resp  : '-1.37911e-005' 
2023-06-06 18:01:29.515675 SRS_SR830 query : 'SENS?' 
2023-06-06 18:01:29.553781 SRS_SR830 resp  : '15' 
2023-06-06 18:01:29.554778 SRS_SR830 query : 'ISRC?' 
2023-06-06 18:01:29.590199 SRS_SR830 resp  : '1' 
2023-06-06 18:01:29.649037 KEPCO BOP 50-8D write : 'CURR 0.0910' 
2023-06-06 18:01:30.164656 SRS_SR830 query : 'OUTP? 1' 
2023-06-06 18:01:30.224134 SRS_SR830 resp  : '-5.08802e-005' 
2023-06-06 18:01:30.224134 SRS_SR830 query : 'SENS?' 
2023-06-06 18:01:30.261409 SRS_SR830 resp  : '15' 
2023-06-06 18:01:30.263411 SRS_SR830 query : 'ISRC?' 
2023-06-06 18:01:30.299373 SRS_SR830 resp  : '1' 
2023-06-06 18:01:30.300370 SRS_SR830 query : 'OUTP? 2' 
2023-06-06 18:01:30.358518 SRS_SR830 resp  : '-1.52738e-005' 
2023-06-06 18:01:30.359515 SRS_SR830 query : 'SENS?' 
2023-06-06 18:01:30.397581 SRS_SR830 resp  : '15' 
2023-06-06 18:01:30.398588 SRS_SR830 query : 'ISRC?' 
2023-06-06 18:01:30.435047 SRS_SR830 resp  : '1' 
2023-06-06 18:01:30.479951 KEPCO BOP 50-8D write : 'CURR 0.0936' 
2023-06-06 18:01:30.997088 SRS_SR830 query : 'OUTP? 1' 
2023-06-06 18:01:31.052563 SRS_SR830 resp  : '-5.24598e-005' 
2023-06-06 18:01:31.052563 SRS_SR830 query : 'SENS?' 
2023-06-06 18:01:31.095672 SRS_SR830 resp  : '15' 
2023-06-06 18:01:31.096625 SRS_SR830 query : 'ISRC?' 
2023-06-06 18:01:31.133081 SRS_SR830 resp  : '1' 
2023-06-06 18:01:31.133081 SRS_SR830 query : 'OUTP? 2' 
2023-06-06 18:01:31.190742 SRS_SR830 resp  : '-1.23978e-005' 
2023-06-06 18:01:31.192744 SRS_SR830 query : 'SENS?' 
2023-06-06 18:01:31.230196 SRS_SR830 resp  : '15' 
2023-06-06 18:01:31.231199 SRS_SR830 query : 'ISRC?' 
2023-06-06 18:01:31.267228 SRS_SR830 resp  : '1' 
2023-06-06 18:01:31.326102 KEPCO BOP 50-8D write : 'CURR 0.0962' 
2023-06-06 18:01:31.839370 SRS_SR830 query : 'OUTP? 1' 
2023-06-06 18:01:31.897963 SRS_SR830 resp  : '-3.39823e-005' 
2023-06-06 18:01:31.898956 SRS_SR830 query : 'SENS?' 
2023-06-06 18:01:31.936063 SRS_SR830 resp  : '15' 
2023-06-06 18:01:31.938064 SRS_SR830 query : 'ISRC?' 
2023-06-06 18:01:31.974376 SRS_SR830 resp  : '1' 
2023-06-06 18:01:31.975341 SRS_SR830 query : 'OUTP? 2' 
2023-06-06 18:01:32.032315 SRS_SR830 resp  : '-1.9692e-005' 
2023-06-06 18:01:32.033310 SRS_SR830 query : 'SENS?' 
2023-06-06 18:01:32.071031 SRS_SR830 resp  : '15' 
2023-06-06 18:01:32.073033 SRS_SR830 query : 'ISRC?' 
2023-06-06 18:01:32.108271 SRS_SR830 resp  : '1' 
2023-06-06 18:01:32.169136 KEPCO BOP 50-8D write : 'CURR 0.0987' 
2023-06-06 18:01:32.677252 SRS_SR830 query : 'OUTP? 1' 
2023-06-06 18:01:32.736999 SRS_SR830 resp  : '-4.19768e-005' 
2023-06-06 18:01:32.738011 SRS_SR830 query : 'SENS?' 
2023-06-06 18:01:32.776734 SRS_SR830 resp  : '15' 
2023-06-06 18:01:32.777730 SRS_SR830 query : 'ISRC?' 
2023-06-06 18:01:32.813031 SRS_SR830 resp  : '1' 
2023-06-06 18:01:32.815034 SRS_SR830 query : 'OUTP? 2' 
2023-06-06 18:01:32.873775 SRS_SR830 resp  : '-1.0267e-005' 
2023-06-06 18:01:32.874771 SRS_SR830 query : 'SENS?' 
2023-06-06 18:01:32.912120 SRS_SR830 resp  : '15' 
2023-06-06 18:01:32.913169 SRS_SR830 query : 'ISRC?' 
2023-06-06 18:01:32.950388 SRS_SR830 resp  : '1' 
2023-06-06 18:01:33.002247 KEPCO BOP 50-8D write : 'CURR 0.1013' 
2023-06-06 18:01:33.508457 SRS_SR830 query : 'OUTP? 1' 
2023-06-06 18:01:33.567816 SRS_SR830 resp  : '-5.10591e-005' 
2023-06-06 18:01:33.568826 SRS_SR830 query : 'SENS?' 
2023-06-06 18:01:33.608544 SRS_SR830 resp  : '15' 
2023-06-06 18:01:33.609541 SRS_SR830 query : 'ISRC?' 
2023-06-06 18:01:33.644877 SRS_SR830 resp  : '1' 
2023-06-06 18:01:33.645927 SRS_SR830 query : 'OUTP? 2' 
2023-06-06 18:01:33.704332 SRS_SR830 resp  : '-1.71364e-007' 
2023-06-06 18:01:33.706326 SRS_SR830 query : 'SENS?' 
2023-06-06 18:01:33.744612 SRS_SR830 resp  : '15' 
2023-06-06 18:01:33.745608 SRS_SR830 query : 'ISRC?' 
2023-06-06 18:01:33.783302 SRS_SR830 resp  : '1' 
2023-06-06 18:01:33.846122 KEPCO BOP 50-8D write : 'CURR 0.1039' 
2023-06-06 18:01:34.357981 SRS_SR830 query : 'OUTP? 1' 
2023-06-06 18:01:34.418803 SRS_SR830 resp  : '-5.81446e-005' 
2023-06-06 18:01:34.419809 SRS_SR830 query : 'SENS?' 
2023-06-06 18:01:34.456876 SRS_SR830 resp  : '15' 
2023-06-06 18:01:34.457870 SRS_SR830 query : 'ISRC?' 
2023-06-06 18:01:34.494119 SRS_SR830 resp  : '1' 
2023-06-06 18:01:34.495115 SRS_SR830 query : 'OUTP? 2' 
2023-06-06 18:01:34.553283 SRS_SR830 resp  : '2.22029e-006' 
2023-06-06 18:01:34.554245 SRS_SR830 query : 'SENS?' 
2023-06-06 18:01:34.591518 SRS_SR830 resp  : '15' 
2023-06-06 18:01:34.592513 SRS_SR830 query : 'ISRC?' 
2023-06-06 18:01:34.629758 SRS_SR830 resp  : '1' 
2023-06-06 18:01:34.674673 KEPCO BOP 50-8D write : 'CURR 0.1064' 
2023-06-06 18:01:35.190691 SRS_SR830 query : 'OUTP? 1' 
2023-06-06 18:01:35.249569 SRS_SR830 resp  : '-5.92249e-005' 
2023-06-06 18:01:35.249569 SRS_SR830 query : 'SENS?' 
2023-06-06 18:01:35.286359 SRS_SR830 resp  : '15' 
2023-06-06 18:01:35.287364 SRS_SR830 query : 'ISRC?' 
2023-06-06 18:01:35.324129 SRS_SR830 resp  : '1' 
2023-06-06 18:01:35.325124 SRS_SR830 query : 'OUTP? 2' 
2023-06-06 18:01:35.381998 SRS_SR830 resp  : '7.59962e-006' 
2023-06-06 18:01:35.384000 SRS_SR830 query : 'SENS?' 
2023-06-06 18:01:35.422234 SRS_SR830 resp  : '15' 
2023-06-06 18:01:35.423242 SRS_SR830 query : 'ISRC?' 
2023-06-06 18:01:35.459113 SRS_SR830 resp  : '1' 
2023-06-06 18:01:35.522939 KEPCO BOP 50-8D write : 'CURR 0.1090' 
2023-06-06 18:01:36.038274 SRS_SR830 query : 'OUTP? 1' 
2023-06-06 18:01:36.097325 SRS_SR830 resp  : '-8.07126e-005' 
2023-06-06 18:01:36.098327 SRS_SR830 query : 'SENS?' 
2023-06-06 18:01:36.136532 SRS_SR830 resp  : '15' 
2023-06-06 18:01:36.137528 SRS_SR830 query : 'ISRC?' 
2023-06-06 18:01:36.173501 SRS_SR830 resp  : '1' 
2023-06-06 18:01:36.174507 SRS_SR830 query : 'OUTP? 2' 
2023-06-06 18:01:36.232411 SRS_SR830 resp  : '-8.2553e-006' 
2023-06-06 18:01:36.233407 SRS_SR830 query : 'SENS?' 
2023-06-06 18:01:36.270292 SRS_SR830 resp  : '15' 
2023-06-06 18:01:36.272242 SRS_SR830 query : 'ISRC?' 
2023-06-06 18:01:36.308053 SRS_SR830 resp  : '1' 
2023-06-06 18:01:36.380883 KEPCO BOP 50-8D write : 'CURR 0.1116' 
2023-06-06 18:01:36.889996 SRS_SR830 query : 'OUTP? 1' 
2023-06-06 18:01:36.949163 SRS_SR830 resp  : '-7.06841e-005' 
2023-06-06 18:01:36.950113 SRS_SR830 query : 'SENS?' 
2023-06-06 18:01:36.987457 SRS_SR830 resp  : '15' 
2023-06-06 18:01:36.989459 SRS_SR830 query : 'ISRC?' 
2023-06-06 18:01:37.025643 SRS_SR830 resp  : '1' 
2023-06-06 18:01:37.026602 SRS_SR830 query : 'OUTP? 2' 
2023-06-06 18:01:37.083990 SRS_SR830 resp  : '-1.51247e-005' 
2023-06-06 18:01:37.084988 SRS_SR830 query : 'SENS?' 
2023-06-06 18:01:37.123566 SRS_SR830 resp  : '15' 
2023-06-06 18:01:37.124563 SRS_SR830 query : 'ISRC?' 
2023-06-06 18:01:37.162214 SRS_SR830 resp  : '1' 
2023-06-06 18:01:37.233021 KEPCO BOP 50-8D write : 'CURR 0.1141' 
2023-06-06 18:01:37.736201 SRS_SR830 query : 'OUTP? 1' 
2023-06-06 18:01:37.795061 SRS_SR830 resp  : '-7.27032e-005' 
2023-06-06 18:01:37.796064 SRS_SR830 query : 'SENS?' 
2023-06-06 18:01:37.833294 SRS_SR830 resp  : '15' 
2023-06-06 18:01:37.834292 SRS_SR830 query : 'ISRC?' 
2023-06-06 18:01:37.870099 SRS_SR830 resp  : '1' 
2023-06-06 18:01:37.870099 SRS_SR830 query : 'OUTP? 2' 
2023-06-06 18:01:37.926328 SRS_SR830 resp  : '5.3868e-006' 
2023-06-06 18:01:37.926328 SRS_SR830 query : 'SENS?' 
2023-06-06 18:01:37.964871 SRS_SR830 resp  : '15' 
2023-06-06 18:01:37.964871 SRS_SR830 query : 'ISRC?' 
2023-06-06 18:01:38.001010 SRS_SR830 resp  : '1' 
2023-06-06 18:01:38.074839 KEPCO BOP 50-8D write : 'CURR 0.1167' 
2023-06-06 18:01:38.580659 SRS_SR830 query : 'OUTP? 1' 
2023-06-06 18:01:38.638541 SRS_SR830 resp  : '-7.58697e-005' 
2023-06-06 18:01:38.639543 SRS_SR830 query : 'SENS?' 
2023-06-06 18:01:38.677449 SRS_SR830 resp  : '15' 
2023-06-06 18:01:38.678445 SRS_SR830 query : 'ISRC?' 
2023-06-06 18:01:38.714846 SRS_SR830 resp  : '1' 
2023-06-06 18:01:38.715893 SRS_SR830 query : 'OUTP? 2' 
2023-06-06 18:01:38.772808 SRS_SR830 resp  : '1.80156e-005' 
2023-06-06 18:01:38.773850 SRS_SR830 query : 'SENS?' 
2023-06-06 18:01:38.812038 SRS_SR830 resp  : '15' 
2023-06-06 18:01:38.814087 SRS_SR830 query : 'ISRC?' 
2023-06-06 18:01:38.850931 SRS_SR830 resp  : '1' 
2023-06-06 18:01:38.910732 KEPCO BOP 50-8D write : 'CURR 0.1193' 
2023-06-06 18:01:39.426238 SRS_SR830 query : 'OUTP? 1' 
2023-06-06 18:01:39.484839 SRS_SR830 resp  : '-8.20239e-005' 
2023-06-06 18:01:39.485847 SRS_SR830 query : 'SENS?' 
2023-06-06 18:01:39.523063 SRS_SR830 resp  : '15' 
2023-06-06 18:01:39.523063 SRS_SR830 query : 'ISRC?' 
2023-06-06 18:01:39.558306 SRS_SR830 resp  : '1' 
2023-06-06 18:01:39.559361 SRS_SR830 query : 'OUTP? 2' 
2023-06-06 18:01:39.616804 SRS_SR830 resp  : '2.69936e-005' 
2023-06-06 18:01:39.618805 SRS_SR830 query : 'SENS?' 
2023-06-06 18:01:39.655857 SRS_SR830 resp  : '15' 
2023-06-06 18:01:39.656853 SRS_SR830 query : 'ISRC?' 
2023-06-06 18:01:39.693098 SRS_SR830 resp  : '1' 
2023-06-06 18:01:39.762892 KEPCO BOP 50-8D write : 'CURR 0.1218' 
2023-06-06 18:01:40.273828 SRS_SR830 query : 'OUTP? 1' 
2023-06-06 18:01:40.332598 SRS_SR830 resp  : '-8.89231e-005' 
2023-06-06 18:01:40.334599 SRS_SR830 query : 'SENS?' 
2023-06-06 18:01:40.371762 SRS_SR830 resp  : '15' 
2023-06-06 18:01:40.373762 SRS_SR830 query : 'ISRC?' 
2023-06-06 18:01:40.409087 SRS_SR830 resp  : '1' 
2023-06-06 18:01:40.410084 SRS_SR830 query : 'OUTP? 2' 
2023-06-06 18:01:40.466329 SRS_SR830 resp  : '3.58524e-005' 
2023-06-06 18:01:40.468331 SRS_SR830 query : 'SENS?' 
2023-06-06 18:01:40.507062 SRS_SR830 resp  : '15' 
2023-06-06 18:01:40.508057 SRS_SR830 query : 'ISRC?' 
2023-06-06 18:01:40.543594 SRS_SR830 resp  : '1' 
2023-06-06 18:01:40.603412 KEPCO BOP 50-8D write : 'CURR 0.1244' 
2023-06-06 18:01:41.121249 SRS_SR830 query : 'OUTP? 1' 
2023-06-06 18:01:41.181927 SRS_SR830 resp  : '-9.68059e-005' 
2023-06-06 18:01:41.182889 SRS_SR830 query : 'SENS?' 
2023-06-06 18:01:41.220878 SRS_SR830 resp  : '15' 
2023-06-06 18:01:41.221848 SRS_SR830 query : 'ISRC?' 
2023-06-06 18:01:41.257081 SRS_SR830 resp  : '1' 
2023-06-06 18:01:41.259084 SRS_SR830 query : 'OUTP? 2' 
2023-06-06 18:01:41.316489 SRS_SR830 resp  : '4.74381e-005' 
2023-06-06 18:01:41.316489 SRS_SR830 query : 'SENS?' 
2023-06-06 18:01:41.354877 SRS_SR830 resp  : '15' 
2023-06-06 18:01:41.355887 SRS_SR830 query : 'ISRC?' 
2023-06-06 18:01:41.392261 SRS_SR830 resp  : '1' 
2023-06-06 18:01:41.457123 KEPCO BOP 50-8D write : 'CURR 0.1270' 
2023-06-06 18:01:41.967742 SRS_SR830 query : 'OUTP? 1' 
2023-06-06 18:01:42.024310 SRS_SR830 resp  : '-0.00010755' 
2023-06-06 18:01:42.024872 SRS_SR830 query : 'SENS?' 
2023-06-06 18:01:42.062674 SRS_SR830 resp  : '15' 
2023-06-06 18:01:42.063682 SRS_SR830 query : 'ISRC?' 
2023-06-06 18:01:42.099697 SRS_SR830 resp  : '1' 
2023-06-06 18:01:42.100692 SRS_SR830 query : 'OUTP? 2' 
2023-06-06 18:01:42.158379 SRS_SR830 resp  : '6.07895e-005' 
2023-06-06 18:01:42.158379 SRS_SR830 query : 'SENS?' 
2023-06-06 18:01:42.196478 SRS_SR830 resp  : '15' 
2023-06-06 18:01:42.197517 SRS_SR830 query : 'ISRC?' 
2023-06-06 18:01:42.233454 SRS_SR830 resp  : '1' 
2023-06-06 18:01:42.303292 KEPCO BOP 50-8D write : 'CURR 0.1295' 
2023-06-06 18:01:42.817079 SRS_SR830 query : 'OUTP? 1' 
2023-06-06 18:01:42.876101 SRS_SR830 resp  : '-0.00011877' 
2023-06-06 18:01:42.877105 SRS_SR830 query : 'SENS?' 
2023-06-06 18:01:42.914875 SRS_SR830 resp  : '15' 
2023-06-06 18:01:42.915882 SRS_SR830 query : 'ISRC?' 
2023-06-06 18:01:42.951434 SRS_SR830 resp  : '1' 
2023-06-06 18:01:42.951434 SRS_SR830 query : 'OUTP? 2' 
2023-06-06 18:01:43.005017 SRS_SR830 resp  : '7.733e-005' 
2023-06-06 18:01:43.006022 SRS_SR830 query : 'SENS?' 
2023-06-06 18:01:43.048526 SRS_SR830 resp  : '15' 
2023-06-06 18:01:43.049487 SRS_SR830 query : 'ISRC?' 
2023-06-06 18:01:43.085269 SRS_SR830 resp  : '1' 
2023-06-06 18:01:43.130146 KEPCO BOP 50-8D write : 'CURR 0.1321' 
2023-06-06 18:01:43.646193 SRS_SR830 query : 'OUTP? 1' 
2023-06-06 18:01:43.704451 SRS_SR830 resp  : '-0.000131772' 
2023-06-06 18:01:43.706440 SRS_SR830 query : 'SENS?' 
2023-06-06 18:01:43.744514 SRS_SR830 resp  : '15' 
2023-06-06 18:01:43.745510 SRS_SR830 query : 'ISRC?' 
2023-06-06 18:01:43.780413 SRS_SR830 resp  : '1' 
2023-06-06 18:01:43.782421 SRS_SR830 query : 'OUTP? 2' 
2023-06-06 18:01:43.839103 SRS_SR830 resp  : '9.4444e-005' 
2023-06-06 18:01:43.840050 SRS_SR830 query : 'SENS?' 
2023-06-06 18:01:43.878130 SRS_SR830 resp  : '15' 
2023-06-06 18:01:43.879134 SRS_SR830 query : 'ISRC?' 
2023-06-06 18:01:43.914841 SRS_SR830 resp  : '1' 
2023-06-06 18:01:43.974693 KEPCO BOP 50-8D write : 'CURR 0.1347' 
2023-06-06 18:01:44.488867 SRS_SR830 query : 'OUTP? 1' 
2023-06-06 18:01:44.546175 SRS_SR830 resp  : '-0.000144348' 
2023-06-06 18:01:44.547214 SRS_SR830 query : 'SENS?' 
2023-06-06 18:01:44.586124 SRS_SR830 resp  : '15' 
2023-06-06 18:01:44.586124 SRS_SR830 query : 'ISRC?' 
2023-06-06 18:01:44.621276 SRS_SR830 resp  : '1' 
2023-06-06 18:01:44.622278 SRS_SR830 query : 'OUTP? 2' 
2023-06-06 18:01:44.678998 SRS_SR830 resp  : '0.000110455' 
2023-06-06 18:01:44.679994 SRS_SR830 query : 'SENS?' 
2023-06-06 18:01:44.716922 SRS_SR830 resp  : '15' 
2023-06-06 18:01:44.718925 SRS_SR830 query : 'ISRC?' 
2023-06-06 18:01:44.754842 SRS_SR830 resp  : '1' 
2023-06-06 18:01:44.818710 KEPCO BOP 50-8D write : 'CURR 0.1372' 
2023-06-06 18:01:45.324682 SRS_SR830 query : 'OUTP? 1' 
2023-06-06 18:01:45.383491 SRS_SR830 resp  : '-0.000159071' 
2023-06-06 18:01:45.384492 SRS_SR830 query : 'SENS?' 
2023-06-06 18:01:45.421068 SRS_SR830 resp  : '15' 
2023-06-06 18:01:45.423070 SRS_SR830 query : 'ISRC?' 
2023-06-06 18:01:45.458238 SRS_SR830 resp  : '1' 
2023-06-06 18:01:45.459232 SRS_SR830 query : 'OUTP? 2' 
2023-06-06 18:01:45.516898 SRS_SR830 resp  : '0.000132107' 
2023-06-06 18:01:45.518900 SRS_SR830 query : 'SENS?' 
2023-06-06 18:01:45.555767 SRS_SR830 resp  : '15' 
2023-06-06 18:01:45.557769 SRS_SR830 query : 'ISRC?' 
2023-06-06 18:01:45.593809 SRS_SR830 resp  : '1' 
2023-06-06 18:01:45.663620 KEPCO BOP 50-8D write : 'CURR 0.1398' 
2023-06-06 18:01:46.177054 SRS_SR830 query : 'OUTP? 1' 
2023-06-06 18:01:46.236027 SRS_SR830 resp  : '-0.000168622' 
2023-06-06 18:01:46.237040 SRS_SR830 query : 'SENS?' 
2023-06-06 18:01:46.274845 SRS_SR830 resp  : '15' 
2023-06-06 18:01:46.275811 SRS_SR830 query : 'ISRC?' 
2023-06-06 18:01:46.311807 SRS_SR830 resp  : '1' 
2023-06-06 18:01:46.312769 SRS_SR830 query : 'SENS?' 
2023-06-06 18:01:46.358881 SRS_SR830 resp  : '15' 
2023-06-06 18:01:46.359926 SRS_SR830 write : 'SENS 16' 
2023-06-06 18:01:46.361880 SRS_SR830 query : 'OUTP? 2' 
2023-06-06 18:01:46.710464 SRS_SR830 resp  : '0.000142814' 
2023-06-06 18:01:46.712467 SRS_SR830 query : 'SENS?' 
2023-06-06 18:01:46.749052 SRS_SR830 resp  : '16' 
2023-06-06 18:01:46.750048 SRS_SR830 query : 'ISRC?' 
2023-06-06 18:01:46.787168 SRS_SR830 resp  : '1' 
2023-06-06 18:01:46.852014 KEPCO BOP 50-8D write : 'CURR 0.1424' 
2023-06-06 18:01:47.363259 SRS_SR830 query : 'OUTP? 1' 
2023-06-06 18:01:47.423125 SRS_SR830 resp  : '-0.000157327' 
2023-06-06 18:01:47.424120 SRS_SR830 query : 'SENS?' 
2023-06-06 18:01:47.461350 SRS_SR830 resp  : '16' 
2023-06-06 18:01:47.463354 SRS_SR830 query : 'ISRC?' 
2023-06-06 18:01:47.498374 SRS_SR830 resp  : '1' 
2023-06-06 18:01:47.498374 SRS_SR830 query : 'OUTP? 2' 
2023-06-06 18:01:47.554908 SRS_SR830 resp  : '0.000133575' 
2023-06-06 18:01:47.555958 SRS_SR830 query : 'SENS?' 
2023-06-06 18:01:47.594760 SRS_SR830 resp  : '16' 
2023-06-06 18:01:47.595717 SRS_SR830 query : 'ISRC?' 
2023-06-06 18:01:47.632397 SRS_SR830 resp  : '1' 
2023-06-06 18:01:47.694227 KEPCO BOP 50-8D write : 'CURR 0.1449' 
2023-06-06 18:01:48.209408 SRS_SR830 query : 'OUTP? 1' 
2023-06-06 18:01:48.267711 SRS_SR830 resp  : '-0.000175686' 
2023-06-06 18:01:48.268767 SRS_SR830 query : 'SENS?' 
2023-06-06 18:01:48.305928 SRS_SR830 resp  : '16' 
2023-06-06 18:01:48.306935 SRS_SR830 query : 'ISRC?' 
2023-06-06 18:01:48.343903 SRS_SR830 resp  : '1' 
2023-06-06 18:01:48.344865 SRS_SR830 query : 'OUTP? 2' 
2023-06-06 18:01:48.401277 SRS_SR830 resp  : '0.000150681' 
2023-06-06 18:01:48.402275 SRS_SR830 query : 'SENS?' 
2023-06-06 18:01:48.439463 SRS_SR830 resp  : '16' 
2023-06-06 18:01:48.440465 SRS_SR830 query : 'ISRC?' 
2023-06-06 18:01:48.475087 SRS_SR830 resp  : '1' 
2023-06-06 18:01:48.525985 KEPCO BOP 50-8D write : 'CURR 0.1475' 
2023-06-06 18:01:49.042270 SRS_SR830 query : 'OUTP? 1' 
2023-06-06 18:01:49.101975 SRS_SR830 resp  : '-0.000173897' 
2023-06-06 18:01:49.102970 SRS_SR830 query : 'SENS?' 
2023-06-06 18:01:49.140228 SRS_SR830 resp  : '16' 
2023-06-06 18:01:49.142175 SRS_SR830 query : 'ISRC?' 
2023-06-06 18:01:49.177567 SRS_SR830 resp  : '1' 
2023-06-06 18:01:49.179569 SRS_SR830 query : 'OUTP? 2' 
2023-06-06 18:01:49.234842 SRS_SR830 resp  : '0.000145019' 
2023-06-06 18:01:49.235848 SRS_SR830 query : 'SENS?' 
2023-06-06 18:01:49.274271 SRS_SR830 resp  : '16' 
2023-06-06 18:01:49.275268 SRS_SR830 query : 'ISRC?' 
2023-06-06 18:01:49.311137 SRS_SR830 resp  : '1' 
2023-06-06 18:01:49.377993 KEPCO BOP 50-8D write : 'CURR 0.1501' 
2023-06-06 18:01:49.883767 SRS_SR830 query : 'OUTP? 1' 
2023-06-06 18:01:49.941416 SRS_SR830 resp  : '-0.000161977' 
2023-06-06 18:01:49.943414 SRS_SR830 query : 'SENS?' 
2023-06-06 18:01:49.980116 SRS_SR830 resp  : '16' 
2023-06-06 18:01:49.982117 SRS_SR830 query : 'ISRC?' 
2023-06-06 18:01:50.018668 SRS_SR830 resp  : '1' 
2023-06-06 18:01:50.019678 SRS_SR830 query : 'OUTP? 2' 
2023-06-06 18:01:50.075531 SRS_SR830 resp  : '0.000125856' 
2023-06-06 18:01:50.076497 SRS_SR830 query : 'SENS?' 
2023-06-06 18:01:50.114840 SRS_SR830 resp  : '16' 
2023-06-06 18:01:50.115848 SRS_SR830 query : 'ISRC?' 
2023-06-06 18:01:50.152384 SRS_SR830 resp  : '1' 
2023-06-06 18:01:50.218203 KEPCO BOP 50-8D write : 'CURR 0.1526' 
2023-06-06 18:01:50.734065 SRS_SR830 query : 'OUTP? 1' 
2023-06-06 18:01:50.793073 SRS_SR830 resp  : '-0.000142367' 
2023-06-06 18:01:50.794043 SRS_SR830 query : 'SENS?' 
2023-06-06 18:01:50.831660 SRS_SR830 resp  : '16' 
2023-06-06 18:01:50.831660 SRS_SR830 query : 'ISRC?' 
2023-06-06 18:01:50.867538 SRS_SR830 resp  : '1' 
2023-06-06 18:01:50.867538 SRS_SR830 query : 'OUTP? 2' 
2023-06-06 18:01:50.924109 SRS_SR830 resp  : '9.59937e-005' 
2023-06-06 18:01:50.926156 SRS_SR830 query : 'SENS?' 
2023-06-06 18:01:50.964209 SRS_SR830 resp  : '16' 
2023-06-06 18:01:50.964209 SRS_SR830 query : 'ISRC?' 
2023-06-06 18:01:50.999612 SRS_SR830 resp  : '1' 
2023-06-06 18:01:51.051505 KEPCO BOP 50-8D write : 'CURR 0.1552' 
2023-06-06 18:01:51.569783 SRS_SR830 query : 'OUTP? 1' 
2023-06-06 18:01:51.628561 SRS_SR830 resp  : '-0.000121922' 
2023-06-06 18:01:51.629568 SRS_SR830 query : 'SENS?' 
2023-06-06 18:01:51.668098 SRS_SR830 resp  : '16' 
2023-06-06 18:01:51.669109 SRS_SR830 query : 'ISRC?' 
2023-06-06 18:01:51.704839 SRS_SR830 resp  : '1' 
2023-06-06 18:01:51.705844 SRS_SR830 query : 'OUTP? 2' 
2023-06-06 18:01:51.763320 SRS_SR830 resp  : '6.17509e-005' 
2023-06-06 18:01:51.764317 SRS_SR830 query : 'SENS?' 
2023-06-06 18:01:51.800855 SRS_SR830 resp  : '16' 
2023-06-06 18:01:51.801887 SRS_SR830 query : 'ISRC?' 
2023-06-06 18:01:51.837495 SRS_SR830 resp  : '1' 
2023-06-06 18:01:51.892379 KEPCO BOP 50-8D write : 'CURR 0.1578' 
2023-06-06 18:01:52.395049 SRS_SR830 query : 'OUTP? 1' 
2023-06-06 18:01:52.454890 SRS_SR830 resp  : '-9.24175e-005' 
2023-06-06 18:01:52.455905 SRS_SR830 query : 'SENS?' 
2023-06-06 18:01:52.494840 SRS_SR830 resp  : '16' 
2023-06-06 18:01:52.495843 SRS_SR830 query : 'ISRC?' 
2023-06-06 18:01:52.532637 SRS_SR830 resp  : '1' 
2023-06-06 18:01:52.533632 SRS_SR830 query : 'OUTP? 2' 
2023-06-06 18:01:52.591119 SRS_SR830 resp  : '2.20538e-005' 
2023-06-06 18:01:52.592115 SRS_SR830 query : 'SENS?' 
2023-06-06 18:01:52.629115 SRS_SR830 resp  : '16' 
2023-06-06 18:01:52.630122 SRS_SR830 query : 'ISRC?' 
2023-06-06 18:01:52.668135 SRS_SR830 resp  : '1' 
2023-06-06 18:01:52.740934 KEPCO BOP 50-8D write : 'CURR 0.1603' 
2023-06-06 18:01:53.257767 SRS_SR830 query : 'OUTP? 1' 
2023-06-06 18:01:53.318026 SRS_SR830 resp  : '-6.92611e-005' 
2023-06-06 18:01:53.319020 SRS_SR830 query : 'SENS?' 
2023-06-06 18:01:53.356183 SRS_SR830 resp  : '16' 
2023-06-06 18:01:53.357181 SRS_SR830 query : 'ISRC?' 
2023-06-06 18:01:53.393118 SRS_SR830 resp  : '1' 
2023-06-06 18:01:53.395120 SRS_SR830 query : 'OUTP? 2' 
2023-06-06 18:01:53.452377 SRS_SR830 resp  : '-3.48093e-005' 
2023-06-06 18:01:53.453387 SRS_SR830 query : 'SENS?' 
2023-06-06 18:01:53.491488 SRS_SR830 resp  : '16' 
2023-06-06 18:01:53.491488 SRS_SR830 query : 'ISRC?' 
2023-06-06 18:01:53.527286 SRS_SR830 resp  : '1' 
2023-06-06 18:01:53.576159 KEPCO BOP 50-8D write : 'CURR 0.1629' 
2023-06-06 18:01:54.090351 SRS_SR830 query : 'OUTP? 1' 
2023-06-06 18:01:54.150172 SRS_SR830 resp  : '-2.19942e-005' 
2023-06-06 18:01:54.151173 SRS_SR830 query : 'SENS?' 
2023-06-06 18:01:54.187610 SRS_SR830 resp  : '16' 
2023-06-06 18:01:54.188619 SRS_SR830 query : 'ISRC?' 
2023-06-06 18:01:54.225032 SRS_SR830 resp  : '1' 
2023-06-06 18:01:54.225032 SRS_SR830 query : 'OUTP? 2' 
2023-06-06 18:01:54.282975 SRS_SR830 resp  : '-7.35824e-005' 
2023-06-06 18:01:54.284977 SRS_SR830 query : 'SENS?' 
2023-06-06 18:01:54.323072 SRS_SR830 resp  : '16' 
2023-06-06 18:01:54.324066 SRS_SR830 query : 'ISRC?' 
2023-06-06 18:01:54.361995 SRS_SR830 resp  : '1' 
2023-06-06 18:01:54.427809 KEPCO BOP 50-8D write : 'CURR 0.1655' 
2023-06-06 18:01:54.942209 SRS_SR830 query : 'OUTP? 1' 
2023-06-06 18:01:55.001013 SRS_SR830 resp  : '5.69227e-006' 
2023-06-06 18:01:55.001973 SRS_SR830 query : 'SENS?' 
2023-06-06 18:01:55.038571 SRS_SR830 resp  : '16' 
2023-06-06 18:01:55.040574 SRS_SR830 query : 'ISRC?' 
2023-06-06 18:01:55.075798 SRS_SR830 resp  : '1' 
2023-06-06 18:01:55.076746 SRS_SR830 query : 'OUTP? 2' 
2023-06-06 18:01:55.136095 SRS_SR830 resp  : '-0.000106484' 
2023-06-06 18:01:55.137106 SRS_SR830 query : 'SENS?' 
2023-06-06 18:01:55.180091 SRS_SR830 resp  : '16' 
2023-06-06 18:01:55.181054 SRS_SR830 query : 'ISRC?' 
2023-06-06 18:01:55.215665 SRS_SR830 resp  : '1' 
2023-06-06 18:01:55.260545 KEPCO BOP 50-8D write : 'CURR 0.1680' 
2023-06-06 18:01:55.766201 SRS_SR830 query : 'OUTP? 1' 
2023-06-06 18:01:55.824835 SRS_SR830 resp  : '3.21569e-005' 
2023-06-06 18:01:55.825846 SRS_SR830 query : 'SENS?' 
2023-06-06 18:01:55.862211 SRS_SR830 resp  : '16' 
2023-06-06 18:01:55.862211 SRS_SR830 query : 'ISRC?' 
2023-06-06 18:01:55.898330 SRS_SR830 resp  : '1' 
2023-06-06 18:01:55.898330 SRS_SR830 query : 'OUTP? 2' 
2023-06-06 18:01:55.957282 SRS_SR830 resp  : '-0.000143231' 
2023-06-06 18:01:55.957282 SRS_SR830 query : 'SENS?' 
2023-06-06 18:01:55.995762 SRS_SR830 resp  : '16' 
2023-06-06 18:01:55.996760 SRS_SR830 query : 'ISRC?' 
2023-06-06 18:01:56.033026 SRS_SR830 resp  : '1' 
2023-06-06 18:01:56.080906 KEPCO BOP 50-8D write : 'CURR 0.1706' 
2023-06-06 18:01:56.583327 SRS_SR830 query : 'OUTP? 1' 
2023-06-06 18:01:56.641987 SRS_SR830 resp  : '5.75187e-005' 
2023-06-06 18:01:56.642997 SRS_SR830 query : 'SENS?' 
2023-06-06 18:01:56.680351 SRS_SR830 resp  : '16' 
2023-06-06 18:01:56.680351 SRS_SR830 query : 'ISRC?' 
2023-06-06 18:01:56.716033 SRS_SR830 resp  : '1' 
2023-06-06 18:01:56.716033 SRS_SR830 query : 'OUTP? 2' 
2023-06-06 18:01:56.773963 SRS_SR830 resp  : '-0.000177533' 
2023-06-06 18:01:56.774836 SRS_SR830 query : 'SENS?' 
2023-06-06 18:01:56.811294 SRS_SR830 resp  : '16' 
2023-06-06 18:01:56.811294 SRS_SR830 query : 'ISRC?' 
2023-06-06 18:01:56.847500 SRS_SR830 resp  : '1' 
2023-06-06 18:01:56.907334 KEPCO BOP 50-8D write : 'CURR 0.1732' 
2023-06-06 18:01:57.421432 SRS_SR830 query : 'OUTP? 1' 
2023-06-06 18:01:57.480276 SRS_SR830 resp  : '8.24039e-005' 
2023-06-06 18:01:57.481271 SRS_SR830 query : 'SENS?' 
2023-06-06 18:01:57.520031 SRS_SR830 resp  : '16' 
2023-06-06 18:01:57.520996 SRS_SR830 query : 'ISRC?' 
2023-06-06 18:01:57.558078 SRS_SR830 resp  : '1' 
2023-06-06 18:01:57.559073 SRS_SR830 query : 'OUTP? 2' 
2023-06-06 18:01:57.617128 SRS_SR830 resp  : '-0.000209034' 
2023-06-06 18:01:57.618126 SRS_SR830 query : 'SENS?' 
2023-06-06 18:01:57.656038 SRS_SR830 resp  : '16' 
2023-06-06 18:01:57.657032 SRS_SR830 query : 'ISRC?' 
2023-06-06 18:01:57.692899 SRS_SR830 resp  : '1' 
2023-06-06 18:01:57.742769 KEPCO BOP 50-8D write : 'CURR 0.1757' 
2023-06-06 18:01:58.252914 SRS_SR830 query : 'OUTP? 1' 
2023-06-06 18:01:58.311296 SRS_SR830 resp  : '0.000100852' 
2023-06-06 18:01:58.312293 SRS_SR830 query : 'SENS?' 
2023-06-06 18:01:58.349840 SRS_SR830 resp  : '16' 
2023-06-06 18:01:58.351841 SRS_SR830 query : 'ISRC?' 
2023-06-06 18:01:58.387906 SRS_SR830 resp  : '1' 
2023-06-06 18:01:58.388906 SRS_SR830 query : 'OUTP? 2' 
2023-06-06 18:01:58.447067 SRS_SR830 resp  : '-0.000235231' 
2023-06-06 18:01:58.448023 SRS_SR830 query : 'SENS?' 
2023-06-06 18:01:58.489113 SRS_SR830 resp  : '16' 
2023-06-06 18:01:58.490062 SRS_SR830 query : 'ISRC?' 
2023-06-06 18:01:58.527113 SRS_SR830 resp  : '1' 
2023-06-06 18:01:58.590968 KEPCO BOP 50-8D write : 'CURR 0.1783' 
2023-06-06 18:01:59.102359 SRS_SR830 query : 'OUTP? 1' 
2023-06-06 18:01:59.158435 SRS_SR830 resp  : '0.00011316' 
2023-06-06 18:01:59.158435 SRS_SR830 query : 'SENS?' 
2023-06-06 18:01:59.195058 SRS_SR830 resp  : '16' 
2023-06-06 18:01:59.196065 SRS_SR830 query : 'ISRC?' 
2023-06-06 18:01:59.233194 SRS_SR830 resp  : '1' 
2023-06-06 18:01:59.234188 SRS_SR830 query : 'OUTP? 2' 
2023-06-06 18:01:59.292009 SRS_SR830 resp  : '-0.000247331' 
2023-06-06 18:01:59.292970 SRS_SR830 query : 'SENS?' 
2023-06-06 18:01:59.330754 SRS_SR830 resp  : '16' 
2023-06-06 18:01:59.331717 SRS_SR830 query : 'ISRC?' 
2023-06-06 18:01:59.368619 SRS_SR830 resp  : '1' 
2023-06-06 18:01:59.434437 KEPCO BOP 50-8D write : 'CURR 0.1809' 
2023-06-06 18:01:59.943082 SRS_SR830 query : 'OUTP? 1' 
2023-06-06 18:02:00.001398 SRS_SR830 resp  : '0.000122041' 
2023-06-06 18:02:00.002347 SRS_SR830 query : 'SENS?' 
2023-06-06 18:02:00.039943 SRS_SR830 resp  : '16' 
2023-06-06 18:02:00.040607 SRS_SR830 query : 'ISRC?' 
2023-06-06 18:02:00.075360 SRS_SR830 resp  : '1' 
2023-06-06 18:02:00.076356 SRS_SR830 query : 'OUTP? 2' 
2023-06-06 18:02:00.134450 SRS_SR830 resp  : '-0.000253918' 
2023-06-06 18:02:00.135412 SRS_SR830 query : 'SENS?' 
2023-06-06 18:02:00.172797 SRS_SR830 resp  : '16' 
2023-06-06 18:02:00.173800 SRS_SR830 query : 'ISRC?' 
2023-06-06 18:02:00.211338 SRS_SR830 resp  : '1' 
2023-06-06 18:02:00.277112 KEPCO BOP 50-8D write : 'CURR 0.1834' 
2023-06-06 18:02:00.793447 SRS_SR830 query : 'OUTP? 1' 
2023-06-06 18:02:00.850861 SRS_SR830 resp  : '0.000124992' 
2023-06-06 18:02:00.851858 SRS_SR830 query : 'SENS?' 
2023-06-06 18:02:00.890077 SRS_SR830 resp  : '16' 
2023-06-06 18:02:00.891084 SRS_SR830 query : 'ISRC?' 
2023-06-06 18:02:00.928734 SRS_SR830 resp  : '1' 
2023-06-06 18:02:00.929729 SRS_SR830 query : 'OUTP? 2' 
2023-06-06 18:02:00.987170 SRS_SR830 resp  : '-0.000256004' 
2023-06-06 18:02:00.988177 SRS_SR830 query : 'SENS?' 
2023-06-06 18:02:01.025611 SRS_SR830 resp  : '16' 
2023-06-06 18:02:01.027613 SRS_SR830 query : 'ISRC?' 
2023-06-06 18:02:01.064076 SRS_SR830 resp  : '1' 
2023-06-06 18:02:01.127855 KEPCO BOP 50-8D write : 'CURR 0.1860' 
2023-06-06 18:02:01.640580 SRS_SR830 query : 'OUTP? 1' 
2023-06-06 18:02:01.696139 SRS_SR830 resp  : '0.00011763' 
2023-06-06 18:02:01.697107 SRS_SR830 query : 'SENS?' 
2023-06-06 18:02:01.734567 SRS_SR830 resp  : '16' 
2023-06-06 18:02:01.734567 SRS_SR830 query : 'ISRC?' 
2023-06-06 18:02:01.771083 SRS_SR830 resp  : '1' 
2023-06-06 18:02:01.772077 SRS_SR830 query : 'OUTP? 2' 
2023-06-06 18:02:01.828120 SRS_SR830 resp  : '-0.000245364' 
2023-06-06 18:02:01.829122 SRS_SR830 query : 'SENS?' 
2023-06-06 18:02:01.867344 SRS_SR830 resp  : '16' 
2023-06-06 18:02:01.868293 SRS_SR830 query : 'ISRC?' 
2023-06-06 18:02:01.903772 SRS_SR830 resp  : '1' 
2023-06-06 18:02:01.979607 KEPCO BOP 50-8D write : 'CURR 0.1886' 
2023-06-06 18:02:02.495305 SRS_SR830 query : 'OUTP? 1' 
2023-06-06 18:02:02.552697 SRS_SR830 resp  : '0.000101269' 
2023-06-06 18:02:02.554694 SRS_SR830 query : 'SENS?' 
2023-06-06 18:02:02.593261 SRS_SR830 resp  : '16' 
2023-06-06 18:02:02.594266 SRS_SR830 query : 'ISRC?' 
2023-06-06 18:02:02.629416 SRS_SR830 resp  : '1' 
2023-06-06 18:02:02.631466 SRS_SR830 query : 'OUTP? 2' 
2023-06-06 18:02:02.690137 SRS_SR830 resp  : '-0.000224621' 
2023-06-06 18:02:02.691131 SRS_SR830 query : 'SENS?' 
2023-06-06 18:02:02.728403 SRS_SR830 resp  : '16' 
2023-06-06 18:02:02.728403 SRS_SR830 query : 'ISRC?' 
2023-06-06 18:02:02.764185 SRS_SR830 resp  : '1' 
2023-06-06 18:02:02.821768 KEPCO BOP 50-8D write : 'CURR 0.1911' 
2023-06-06 18:02:03.326182 SRS_SR830 query : 'OUTP? 1' 
2023-06-06 18:02:03.384883 SRS_SR830 resp  : '8.68444e-005' 
2023-06-06 18:02:03.385887 SRS_SR830 query : 'SENS?' 
2023-06-06 18:02:03.424625 SRS_SR830 resp  : '16' 
2023-06-06 18:02:03.425621 SRS_SR830 query : 'ISRC?' 
2023-06-06 18:02:03.460841 SRS_SR830 resp  : '1' 
2023-06-06 18:02:03.462891 SRS_SR830 query : 'OUTP? 2' 
2023-06-06 18:02:03.521117 SRS_SR830 resp  : '-0.000202359' 
2023-06-06 18:02:03.522111 SRS_SR830 query : 'SENS?' 
2023-06-06 18:02:03.560658 SRS_SR830 resp  : '16' 
2023-06-06 18:02:03.561663 SRS_SR830 query : 'ISRC?' 
2023-06-06 18:02:03.599468 SRS_SR830 resp  : '1' 
2023-06-06 18:02:03.664322 KEPCO BOP 50-8D write : 'CURR 0.1937' 
2023-06-06 18:02:04.172114 SRS_SR830 query : 'OUTP? 1' 
2023-06-06 18:02:04.224714 SRS_SR830 resp  : '6.44927e-005' 
2023-06-06 18:02:04.224714 SRS_SR830 query : 'SENS?' 
2023-06-06 18:02:04.267341 SRS_SR830 resp  : '16' 
2023-06-06 18:02:04.268348 SRS_SR830 query : 'ISRC?' 
2023-06-06 18:02:04.306014 SRS_SR830 resp  : '1' 
2023-06-06 18:02:04.307010 SRS_SR830 query : 'OUTP? 2' 
2023-06-06 18:02:04.364270 SRS_SR830 resp  : '-0.00016752' 
2023-06-06 18:02:04.365280 SRS_SR830 query : 'SENS?' 
2023-06-06 18:02:04.402203 SRS_SR830 resp  : '16' 
2023-06-06 18:02:04.404205 SRS_SR830 query : 'ISRC?' 
2023-06-06 18:02:04.439662 SRS_SR830 resp  : '1' 
2023-06-06 18:02:04.507508 KEPCO BOP 50-8D write : 'CURR 0.1963' 
2023-06-06 18:02:05.017302 SRS_SR830 query : 'OUTP? 1' 
2023-06-06 18:02:05.075151 SRS_SR830 resp  : '4.49123e-005' 
2023-06-06 18:02:05.076143 SRS_SR830 query : 'SENS?' 
2023-06-06 18:02:05.115604 SRS_SR830 resp  : '16' 
2023-06-06 18:02:05.116566 SRS_SR830 query : 'ISRC?' 
2023-06-06 18:02:05.151713 SRS_SR830 resp  : '1' 
2023-06-06 18:02:05.153716 SRS_SR830 query : 'OUTP? 2' 
2023-06-06 18:02:05.211711 SRS_SR830 resp  : '-0.000138284' 
2023-06-06 18:02:05.212702 SRS_SR830 query : 'SENS?' 
2023-06-06 18:02:05.251659 SRS_SR830 resp  : '16' 
2023-06-06 18:02:05.252617 SRS_SR830 query : 'ISRC?' 
2023-06-06 18:02:05.289047 SRS_SR830 resp  : '1' 
2023-06-06 18:02:05.352874 KEPCO BOP 50-8D write : 'CURR 0.1988' 
2023-06-06 18:02:05.868166 SRS_SR830 query : 'OUTP? 1' 
2023-06-06 18:02:05.927346 SRS_SR830 resp  : '3.25444e-005' 
2023-06-06 18:02:05.928342 SRS_SR830 query : 'SENS?' 
2023-06-06 18:02:05.965667 SRS_SR830 resp  : '16' 
2023-06-06 18:02:05.966666 SRS_SR830 query : 'ISRC?' 
2023-06-06 18:02:06.003910 SRS_SR830 resp  : '1' 
2023-06-06 18:02:06.004911 SRS_SR830 query : 'OUTP? 2' 
2023-06-06 18:02:06.063361 SRS_SR830 resp  : '-0.000113309' 
2023-06-06 18:02:06.064361 SRS_SR830 query : 'SENS?' 
2023-06-06 18:02:06.101616 SRS_SR830 resp  : '16' 
2023-06-06 18:02:06.102615 SRS_SR830 query : 'ISRC?' 
2023-06-06 18:02:06.138382 SRS_SR830 resp  : '1' 
2023-06-06 18:02:06.193266 KEPCO BOP 50-8D write : 'CURR 0.2014' 
2023-06-06 18:02:06.698782 SRS_SR830 query : 'OUTP? 1' 
2023-06-06 18:02:06.757471 SRS_SR830 resp  : '1.39475e-005' 
2023-06-06 18:02:06.758466 SRS_SR830 query : 'SENS?' 
2023-06-06 18:02:06.795207 SRS_SR830 resp  : '16' 
2023-06-06 18:02:06.797209 SRS_SR830 query : 'ISRC?' 
2023-06-06 18:02:06.834103 SRS_SR830 resp  : '1' 
2023-06-06 18:02:06.835101 SRS_SR830 query : 'OUTP? 2' 
2023-06-06 18:02:06.891326 SRS_SR830 resp  : '-9.1732e-005' 
2023-06-06 18:02:06.893328 SRS_SR830 query : 'SENS?' 
2023-06-06 18:02:06.931595 SRS_SR830 resp  : '16' 
2023-06-06 18:02:06.932580 SRS_SR830 query : 'ISRC?' 
2023-06-06 18:02:06.968391 SRS_SR830 resp  : '1' 
2023-06-06 18:02:07.011278 KEPCO BOP 50-8D write : 'CURR 0.2040' 
2023-06-06 18:02:07.528296 SRS_SR830 query : 'OUTP? 1' 
2023-06-06 18:02:07.586136 SRS_SR830 resp  : '-1.1921e-007' 
2023-06-06 18:02:07.586136 SRS_SR830 query : 'SENS?' 
2023-06-06 18:02:07.623076 SRS_SR830 resp  : '16' 
2023-06-06 18:02:07.624114 SRS_SR830 query : 'ISRC?' 
2023-06-06 18:02:07.660588 SRS_SR830 resp  : '1' 
2023-06-06 18:02:07.661593 SRS_SR830 query : 'OUTP? 2' 
2023-06-06 18:02:07.719987 SRS_SR830 resp  : '-7.70097e-005' 
2023-06-06 18:02:07.720984 SRS_SR830 query : 'SENS?' 
2023-06-06 18:02:07.758888 SRS_SR830 resp  : '16' 
2023-06-06 18:02:07.759883 SRS_SR830 query : 'ISRC?' 
2023-06-06 18:02:07.796105 SRS_SR830 resp  : '1' 
2023-06-06 18:02:07.857920 KEPCO BOP 50-8D write : 'CURR 0.2065' 
2023-06-06 18:02:08.361796 SRS_SR830 query : 'OUTP? 1' 
2023-06-06 18:02:08.422913 SRS_SR830 resp  : '-7.00357e-006' 
2023-06-06 18:02:08.423910 SRS_SR830 query : 'SENS?' 
2023-06-06 18:02:08.461302 SRS_SR830 resp  : '16' 
2023-06-06 18:02:08.463304 SRS_SR830 query : 'ISRC?' 
2023-06-06 18:02:08.499255 SRS_SR830 resp  : '1' 
2023-06-06 18:02:08.500252 SRS_SR830 query : 'OUTP? 2' 
2023-06-06 18:02:08.559418 SRS_SR830 resp  : '-6.13932e-005' 
2023-06-06 18:02:08.560425 SRS_SR830 query : 'SENS?' 
2023-06-06 18:02:08.598049 SRS_SR830 resp  : '16' 
2023-06-06 18:02:08.598049 SRS_SR830 query : 'ISRC?' 
2023-06-06 18:02:08.633681 SRS_SR830 resp  : '1' 
2023-06-06 18:02:08.677565 KEPCO BOP 50-8D write : 'CURR 0.2091' 
2023-06-06 18:02:09.194037 SRS_SR830 query : 'OUTP? 1' 
2023-06-06 18:02:09.252829 SRS_SR830 resp  : '-1.56165e-005' 
2023-06-06 18:02:09.253828 SRS_SR830 query : 'SENS?' 
2023-06-06 18:02:09.290338 SRS_SR830 resp  : '16' 
2023-06-06 18:02:09.291315 SRS_SR830 query : 'ISRC?' 
2023-06-06 18:02:09.322332 SRS_SR830 resp  : '1' 
2023-06-06 18:02:09.322332 SRS_SR830 query : 'OUTP? 2' 
2023-06-06 18:02:09.385371 SRS_SR830 resp  : '-5.76975e-005' 
2023-06-06 18:02:09.385371 SRS_SR830 query : 'SENS?' 
2023-06-06 18:02:09.424087 SRS_SR830 resp  : '16' 
2023-06-06 18:02:09.425084 SRS_SR830 query : 'ISRC?' 
2023-06-06 18:02:09.460516 SRS_SR830 resp  : '1' 
2023-06-06 18:02:09.508425 KEPCO BOP 50-8D write : 'CURR 0.2117' 
2023-06-06 18:02:10.018263 SRS_SR830 query : 'OUTP? 1' 
2023-06-06 18:02:10.077918 SRS_SR830 resp  : '-1.74047e-005' 
2023-06-06 18:02:10.078914 SRS_SR830 query : 'SENS?' 
2023-06-06 18:02:10.116582 SRS_SR830 resp  : '16' 
2023-06-06 18:02:10.116582 SRS_SR830 query : 'ISRC?' 
2023-06-06 18:02:10.152470 SRS_SR830 resp  : '1' 
2023-06-06 18:02:10.153474 SRS_SR830 query : 'OUTP? 2' 
2023-06-06 18:02:10.210986 SRS_SR830 resp  : '-5.00383e-005' 
2023-06-06 18:02:10.212984 SRS_SR830 query : 'SENS?' 
2023-06-06 18:02:10.250586 SRS_SR830 resp  : '16' 
2023-06-06 18:02:10.251548 SRS_SR830 query : 'ISRC?' 
2023-06-06 18:02:10.287253 SRS_SR830 resp  : '1' 
2023-06-06 18:02:10.354078 KEPCO BOP 50-8D write : 'CURR 0.2143' 
2023-06-06 18:02:10.866435 SRS_SR830 query : 'OUTP? 1' 
2023-06-06 18:02:10.927412 SRS_SR830 resp  : '-2.29777e-005' 
2023-06-06 18:02:10.928421 SRS_SR830 query : 'SENS?' 
2023-06-06 18:02:10.966125 SRS_SR830 resp  : '16' 
2023-06-06 18:02:10.967139 SRS_SR830 query : 'ISRC?' 
2023-06-06 18:02:11.003336 SRS_SR830 resp  : '1' 
2023-06-06 18:02:11.005340 SRS_SR830 query : 'OUTP? 2' 
2023-06-06 18:02:11.064143 SRS_SR830 resp  : '-4.69389e-005' 
2023-06-06 18:02:11.065139 SRS_SR830 query : 'SENS?' 
2023-06-06 18:02:11.103539 SRS_SR830 resp  : '16' 
2023-06-06 18:02:11.104549 SRS_SR830 query : 'ISRC?' 
2023-06-06 18:02:11.139833 SRS_SR830 resp  : '1' 
2023-06-06 18:02:11.192724 KEPCO BOP 50-8D write : 'CURR 0.2168' 
2023-06-06 18:02:11.697049 SRS_SR830 query : 'OUTP? 1' 
2023-06-06 18:02:11.757551 SRS_SR830 resp  : '-2.88786e-005' 
2023-06-06 18:02:11.758547 SRS_SR830 query : 'SENS?' 
2023-06-06 18:02:11.795611 SRS_SR830 resp  : '16' 
2023-06-06 18:02:11.796607 SRS_SR830 query : 'ISRC?' 
2023-06-06 18:02:11.833335 SRS_SR830 resp  : '1' 
2023-06-06 18:02:11.834332 SRS_SR830 query : 'OUTP? 2' 
2023-06-06 18:02:11.892714 SRS_SR830 resp  : '-4.64024e-005' 
2023-06-06 18:02:11.893725 SRS_SR830 query : 'SENS?' 
2023-06-06 18:02:11.931912 SRS_SR830 resp  : '16' 
2023-06-06 18:02:11.932914 SRS_SR830 query : 'ISRC?' 
2023-06-06 18:02:11.968133 SRS_SR830 resp  : '1' 
2023-06-06 18:02:12.035957 KEPCO BOP 50-8D write : 'CURR 0.2194' 
2023-06-06 18:02:12.549295 SRS_SR830 query : 'OUTP? 1' 
2023-06-06 18:02:12.607249 SRS_SR830 resp  : '-2.9564e-005' 
2023-06-06 18:02:12.608237 SRS_SR830 query : 'SENS?' 
2023-06-06 18:02:12.646668 SRS_SR830 resp  : '16' 
2023-06-06 18:02:12.647676 SRS_SR830 query : 'ISRC?' 
2023-06-06 18:02:12.685003 SRS_SR830 resp  : '1' 
2023-06-06 18:02:12.686001 SRS_SR830 query : 'OUTP? 2' 
2023-06-06 18:02:12.743665 SRS_SR830 resp  : '-4.19917e-005' 
2023-06-06 18:02:12.745668 SRS_SR830 query : 'SENS?' 
2023-06-06 18:02:12.783384 SRS_SR830 resp  : '16' 
2023-06-06 18:02:12.784379 SRS_SR830 query : 'ISRC?' 
2023-06-06 18:02:12.820953 SRS_SR830 resp  : '1' 
2023-06-06 18:02:12.875840 KEPCO BOP 50-8D write : 'CURR 0.2220' 
2023-06-06 18:02:13.378951 SRS_SR830 query : 'OUTP? 1' 
2023-06-06 18:02:13.439054 SRS_SR830 resp  : '-3.27828e-005' 
2023-06-06 18:02:13.440051 SRS_SR830 query : 'SENS?' 
2023-06-06 18:02:13.479471 SRS_SR830 resp  : '16' 
2023-06-06 18:02:13.480468 SRS_SR830 query : 'ISRC?' 
2023-06-06 18:02:13.515727 SRS_SR830 resp  : '1' 
2023-06-06 18:02:13.516731 SRS_SR830 query : 'OUTP? 2' 
2023-06-06 18:02:13.577015 SRS_SR830 resp  : '-3.70147e-005' 
2023-06-06 18:02:13.578024 SRS_SR830 query : 'SENS?' 
2023-06-06 18:02:13.615588 SRS_SR830 resp  : '16' 
2023-06-06 18:02:13.616586 SRS_SR830 query : 'ISRC?' 
2023-06-06 18:02:13.652388 SRS_SR830 resp  : '1' 
2023-06-06 18:02:13.707942 KEPCO BOP 50-8D write : 'CURR 0.2245' 
2023-06-06 18:02:14.211458 SRS_SR830 query : 'OUTP? 1' 
2023-06-06 18:02:14.270309 SRS_SR830 resp  : '-3.74319e-005' 
2023-06-06 18:02:14.272312 SRS_SR830 query : 'SENS?' 
2023-06-06 18:02:14.310734 SRS_SR830 resp  : '16' 
2023-06-06 18:02:14.311693 SRS_SR830 query : 'ISRC?' 
2023-06-06 18:02:14.347464 SRS_SR830 resp  : '1' 
2023-06-06 18:02:14.349461 SRS_SR830 query : 'OUTP? 2' 
2023-06-06 18:02:14.406941 SRS_SR830 resp  : '-3.36769e-005' 
2023-06-06 18:02:14.406941 SRS_SR830 query : 'SENS?' 
2023-06-06 18:02:14.444762 SRS_SR830 resp  : '16' 
2023-06-06 18:02:14.445759 SRS_SR830 query : 'ISRC?' 
2023-06-06 18:02:14.488691 SRS_SR830 resp  : '1' 
2023-06-06 18:02:14.533573 KEPCO BOP 50-8D write : 'CURR 0.2271' 
2023-06-06 18:02:15.046035 SRS_SR830 query : 'OUTP? 1' 
2023-06-06 18:02:15.105044 SRS_SR830 resp  : '-3.75214e-005' 
2023-06-06 18:02:15.105044 SRS_SR830 query : 'SENS?' 
2023-06-06 18:02:15.142343 SRS_SR830 resp  : '16' 
2023-06-06 18:02:15.142343 SRS_SR830 query : 'ISRC?' 
2023-06-06 18:02:15.178018 SRS_SR830 resp  : '1' 
2023-06-06 18:02:15.179014 SRS_SR830 query : 'OUTP? 2' 
2023-06-06 18:02:15.239453 SRS_SR830 resp  : '-3.36769e-005' 
2023-06-06 18:02:15.240449 SRS_SR830 query : 'SENS?' 
2023-06-06 18:02:15.278056 SRS_SR830 resp  : '16' 
2023-06-06 18:02:15.279052 SRS_SR830 query : 'ISRC?' 
2023-06-06 18:02:15.316095 SRS_SR830 resp  : '1' 
2023-06-06 18:02:15.362998 KEPCO BOP 50-8D write : 'CURR 0.2297' 
2023-06-06 18:02:15.879934 SRS_SR830 query : 'OUTP? 1' 
2023-06-06 18:02:15.938227 SRS_SR830 resp  : '-3.78194e-005' 
2023-06-06 18:02:15.939220 SRS_SR830 query : 'SENS?' 
2023-06-06 18:02:15.977498 SRS_SR830 resp  : '16' 
2023-06-06 18:02:15.978504 SRS_SR830 query : 'ISRC?' 
2023-06-06 18:02:16.015339 SRS_SR830 resp  : '1' 
2023-06-06 18:02:16.016334 SRS_SR830 query : 'OUTP? 2' 
2023-06-06 18:02:16.073727 SRS_SR830 resp  : '-3.52266e-005' 
2023-06-06 18:02:16.075730 SRS_SR830 query : 'SENS?' 
2023-06-06 18:02:16.112646 SRS_SR830 resp  : '16' 
2023-06-06 18:02:16.113641 SRS_SR830 query : 'ISRC?' 
2023-06-06 18:02:16.150113 SRS_SR830 resp  : '1' 
2023-06-06 18:02:16.217911 KEPCO BOP 50-8D write : 'CURR 0.2322' 
2023-06-06 18:02:16.723666 SRS_SR830 query : 'OUTP? 1' 
2023-06-06 18:02:16.783433 SRS_SR830 resp  : '-3.93989e-005' 
2023-06-06 18:02:16.784384 SRS_SR830 query : 'SENS?' 
2023-06-06 18:02:16.821076 SRS_SR830 resp  : '16' 
2023-06-06 18:02:16.822115 SRS_SR830 query : 'ISRC?' 
2023-06-06 18:02:16.859547 SRS_SR830 resp  : '1' 
2023-06-06 18:02:16.860601 SRS_SR830 query : 'OUTP? 2' 
2023-06-06 18:02:16.919807 SRS_SR830 resp  : '-3.52862e-005' 
2023-06-06 18:02:16.920803 SRS_SR830 query : 'SENS?' 
2023-06-06 18:02:16.959471 SRS_SR830 resp  : '16' 
2023-06-06 18:02:16.960479 SRS_SR830 query : 'ISRC?' 
2023-06-06 18:02:16.995474 SRS_SR830 resp  : '1' 
2023-06-06 18:02:17.059307 KEPCO BOP 50-8D write : 'CURR 0.2348' 
2023-06-06 18:02:17.563727 SRS_SR830 query : 'OUTP? 1' 
2023-06-06 18:02:17.622542 SRS_SR830 resp  : '-3.97863e-005' 
2023-06-06 18:02:17.622542 SRS_SR830 query : 'SENS?' 
2023-06-06 18:02:17.660391 SRS_SR830 resp  : '16' 
2023-06-06 18:02:17.661394 SRS_SR830 query : 'ISRC?' 
2023-06-06 18:02:17.697165 SRS_SR830 resp  : '1' 
2023-06-06 18:02:17.697165 SRS_SR830 query : 'OUTP? 2' 
2023-06-06 18:02:17.757065 SRS_SR830 resp  : '-3.39153e-005' 
2023-06-06 18:02:17.758061 SRS_SR830 query : 'SENS?' 
2023-06-06 18:02:17.799171 SRS_SR830 resp  : '16' 
2023-06-06 18:02:17.800228 SRS_SR830 query : 'ISRC?' 
2023-06-06 18:02:17.837472 SRS_SR830 resp  : '1' 
2023-06-06 18:02:17.895300 KEPCO BOP 50-8D write : 'CURR 0.2374' 
2023-06-06 18:02:18.409048 SRS_SR830 query : 'OUTP? 1' 
2023-06-06 18:02:18.467249 SRS_SR830 resp  : '-4.09486e-005' 
2023-06-06 18:02:18.468256 SRS_SR830 query : 'SENS?' 
2023-06-06 18:02:18.506570 SRS_SR830 resp  : '16' 
2023-06-06 18:02:18.506570 SRS_SR830 query : 'ISRC?' 
2023-06-06 18:02:18.542610 SRS_SR830 resp  : '1' 
2023-06-06 18:02:18.543613 SRS_SR830 query : 'OUTP? 2' 
2023-06-06 18:02:18.601690 SRS_SR830 resp  : '-3.32894e-005' 
2023-06-06 18:02:18.603692 SRS_SR830 query : 'SENS?' 
2023-06-06 18:02:18.641309 SRS_SR830 resp  : '16' 
2023-06-06 18:02:18.642308 SRS_SR830 query : 'ISRC?' 
2023-06-06 18:02:18.678805 SRS_SR830 resp  : '1' 
2023-06-06 18:02:18.746646 KEPCO BOP 50-8D write : 'CURR 0.2399' 
2023-06-06 18:02:19.254593 SRS_SR830 query : 'OUTP? 1' 
2023-06-06 18:02:19.313001 SRS_SR830 resp  : '-4.12168e-005' 
2023-06-06 18:02:19.313001 SRS_SR830 query : 'SENS?' 
2023-06-06 18:02:19.350770 SRS_SR830 resp  : '16' 
2023-06-06 18:02:19.351810 SRS_SR830 query : 'ISRC?' 
2023-06-06 18:02:19.389177 SRS_SR830 resp  : '1' 
2023-06-06 18:02:19.390184 SRS_SR830 query : 'OUTP? 2' 
2023-06-06 18:02:19.449175 SRS_SR830 resp  : '-3.18887e-005' 
2023-06-06 18:02:19.450176 SRS_SR830 query : 'SENS?' 
2023-06-06 18:02:19.488764 SRS_SR830 resp  : '16' 
2023-06-06 18:02:19.489758 SRS_SR830 query : 'ISRC?' 
2023-06-06 18:02:19.526067 SRS_SR830 resp  : '1' 
2023-06-06 18:02:19.590848 KEPCO BOP 50-8D write : 'CURR 0.2425' 
2023-06-06 18:02:20.102657 SRS_SR830 query : 'OUTP? 1' 
2023-06-06 18:02:20.161718 SRS_SR830 resp  : '-4.15447e-005' 
2023-06-06 18:02:20.161718 SRS_SR830 query : 'SENS?' 
2023-06-06 18:02:20.200255 SRS_SR830 resp  : '16' 
2023-06-06 18:02:20.201210 SRS_SR830 query : 'ISRC?' 
2023-06-06 18:02:20.237775 SRS_SR830 resp  : '1' 
2023-06-06 18:02:20.238781 SRS_SR830 query : 'OUTP? 2' 
2023-06-06 18:02:20.297052 SRS_SR830 resp  : '-3.19483e-005' 
2023-06-06 18:02:20.298103 SRS_SR830 query : 'SENS?' 
2023-06-06 18:02:20.336168 SRS_SR830 resp  : '16' 
2023-06-06 18:02:20.336168 SRS_SR830 query : 'ISRC?' 
2023-06-06 18:02:20.372650 SRS_SR830 resp  : '1' 
2023-06-06 18:02:20.422552 KEPCO BOP 50-8D write : 'CURR 0.2451' 
2023-06-06 18:02:20.938233 SRS_SR830 query : 'OUTP? 1' 
2023-06-06 18:02:20.998136 SRS_SR830 resp  : '-2.91766e-005' 
2023-06-06 18:02:20.999112 SRS_SR830 query : 'SENS?' 
2023-06-06 18:02:21.038022 SRS_SR830 resp  : '16' 
2023-06-06 18:02:21.038022 SRS_SR830 query : 'ISRC?' 
2023-06-06 18:02:21.073437 SRS_SR830 resp  : '1' 
2023-06-06 18:02:21.073437 SRS_SR830 query : 'OUTP? 2' 
2023-06-06 18:02:21.132085 SRS_SR830 resp  : '-1.37091e-005' 
2023-06-06 18:02:21.132085 SRS_SR830 query : 'SENS?' 
2023-06-06 18:02:21.170485 SRS_SR830 resp  : '16' 
2023-06-06 18:02:21.171482 SRS_SR830 query : 'ISRC?' 
2023-06-06 18:02:21.208257 SRS_SR830 resp  : '1' 
2023-06-06 18:02:21.255166 KEPCO BOP 50-8D write : 'CURR 0.2476' 
2023-06-06 18:02:21.769874 SRS_SR830 query : 'OUTP? 1' 
2023-06-06 18:02:21.830096 SRS_SR830 resp  : '-3.37663e-005' 
2023-06-06 18:02:21.831084 SRS_SR830 query : 'SENS?' 
2023-06-06 18:02:21.867556 SRS_SR830 resp  : '16' 
2023-06-06 18:02:21.868564 SRS_SR830 query : 'ISRC?' 
2023-06-06 18:02:21.906063 SRS_SR830 resp  : '1' 
2023-06-06 18:02:21.907020 SRS_SR830 query : 'OUTP? 2' 
2023-06-06 18:02:21.964898 SRS_SR830 resp  : '-1.33217e-005' 
2023-06-06 18:02:21.965895 SRS_SR830 query : 'SENS?' 
2023-06-06 18:02:22.003426 SRS_SR830 resp  : '16' 
2023-06-06 18:02:22.004428 SRS_SR830 query : 'ISRC?' 
2023-06-06 18:02:22.039492 SRS_SR830 resp  : '1' 
2023-06-06 18:02:22.107347 KEPCO BOP 50-8D write : 'CURR 0.2502' 
2023-06-06 18:02:22.617532 SRS_SR830 query : 'OUTP? 1' 
2023-06-06 18:02:22.676133 SRS_SR830 resp  : '-4.61938e-005' 
2023-06-06 18:02:22.677140 SRS_SR830 query : 'SENS?' 
2023-06-06 18:02:22.715918 SRS_SR830 resp  : '16' 
2023-06-06 18:02:22.716878 SRS_SR830 query : 'ISRC?' 
2023-06-06 18:02:22.758937 SRS_SR830 resp  : '1' 
2023-06-06 18:02:22.759933 SRS_SR830 query : 'OUTP? 2' 
2023-06-06 18:02:22.817854 SRS_SR830 resp  : '-3.42729e-005' 
2023-06-06 18:02:22.818862 SRS_SR830 query : 'SENS?' 
2023-06-06 18:02:22.857733 SRS_SR830 resp  : '16' 
2023-06-06 18:02:22.857733 SRS_SR830 query : 'ISRC?' 
2023-06-06 18:02:22.893294 SRS_SR830 resp  : '1' 
2023-06-06 18:02:22.960119 KEPCO BOP 50-8D write : 'CURR 0.2528' 
2023-06-06 18:02:23.463829 SRS_SR830 query : 'OUTP? 1' 
2023-06-06 18:02:23.524130 SRS_SR830 resp  : '-4.41375e-005' 
2023-06-06 18:02:23.525130 SRS_SR830 query : 'SENS?' 
2023-06-06 18:02:23.563030 SRS_SR830 resp  : '16' 
2023-06-06 18:02:23.564025 SRS_SR830 query : 'ISRC?' 
2023-06-06 18:02:23.599883 SRS_SR830 resp  : '1' 
2023-06-06 18:02:23.600891 SRS_SR830 query : 'OUTP? 2' 
2023-06-06 18:02:23.660113 SRS_SR830 resp  : '-3.30212e-005' 
2023-06-06 18:02:23.662115 SRS_SR830 query : 'SENS?' 
2023-06-06 18:02:23.700090 SRS_SR830 resp  : '16' 
2023-06-06 18:02:23.701097 SRS_SR830 query : 'ISRC?' 
2023-06-06 18:02:23.736152 SRS_SR830 resp  : '1' 
2023-06-06 18:02:23.804974 KEPCO BOP 50-8D write : 'CURR 0.2553' 
2023-06-06 18:02:24.318264 SRS_SR830 query : 'OUTP? 1' 
2023-06-06 18:02:24.376809 SRS_SR830 resp  : '-4.50613e-005' 
2023-06-06 18:02:24.377808 SRS_SR830 query : 'SENS?' 
2023-06-06 18:02:24.415115 SRS_SR830 resp  : '16' 
2023-06-06 18:02:24.416156 SRS_SR830 query : 'ISRC?' 
2023-06-06 18:02:24.452340 SRS_SR830 resp  : '1' 
2023-06-06 18:02:24.454343 SRS_SR830 query : 'OUTP? 2' 
2023-06-06 18:02:24.512387 SRS_SR830 resp  : '-3.38855e-005' 
2023-06-06 18:02:24.513390 SRS_SR830 query : 'SENS?' 
2023-06-06 18:02:24.550548 SRS_SR830 resp  : '16' 
2023-06-06 18:02:24.552551 SRS_SR830 query : 'ISRC?' 
2023-06-06 18:02:24.589092 SRS_SR830 resp  : '1' 
2023-06-06 18:02:24.665918 KEPCO BOP 50-8D write : 'CURR 0.2579' 
2023-06-06 18:02:25.177089 SRS_SR830 query : 'OUTP? 1' 
2023-06-06 18:02:25.236258 SRS_SR830 resp  : '-5.97539e-005' 
2023-06-06 18:02:25.237266 SRS_SR830 query : 'SENS?' 
2023-06-06 18:02:25.274892 SRS_SR830 resp  : '16' 
2023-06-06 18:02:25.276895 SRS_SR830 query : 'ISRC?' 
2023-06-06 18:02:25.312249 SRS_SR830 resp  : '1' 
2023-06-06 18:02:25.314226 SRS_SR830 query : 'OUTP? 2' 
2023-06-06 18:02:25.372125 SRS_SR830 resp  : '-2.22625e-005' 
2023-06-06 18:02:25.373121 SRS_SR830 query : 'SENS?' 
2023-06-06 18:02:25.410588 SRS_SR830 resp  : '16' 
2023-06-06 18:02:25.411597 SRS_SR830 query : 'ISRC?' 
2023-06-06 18:02:25.448992 SRS_SR830 resp  : '1' 
2023-06-06 18:02:25.514773 KEPCO BOP 50-8D write : 'CURR 0.2605' 
2023-06-06 18:02:26.023898 SRS_SR830 query : 'OUTP? 1' 
2023-06-06 18:02:26.089865 SRS_SR830 resp  : '-3.74021e-005' 
2023-06-06 18:02:26.090861 SRS_SR830 query : 'SENS?' 
2023-06-06 18:02:26.127712 SRS_SR830 resp  : '16' 
2023-06-06 18:02:26.129715 SRS_SR830 query : 'ISRC?' 
2023-06-06 18:02:26.165344 SRS_SR830 resp  : '1' 
2023-06-06 18:02:26.166293 SRS_SR830 query : 'OUTP? 2' 
2023-06-06 18:02:26.224841 SRS_SR830 resp  : '-2.33949e-005' 
2023-06-06 18:02:26.225847 SRS_SR830 query : 'SENS?' 
2023-06-06 18:02:26.264942 SRS_SR830 resp  : '16' 
2023-06-06 18:02:26.265891 SRS_SR830 query : 'ISRC?' 
2023-06-06 18:02:26.302333 SRS_SR830 resp  : '1' 
2023-06-06 18:02:26.370138 KEPCO BOP 50-8D write : 'CURR 0.2630' 
2023-06-06 18:02:26.885845 SRS_SR830 query : 'OUTP? 1' 
2023-06-06 18:02:26.943139 SRS_SR830 resp  : '-4.3452e-005' 
2023-06-06 18:02:26.944141 SRS_SR830 query : 'SENS?' 
2023-06-06 18:02:26.981282 SRS_SR830 resp  : '16' 
2023-06-06 18:02:26.982278 SRS_SR830 query : 'ISRC?' 
2023-06-06 18:02:27.018179 SRS_SR830 resp  : '1' 
2023-06-06 18:02:27.018179 SRS_SR830 query : 'OUTP? 2' 
2023-06-06 18:02:27.076870 SRS_SR830 resp  : '-2.24413e-005' 
2023-06-06 18:02:27.076870 SRS_SR830 query : 'SENS?' 
2023-06-06 18:02:27.113873 SRS_SR830 resp  : '16' 
2023-06-06 18:02:27.114877 SRS_SR830 query : 'ISRC?' 
2023-06-06 18:02:27.151909 SRS_SR830 resp  : '1' 
2023-06-06 18:02:27.221720 KEPCO BOP 50-8D write : 'CURR 0.2656' 
2023-06-06 18:02:27.735398 SRS_SR830 query : 'OUTP? 1' 
2023-06-06 18:02:27.793698 SRS_SR830 resp  : '-4.35712e-005' 
2023-06-06 18:02:27.795700 SRS_SR830 query : 'SENS?' 
2023-06-06 18:02:27.834823 SRS_SR830 resp  : '16' 
2023-06-06 18:02:27.835823 SRS_SR830 query : 'ISRC?' 
2023-06-06 18:02:27.872114 SRS_SR830 resp  : '1' 
2023-06-06 18:02:27.873110 SRS_SR830 query : 'OUTP? 2' 
2023-06-06 18:02:27.931836 SRS_SR830 resp  : '-2.87594e-005' 
2023-06-06 18:02:27.932426 SRS_SR830 query : 'SENS?' 
2023-06-06 18:02:27.969082 SRS_SR830 resp  : '16' 
2023-06-06 18:02:27.970086 SRS_SR830 query : 'ISRC?' 
2023-06-06 18:02:28.005267 SRS_SR830 resp  : '1' 
2023-06-06 18:02:28.054133 KEPCO BOP 50-8D write : 'CURR 0.2682' 
2023-06-06 18:02:28.562742 SRS_SR830 query : 'OUTP? 1' 
2023-06-06 18:02:28.619641 SRS_SR830 resp  : '-4.375e-005' 
2023-06-06 18:02:28.621643 SRS_SR830 query : 'SENS?' 
2023-06-06 18:02:28.658800 SRS_SR830 resp  : '16' 
2023-06-06 18:02:28.659747 SRS_SR830 query : 'ISRC?' 
2023-06-06 18:02:28.695066 SRS_SR830 resp  : '1' 
2023-06-06 18:02:28.695066 SRS_SR830 query : 'OUTP? 2' 
2023-06-06 18:02:28.754604 SRS_SR830 resp  : '-3.15013e-005' 
2023-06-06 18:02:28.755602 SRS_SR830 query : 'SENS?' 
2023-06-06 18:02:28.792157 SRS_SR830 resp  : '16' 
2023-06-06 18:02:28.792157 SRS_SR830 query : 'ISRC?' 
2023-06-06 18:02:28.828546 SRS_SR830 resp  : '1' 
2023-06-06 18:02:28.878449 KEPCO BOP 50-8D write : 'CURR 0.2707' 
2023-06-06 18:02:29.391314 SRS_SR830 query : 'OUTP? 1' 
2023-06-06 18:02:29.450401 SRS_SR830 resp  : '-4.41077e-005' 
2023-06-06 18:02:29.452403 SRS_SR830 query : 'SENS?' 
2023-06-06 18:02:29.489785 SRS_SR830 resp  : '16' 
2023-06-06 18:02:29.490492 SRS_SR830 query : 'ISRC?' 
2023-06-06 18:02:29.525281 SRS_SR830 resp  : '1' 
2023-06-06 18:02:29.525281 SRS_SR830 query : 'OUTP? 2' 
2023-06-06 18:02:29.583475 SRS_SR830 resp  : '-3.3051e-005' 
2023-06-06 18:02:29.585477 SRS_SR830 query : 'SENS?' 
2023-06-06 18:02:29.622323 SRS_SR830 resp  : '16' 
2023-06-06 18:02:29.622323 SRS_SR830 query : 'ISRC?' 
2023-06-06 18:02:29.658241 SRS_SR830 resp  : '1' 
2023-06-06 18:02:29.712095 KEPCO BOP 50-8D write : 'CURR 0.2733' 
2023-06-06 18:02:30.221718 SRS_SR830 query : 'OUTP? 1' 
2023-06-06 18:02:30.279141 SRS_SR830 resp  : '-4.30646e-005' 
2023-06-06 18:02:30.280094 SRS_SR830 query : 'SENS?' 
2023-06-06 18:02:30.317573 SRS_SR830 resp  : '16' 
2023-06-06 18:02:30.319576 SRS_SR830 query : 'ISRC?' 
2023-06-06 18:02:30.355313 SRS_SR830 resp  : '1' 
2023-06-06 18:02:30.357316 SRS_SR830 query : 'OUTP? 2' 
2023-06-06 18:02:30.413541 SRS_SR830 resp  : '-3.2455e-005' 
2023-06-06 18:02:30.414496 SRS_SR830 query : 'SENS?' 
2023-06-06 18:02:30.452418 SRS_SR830 resp  : '16' 
2023-06-06 18:02:30.454419 SRS_SR830 query : 'ISRC?' 
2023-06-06 18:02:30.490302 SRS_SR830 resp  : '1' 
2023-06-06 18:02:30.558071 KEPCO BOP 50-8D write : 'CURR 0.2759' 
2023-06-06 18:02:31.066773 SRS_SR830 query : 'OUTP? 1' 
2023-06-06 18:02:31.123749 SRS_SR830 resp  : '-4.3452e-005' 
2023-06-06 18:02:31.124751 SRS_SR830 query : 'SENS?' 
2023-06-06 18:02:31.162045 SRS_SR830 resp  : '16' 
2023-06-06 18:02:31.163042 SRS_SR830 query : 'ISRC?' 
2023-06-06 18:02:31.198985 SRS_SR830 resp  : '1' 
2023-06-06 18:02:31.199980 SRS_SR830 query : 'OUTP? 2' 
2023-06-06 18:02:31.258534 SRS_SR830 resp  : '-2.99216e-005' 
2023-06-06 18:02:31.259529 SRS_SR830 query : 'SENS?' 
2023-06-06 18:02:31.297663 SRS_SR830 resp  : '16' 
2023-06-06 18:02:31.298644 SRS_SR830 query : 'ISRC?' 
2023-06-06 18:02:31.333959 SRS_SR830 resp  : '1' 
2023-06-06 18:02:31.400810 KEPCO BOP 50-8D write : 'CURR 0.2784' 
2023-06-06 18:02:31.908449 SRS_SR830 query : 'OUTP? 1' 
2023-06-06 18:02:31.966056 SRS_SR830 resp  : '-4.5717e-005' 
2023-06-06 18:02:31.967053 SRS_SR830 query : 'SENS?' 
2023-06-06 18:02:32.004387 SRS_SR830 resp  : '16' 
2023-06-06 18:02:32.004387 SRS_SR830 query : 'ISRC?' 
2023-06-06 18:02:32.040066 SRS_SR830 resp  : '1' 
2023-06-06 18:02:32.040066 SRS_SR830 query : 'OUTP? 2' 
2023-06-06 18:02:32.097498 SRS_SR830 resp  : '-2.4736e-005' 
2023-06-06 18:02:32.099501 SRS_SR830 query : 'SENS?' 
2023-06-06 18:02:32.137953 SRS_SR830 resp  : '16' 
2023-06-06 18:02:32.138959 SRS_SR830 query : 'ISRC?' 
2023-06-06 18:02:32.175931 SRS_SR830 resp  : '1' 
2023-06-06 18:02:32.224790 KEPCO BOP 50-8D write : 'CURR 0.2810' 
2023-06-06 18:02:32.734043 SRS_SR830 query : 'OUTP? 1' 
2023-06-06 18:02:32.792059 SRS_SR830 resp  : '-4.24685e-005' 
2023-06-06 18:02:32.792059 SRS_SR830 query : 'SENS?' 
2023-06-06 18:02:32.830058 SRS_SR830 resp  : '16' 
2023-06-06 18:02:32.831060 SRS_SR830 query : 'ISRC?' 
2023-06-06 18:02:32.866027 SRS_SR830 resp  : '1' 
2023-06-06 18:02:32.867032 SRS_SR830 query : 'OUTP? 2' 
2023-06-06 18:02:32.925716 SRS_SR830 resp  : '-2.48255e-005' 
2023-06-06 18:02:32.927763 SRS_SR830 query : 'SENS?' 
2023-06-06 18:02:32.964559 SRS_SR830 resp  : '16' 
2023-06-06 18:02:32.965556 SRS_SR830 query : 'ISRC?' 
2023-06-06 18:02:33.003263 SRS_SR830 resp  : '1' 
2023-06-06 18:02:33.074097 KEPCO BOP 50-8D write : 'CURR 0.2836' 
2023-06-06 18:02:33.587485 SRS_SR830 query : 'OUTP? 1' 
2023-06-06 18:02:33.647627 SRS_SR830 resp  : '-4.16341e-005' 
2023-06-06 18:02:33.648624 SRS_SR830 query : 'SENS?' 
2023-06-06 18:02:33.685370 SRS_SR830 resp  : '16' 
2023-06-06 18:02:33.687372 SRS_SR830 query : 'ISRC?' 
2023-06-06 18:02:33.722627 SRS_SR830 resp  : '1' 
2023-06-06 18:02:33.723623 SRS_SR830 query : 'OUTP? 2' 
2023-06-06 18:02:33.782309 SRS_SR830 resp  : '-2.33651e-005' 
2023-06-06 18:02:33.783323 SRS_SR830 query : 'SENS?' 
2023-06-06 18:02:33.822201 SRS_SR830 resp  : '16' 
2023-06-06 18:02:33.823208 SRS_SR830 query : 'ISRC?' 
2023-06-06 18:02:33.860083 SRS_SR830 resp  : '1' 
2023-06-06 18:02:33.927888 KEPCO BOP 50-8D write : 'CURR 0.2861' 
2023-06-06 18:02:34.432046 SRS_SR830 query : 'OUTP? 1' 
2023-06-06 18:02:34.491031 SRS_SR830 resp  : '-4.24983e-005' 
2023-06-06 18:02:34.492039 SRS_SR830 query : 'SENS?' 
2023-06-06 18:02:34.530354 SRS_SR830 resp  : '16' 
2023-06-06 18:02:34.531352 SRS_SR830 query : 'ISRC?' 
2023-06-06 18:02:34.567836 SRS_SR830 resp  : '1' 
2023-06-06 18:02:34.567836 SRS_SR830 query : 'OUTP? 2' 
2023-06-06 18:02:34.626747 SRS_SR830 resp  : '-2.62858e-005' 
2023-06-06 18:02:34.626747 SRS_SR830 query : 'SENS?' 
2023-06-06 18:02:34.664845 SRS_SR830 resp  : '16' 
2023-06-06 18:02:34.665850 SRS_SR830 query : 'ISRC?' 
2023-06-06 18:02:34.702230 SRS_SR830 resp  : '1' 
2023-06-06 18:02:34.770043 KEPCO BOP 50-8D write : 'CURR 0.2887' 
2023-06-06 18:02:35.281712 SRS_SR830 query : 'OUTP? 1' 
2023-06-06 18:02:35.341868 SRS_SR830 resp  : '-4.58362e-005' 
2023-06-06 18:02:35.342878 SRS_SR830 query : 'SENS?' 
2023-06-06 18:02:35.379534 SRS_SR830 resp  : '16' 
2023-06-06 18:02:35.380580 SRS_SR830 query : 'ISRC?' 
2023-06-06 18:02:35.418302 SRS_SR830 resp  : '1' 
2023-06-06 18:02:35.419299 SRS_SR830 query : 'OUTP? 2' 
2023-06-06 18:02:35.478170 SRS_SR830 resp  : '-2.10108e-005' 
2023-06-06 18:02:35.479178 SRS_SR830 query : 'SENS?' 
2023-06-06 18:02:35.516588 SRS_SR830 resp  : '16' 
2023-06-06 18:02:35.518591 SRS_SR830 query : 'ISRC?' 
2023-06-06 18:02:35.554873 SRS_SR830 resp  : '1' 
2023-06-06 18:02:35.625722 KEPCO BOP 50-8D write : 'CURR 0.2913' 
2023-06-06 18:02:36.140875 SRS_SR830 query : 'OUTP? 1' 
2023-06-06 18:02:36.200704 SRS_SR830 resp  : '-4.09486e-005' 
2023-06-06 18:02:36.201654 SRS_SR830 query : 'SENS?' 
2023-06-06 18:02:36.239200 SRS_SR830 resp  : '16' 
2023-06-06 18:02:36.239200 SRS_SR830 query : 'ISRC?' 
2023-06-06 18:02:36.274869 SRS_SR830 resp  : '1' 
2023-06-06 18:02:36.274869 SRS_SR830 query : 'OUTP? 2' 
2023-06-06 18:02:36.334212 SRS_SR830 resp  : '-2.36334e-005' 
2023-06-06 18:02:36.335207 SRS_SR830 query : 'SENS?' 
2023-06-06 18:02:36.372940 SRS_SR830 resp  : '16' 
2023-06-06 18:02:36.373899 SRS_SR830 query : 'ISRC?' 
2023-06-06 18:02:36.410375 SRS_SR830 resp  : '1' 
2023-06-06 18:02:36.475228 KEPCO BOP 50-8D write : 'CURR 0.2938' 
2023-06-06 18:02:36.986136 SRS_SR830 query : 'OUTP? 1' 
2023-06-06 18:02:37.042903 SRS_SR830 resp  : '-4.0889e-005' 
2023-06-06 18:02:37.044955 SRS_SR830 query : 'SENS?' 
2023-06-06 18:02:37.082603 SRS_SR830 resp  : '16' 
2023-06-06 18:02:37.083661 SRS_SR830 query : 'ISRC?' 
2023-06-06 18:02:37.120723 SRS_SR830 resp  : '1' 
2023-06-06 18:02:37.121719 SRS_SR830 query : 'OUTP? 2' 
2023-06-06 18:02:37.181183 SRS_SR830 resp  : '-1.65404e-005' 
2023-06-06 18:02:37.182179 SRS_SR830 query : 'SENS?' 
2023-06-06 18:02:37.219197 SRS_SR830 resp  : '16' 
2023-06-06 18:02:37.220193 SRS_SR830 query : 'ISRC?' 
2023-06-06 18:02:37.257867 SRS_SR830 resp  : '1' 
2023-06-06 18:02:37.325648 KEPCO BOP 50-8D write : 'CURR 0.2964' 
2023-06-06 18:02:37.833230 SRS_SR830 query : 'OUTP? 1' 
2023-06-06 18:02:37.891665 SRS_SR830 resp  : '-4.39289e-005' 
2023-06-06 18:02:37.893668 SRS_SR830 query : 'SENS?' 
2023-06-06 18:02:37.932017 SRS_SR830 resp  : '16' 
2023-06-06 18:02:37.933011 SRS_SR830 query : 'ISRC?' 
2023-06-06 18:02:37.969323 SRS_SR830 resp  : '1' 
2023-06-06 18:02:37.970362 SRS_SR830 query : 'OUTP? 2' 
2023-06-06 18:02:38.028003 SRS_SR830 resp  : '-2.03551e-005' 
2023-06-06 18:02:38.030006 SRS_SR830 query : 'SENS?' 
2023-06-06 18:02:38.068094 SRS_SR830 resp  : '16' 
2023-06-06 18:02:38.069099 SRS_SR830 query : 'ISRC?' 
2023-06-06 18:02:38.104115 SRS_SR830 resp  : '1' 
2023-06-06 18:02:38.172929 KEPCO BOP 50-8D write : 'CURR 0.2990' 
2023-06-06 18:02:38.676811 SRS_SR830 query : 'OUTP? 1' 
2023-06-06 18:02:38.735647 SRS_SR830 resp  : '-4.43759e-005' 
2023-06-06 18:02:38.736218 SRS_SR830 query : 'SENS?' 
2023-06-06 18:02:38.772928 SRS_SR830 resp  : '16' 
2023-06-06 18:02:38.772928 SRS_SR830 query : 'ISRC?' 
2023-06-06 18:02:38.810152 SRS_SR830 resp  : '1' 
2023-06-06 18:02:38.811114 SRS_SR830 query : 'OUTP? 2' 
2023-06-06 18:02:38.869202 SRS_SR830 resp  : '-1.67192e-005' 
2023-06-06 18:02:38.871203 SRS_SR830 query : 'SENS?' 
2023-06-06 18:02:38.908073 SRS_SR830 resp  : '16' 
2023-06-06 18:02:38.910075 SRS_SR830 query : 'ISRC?' 
2023-06-06 18:02:38.945923 SRS_SR830 resp  : '1' 
2023-06-06 18:02:39.015446 KEPCO BOP 50-8D write : 'CURR 0.0000' 
