SpinLab Experiment Logfile2023-6-8_12-51-13
2023-06-08 07:51:13.469804 OPEN_ : '' 
2023-06-08 07:51:13.486759 GPIB0::15::INSTR OPEN_ : '' 
2023-06-08 07:51:13.504709 GPIB0::6::INSTR OPEN_ : '' 
2023-06-08 07:51:13.505707 KEPCO BOP 50-8D write : '*CLS' 
2023-06-08 07:51:13.507702 KEPCO BOP 50-8D write : '*RST' 
2023-06-08 07:51:13.510694 KEPCO BOP 50-8D write : 'OUTPUT ON' 
2023-06-08 07:51:13.512689 KEPCO BOP 50-8D write : 'FUNC:MODE CURR' 
2023-06-08 07:51:13.515680 KEPCO BOP 50-8D write : 'VOLT 40.0000' 
2023-06-08 07:51:13.518672 KEPCO BOP 50-8D write : 'CURR 0.0000' 
2023-06-08 07:51:13.537621 ASRL4::INSTR OPEN_ : '' 
2023-06-08 07:51:13.537621 SRS_SR830 write : 'OUTX 0' 
2023-06-08 07:51:13.537621 SRS_SR830 write : 'OVRM 1' 
2023-06-08 07:51:13.538619 KEPCO BOP 50-8D query : 'MEAS:CURR?' 
2023-06-08 07:51:13.570534 KEPCO BOP 50-8D resp  : '8.35698E0' 
2023-06-08 07:51:13.571532 KEPCO BOP 50-8D query : 'MEAS:VOLT?' 
2023-06-08 07:51:13.601452 KEPCO BOP 50-8D resp  : '3.61753E1' 
2023-06-08 07:51:13.601452 KEPCO BOP 50-8D query : 'FUNC:MODE?' 
2023-06-08 07:51:13.606438 KEPCO BOP 50-8D resp  : '1' 
2023-06-08 07:51:13.607435 HP 8673G CW Gen query : 'OK' 
2023-06-08 07:51:13.709163 HP 8673G CW Gen resp  : 'FR03000000000HZ' 
2023-06-08 07:51:13.710161 HP 8673G CW Gen query : 'LE OA' 
2023-06-08 07:51:13.718846 HP 8673G CW Gen resp  : 'LE-70.0DM' 
2023-06-08 07:51:13.719886 SRS_SR830 query : 'SENS?' 
2023-06-08 07:51:13.758184 SRS_SR830 resp  : '16' 
2023-06-08 07:51:13.760187 SRS_SR830 query : 'ISRC?' 
2023-06-08 07:51:13.796091 SRS_SR830 resp  : '1' 
2023-06-08 07:51:13.796091 SRS_SR830 query : 'OFLT?' 
2023-06-08 07:51:13.833152 SRS_SR830 resp  : '9' 
2023-06-08 07:51:13.848072 HP 8673G CW Gen write : 'LE -3 DB' 
2023-06-08 07:51:13.907300 HP 8673G CW Gen query : 'MG' 
2023-06-08 07:51:13.917219 HP 8673G CW Gen resp  : '00' 
2023-06-08 07:51:13.919212 SRS_SR830 query : 'ISRC?' 
2023-06-08 07:51:13.954195 SRS_SR830 resp  : '1' 
2023-06-08 07:51:13.955199 SRS_SR830 write : 'SENS 15' 
2023-06-08 07:51:13.957137 HP 8673G CW Gen write : 'FR 5.0 GZ' 
2023-06-08 07:51:13.964152 HP 8673G CW Gen query : 'MG' 
2023-06-08 07:51:13.973156 HP 8673G CW Gen resp  : '00' 
2023-06-08 07:51:14.053405 KEPCO BOP 50-8D write : 'CURR 0.2990' 
2023-06-08 07:51:19.057589 KEPCO BOP 50-8D write : 'CURR 0.2990' 
2023-06-08 07:51:19.569392 SRS_SR830 query : 'OUTP? 1' 
2023-06-08 07:51:19.627193 SRS_SR830 resp  : '-2.83198e-005' 
2023-06-08 07:51:19.730349 SRS_SR830 query : 'OUTP? 1' 
2023-06-08 07:51:19.790249 SRS_SR830 resp  : '-2.82825e-005' 
2023-06-08 07:51:19.897537 SRS_SR830 query : 'OUTP? 1' 
2023-06-08 07:51:19.957000 SRS_SR830 resp  : '-2.81708e-005' 
2023-06-08 07:51:20.064788 SRS_SR830 query : 'OUTP? 1' 
2023-06-08 07:51:20.123899 SRS_SR830 resp  : '-2.79994e-005' 
2023-06-08 07:51:20.236265 SRS_SR830 query : 'OUTP? 1' 
2023-06-08 07:51:20.295566 SRS_SR830 resp  : '-2.78876e-005' 
2023-06-08 07:51:20.398538 SRS_SR830 query : 'OUTP? 1' 
2023-06-08 07:51:20.458331 SRS_SR830 resp  : '-2.78131e-005' 
2023-06-08 07:51:20.566527 SRS_SR830 query : 'OUTP? 1' 
2023-06-08 07:51:20.625263 SRS_SR830 resp  : '-2.76045e-005' 
2023-06-08 07:51:20.740310 SRS_SR830 query : 'OUTP? 1' 
2023-06-08 07:51:20.800211 SRS_SR830 resp  : '-2.73735e-005' 
2023-06-08 07:51:20.917938 SRS_SR830 query : 'OUTP? 1' 
2023-06-08 07:51:20.977874 SRS_SR830 resp  : '-2.72096e-005' 
2023-06-08 07:51:21.083750 SRS_SR830 query : 'OUTP? 1' 
2023-06-08 07:51:21.142301 SRS_SR830 resp  : '-2.70532e-005' 
2023-06-08 07:51:21.255942 SRS_SR830 query : 'SENS?' 
2023-06-08 07:51:21.294548 SRS_SR830 resp  : '15' 
2023-06-08 07:51:21.295544 SRS_SR830 query : 'ISRC?' 
2023-06-08 07:51:21.331324 SRS_SR830 resp  : '1' 
2023-06-08 07:51:21.332325 SRS_SR830 query : 'OUTP? 2' 
2023-06-08 07:51:21.390299 SRS_SR830 resp  : '-5.11932e-005' 
2023-06-08 07:51:21.505111 SRS_SR830 query : 'OUTP? 2' 
2023-06-08 07:51:21.562792 SRS_SR830 resp  : '-5.0925e-005' 
2023-06-08 07:51:21.666727 SRS_SR830 query : 'OUTP? 2' 
2023-06-08 07:51:21.724512 SRS_SR830 resp  : '-5.06418e-005' 
2023-06-08 07:51:21.839992 SRS_SR830 query : 'OUTP? 2' 
2023-06-08 07:51:21.899005 SRS_SR830 resp  : '-5.04556e-005' 
2023-06-08 07:51:22.004691 SRS_SR830 query : 'OUTP? 2' 
2023-06-08 07:51:22.063524 SRS_SR830 resp  : '-5.04854e-005' 
2023-06-08 07:51:22.167686 SRS_SR830 query : 'OUTP? 2' 
2023-06-08 07:51:22.226279 SRS_SR830 resp  : '-5.05673e-005' 
2023-06-08 07:51:22.339430 SRS_SR830 query : 'OUTP? 2' 
2023-06-08 07:51:22.398656 SRS_SR830 resp  : '-5.07387e-005' 
2023-06-08 07:51:22.506403 SRS_SR830 query : 'OUTP? 2' 
2023-06-08 07:51:22.563874 SRS_SR830 resp  : '-5.08579e-005' 
2023-06-08 07:51:22.665662 SRS_SR830 query : 'OUTP? 2' 
2023-06-08 07:51:22.724879 SRS_SR830 resp  : '-5.10442e-005' 
2023-06-08 07:51:22.840039 SRS_SR830 query : 'OUTP? 2' 
2023-06-08 07:51:22.899256 SRS_SR830 resp  : '-5.13124e-005' 
2023-06-08 07:51:23.003557 SRS_SR830 query : 'SENS?' 
2023-06-08 07:51:23.041699 SRS_SR830 resp  : '15' 
2023-06-08 07:51:23.042694 SRS_SR830 query : 'ISRC?' 
2023-06-08 07:51:23.077842 SRS_SR830 resp  : '1' 
2023-06-08 07:51:23.211782 KEPCO BOP 50-8D write : 'CURR 0.3005' 
2023-06-08 07:51:23.721639 SRS_SR830 query : 'OUTP? 1' 
2023-06-08 07:51:23.780267 SRS_SR830 resp  : '-2.78355e-005' 
2023-06-08 07:51:23.894476 SRS_SR830 query : 'OUTP? 1' 
2023-06-08 07:51:23.954012 SRS_SR830 resp  : '-2.78578e-005' 
2023-06-08 07:51:24.060792 SRS_SR830 query : 'OUTP? 1' 
2023-06-08 07:51:24.120249 SRS_SR830 resp  : '-2.78057e-005' 
2023-06-08 07:51:24.220467 SRS_SR830 query : 'OUTP? 1' 
2023-06-08 07:51:24.279603 SRS_SR830 resp  : '-2.77163e-005' 
2023-06-08 07:51:24.392582 SRS_SR830 query : 'OUTP? 1' 
2023-06-08 07:51:24.452503 SRS_SR830 resp  : '-2.75375e-005' 
2023-06-08 07:51:24.565473 SRS_SR830 query : 'OUTP? 1' 
2023-06-08 07:51:24.623914 SRS_SR830 resp  : '-2.73512e-005' 
2023-06-08 07:51:24.739762 SRS_SR830 query : 'OUTP? 1' 
2023-06-08 07:51:24.799656 SRS_SR830 resp  : '-2.71947e-005' 
2023-06-08 07:51:24.914802 SRS_SR830 query : 'OUTP? 1' 
2023-06-08 07:51:24.975162 SRS_SR830 resp  : '-2.70532e-005' 
2023-06-08 07:51:25.081037 SRS_SR830 query : 'OUTP? 1' 
2023-06-08 07:51:25.140229 SRS_SR830 resp  : '-2.70532e-005' 
2023-06-08 07:51:25.255233 SRS_SR830 query : 'OUTP? 1' 
2023-06-08 07:51:25.315217 SRS_SR830 resp  : '-2.71947e-005' 
2023-06-08 07:51:25.416399 SRS_SR830 query : 'SENS?' 
2023-06-08 07:51:25.455017 SRS_SR830 resp  : '15' 
2023-06-08 07:51:25.456013 SRS_SR830 query : 'ISRC?' 
2023-06-08 07:51:25.493208 SRS_SR830 resp  : '1' 
2023-06-08 07:51:25.494202 SRS_SR830 query : 'OUTP? 2' 
2023-06-08 07:51:25.552174 SRS_SR830 resp  : '-5.09324e-005' 
2023-06-08 07:51:25.667354 SRS_SR830 query : 'OUTP? 2' 
2023-06-08 07:51:25.726023 SRS_SR830 resp  : '-5.05822e-005' 
2023-06-08 07:51:25.833725 SRS_SR830 query : 'OUTP? 2' 
2023-06-08 07:51:25.893274 SRS_SR830 resp  : '-5.0314e-005' 
2023-06-08 07:51:26.001604 SRS_SR830 query : 'OUTP? 2' 
2023-06-08 07:51:26.060426 SRS_SR830 resp  : '-5.03289e-005' 
2023-06-08 07:51:26.168278 SRS_SR830 query : 'OUTP? 2' 
2023-06-08 07:51:26.226683 SRS_SR830 resp  : '-5.0396e-005' 
2023-06-08 07:51:26.335731 SRS_SR830 query : 'OUTP? 2' 
2023-06-08 07:51:26.394974 SRS_SR830 resp  : '-5.05077e-005' 
2023-06-08 07:51:26.502842 SRS_SR830 query : 'OUTP? 2' 
2023-06-08 07:51:26.560521 SRS_SR830 resp  : '-5.06716e-005' 
2023-06-08 07:51:26.670684 SRS_SR830 query : 'OUTP? 2' 
2023-06-08 07:51:26.729352 SRS_SR830 resp  : '-5.09101e-005' 
2023-06-08 07:51:26.842775 SRS_SR830 query : 'OUTP? 2' 
2023-06-08 07:51:26.901513 SRS_SR830 resp  : '-5.11112e-005' 
2023-06-08 07:51:27.004975 SRS_SR830 query : 'OUTP? 2' 
2023-06-08 07:51:27.062486 SRS_SR830 resp  : '-5.12379e-005' 
2023-06-08 07:51:27.173516 SRS_SR830 query : 'SENS?' 
2023-06-08 07:51:27.210686 SRS_SR830 resp  : '15' 
2023-06-08 07:51:27.211713 SRS_SR830 query : 'ISRC?' 
2023-06-08 07:51:27.247582 SRS_SR830 resp  : '1' 
2023-06-08 07:51:27.327650 KEPCO BOP 50-8D write : 'CURR 0.3020' 
2023-06-08 07:51:27.832765 SRS_SR830 query : 'OUTP? 1' 
2023-06-08 07:51:27.892457 SRS_SR830 resp  : '-2.80441e-005' 
2023-06-08 07:51:28.006211 SRS_SR830 query : 'OUTP? 1' 
2023-06-08 07:51:28.065582 SRS_SR830 resp  : '-2.81857e-005' 
2023-06-08 07:51:28.179210 SRS_SR830 query : 'OUTP? 1' 
2023-06-08 07:51:28.239684 SRS_SR830 resp  : '-2.81931e-005' 
2023-06-08 07:51:28.342942 SRS_SR830 query : 'OUTP? 1' 
2023-06-08 07:51:28.402752 SRS_SR830 resp  : '-2.81112e-005' 
2023-06-08 07:51:28.510417 SRS_SR830 query : 'OUTP? 1' 
2023-06-08 07:51:28.571509 SRS_SR830 resp  : '-2.80218e-005' 
2023-06-08 07:51:28.677457 SRS_SR830 query : 'OUTP? 1' 
2023-06-08 07:51:28.734602 SRS_SR830 resp  : '-2.791e-005' 
2023-06-08 07:51:28.844537 SRS_SR830 query : 'OUTP? 1' 
2023-06-08 07:51:28.903199 SRS_SR830 resp  : '-2.78057e-005' 
2023-06-08 07:51:29.012056 SRS_SR830 query : 'OUTP? 1' 
2023-06-08 07:51:29.072035 SRS_SR830 resp  : '-2.77237e-005' 
2023-06-08 07:51:29.179110 SRS_SR830 query : 'OUTP? 1' 
2023-06-08 07:51:29.236506 SRS_SR830 resp  : '-2.7679e-005' 
2023-06-08 07:51:29.339698 SRS_SR830 query : 'OUTP? 1' 
2023-06-08 07:51:29.399288 SRS_SR830 resp  : '-2.75822e-005' 
2023-06-08 07:51:29.513272 SRS_SR830 query : 'SENS?' 
2023-06-08 07:51:29.550523 SRS_SR830 resp  : '15' 
2023-06-08 07:51:29.550523 SRS_SR830 query : 'ISRC?' 
2023-06-08 07:51:29.586486 SRS_SR830 resp  : '1' 
2023-06-08 07:51:29.587488 SRS_SR830 query : 'OUTP? 2' 
2023-06-08 07:51:29.644066 SRS_SR830 resp  : '-5.24598e-005' 
2023-06-08 07:51:29.746949 SRS_SR830 query : 'OUTP? 2' 
2023-06-08 07:51:29.803578 SRS_SR830 resp  : '-5.2281e-005' 
2023-06-08 07:51:29.916026 SRS_SR830 query : 'OUTP? 2' 
2023-06-08 07:51:29.975561 SRS_SR830 resp  : '-5.20053e-005' 
2023-06-08 07:51:30.089559 SRS_SR830 query : 'OUTP? 2' 
2023-06-08 07:51:30.149549 SRS_SR830 resp  : '-5.16849e-005' 
2023-06-08 07:51:30.264632 SRS_SR830 query : 'OUTP? 2' 
2023-06-08 07:51:30.322303 SRS_SR830 resp  : '-5.14539e-005' 
2023-06-08 07:51:30.422659 SRS_SR830 query : 'OUTP? 2' 
2023-06-08 07:51:30.480257 SRS_SR830 resp  : '-5.14465e-005' 
2023-06-08 07:51:30.582959 SRS_SR830 query : 'OUTP? 2' 
2023-06-08 07:51:30.643347 SRS_SR830 resp  : '-5.15583e-005' 
2023-06-08 07:51:30.750724 SRS_SR830 query : 'OUTP? 2' 
2023-06-08 07:51:30.808696 SRS_SR830 resp  : '-5.16775e-005' 
2023-06-08 07:51:30.918231 SRS_SR830 query : 'OUTP? 2' 
2023-06-08 07:51:30.976289 SRS_SR830 resp  : '-5.17594e-005' 
2023-06-08 07:51:31.085187 SRS_SR830 query : 'OUTP? 2' 
2023-06-08 07:51:31.144200 SRS_SR830 resp  : '-5.18265e-005' 
2023-06-08 07:51:31.250552 SRS_SR830 query : 'SENS?' 
2023-06-08 07:51:31.289019 SRS_SR830 resp  : '15' 
2023-06-08 07:51:31.289968 SRS_SR830 query : 'ISRC?' 
2023-06-08 07:51:31.325424 SRS_SR830 resp  : '1' 
2023-06-08 07:51:31.384241 KEPCO BOP 50-8D write : 'CURR 0.3035' 
2023-06-08 07:51:31.888320 SRS_SR830 query : 'OUTP? 1' 
2023-06-08 07:51:31.948275 SRS_SR830 resp  : '-2.76045e-005' 
2023-06-08 07:51:32.062666 SRS_SR830 query : 'OUTP? 1' 
2023-06-08 07:51:32.120013 SRS_SR830 resp  : '-2.78653e-005' 
2023-06-08 07:51:32.222778 SRS_SR830 query : 'OUTP? 1' 
2023-06-08 07:51:32.283427 SRS_SR830 resp  : '-2.79547e-005' 
2023-06-08 07:51:32.389153 SRS_SR830 query : 'OUTP? 1' 
2023-06-08 07:51:32.447911 SRS_SR830 resp  : '-2.78951e-005' 
2023-06-08 07:51:32.558664 SRS_SR830 query : 'OUTP? 1' 
2023-06-08 07:51:32.617556 SRS_SR830 resp  : '-2.77982e-005' 
2023-06-08 07:51:32.723885 SRS_SR830 query : 'OUTP? 1' 
2023-06-08 07:51:32.781473 SRS_SR830 resp  : '-2.7679e-005' 
2023-06-08 07:51:32.891666 SRS_SR830 query : 'OUTP? 1' 
2023-06-08 07:51:32.951490 SRS_SR830 resp  : '-2.75375e-005' 
2023-06-08 07:51:33.058991 SRS_SR830 query : 'OUTP? 1' 
2023-06-08 07:51:33.118966 SRS_SR830 resp  : '-2.73437e-005' 
2023-06-08 07:51:33.226153 SRS_SR830 query : 'OUTP? 1' 
2023-06-08 07:51:33.286830 SRS_SR830 resp  : '-2.71202e-005' 
2023-06-08 07:51:33.391044 SRS_SR830 query : 'OUTP? 1' 
2023-06-08 07:51:33.451295 SRS_SR830 resp  : '-2.69787e-005' 
2023-06-08 07:51:33.562060 SRS_SR830 query : 'SENS?' 
2023-06-08 07:51:33.600941 SRS_SR830 resp  : '15' 
2023-06-08 07:51:33.601936 SRS_SR830 query : 'ISRC?' 
2023-06-08 07:51:33.637769 SRS_SR830 resp  : '1' 
2023-06-08 07:51:33.638773 SRS_SR830 query : 'OUTP? 2' 
2023-06-08 07:51:33.696384 SRS_SR830 resp  : '-5.15806e-005' 
2023-06-08 07:51:33.811978 SRS_SR830 query : 'OUTP? 2' 
2023-06-08 07:51:33.869726 SRS_SR830 resp  : '-5.16253e-005' 
2023-06-08 07:51:33.977901 SRS_SR830 query : 'OUTP? 2' 
2023-06-08 07:51:34.036616 SRS_SR830 resp  : '-5.15508e-005' 
2023-06-08 07:51:34.146117 SRS_SR830 query : 'OUTP? 2' 
2023-06-08 07:51:34.206657 SRS_SR830 resp  : '-5.15284e-005' 
2023-06-08 07:51:34.312336 SRS_SR830 query : 'OUTP? 2' 
2023-06-08 07:51:34.371849 SRS_SR830 resp  : '-5.15433e-005' 
2023-06-08 07:51:34.485598 SRS_SR830 query : 'OUTP? 2' 
2023-06-08 07:51:34.544350 SRS_SR830 resp  : '-5.15806e-005' 
2023-06-08 07:51:34.647654 SRS_SR830 query : 'OUTP? 2' 
2023-06-08 07:51:34.708021 SRS_SR830 resp  : '-5.16626e-005' 
2023-06-08 07:51:34.812056 SRS_SR830 query : 'OUTP? 2' 
2023-06-08 07:51:34.868952 SRS_SR830 resp  : '-5.17743e-005' 
2023-06-08 07:51:34.984183 SRS_SR830 query : 'OUTP? 2' 
2023-06-08 07:51:35.041011 SRS_SR830 resp  : '-5.19531e-005' 
2023-06-08 07:51:35.144262 SRS_SR830 query : 'OUTP? 2' 
2023-06-08 07:51:35.203152 SRS_SR830 resp  : '-5.22065e-005' 
2023-06-08 07:51:35.315957 SRS_SR830 query : 'SENS?' 
2023-06-08 07:51:35.354163 SRS_SR830 resp  : '15' 
2023-06-08 07:51:35.354163 SRS_SR830 query : 'ISRC?' 
2023-06-08 07:51:35.390278 SRS_SR830 resp  : '1' 
2023-06-08 07:51:35.447139 KEPCO BOP 50-8D write : 'CURR 0.3050' 
2023-06-08 07:51:35.960250 SRS_SR830 query : 'OUTP? 1' 
2023-06-08 07:51:36.020210 SRS_SR830 resp  : '-2.72767e-005' 
2023-06-08 07:51:36.129287 SRS_SR830 query : 'OUTP? 1' 
2023-06-08 07:51:36.187286 SRS_SR830 resp  : '-2.75747e-005' 
2023-06-08 07:51:36.302489 SRS_SR830 query : 'OUTP? 1' 
2023-06-08 07:51:36.361824 SRS_SR830 resp  : '-2.79174e-005' 
2023-06-08 07:51:36.474951 SRS_SR830 query : 'OUTP? 1' 
2023-06-08 07:51:36.534151 SRS_SR830 resp  : '-2.80963e-005' 
2023-06-08 07:51:36.647893 SRS_SR830 query : 'OUTP? 1' 
2023-06-08 07:51:36.705963 SRS_SR830 resp  : '-2.8059e-005' 
2023-06-08 07:51:36.821530 SRS_SR830 query : 'OUTP? 1' 
2023-06-08 07:51:36.880396 SRS_SR830 resp  : '-2.79323e-005' 
2023-06-08 07:51:36.992967 SRS_SR830 query : 'OUTP? 1' 
2023-06-08 07:51:37.051368 SRS_SR830 resp  : '-2.77014e-005' 
2023-06-08 07:51:37.164536 SRS_SR830 query : 'OUTP? 1' 
2023-06-08 07:51:37.223409 SRS_SR830 resp  : '-2.75151e-005' 
2023-06-08 07:51:37.336812 SRS_SR830 query : 'OUTP? 1' 
2023-06-08 07:51:37.395422 SRS_SR830 resp  : '-2.73661e-005' 
