SpinLab Experiment Logfile2023-6-8_17-58-58
2023-06-08 12:58:58.916725 OPEN_ : '' 
2023-06-08 12:58:58.932682 GPIB0::15::INSTR OPEN_ : '' 
2023-06-08 12:58:58.948639 GPIB0::6::INSTR OPEN_ : '' 
2023-06-08 12:58:58.950634 KEPCO BOP 50-8D write : '*CLS' 
2023-06-08 12:58:58.952322 KEPCO BOP 50-8D write : '*RST' 
2023-06-08 12:58:58.954253 KEPCO BOP 50-8D write : 'OUTPUT ON' 
2023-06-08 12:58:58.956567 KEPCO BOP 50-8D write : 'FUNC:MODE CURR' 
2023-06-08 12:58:58.958906 KEPCO BOP 50-8D write : 'VOLT 40.0000' 
2023-06-08 12:58:58.962906 KEPCO BOP 50-8D write : 'CURR 0.0000' 
2023-06-08 12:58:58.974892 ASRL4::INSTR OPEN_ : '' 
2023-06-08 12:58:58.974892 SRS_SR830 write : 'OUTX 0' 
2023-06-08 12:58:58.975878 SRS_SR830 write : 'OVRM 1' 
2023-06-08 12:58:58.975878 KEPCO BOP 50-8D query : 'MEAS:CURR?' 
2023-06-08 12:58:59.003947 KEPCO BOP 50-8D resp  : '2.706E-2' 
2023-06-08 12:58:59.004946 KEPCO BOP 50-8D query : 'MEAS:VOLT?' 
2023-06-08 12:58:59.035694 KEPCO BOP 50-8D resp  : '3.21602E1' 
2023-06-08 12:58:59.035694 KEPCO BOP 50-8D query : 'FUNC:MODE?' 
2023-06-08 12:58:59.042310 KEPCO BOP 50-8D resp  : '1' 
2023-06-08 12:58:59.042310 HP 8673G CW Gen query : 'OK' 
2023-06-08 12:58:59.052122 HP 8673G CW Gen resp  : 'FR03000000000HZ' 
2023-06-08 12:58:59.052122 HP 8673G CW Gen query : 'LE OA' 
2023-06-08 12:58:59.166213 HP 8673G CW Gen resp  : 'LE-70.0DM' 
2023-06-08 12:58:59.168207 SRS_SR830 query : 'SENS?' 
2023-06-08 12:58:59.205274 SRS_SR830 resp  : '15' 
2023-06-08 12:58:59.206276 SRS_SR830 query : 'ISRC?' 
2023-06-08 12:58:59.241381 SRS_SR830 resp  : '1' 
2023-06-08 12:58:59.241381 SRS_SR830 query : 'OFLT?' 
2023-06-08 12:58:59.277006 SRS_SR830 resp  : '9' 
2023-06-08 12:59:03.632846 HP 8673G CW Gen write : 'LE -3 DB' 
2023-06-08 12:59:03.638830 HP 8673G CW Gen query : 'MG' 
2023-06-08 12:59:03.649801 HP 8673G CW Gen resp  : '00' 
2023-06-08 12:59:03.649801 KEPCO BOP 50-8D query : 'MEAS:CURR?' 
2023-06-08 12:59:03.682744 KEPCO BOP 50-8D resp  : '6.27712E0' 
2023-06-08 12:59:03.682744 KEPCO BOP 50-8D query : 'MEAS:VOLT?' 
2023-06-08 12:59:03.713640 KEPCO BOP 50-8D resp  : '-4.84086E1' 
2023-06-08 12:59:03.714638 KEPCO BOP 50-8D query : 'FUNC:MODE?' 
2023-06-08 12:59:03.720618 KEPCO BOP 50-8D resp  : '1' 
2023-06-08 12:59:03.720618 HP 8673G CW Gen query : 'OK' 
2023-06-08 12:59:03.730157 HP 8673G CW Gen resp  : 'FR03000000000HZ' 
2023-06-08 12:59:03.731146 HP 8673G CW Gen query : 'LE OA' 
2023-06-08 12:59:03.740400 HP 8673G CW Gen resp  : 'LE-3.0DM' 
2023-06-08 12:59:03.740400 SRS_SR830 query : 'SENS?' 
2023-06-08 12:59:03.777030 SRS_SR830 resp  : '15' 
2023-06-08 12:59:03.780001 SRS_SR830 query : 'ISRC?' 
2023-06-08 12:59:03.817322 SRS_SR830 resp  : '1' 
2023-06-08 12:59:03.818319 SRS_SR830 query : 'OFLT?' 
2023-06-08 12:59:03.854415 SRS_SR830 resp  : '9' 
2023-06-08 12:59:10.553943 SRS_SR830 query : 'ISRC?' 
2023-06-08 12:59:10.588849 SRS_SR830 resp  : '1' 
2023-06-08 12:59:10.588849 SRS_SR830 write : 'SENS 15' 
2023-06-08 12:59:10.589847 KEPCO BOP 50-8D write : 'CURR 0.0531' 
2023-06-08 12:59:10.591841 HP 8673G CW Gen write : 'FR 1.5 GZ' 
2023-06-08 12:59:10.598822 HP 8673G CW Gen query : 'MG' 
2023-06-08 12:59:10.605804 HP 8673G CW Gen resp  : '01' 
2023-06-08 12:59:10.605804 HP 8673G CW Gen ERR  : 'Device message code 01: FREQUENCY OUT OF RANGE.' 
2023-06-08 12:59:56.719360 SRS_SR830 query : 'ISRC?' 
2023-06-08 12:59:56.754265 SRS_SR830 resp  : '1' 
2023-06-08 12:59:56.754265 SRS_SR830 write : 'SENS 15' 
2023-06-08 12:59:56.755262 KEPCO BOP 50-8D write : 'CURR 0.1481' 
2023-06-08 12:59:56.757280 HP 8673G CW Gen write : 'FR 2.5 GZ' 
2023-06-08 12:59:56.764238 HP 8673G CW Gen query : 'MG' 
2023-06-08 12:59:56.771220 HP 8673G CW Gen resp  : '00' 
2023-06-08 13:00:01.913374 HP 8673G CW Gen write : 'FR 2.5 GZ' 
2023-06-08 13:00:01.920355 HP 8673G CW Gen query : 'MG' 
2023-06-08 13:00:01.927341 HP 8673G CW Gen resp  : '00' 
2023-06-08 13:00:02.442414 SRS_SR830 query : 'OUTP? 1' 
2023-06-08 13:00:02.505211 SRS_SR830 resp  : '-6.06629e-005' 
2023-06-08 13:00:02.613047 SRS_SR830 query : 'OUTP? 1' 
2023-06-08 13:00:02.673078 SRS_SR830 resp  : '-6.05884e-005' 
2023-06-08 13:00:02.784159 SRS_SR830 query : 'OUTP? 1' 
2023-06-08 13:00:02.842416 SRS_SR830 resp  : '-6.06033e-005' 
2023-06-08 13:00:02.955701 SRS_SR830 query : 'OUTP? 1' 
2023-06-08 13:00:03.013443 SRS_SR830 resp  : '-6.06703e-005' 
2023-06-08 13:00:03.125623 SRS_SR830 query : 'OUTP? 1' 
2023-06-08 13:00:03.185713 SRS_SR830 resp  : '-6.07523e-005' 
2023-06-08 13:00:03.300133 SRS_SR830 query : 'OUTP? 1' 
2023-06-08 13:00:03.358995 SRS_SR830 resp  : '-6.08044e-005' 
2023-06-08 13:00:03.471210 SRS_SR830 query : 'OUTP? 1' 
2023-06-08 13:00:03.532383 SRS_SR830 resp  : '-6.07597e-005' 
2023-06-08 13:00:03.644332 SRS_SR830 query : 'OUTP? 1' 
2023-06-08 13:00:03.703796 SRS_SR830 resp  : '-6.07374e-005' 
2023-06-08 13:00:03.817102 SRS_SR830 query : 'OUTP? 1' 
2023-06-08 13:00:03.884145 SRS_SR830 resp  : '-6.07076e-005' 
2023-06-08 13:00:03.989738 SRS_SR830 query : 'OUTP? 1' 
2023-06-08 13:00:04.050107 SRS_SR830 resp  : '-6.06778e-005' 
2023-06-08 13:00:04.164929 SRS_SR830 query : 'SENS?' 
2023-06-08 13:00:04.204201 SRS_SR830 resp  : '15' 
2023-06-08 13:00:04.205198 SRS_SR830 query : 'ISRC?' 
2023-06-08 13:00:04.241609 SRS_SR830 resp  : '1' 
2023-06-08 13:00:04.242605 SRS_SR830 query : 'OUTP? 2' 
2023-06-08 13:00:04.299304 SRS_SR830 resp  : '3.0324e-006' 
2023-06-08 13:00:04.412332 SRS_SR830 query : 'OUTP? 2' 
2023-06-08 13:00:04.470643 SRS_SR830 resp  : '2.92809e-006' 
2023-06-08 13:00:04.586190 SRS_SR830 query : 'OUTP? 2' 
2023-06-08 13:00:04.644717 SRS_SR830 resp  : '2.71948e-006' 
2023-06-08 13:00:04.754368 SRS_SR830 query : 'OUTP? 2' 
2023-06-08 13:00:04.812796 SRS_SR830 resp  : '2.61517e-006' 
2023-06-08 13:00:04.928296 SRS_SR830 query : 'OUTP? 2' 
2023-06-08 13:00:04.987763 SRS_SR830 resp  : '2.66732e-006' 
2023-06-08 13:00:05.100324 SRS_SR830 query : 'OUTP? 2' 
2023-06-08 13:00:05.158828 SRS_SR830 resp  : '2.74928e-006' 
2023-06-08 13:00:05.273266 SRS_SR830 query : 'OUTP? 2' 
2023-06-08 13:00:05.330447 SRS_SR830 resp  : '2.77163e-006' 
2023-06-08 13:00:05.444627 SRS_SR830 query : 'OUTP? 2' 
2023-06-08 13:00:05.503903 SRS_SR830 resp  : '2.86104e-006' 
2023-06-08 13:00:05.617471 SRS_SR830 query : 'OUTP? 2' 
2023-06-08 13:00:05.675436 SRS_SR830 resp  : '2.98025e-006' 
2023-06-08 13:00:05.790251 SRS_SR830 query : 'OUTP? 2' 
2023-06-08 13:00:05.847622 SRS_SR830 resp  : '3.15906e-006' 
2023-06-08 13:00:05.964627 SRS_SR830 query : 'SENS?' 
2023-06-08 13:00:06.002841 SRS_SR830 resp  : '15' 
2023-06-08 13:00:06.003836 SRS_SR830 query : 'ISRC?' 
2023-06-08 13:00:06.039702 SRS_SR830 resp  : '1' 
