SpinLab Experiment Logfile2023-6-8_17-56-42
2023-06-08 12:56:42.236382 OPEN_ : '' 
2023-06-08 12:56:42.393474 GPIB0::15::INSTR OPEN_ : '' 
2023-06-08 12:56:42.415419 GPIB0::6::INSTR OPEN_ : '' 
2023-06-08 12:56:42.417416 KEPCO BOP 50-8D write : '*CLS' 
2023-06-08 12:56:42.418433 KEPCO BOP 50-8D write : '*RST' 
2023-06-08 12:56:42.421018 KEPCO BOP 50-8D write : 'OUTPUT ON' 
2023-06-08 12:56:42.423345 KEPCO BOP 50-8D write : 'FUNC:MODE CURR' 
2023-06-08 12:56:42.425595 KEPCO BOP 50-8D write : 'VOLT 40.0000' 
2023-06-08 12:56:42.428848 KEPCO BOP 50-8D write : 'CURR 0.0000' 
2023-06-08 12:56:42.445405 ASRL4::INSTR OPEN_ : '' 
2023-06-08 12:56:42.446405 SRS_SR830 write : 'OUTX 0' 
2023-06-08 12:56:42.446405 SRS_SR830 write : 'OVRM 1' 
2023-06-08 12:56:42.447410 KEPCO BOP 50-8D query : 'MEAS:CURR?' 
2023-06-08 12:56:42.479626 KEPCO BOP 50-8D resp  : '2.14421E0' 
2023-06-08 12:56:42.480628 KEPCO BOP 50-8D query : 'MEAS:VOLT?' 
2023-06-08 12:56:42.511016 KEPCO BOP 50-8D resp  : '-5.13202E1' 
2023-06-08 12:56:42.511016 KEPCO BOP 50-8D query : 'FUNC:MODE?' 
2023-06-08 12:56:42.517301 KEPCO BOP 50-8D resp  : '1' 
2023-06-08 12:56:42.517301 HP 8673G CW Gen query : 'OK' 
2023-06-08 12:56:42.617431 HP 8673G CW Gen resp  : 'FR03000000000HZ' 
2023-06-08 12:56:42.618430 HP 8673G CW Gen query : 'LE OA' 
2023-06-08 12:56:42.630246 HP 8673G CW Gen resp  : 'LE-70.0DM' 
2023-06-08 12:56:42.631300 SRS_SR830 query : 'SENS?' 
2023-06-08 12:56:42.668814 SRS_SR830 resp  : '15' 
2023-06-08 12:56:42.669859 SRS_SR830 query : 'ISRC?' 
2023-06-08 12:56:42.705717 SRS_SR830 resp  : '1' 
2023-06-08 12:56:42.705717 SRS_SR830 query : 'OFLT?' 
2023-06-08 12:56:42.740668 SRS_SR830 resp  : '9' 
2023-06-08 12:56:43.883945 HP 8673G CW Gen write : 'LE -3 DB' 
2023-06-08 12:56:43.889932 HP 8673G CW Gen query : 'MG' 
2023-06-08 12:56:43.898904 HP 8673G CW Gen resp  : '00' 
2023-06-08 12:56:43.898904 KEPCO BOP 50-8D query : 'MEAS:CURR?' 
2023-06-08 12:56:43.932815 KEPCO BOP 50-8D resp  : '6.28708E0' 
2023-06-08 12:56:43.932815 KEPCO BOP 50-8D query : 'MEAS:VOLT?' 
2023-06-08 12:56:43.965725 KEPCO BOP 50-8D resp  : '-4.92824E1' 
2023-06-08 12:56:43.967720 KEPCO BOP 50-8D query : 'FUNC:MODE?' 
2023-06-08 12:56:43.975699 KEPCO BOP 50-8D resp  : '1' 
2023-06-08 12:56:43.976705 HP 8673G CW Gen query : 'OK' 
2023-06-08 12:56:43.984675 HP 8673G CW Gen resp  : 'FR03000000000HZ' 
2023-06-08 12:56:43.985672 HP 8673G CW Gen query : 'LE OA' 
2023-06-08 12:56:43.994648 HP 8673G CW Gen resp  : 'LE-3.0DM' 
2023-06-08 12:56:43.994648 SRS_SR830 query : 'SENS?' 
2023-06-08 12:56:44.031549 SRS_SR830 resp  : '15' 
2023-06-08 12:56:44.031549 SRS_SR830 query : 'ISRC?' 
2023-06-08 12:56:44.067129 SRS_SR830 resp  : '1' 
2023-06-08 12:56:44.068124 SRS_SR830 query : 'OFLT?' 
2023-06-08 12:56:44.104148 SRS_SR830 resp  : '9' 
2023-06-08 12:57:01.218225 CLOSE : '' 
2023-06-08 12:57:01.218225 KEPCO BOP 50-8D write : 'VOLT 0' 
2023-06-08 12:57:01.220956 KEPCO BOP 50-8D CLOSE : '' 
2023-06-08 12:57:01.223074 HP 8673G CW Gen CLOSE : '' 
2023-06-08 12:57:01.224401 SRS_SR830 CLOSE : '' 
