SpinLab Experiment Logfile2023-6-8_18-39-25
2023-06-08 13:39:25.101549 OPEN_ : '' 
2023-06-08 13:39:25.232200 GPIB0::15::INSTR OPEN_ : '' 
2023-06-08 13:39:25.248160 GPIB0::6::INSTR OPEN_ : '' 
2023-06-08 13:39:25.249154 KEPCO BOP 50-8D write : '*CLS' 
2023-06-08 13:39:25.250151 KEPCO BOP 50-8D write : '*RST' 
2023-06-08 13:39:25.252147 KEPCO BOP 50-8D write : 'OUTPUT ON' 
2023-06-08 13:39:25.255139 KEPCO BOP 50-8D write : 'FUNC:MODE CURR' 
2023-06-08 13:39:25.257132 KEPCO BOP 50-8D write : 'VOLT 40.0000' 
2023-06-08 13:39:25.261121 KEPCO BOP 50-8D write : 'CURR 0.0000' 
2023-06-08 13:39:25.276081 ASRL4::INSTR OPEN_ : '' 
2023-06-08 13:39:25.276081 SRS_SR830 write : 'OUTX 0' 
2023-06-08 13:39:25.277079 SRS_SR830 write : 'OVRM 1' 
2023-06-08 13:39:25.277079 KEPCO BOP 50-8D query : 'MEAS:CURR?' 
2023-06-08 13:39:25.304008 KEPCO BOP 50-8D resp  : '5.362E-2' 
2023-06-08 13:39:25.305005 KEPCO BOP 50-8D query : 'MEAS:VOLT?' 
2023-06-08 13:39:25.334924 KEPCO BOP 50-8D resp  : '4.38115E1' 
2023-06-08 13:39:25.334924 KEPCO BOP 50-8D query : 'FUNC:MODE?' 
2023-06-08 13:39:25.340910 KEPCO BOP 50-8D resp  : '1' 
2023-06-08 13:39:25.340910 HP 8673G CW Gen query : 'OK' 
2023-06-08 13:39:25.348887 HP 8673G CW Gen resp  : 'FR03000000000HZ' 
2023-06-08 13:39:25.349885 HP 8673G CW Gen query : 'LE OA' 
2023-06-08 13:39:25.358885 HP 8673G CW Gen resp  : 'LE-70.0DM' 
2023-06-08 13:39:25.359925 SRS_SR830 query : 'SENS?' 
2023-06-08 13:39:25.397076 SRS_SR830 resp  : '18' 
2023-06-08 13:39:25.398073 SRS_SR830 query : 'ISRC?' 
2023-06-08 13:39:25.433345 SRS_SR830 resp  : '1' 
2023-06-08 13:39:25.435378 SRS_SR830 query : 'OFLT?' 
2023-06-08 13:39:25.472140 SRS_SR830 resp  : '9' 
2023-06-08 13:39:32.274248 HP 8673G CW Gen write : 'LE -3 DB' 
2023-06-08 13:39:32.280231 HP 8673G CW Gen query : 'MG' 
2023-06-08 13:39:32.290219 HP 8673G CW Gen resp  : '00' 
2023-06-08 13:39:32.291204 KEPCO BOP 50-8D query : 'MEAS:CURR?' 
2023-06-08 13:39:32.323407 KEPCO BOP 50-8D resp  : '7.31973E0' 
2023-06-08 13:39:32.323407 KEPCO BOP 50-8D query : 'MEAS:VOLT?' 
2023-06-08 13:39:32.354556 KEPCO BOP 50-8D resp  : '4.13544E1' 
2023-06-08 13:39:32.355553 KEPCO BOP 50-8D query : 'FUNC:MODE?' 
2023-06-08 13:39:32.361562 KEPCO BOP 50-8D resp  : '1' 
2023-06-08 13:39:32.362531 HP 8673G CW Gen query : 'OK' 
2023-06-08 13:39:32.371301 HP 8673G CW Gen resp  : 'FR03000000000HZ' 
2023-06-08 13:39:32.371301 HP 8673G CW Gen query : 'LE OA' 
2023-06-08 13:39:32.380612 HP 8673G CW Gen resp  : 'LE-3.0DM' 
2023-06-08 13:39:32.381608 SRS_SR830 query : 'SENS?' 
2023-06-08 13:39:32.417618 SRS_SR830 resp  : '18' 
2023-06-08 13:39:32.417618 SRS_SR830 query : 'ISRC?' 
2023-06-08 13:39:32.453730 SRS_SR830 resp  : '1' 
2023-06-08 13:39:32.454733 SRS_SR830 query : 'OFLT?' 
2023-06-08 13:39:32.490739 SRS_SR830 resp  : '9' 
2023-06-08 13:41:23.039127 CLOSE : '' 
2023-06-08 13:41:23.040078 KEPCO BOP 50-8D write : 'VOLT 0' 
2023-06-08 13:41:23.042072 KEPCO BOP 50-8D CLOSE : '' 
2023-06-08 13:41:23.044068 HP 8673G CW Gen CLOSE : '' 
2023-06-08 13:41:23.045064 SRS_SR830 CLOSE : '' 
