SpinLab Experiment Logfile2023-6-7_13-59-56
2023-06-07 08:59:56.032917 OPEN_ : '' 
2023-06-07 08:59:56.146372 GPIB0::15::INSTR OPEN_ : '' 
2023-06-07 08:59:56.172128 GPIB0::6::INSTR OPEN_ : '' 
2023-06-07 08:59:56.174125 KEPCO BOP 50-8D write : '*CLS' 
2023-06-07 08:59:56.176197 KEPCO BOP 50-8D write : '*RST' 
2023-06-07 08:59:56.177958 KEPCO BOP 50-8D write : 'OUTPUT ON' 
2023-06-07 08:59:56.180021 KEPCO BOP 50-8D write : 'FUNC:MODE CURR' 
2023-06-07 08:59:56.182430 KEPCO BOP 50-8D write : 'VOLT 20.0000' 
2023-06-07 08:59:56.185572 KEPCO BOP 50-8D write : 'CURR 0.0000' 
2023-06-07 08:59:56.218107 ASRL4::INSTR OPEN_ : '' 
2023-06-07 08:59:56.219074 SRS_SR830 write : 'OUTX 0' 
2023-06-07 08:59:56.220102 SRS_SR830 write : 'OVRM 1' 
2023-06-07 08:59:56.220102 KEPCO BOP 50-8D query : 'MEAS:CURR?' 
2023-06-07 08:59:56.247960 KEPCO BOP 50-8D resp  : '3.906E-2' 
2023-06-07 08:59:56.248997 KEPCO BOP 50-8D query : 'MEAS:VOLT?' 
2023-06-07 08:59:56.281461 KEPCO BOP 50-8D resp  : '-3.25955E1' 
2023-06-07 08:59:56.282457 KEPCO BOP 50-8D query : 'FUNC:MODE?' 
2023-06-07 08:59:56.288924 KEPCO BOP 50-8D resp  : '1' 
2023-06-07 08:59:56.289887 HP 8673G CW Gen query : 'OK' 
2023-06-07 08:59:56.371863 HP 8673G CW Gen resp  : 'FR03000000000HZ' 
2023-06-07 08:59:56.372860 HP 8673G CW Gen query : 'LE OA' 
2023-06-07 08:59:56.384020 HP 8673G CW Gen resp  : 'LE-70.0DM' 
2023-06-07 08:59:56.385016 SRS_SR830 query : 'SENS?' 
2023-06-07 08:59:56.422889 SRS_SR830 resp  : '16' 
2023-06-07 08:59:56.423892 SRS_SR830 query : 'ISRC?' 
2023-06-07 08:59:56.459842 SRS_SR830 resp  : '1' 
2023-06-07 08:59:56.460833 SRS_SR830 query : 'OFLT?' 
2023-06-07 08:59:56.497073 SRS_SR830 resp  : '9' 
2023-06-07 08:59:57.473829 HP 8673G CW Gen write : 'LE -3 DB' 
2023-06-07 08:59:57.480809 HP 8673G CW Gen query : 'MG' 
2023-06-07 08:59:57.489187 HP 8673G CW Gen resp  : '00' 
2023-06-07 09:00:11.158550 HP 8673G CW Gen write : 'FR 5.0 GZ' 
2023-06-07 09:00:11.166529 HP 8673G CW Gen query : 'MG' 
2023-06-07 09:00:11.175516 HP 8673G CW Gen resp  : '00' 
