SpinLab Experiment Logfile2023-6-6_21-2-43
2023-06-06 16:02:43.622781 OPEN_ : '' 
2023-06-06 16:02:43.733762 GPIB0::15::INSTR OPEN_ : '' 
2023-06-06 16:02:43.770724 GPIB0::6::INSTR OPEN_ : '' 
2023-06-06 16:02:43.772850 KEPCO BOP 50-8D write : '*CLS' 
2023-06-06 16:02:43.775366 KEPCO BOP 50-8D write : '*RST' 
2023-06-06 16:02:43.777360 KEPCO BOP 50-8D write : 'OUTPUT ON' 
2023-06-06 16:02:43.779687 KEPCO BOP 50-8D write : 'FUNC:MODE CURR' 
2023-06-06 16:02:43.782017 KEPCO BOP 50-8D write : 'VOLT 20.0000' 
2023-06-06 16:02:43.784535 KEPCO BOP 50-8D write : 'CURR 0.0000' 
2023-06-06 16:02:43.801281 ASRL4::INSTR OPEN_ : '' 
2023-06-06 16:02:43.802277 SRS_SR830 write : 'OUTX 0' 
2023-06-06 16:02:43.802277 SRS_SR830 write : 'OVRM 1' 
2023-06-06 16:02:43.803275 KEPCO BOP 50-8D query : 'MEAS:CURR?' 
2023-06-06 16:02:43.834838 KEPCO BOP 50-8D resp  : '1.11130E0' 
2023-06-06 16:02:43.834838 KEPCO BOP 50-8D query : 'MEAS:VOLT?' 
2023-06-06 16:02:43.864997 KEPCO BOP 50-8D resp  : '4.02302E1' 
2023-06-06 16:02:43.864997 KEPCO BOP 50-8D query : 'FUNC:MODE?' 
2023-06-06 16:02:43.871520 KEPCO BOP 50-8D resp  : '1' 
2023-06-06 16:02:43.871520 HP 8673G CW Gen query : 'OK' 
2023-06-06 16:02:43.960148 HP 8673G CW Gen resp  : 'FR03000000000HZ' 
2023-06-06 16:02:43.962143 HP 8673G CW Gen query : 'LE OA' 
2023-06-06 16:02:43.972034 HP 8673G CW Gen resp  : 'LE-70.0DM' 
2023-06-06 16:02:43.974036 SRS_SR830 query : 'SENS?' 
2023-06-06 16:02:44.012398 SRS_SR830 resp  : '15' 
2023-06-06 16:02:44.013367 SRS_SR830 query : 'ISRC?' 
2023-06-06 16:02:44.049443 SRS_SR830 resp  : '1' 
2023-06-06 16:02:44.049443 SRS_SR830 query : 'OFLT?' 
2023-06-06 16:02:44.085370 SRS_SR830 resp  : '9' 
2023-06-06 16:03:46.849071 HP 8673G CW Gen write : 'LE -3 DB' 
2023-06-06 16:03:46.855053 HP 8673G CW Gen query : 'MG' 
2023-06-06 16:03:46.864058 HP 8673G CW Gen resp  : '00' 
2023-06-06 16:06:57.144814 HP 8673G CW Gen write : 'FR 3.0 GZ' 
2023-06-06 16:06:57.151796 HP 8673G CW Gen query : 'MG' 
2023-06-06 16:06:57.159774 HP 8673G CW Gen resp  : '00' 
