SpinLab Experiment Logfile2023-6-7_18-21-30
2023-06-07 13:21:30.274512 OPEN_ : '' 
2023-06-07 13:21:30.399773 GPIB0::15::INSTR OPEN_ : '' 
2023-06-07 13:21:30.415778 GPIB0::6::INSTR OPEN_ : '' 
2023-06-07 13:21:30.417245 KEPCO BOP 50-8D write : '*CLS' 
2023-06-07 13:21:30.418856 KEPCO BOP 50-8D write : '*RST' 
2023-06-07 13:21:30.420481 KEPCO BOP 50-8D write : 'OUTPUT ON' 
2023-06-07 13:21:30.422676 KEPCO BOP 50-8D write : 'FUNC:MODE CURR' 
2023-06-07 13:21:30.424993 KEPCO BOP 50-8D write : 'VOLT 40.0000' 
2023-06-07 13:21:30.428356 KEPCO BOP 50-8D write : 'CURR 0.0000' 
2023-06-07 13:21:30.443752 ASRL4::INSTR OPEN_ : '' 
2023-06-07 13:21:30.444748 SRS_SR830 write : 'OUTX 0' 
2023-06-07 13:21:30.444748 SRS_SR830 write : 'OVRM 1' 
2023-06-07 13:21:30.445746 KEPCO BOP 50-8D query : 'MEAS:CURR?' 
2023-06-07 13:21:30.478174 KEPCO BOP 50-8D resp  : '2.15570E0' 
2023-06-07 13:21:30.478174 KEPCO BOP 50-8D query : 'MEAS:VOLT?' 
2023-06-07 13:21:30.508708 KEPCO BOP 50-8D resp  : '3.40258E1' 
2023-06-07 13:21:30.508708 KEPCO BOP 50-8D query : 'FUNC:MODE?' 
2023-06-07 13:21:30.514799 KEPCO BOP 50-8D resp  : '1' 
2023-06-07 13:21:30.515801 HP 8673G CW Gen query : 'OK' 
2023-06-07 13:21:30.623317 HP 8673G CW Gen resp  : 'FR03000000000HZ' 
2023-06-07 13:21:30.625318 HP 8673G CW Gen query : 'LE OA' 
2023-06-07 13:21:30.636217 HP 8673G CW Gen resp  : 'LE-70.0DM' 
2023-06-07 13:21:30.637214 SRS_SR830 query : 'SENS?' 
2023-06-07 13:21:30.675849 SRS_SR830 resp  : '16' 
2023-06-07 13:21:30.676846 SRS_SR830 query : 'ISRC?' 
2023-06-07 13:21:30.712181 SRS_SR830 resp  : '1' 
2023-06-07 13:21:30.713182 SRS_SR830 query : 'OFLT?' 
2023-06-07 13:21:30.749656 SRS_SR830 resp  : '9' 
