SpinLab Experiment Logfile2023-6-8_18-58-54
2023-06-08 13:58:54.696700 OPEN_ : '' 
2023-06-08 13:58:54.838902 GPIB0::15::INSTR OPEN_ : '' 
2023-06-08 13:58:54.860843 GPIB0::6::INSTR OPEN_ : '' 
2023-06-08 13:58:54.862838 KEPCO BOP 50-8D write : '*CLS' 
2023-06-08 13:58:54.864832 KEPCO BOP 50-8D write : '*RST' 
2023-06-08 13:58:54.866827 KEPCO BOP 50-8D write : 'OUTPUT ON' 
2023-06-08 13:58:54.868821 KEPCO BOP 50-8D write : 'FUNC:MODE CURR' 
2023-06-08 13:58:54.870816 KEPCO BOP 50-8D write : 'VOLT 40.0000' 
2023-06-08 13:58:54.873815 KEPCO BOP 50-8D write : 'CURR 0.0000' 
2023-06-08 13:58:54.889766 ASRL4::INSTR OPEN_ : '' 
2023-06-08 13:58:54.891762 SRS_SR830 write : 'OUTX 0' 
2023-06-08 13:58:54.892758 SRS_SR830 write : 'OVRM 1' 
2023-06-08 13:58:54.892758 KEPCO BOP 50-8D query : 'MEAS:CURR?' 
2023-06-08 13:58:54.926214 KEPCO BOP 50-8D resp  : '2.15825E0' 
2023-06-08 13:58:54.927211 KEPCO BOP 50-8D query : 'MEAS:VOLT?' 
2023-06-08 13:58:54.957764 KEPCO BOP 50-8D resp  : '4.80387E1' 
2023-06-08 13:58:54.959760 KEPCO BOP 50-8D query : 'FUNC:MODE?' 
2023-06-08 13:58:54.966740 KEPCO BOP 50-8D resp  : '1' 
2023-06-08 13:58:54.967737 HP 8673G CW Gen query : 'OK' 
2023-06-08 13:58:55.063584 HP 8673G CW Gen resp  : 'FR03000000000HZ' 
2023-06-08 13:58:55.064617 HP 8673G CW Gen query : 'LE OA' 
2023-06-08 13:58:55.075695 HP 8673G CW Gen resp  : 'LE-70.0DM' 
2023-06-08 13:58:55.076693 SRS_SR830 query : 'SENS?' 
2023-06-08 13:58:55.114688 SRS_SR830 resp  : '15' 
2023-06-08 13:58:55.115684 SRS_SR830 query : 'ISRC?' 
2023-06-08 13:58:55.152586 SRS_SR830 resp  : '1' 
2023-06-08 13:58:55.153583 SRS_SR830 query : 'OFLT?' 
2023-06-08 13:58:55.189486 SRS_SR830 resp  : '9' 
2023-06-08 13:59:28.231535 HP 8673G CW Gen write : 'LE -3 DB' 
2023-06-08 13:59:28.238523 HP 8673G CW Gen query : 'MG' 
2023-06-08 13:59:28.246495 HP 8673G CW Gen resp  : '00' 
2023-06-08 13:59:28.247492 KEPCO BOP 50-8D query : 'MEAS:CURR?' 
2023-06-08 13:59:28.279566 KEPCO BOP 50-8D resp  : '8.36336E0' 
2023-06-08 13:59:28.280209 KEPCO BOP 50-8D query : 'MEAS:VOLT?' 
2023-06-08 13:59:28.310248 KEPCO BOP 50-8D resp  : '-5.10141E1' 
2023-06-08 13:59:28.311289 KEPCO BOP 50-8D query : 'FUNC:MODE?' 
2023-06-08 13:59:28.317293 KEPCO BOP 50-8D resp  : '1' 
2023-06-08 13:59:28.317293 HP 8673G CW Gen query : 'OK' 
2023-06-08 13:59:28.326770 HP 8673G CW Gen resp  : 'FR03000000000HZ' 
2023-06-08 13:59:28.326770 HP 8673G CW Gen query : 'LE OA' 
2023-06-08 13:59:28.335995 HP 8673G CW Gen resp  : 'LE-3.0DM' 
2023-06-08 13:59:28.335995 SRS_SR830 query : 'SENS?' 
2023-06-08 13:59:28.374093 SRS_SR830 resp  : '15' 
2023-06-08 13:59:28.374093 SRS_SR830 query : 'ISRC?' 
2023-06-08 13:59:28.409695 SRS_SR830 resp  : '1' 
2023-06-08 13:59:28.410685 SRS_SR830 query : 'OFLT?' 
2023-06-08 13:59:28.447065 SRS_SR830 resp  : '9' 
2023-06-08 14:00:29.941227 CLOSE : '' 
2023-06-08 14:00:29.941227 KEPCO BOP 50-8D write : 'VOLT 0' 
2023-06-08 14:00:29.943254 KEPCO BOP 50-8D CLOSE : '' 
2023-06-08 14:00:29.945215 HP 8673G CW Gen CLOSE : '' 
2023-06-08 14:00:29.945215 SRS_SR830 CLOSE : '' 
