SpinLab Experiment Logfile2023-6-7_18-30-24
2023-06-07 13:30:24.531787 OPEN_ : '' 
2023-06-07 13:30:24.693354 GPIB0::15::INSTR OPEN_ : '' 
2023-06-07 13:30:24.713314 GPIB0::6::INSTR OPEN_ : '' 
2023-06-07 13:30:24.715299 KEPCO BOP 50-8D write : '*CLS' 
2023-06-07 13:30:24.716296 KEPCO BOP 50-8D write : '*RST' 
2023-06-07 13:30:24.718291 KEPCO BOP 50-8D write : 'OUTPUT ON' 
2023-06-07 13:30:24.720286 KEPCO BOP 50-8D write : 'FUNC:MODE CURR' 
2023-06-07 13:30:24.723023 KEPCO BOP 50-8D write : 'VOLT 40.0000' 
2023-06-07 13:30:24.726293 KEPCO BOP 50-8D write : 'CURR 0.0000' 
2023-06-07 13:30:24.803143 ASRL4::INSTR OPEN_ : '' 
2023-06-07 13:30:24.804140 SRS_SR830 write : 'OUTX 0' 
2023-06-07 13:30:24.805137 SRS_SR830 write : 'OVRM 1' 
2023-06-07 13:30:24.805137 KEPCO BOP 50-8D query : 'MEAS:CURR?' 
2023-06-07 13:30:24.839181 KEPCO BOP 50-8D resp  : '5.23859E0' 
2023-06-07 13:30:24.839181 KEPCO BOP 50-8D query : 'MEAS:VOLT?' 
2023-06-07 13:30:24.870135 KEPCO BOP 50-8D resp  : '5.06553E1' 
2023-06-07 13:30:24.870135 KEPCO BOP 50-8D query : 'FUNC:MODE?' 
2023-06-07 13:30:24.876155 KEPCO BOP 50-8D resp  : '1' 
2023-06-07 13:30:24.876155 HP 8673G CW Gen query : 'OK' 
2023-06-07 13:30:24.915825 HP 8673G CW Gen resp  : 'FR03000000000HZ' 
2023-06-07 13:30:24.916827 HP 8673G CW Gen query : 'LE OA' 
2023-06-07 13:30:24.927756 HP 8673G CW Gen resp  : 'LE-70.0DM' 
2023-06-07 13:30:24.927756 SRS_SR830 query : 'SENS?' 
2023-06-07 13:30:24.965885 SRS_SR830 resp  : '16' 
2023-06-07 13:30:24.966851 SRS_SR830 query : 'ISRC?' 
2023-06-07 13:30:25.001755 SRS_SR830 resp  : '1' 
2023-06-07 13:30:25.001755 SRS_SR830 query : 'OFLT?' 
2023-06-07 13:30:25.036984 SRS_SR830 resp  : '9' 
2023-06-07 13:30:52.590010 HP 8673G CW Gen write : 'LE -3 DB' 
2023-06-07 13:30:52.595994 HP 8673G CW Gen query : 'MG' 
2023-06-07 13:30:52.605002 HP 8673G CW Gen resp  : '00' 
2023-06-07 13:30:58.896829 SRS_SR830 query : 'ISRC?' 
2023-06-07 13:30:58.933115 SRS_SR830 resp  : '1' 
2023-06-07 13:30:58.933115 SRS_SR830 write : 'SENS 15' 
2023-06-07 13:30:58.934136 HP 8673G CW Gen write : 'FR 2.0 GZ' 
2023-06-07 13:30:58.941551 HP 8673G CW Gen query : 'MG' 
2023-06-07 13:30:58.949283 HP 8673G CW Gen resp  : '00' 
2023-06-07 13:30:59.204014 KEPCO BOP 50-8D write : 'CURR 0.0000' 
2023-06-07 13:31:04.214525 KEPCO BOP 50-8D write : 'CURR 0.0000' 
2023-06-07 13:31:04.719047 SRS_SR830 query : 'OUTP? 1' 
2023-06-07 13:31:04.779504 SRS_SR830 resp  : '-7.65926e-006' 
2023-06-07 13:31:04.779504 SRS_SR830 query : 'OUTP? 1' 
2023-06-07 13:31:04.838388 SRS_SR830 resp  : '-7.71886e-006' 
2023-06-07 13:31:04.839391 SRS_SR830 query : 'OUTP? 1' 
2023-06-07 13:31:04.897137 SRS_SR830 resp  : '-7.80082e-006' 
2023-06-07 13:31:04.897137 SRS_SR830 query : 'OUTP? 1' 
2023-06-07 13:31:04.960894 SRS_SR830 resp  : '-7.90512e-006' 
2023-06-07 13:31:04.962896 SRS_SR830 query : 'OUTP? 1' 
2023-06-07 13:31:05.021597 SRS_SR830 resp  : '-8.00943e-006' 
2023-06-07 13:31:05.022598 SRS_SR830 query : 'OUTP? 1' 
2023-06-07 13:31:05.081202 SRS_SR830 resp  : '-8.11374e-006' 
2023-06-07 13:31:05.081202 SRS_SR830 query : 'OUTP? 1' 
2023-06-07 13:31:05.139612 SRS_SR830 resp  : '-8.21805e-006' 
2023-06-07 13:31:05.139612 SRS_SR830 query : 'OUTP? 1' 
2023-06-07 13:31:05.194104 SRS_SR830 resp  : '-8.3e-006' 
2023-06-07 13:31:05.194797 SRS_SR830 query : 'OUTP? 1' 
2023-06-07 13:31:05.253584 SRS_SR830 resp  : '-8.36706e-006' 
2023-06-07 13:31:05.253584 SRS_SR830 query : 'OUTP? 1' 
2023-06-07 13:31:05.313320 SRS_SR830 resp  : '-8.44157e-006' 
2023-06-07 13:31:05.313320 SRS_SR830 query : 'OUTP? 1' 
2023-06-07 13:31:05.372358 SRS_SR830 resp  : '-8.51607e-006' 
2023-06-07 13:31:05.372358 SRS_SR830 query : 'OUTP? 1' 
2023-06-07 13:31:05.431648 SRS_SR830 resp  : '-8.59058e-006' 
2023-06-07 13:31:05.431648 SRS_SR830 query : 'OUTP? 1' 
2023-06-07 13:31:05.490194 SRS_SR830 resp  : '-8.66508e-006' 
2023-06-07 13:31:05.491197 SRS_SR830 query : 'OUTP? 1' 
2023-06-07 13:31:05.549026 SRS_SR830 resp  : '-8.74704e-006' 
2023-06-07 13:31:05.552449 SRS_SR830 query : 'OUTP? 1' 
2023-06-07 13:31:05.612740 SRS_SR830 resp  : '-8.85135e-006' 
2023-06-07 13:31:05.614742 SRS_SR830 query : 'OUTP? 1' 
2023-06-07 13:31:05.673788 SRS_SR830 resp  : '-8.95566e-006' 
2023-06-07 13:31:05.674791 SRS_SR830 query : 'OUTP? 1' 
2023-06-07 13:31:05.732718 SRS_SR830 resp  : '-9.05996e-006' 
2023-06-07 13:31:05.732718 SRS_SR830 query : 'OUTP? 1' 
2023-06-07 13:31:05.793865 SRS_SR830 resp  : '-9.17917e-006' 
2023-06-07 13:31:05.794799 SRS_SR830 query : 'OUTP? 1' 
2023-06-07 13:31:05.854805 SRS_SR830 resp  : '-9.27603e-006' 
2023-06-07 13:31:05.856800 SRS_SR830 query : 'OUTP? 1' 
2023-06-07 13:31:05.915400 SRS_SR830 resp  : '-9.36544e-006' 
2023-06-07 13:31:05.916405 SRS_SR830 query : 'OUTP? 1' 
2023-06-07 13:31:05.976043 SRS_SR830 resp  : '-9.43994e-006' 
2023-06-07 13:31:05.977000 SRS_SR830 query : 'OUTP? 1' 
2023-06-07 13:31:06.032254 SRS_SR830 resp  : '-9.507e-006' 
2023-06-07 13:31:06.033301 SRS_SR830 query : 'OUTP? 1' 
2023-06-07 13:31:06.091619 SRS_SR830 resp  : '-9.5666e-006' 
2023-06-07 13:31:06.092624 SRS_SR830 query : 'OUTP? 1' 
2023-06-07 13:31:06.151254 SRS_SR830 resp  : '-9.64111e-006' 
2023-06-07 13:31:06.152390 SRS_SR830 query : 'OUTP? 1' 
2023-06-07 13:31:06.213256 SRS_SR830 resp  : '-9.70816e-006' 
2023-06-07 13:31:06.214252 SRS_SR830 query : 'OUTP? 1' 
2023-06-07 13:31:06.274006 SRS_SR830 resp  : '-9.75287e-006' 
2023-06-07 13:31:06.274842 SRS_SR830 query : 'OUTP? 1' 
2023-06-07 13:31:06.333591 SRS_SR830 resp  : '-9.76777e-006' 
2023-06-07 13:31:06.334595 SRS_SR830 query : 'OUTP? 1' 
2023-06-07 13:31:06.394081 SRS_SR830 resp  : '-9.76032e-006' 
2023-06-07 13:31:06.394081 SRS_SR830 query : 'OUTP? 1' 
2023-06-07 13:31:06.452118 SRS_SR830 resp  : '-9.74542e-006' 
2023-06-07 13:31:06.452118 SRS_SR830 query : 'OUTP? 1' 
2023-06-07 13:31:06.512363 SRS_SR830 resp  : '-9.73052e-006' 
2023-06-07 13:31:06.524329 SRS_SR830 query : 'SENS?' 
2023-06-07 13:31:06.561184 SRS_SR830 resp  : '15' 
2023-06-07 13:31:06.562185 SRS_SR830 query : 'ISRC?' 
2023-06-07 13:31:06.598445 SRS_SR830 resp  : '1' 
