SpinLab Experiment Logfile2023-6-6_22-58-28
2023-06-06 17:58:28.879304 OPEN_ : '' 
2023-06-06 17:58:29.005043 GPIB0::15::INSTR OPEN_ : '' 
2023-06-06 17:58:29.062278 GPIB0::6::INSTR OPEN_ : '' 
2023-06-06 17:58:29.064274 KEPCO BOP 50-8D write : '*CLS' 
2023-06-06 17:58:29.066005 KEPCO BOP 50-8D write : '*RST' 
2023-06-06 17:58:29.067762 KEPCO BOP 50-8D write : 'OUTPUT ON' 
2023-06-06 17:58:29.070083 KEPCO BOP 50-8D write : 'FUNC:MODE CURR' 
2023-06-06 17:58:29.072661 KEPCO BOP 50-8D write : 'VOLT 20.0000' 
2023-06-06 17:58:29.078313 KEPCO BOP 50-8D write : 'CURR 0.0000' 
2023-06-06 17:58:29.138924 ASRL4::INSTR OPEN_ : '' 
2023-06-06 17:58:29.138924 SRS_SR830 write : 'OUTX 0' 
2023-06-06 17:58:29.138924 SRS_SR830 write : 'OVRM 1' 
2023-06-06 17:58:29.138924 KEPCO BOP 50-8D query : 'MEAS:CURR?' 
2023-06-06 17:58:29.177695 KEPCO BOP 50-8D resp  : '7.31462E0' 
2023-06-06 17:58:29.179692 KEPCO BOP 50-8D query : 'MEAS:VOLT?' 
2023-06-06 17:58:29.211455 KEPCO BOP 50-8D resp  : '-5.22339E1' 
2023-06-06 17:58:29.212398 KEPCO BOP 50-8D query : 'FUNC:MODE?' 
2023-06-06 17:58:29.218777 KEPCO BOP 50-8D resp  : '1' 
2023-06-06 17:58:29.219823 HP 8673G CW Gen query : 'OK' 
2023-06-06 17:58:29.230454 HP 8673G CW Gen resp  : 'FR03000000000HZ' 
2023-06-06 17:58:29.231415 HP 8673G CW Gen query : 'LE OA' 
2023-06-06 17:58:29.239353 HP 8673G CW Gen resp  : 'LE-70.0DM' 
2023-06-06 17:58:29.244876 SRS_SR830 query : 'SENS?' 
2023-06-06 17:58:29.282062 SRS_SR830 resp  : '15' 
2023-06-06 17:58:29.283058 SRS_SR830 query : 'ISRC?' 
2023-06-06 17:58:29.320134 SRS_SR830 resp  : '1' 
2023-06-06 17:58:29.321098 SRS_SR830 query : 'OFLT?' 
2023-06-06 17:58:29.356352 SRS_SR830 resp  : '9' 
2023-06-06 17:58:30.339427 HP 8673G CW Gen write : 'LE -3 DB' 
2023-06-06 17:58:30.345411 HP 8673G CW Gen query : 'MG' 
2023-06-06 17:58:30.354387 HP 8673G CW Gen resp  : '00' 
2023-06-06 17:58:43.807467 HP 8673G CW Gen write : 'FR 3.0 GZ' 
2023-06-06 17:58:43.814448 HP 8673G CW Gen query : 'MG' 
2023-06-06 17:58:43.823422 HP 8673G CW Gen resp  : '00' 
2023-06-06 17:58:43.920402 KEPCO BOP 50-8D write : 'CURR 0.0448' 
2023-06-06 17:58:44.431303 SRS_SR830 query : 'OUTP? 1' 
2023-06-06 17:58:44.490442 SRS_SR830 resp  : '-4.10008e-005' 
2023-06-06 17:58:44.490442 SRS_SR830 query : 'SENS?' 
2023-06-06 17:58:44.528047 SRS_SR830 resp  : '15' 
2023-06-06 17:58:44.529045 SRS_SR830 query : 'ISRC?' 
2023-06-06 17:58:44.565330 SRS_SR830 resp  : '1' 
2023-06-06 17:58:44.566276 SRS_SR830 query : 'OUTP? 2' 
2023-06-06 17:58:44.624899 SRS_SR830 resp  : '-3.14268e-005' 
2023-06-06 17:58:44.625945 SRS_SR830 query : 'SENS?' 
2023-06-06 17:58:44.664957 SRS_SR830 resp  : '15' 
2023-06-06 17:58:44.665952 SRS_SR830 query : 'ISRC?' 
2023-06-06 17:58:44.702139 SRS_SR830 resp  : '1' 
2023-06-06 17:58:44.858418 KEPCO BOP 50-8D write : 'CURR 0.0474' 
2023-06-06 17:58:45.364278 SRS_SR830 query : 'OUTP? 1' 
2023-06-06 17:58:45.422873 SRS_SR830 resp  : '-4.36904e-005' 
2023-06-06 17:58:45.423876 SRS_SR830 query : 'SENS?' 
2023-06-06 17:58:45.461923 SRS_SR830 resp  : '15' 
2023-06-06 17:58:45.461923 SRS_SR830 query : 'ISRC?' 
2023-06-06 17:58:45.499961 SRS_SR830 resp  : '1' 
2023-06-06 17:58:45.500958 SRS_SR830 query : 'OUTP? 2' 
2023-06-06 17:58:45.560410 SRS_SR830 resp  : '-3.32224e-005' 
2023-06-06 17:58:45.561405 SRS_SR830 query : 'SENS?' 
2023-06-06 17:58:45.599963 SRS_SR830 resp  : '15' 
2023-06-06 17:58:45.600960 SRS_SR830 query : 'ISRC?' 
2023-06-06 17:58:45.637579 SRS_SR830 resp  : '1' 
2023-06-06 17:58:45.695397 KEPCO BOP 50-8D write : 'CURR 0.0500' 
2023-06-06 17:58:46.209132 SRS_SR830 query : 'OUTP? 1' 
2023-06-06 17:58:46.267166 SRS_SR830 resp  : '-4.35712e-005' 
2023-06-06 17:58:46.268155 SRS_SR830 query : 'SENS?' 
2023-06-06 17:58:46.304838 SRS_SR830 resp  : '15' 
2023-06-06 17:58:46.304838 SRS_SR830 query : 'ISRC?' 
2023-06-06 17:58:46.341341 SRS_SR830 resp  : '1' 
2023-06-06 17:58:46.342298 SRS_SR830 query : 'OUTP? 2' 
2023-06-06 17:58:46.398031 SRS_SR830 resp  : '-3.23134e-005' 
2023-06-06 17:58:46.398031 SRS_SR830 query : 'SENS?' 
2023-06-06 17:58:46.437806 SRS_SR830 resp  : '15' 
2023-06-06 17:58:46.438809 SRS_SR830 query : 'ISRC?' 
2023-06-06 17:58:46.473732 SRS_SR830 resp  : '1' 
2023-06-06 17:58:46.547366 KEPCO BOP 50-8D write : 'CURR 0.0525' 
2023-06-06 17:58:47.053872 SRS_SR830 query : 'OUTP? 1' 
2023-06-06 17:58:47.112994 SRS_SR830 resp  : '-4.40034e-005' 
2023-06-06 17:58:47.113990 SRS_SR830 query : 'SENS?' 
2023-06-06 17:58:47.151435 SRS_SR830 resp  : '15' 
2023-06-06 17:58:47.151435 SRS_SR830 query : 'ISRC?' 
2023-06-06 17:58:47.190015 SRS_SR830 resp  : '1' 
2023-06-06 17:58:47.191012 SRS_SR830 query : 'OUTP? 2' 
2023-06-06 17:58:47.249125 SRS_SR830 resp  : '-3.08456e-005' 
2023-06-06 17:58:47.251175 SRS_SR830 query : 'SENS?' 
2023-06-06 17:58:47.289224 SRS_SR830 resp  : '15' 
2023-06-06 17:58:47.290218 SRS_SR830 query : 'ISRC?' 
2023-06-06 17:58:47.327484 SRS_SR830 resp  : '1' 
2023-06-06 17:58:47.392105 KEPCO BOP 50-8D write : 'CURR 0.0551' 
2023-06-06 17:58:47.908576 SRS_SR830 query : 'OUTP? 1' 
2023-06-06 17:58:47.967286 SRS_SR830 resp  : '-4.40257e-005' 
2023-06-06 17:58:47.969289 SRS_SR830 query : 'SENS?' 
2023-06-06 17:58:48.007345 SRS_SR830 resp  : '15' 
2023-06-06 17:58:48.009336 SRS_SR830 query : 'ISRC?' 
2023-06-06 17:58:48.045349 SRS_SR830 resp  : '1' 
2023-06-06 17:58:48.046346 SRS_SR830 query : 'OUTP? 2' 
2023-06-06 17:58:48.104035 SRS_SR830 resp  : '-2.79398e-005' 
2023-06-06 17:58:48.108132 SRS_SR830 query : 'SENS?' 
2023-06-06 17:58:48.147354 SRS_SR830 resp  : '15' 
2023-06-06 17:58:48.148358 SRS_SR830 query : 'ISRC?' 
2023-06-06 17:58:48.183935 SRS_SR830 resp  : '1' 
2023-06-06 17:58:48.254410 KEPCO BOP 50-8D write : 'CURR 0.0577' 
2023-06-06 17:58:48.772612 SRS_SR830 query : 'OUTP? 1' 
2023-06-06 17:58:48.831487 SRS_SR830 resp  : '-4.03228e-005' 
2023-06-06 17:58:48.832489 SRS_SR830 query : 'SENS?' 
2023-06-06 17:58:48.870381 SRS_SR830 resp  : '15' 
2023-06-06 17:58:48.871379 SRS_SR830 query : 'ISRC?' 
2023-06-06 17:58:48.906597 SRS_SR830 resp  : '1' 
2023-06-06 17:58:48.906597 SRS_SR830 query : 'OUTP? 2' 
2023-06-06 17:58:48.969311 SRS_SR830 resp  : '-2.14876e-005' 
2023-06-06 17:58:48.970307 SRS_SR830 query : 'SENS?' 
2023-06-06 17:58:49.006855 SRS_SR830 resp  : '15' 
2023-06-06 17:58:49.007950 SRS_SR830 query : 'ISRC?' 
2023-06-06 17:58:49.044999 SRS_SR830 resp  : '1' 
2023-06-06 17:58:49.117964 KEPCO BOP 50-8D write : 'CURR 0.0602' 
2023-06-06 17:58:49.632587 SRS_SR830 query : 'OUTP? 1' 
2023-06-06 17:58:49.692399 SRS_SR830 resp  : '-4.08369e-005' 
2023-06-06 17:58:49.692399 SRS_SR830 query : 'SENS?' 
2023-06-06 17:58:49.732307 SRS_SR830 resp  : '15' 
2023-06-06 17:58:49.732307 SRS_SR830 query : 'ISRC?' 
2023-06-06 17:58:49.768617 SRS_SR830 resp  : '1' 
2023-06-06 17:58:49.769620 SRS_SR830 query : 'OUTP? 2' 
2023-06-06 17:58:49.826382 SRS_SR830 resp  : '-2.16515e-005' 
2023-06-06 17:58:49.830230 SRS_SR830 query : 'SENS?' 
2023-06-06 17:58:49.867995 SRS_SR830 resp  : '15' 
2023-06-06 17:58:49.868998 SRS_SR830 query : 'ISRC?' 
2023-06-06 17:58:49.904294 SRS_SR830 resp  : '1' 
2023-06-06 17:58:49.943663 KEPCO BOP 50-8D write : 'CURR 0.0628' 
2023-06-06 17:58:50.448274 SRS_SR830 query : 'OUTP? 1' 
2023-06-06 17:58:50.507592 SRS_SR830 resp  : '-4.31018e-005' 
2023-06-06 17:58:50.508596 SRS_SR830 query : 'SENS?' 
2023-06-06 17:58:50.546276 SRS_SR830 resp  : '15' 
2023-06-06 17:58:50.546276 SRS_SR830 query : 'ISRC?' 
2023-06-06 17:58:50.583072 SRS_SR830 resp  : '1' 
2023-06-06 17:58:50.584061 SRS_SR830 query : 'OUTP? 2' 
2023-06-06 17:58:50.642546 SRS_SR830 resp  : '-2.60995e-005' 
2023-06-06 17:58:50.643543 SRS_SR830 query : 'SENS?' 
2023-06-06 17:58:50.681999 SRS_SR830 resp  : '15' 
2023-06-06 17:58:50.681999 SRS_SR830 query : 'ISRC?' 
2023-06-06 17:58:50.717395 SRS_SR830 resp  : '1' 
2023-06-06 17:58:50.779773 KEPCO BOP 50-8D write : 'CURR 0.0654' 
2023-06-06 17:58:51.293154 SRS_SR830 query : 'OUTP? 1' 
2023-06-06 17:58:51.352804 SRS_SR830 resp  : '-4.47484e-005' 
2023-06-06 17:58:51.353846 SRS_SR830 query : 'SENS?' 
2023-06-06 17:58:51.392009 SRS_SR830 resp  : '15' 
2023-06-06 17:58:51.394001 SRS_SR830 query : 'ISRC?' 
2023-06-06 17:58:51.429810 SRS_SR830 resp  : '1' 
2023-06-06 17:58:51.429810 SRS_SR830 query : 'OUTP? 2' 
2023-06-06 17:58:51.488369 SRS_SR830 resp  : '-2.67179e-005' 
2023-06-06 17:58:51.490364 SRS_SR830 query : 'SENS?' 
2023-06-06 17:58:51.528718 SRS_SR830 resp  : '15' 
2023-06-06 17:58:51.529674 SRS_SR830 query : 'ISRC?' 
2023-06-06 17:58:51.566155 SRS_SR830 resp  : '1' 
2023-06-06 17:58:51.632064 KEPCO BOP 50-8D write : 'CURR 0.0679' 
2023-06-06 17:58:52.138820 SRS_SR830 query : 'OUTP? 1' 
2023-06-06 17:58:52.198330 SRS_SR830 resp  : '-4.64546e-005' 
2023-06-06 17:58:52.199340 SRS_SR830 query : 'SENS?' 
2023-06-06 17:58:52.234354 SRS_SR830 resp  : '15' 
2023-06-06 17:58:52.239097 SRS_SR830 query : 'ISRC?' 
2023-06-06 17:58:52.276086 SRS_SR830 resp  : '1' 
2023-06-06 17:58:52.277098 SRS_SR830 query : 'OUTP? 2' 
2023-06-06 17:58:52.335901 SRS_SR830 resp  : '-2.86252e-005' 
2023-06-06 17:58:52.336022 SRS_SR830 query : 'SENS?' 
2023-06-06 17:58:52.374841 SRS_SR830 resp  : '15' 
2023-06-06 17:58:52.375847 SRS_SR830 query : 'ISRC?' 
2023-06-06 17:58:52.413197 SRS_SR830 resp  : '1' 
2023-06-06 17:58:52.478087 KEPCO BOP 50-8D write : 'CURR 0.0705' 
2023-06-06 17:58:52.990326 SRS_SR830 query : 'OUTP? 1' 
2023-06-06 17:58:53.049214 SRS_SR830 resp  : '-4.69538e-005' 
2023-06-06 17:58:53.051264 SRS_SR830 query : 'SENS?' 
2023-06-06 17:58:53.087728 SRS_SR830 resp  : '15' 
2023-06-06 17:58:53.087728 SRS_SR830 query : 'ISRC?' 
2023-06-06 17:58:53.127250 SRS_SR830 resp  : '1' 
2023-06-06 17:58:53.128247 SRS_SR830 query : 'OUTP? 2' 
2023-06-06 17:58:53.186684 SRS_SR830 resp  : '-2.78057e-005' 
2023-06-06 17:58:53.187646 SRS_SR830 query : 'SENS?' 
2023-06-06 17:58:53.221086 SRS_SR830 resp  : '15' 
2023-06-06 17:58:53.225306 SRS_SR830 query : 'ISRC?' 
2023-06-06 17:58:53.262471 SRS_SR830 resp  : '1' 
2023-06-06 17:58:53.328396 KEPCO BOP 50-8D write : 'CURR 0.0731' 
2023-06-06 17:58:53.842836 SRS_SR830 query : 'OUTP? 1' 
2023-06-06 17:58:53.901834 SRS_SR830 resp  : '-4.67154e-005' 
2023-06-06 17:58:53.902830 SRS_SR830 query : 'SENS?' 
2023-06-06 17:58:53.940215 SRS_SR830 resp  : '15' 
2023-06-06 17:58:53.940215 SRS_SR830 query : 'ISRC?' 
2023-06-06 17:58:53.978517 SRS_SR830 resp  : '1' 
2023-06-06 17:58:53.979545 SRS_SR830 query : 'OUTP? 2' 
2023-06-06 17:58:54.037593 SRS_SR830 resp  : '-2.73885e-005' 
2023-06-06 17:58:54.038632 SRS_SR830 query : 'SENS?' 
2023-06-06 17:58:54.077850 SRS_SR830 resp  : '15' 
2023-06-06 17:58:54.078857 SRS_SR830 query : 'ISRC?' 
2023-06-06 17:58:54.114846 SRS_SR830 resp  : '1' 
2023-06-06 17:58:54.183705 KEPCO BOP 50-8D write : 'CURR 0.0756' 
2023-06-06 17:58:54.689273 SRS_SR830 query : 'OUTP? 1' 
2023-06-06 17:58:54.747755 SRS_SR830 resp  : '-4.82129e-005' 
2023-06-06 17:58:54.748761 SRS_SR830 query : 'SENS?' 
2023-06-06 17:58:54.787047 SRS_SR830 resp  : '15' 
2023-06-06 17:58:54.788059 SRS_SR830 query : 'ISRC?' 
2023-06-06 17:58:54.824877 SRS_SR830 resp  : '1' 
2023-06-06 17:58:54.825886 SRS_SR830 query : 'OUTP? 2' 
2023-06-06 17:58:54.883942 SRS_SR830 resp  : '-2.48329e-005' 
2023-06-06 17:58:54.884935 SRS_SR830 query : 'SENS?' 
2023-06-06 17:58:54.922023 SRS_SR830 resp  : '15' 
2023-06-06 17:58:54.924026 SRS_SR830 query : 'ISRC?' 
2023-06-06 17:58:54.959398 SRS_SR830 resp  : '1' 
2023-06-06 17:58:55.021022 KEPCO BOP 50-8D write : 'CURR 0.0782' 
2023-06-06 17:58:55.532933 SRS_SR830 query : 'OUTP? 1' 
2023-06-06 17:58:55.592651 SRS_SR830 resp  : '-4.90847e-005' 
2023-06-06 17:58:55.593647 SRS_SR830 query : 'SENS?' 
2023-06-06 17:58:55.629783 SRS_SR830 resp  : '15' 
2023-06-06 17:58:55.629783 SRS_SR830 query : 'ISRC?' 
2023-06-06 17:58:55.670652 SRS_SR830 resp  : '1' 
2023-06-06 17:58:55.671619 SRS_SR830 query : 'OUTP? 2' 
2023-06-06 17:58:55.730154 SRS_SR830 resp  : '-2.29703e-005' 
2023-06-06 17:58:55.730154 SRS_SR830 query : 'SENS?' 
2023-06-06 17:58:55.769030 SRS_SR830 resp  : '15' 
2023-06-06 17:58:55.771033 SRS_SR830 query : 'ISRC?' 
2023-06-06 17:58:55.808984 SRS_SR830 resp  : '1' 
2023-06-06 17:58:55.877942 KEPCO BOP 50-8D write : 'CURR 0.0808' 
2023-06-06 17:58:56.394752 SRS_SR830 query : 'OUTP? 1' 
2023-06-06 17:58:56.454326 SRS_SR830 resp  : '-5.09399e-005' 
2023-06-06 17:58:56.454881 SRS_SR830 query : 'SENS?' 
2023-06-06 17:58:56.492960 SRS_SR830 resp  : '15' 
2023-06-06 17:58:56.493956 SRS_SR830 query : 'ISRC?' 
2023-06-06 17:58:56.530129 SRS_SR830 resp  : '1' 
2023-06-06 17:58:56.531126 SRS_SR830 query : 'OUTP? 2' 
2023-06-06 17:58:56.589249 SRS_SR830 resp  : '-2.25679e-005' 
2023-06-06 17:58:56.590279 SRS_SR830 query : 'SENS?' 
2023-06-06 17:58:56.629018 SRS_SR830 resp  : '15' 
2023-06-06 17:58:56.630046 SRS_SR830 query : 'ISRC?' 
2023-06-06 17:58:56.666732 SRS_SR830 resp  : '1' 
2023-06-06 17:58:56.744518 KEPCO BOP 50-8D write : 'CURR 0.0833' 
2023-06-06 17:58:57.259534 SRS_SR830 query : 'OUTP? 1' 
2023-06-06 17:58:57.317226 SRS_SR830 resp  : '-5.04183e-005' 
2023-06-06 17:58:57.318230 SRS_SR830 query : 'SENS?' 
2023-06-06 17:58:57.355804 SRS_SR830 resp  : '15' 
2023-06-06 17:58:57.355804 SRS_SR830 query : 'ISRC?' 
2023-06-06 17:58:57.390889 SRS_SR830 resp  : '1' 
2023-06-06 17:58:57.390889 SRS_SR830 query : 'OUTP? 2' 
2023-06-06 17:58:57.449100 SRS_SR830 resp  : '-2.20389e-005' 
2023-06-06 17:58:57.450110 SRS_SR830 query : 'SENS?' 
2023-06-06 17:58:57.487425 SRS_SR830 resp  : '15' 
2023-06-06 17:58:57.488422 SRS_SR830 query : 'ISRC?' 
2023-06-06 17:58:57.525275 SRS_SR830 resp  : '1' 
2023-06-06 17:58:57.586115 KEPCO BOP 50-8D write : 'CURR 0.0859' 
2023-06-06 17:58:58.091321 SRS_SR830 query : 'OUTP? 1' 
2023-06-06 17:58:58.150084 SRS_SR830 resp  : '-5.06716e-005' 
2023-06-06 17:58:58.151086 SRS_SR830 query : 'SENS?' 
2023-06-06 17:58:58.189664 SRS_SR830 resp  : '15' 
2023-06-06 17:58:58.190670 SRS_SR830 query : 'ISRC?' 
2023-06-06 17:58:58.226000 SRS_SR830 resp  : '1' 
2023-06-06 17:58:58.227949 SRS_SR830 query : 'OUTP? 2' 
2023-06-06 17:58:58.285790 SRS_SR830 resp  : '-2.03402e-005' 
2023-06-06 17:58:58.287793 SRS_SR830 query : 'SENS?' 
2023-06-06 17:58:58.325838 SRS_SR830 resp  : '15' 
2023-06-06 17:58:58.326788 SRS_SR830 query : 'ISRC?' 
2023-06-06 17:58:58.364334 SRS_SR830 resp  : '1' 
2023-06-06 17:58:58.437166 KEPCO BOP 50-8D write : 'CURR 0.0885' 
2023-06-06 17:58:58.940330 SRS_SR830 query : 'OUTP? 1' 
2023-06-06 17:58:58.998492 SRS_SR830 resp  : '-5.14316e-005' 
2023-06-06 17:58:58.999495 SRS_SR830 query : 'SENS?' 
2023-06-06 17:58:59.036246 SRS_SR830 resp  : '15' 
2023-06-06 17:58:59.038295 SRS_SR830 query : 'ISRC?' 
2023-06-06 17:58:59.074572 SRS_SR830 resp  : '1' 
2023-06-06 17:58:59.075585 SRS_SR830 query : 'OUTP? 2' 
2023-06-06 17:58:59.133153 SRS_SR830 resp  : '-2.03402e-005' 
2023-06-06 17:58:59.135155 SRS_SR830 query : 'SENS?' 
2023-06-06 17:58:59.172909 SRS_SR830 resp  : '15' 
2023-06-06 17:58:59.174911 SRS_SR830 query : 'ISRC?' 
2023-06-06 17:58:59.210303 SRS_SR830 resp  : '1' 
2023-06-06 17:58:59.272134 KEPCO BOP 50-8D write : 'CURR 0.0910' 
2023-06-06 17:58:59.790300 SRS_SR830 query : 'OUTP? 1' 
2023-06-06 17:58:59.850088 SRS_SR830 resp  : '-5.31452e-005' 
2023-06-06 17:58:59.851044 SRS_SR830 query : 'SENS?' 
2023-06-06 17:58:59.888889 SRS_SR830 resp  : '15' 
2023-06-06 17:58:59.890941 SRS_SR830 query : 'ISRC?' 
2023-06-06 17:58:59.927440 SRS_SR830 resp  : '1' 
2023-06-06 17:58:59.929442 SRS_SR830 query : 'OUTP? 2' 
2023-06-06 17:58:59.987188 SRS_SR830 resp  : '-1.72929e-005' 
2023-06-06 17:58:59.988191 SRS_SR830 query : 'SENS?' 
2023-06-06 17:59:00.025311 SRS_SR830 resp  : '15' 
2023-06-06 17:59:00.026266 SRS_SR830 query : 'ISRC?' 
2023-06-06 17:59:00.062506 SRS_SR830 resp  : '1' 
2023-06-06 17:59:00.115369 KEPCO BOP 50-8D write : 'CURR 0.0936' 
2023-06-06 17:59:00.621443 SRS_SR830 query : 'OUTP? 1' 
2023-06-06 17:59:00.681791 SRS_SR830 resp  : '-5.44938e-005' 
2023-06-06 17:59:00.682799 SRS_SR830 query : 'SENS?' 
2023-06-06 17:59:00.721384 SRS_SR830 resp  : '15' 
2023-06-06 17:59:00.721384 SRS_SR830 query : 'ISRC?' 
2023-06-06 17:59:00.756797 SRS_SR830 resp  : '1' 
2023-06-06 17:59:00.758848 SRS_SR830 query : 'OUTP? 2' 
2023-06-06 17:59:00.817050 SRS_SR830 resp  : '-1.65628e-005' 
2023-06-06 17:59:00.819076 SRS_SR830 query : 'SENS?' 
2023-06-06 17:59:00.856129 SRS_SR830 resp  : '15' 
2023-06-06 17:59:00.858132 SRS_SR830 query : 'ISRC?' 
2023-06-06 17:59:00.894616 SRS_SR830 resp  : '1' 
2023-06-06 17:59:00.955450 KEPCO BOP 50-8D write : 'CURR 0.0962' 
2023-06-06 17:59:01.472910 SRS_SR830 query : 'OUTP? 1' 
2023-06-06 17:59:01.532188 SRS_SR830 resp  : '-5.53059e-005' 
2023-06-06 17:59:01.533234 SRS_SR830 query : 'SENS?' 
2023-06-06 17:59:01.570465 SRS_SR830 resp  : '15' 
2023-06-06 17:59:01.572432 SRS_SR830 query : 'ISRC?' 
2023-06-06 17:59:01.608356 SRS_SR830 resp  : '1' 
2023-06-06 17:59:01.609396 SRS_SR830 query : 'OUTP? 2' 
2023-06-06 17:59:01.669061 SRS_SR830 resp  : '-1.52738e-005' 
2023-06-06 17:59:01.670052 SRS_SR830 query : 'SENS?' 
2023-06-06 17:59:01.708042 SRS_SR830 resp  : '15' 
2023-06-06 17:59:01.709038 SRS_SR830 query : 'ISRC?' 
2023-06-06 17:59:01.744840 SRS_SR830 resp  : '1' 
2023-06-06 17:59:01.815694 KEPCO BOP 50-8D write : 'CURR 0.0987' 
2023-06-06 17:59:02.326512 SRS_SR830 query : 'OUTP? 1' 
2023-06-06 17:59:02.385832 SRS_SR830 resp  : '-5.67662e-005' 
2023-06-06 17:59:02.386834 SRS_SR830 query : 'SENS?' 
2023-06-06 17:59:02.424061 SRS_SR830 resp  : '15' 
2023-06-06 17:59:02.425103 SRS_SR830 query : 'ISRC?' 
2023-06-06 17:59:02.460150 SRS_SR830 resp  : '1' 
2023-06-06 17:59:02.461145 SRS_SR830 query : 'OUTP? 2' 
2023-06-06 17:59:02.520684 SRS_SR830 resp  : '-1.28225e-005' 
2023-06-06 17:59:02.521691 SRS_SR830 query : 'SENS?' 
2023-06-06 17:59:02.566261 SRS_SR830 resp  : '15' 
2023-06-06 17:59:02.567256 SRS_SR830 query : 'ISRC?' 
2023-06-06 17:59:02.604664 SRS_SR830 resp  : '1' 
2023-06-06 17:59:02.676418 KEPCO BOP 50-8D write : 'CURR 0.1013' 
2023-06-06 17:59:03.189272 SRS_SR830 query : 'OUTP? 1' 
2023-06-06 17:59:03.248694 SRS_SR830 resp  : '-5.84649e-005' 
2023-06-06 17:59:03.250695 SRS_SR830 query : 'SENS?' 
2023-06-06 17:59:03.289321 SRS_SR830 resp  : '15' 
2023-06-06 17:59:03.290317 SRS_SR830 query : 'ISRC?' 
2023-06-06 17:59:03.325730 SRS_SR830 resp  : '1' 
2023-06-06 17:59:03.326726 SRS_SR830 query : 'OUTP? 2' 
2023-06-06 17:59:03.386090 SRS_SR830 resp  : '-9.43249e-006' 
2023-06-06 17:59:03.387102 SRS_SR830 query : 'SENS?' 
2023-06-06 17:59:03.424190 SRS_SR830 resp  : '15' 
2023-06-06 17:59:03.425193 SRS_SR830 query : 'ISRC?' 
2023-06-06 17:59:03.461042 SRS_SR830 resp  : '1' 
2023-06-06 17:59:03.522905 KEPCO BOP 50-8D write : 'CURR 0.1039' 
2023-06-06 17:59:04.034084 SRS_SR830 query : 'OUTP? 1' 
2023-06-06 17:59:04.092847 SRS_SR830 resp  : '-6.1013e-005' 
2023-06-06 17:59:04.093854 SRS_SR830 query : 'SENS?' 
2023-06-06 17:59:04.130906 SRS_SR830 resp  : '15' 
2023-06-06 17:59:04.131904 SRS_SR830 query : 'ISRC?' 
2023-06-06 17:59:04.167499 SRS_SR830 resp  : '1' 
2023-06-06 17:59:04.168501 SRS_SR830 query : 'OUTP? 2' 
2023-06-06 17:59:04.227776 SRS_SR830 resp  : '-7.22709e-006' 
2023-06-06 17:59:04.229782 SRS_SR830 query : 'SENS?' 
2023-06-06 17:59:04.266428 SRS_SR830 resp  : '15' 
2023-06-06 17:59:04.266428 SRS_SR830 query : 'ISRC?' 
2023-06-06 17:59:04.302953 SRS_SR830 resp  : '1' 
2023-06-06 17:59:04.379711 KEPCO BOP 50-8D write : 'CURR 0.1064' 
2023-06-06 17:59:04.884965 SRS_SR830 query : 'OUTP? 1' 
2023-06-06 17:59:04.944663 SRS_SR830 resp  : '-6.32112e-005' 
2023-06-06 17:59:04.945657 SRS_SR830 query : 'SENS?' 
2023-06-06 17:59:04.983302 SRS_SR830 resp  : '15' 
2023-06-06 17:59:04.984261 SRS_SR830 query : 'ISRC?' 
2023-06-06 17:59:05.020419 SRS_SR830 resp  : '1' 
2023-06-06 17:59:05.020419 SRS_SR830 query : 'OUTP? 2' 
2023-06-06 17:59:05.079105 SRS_SR830 resp  : '-4.08295e-006' 
2023-06-06 17:59:05.080067 SRS_SR830 query : 'SENS?' 
2023-06-06 17:59:05.118561 SRS_SR830 resp  : '15' 
2023-06-06 17:59:05.119558 SRS_SR830 query : 'ISRC?' 
2023-06-06 17:59:05.156120 SRS_SR830 resp  : '1' 
2023-06-06 17:59:05.219945 KEPCO BOP 50-8D write : 'CURR 0.1090' 
2023-06-06 17:59:05.727289 SRS_SR830 query : 'OUTP? 1' 
2023-06-06 17:59:05.785563 SRS_SR830 resp  : '-6.5357e-005' 
2023-06-06 17:59:05.786511 SRS_SR830 query : 'SENS?' 
2023-06-06 17:59:05.824825 SRS_SR830 resp  : '15' 
2023-06-06 17:59:05.825830 SRS_SR830 query : 'ISRC?' 
2023-06-06 17:59:05.862020 SRS_SR830 resp  : '1' 
2023-06-06 17:59:05.863060 SRS_SR830 query : 'OUTP? 2' 
2023-06-06 17:59:05.920071 SRS_SR830 resp  : '9.46227e-007' 
2023-06-06 17:59:05.920071 SRS_SR830 query : 'SENS?' 
2023-06-06 17:59:05.957259 SRS_SR830 resp  : '15' 
2023-06-06 17:59:05.958261 SRS_SR830 query : 'ISRC?' 
2023-06-06 17:59:05.994844 SRS_SR830 resp  : '1' 
2023-06-06 17:59:06.057711 KEPCO BOP 50-8D write : 'CURR 0.1116' 
2023-06-06 17:59:06.573535 SRS_SR830 query : 'OUTP? 1' 
2023-06-06 17:59:06.632708 SRS_SR830 resp  : '-6.98571e-005' 
2023-06-06 17:59:06.632708 SRS_SR830 query : 'SENS?' 
2023-06-06 17:59:06.671157 SRS_SR830 resp  : '15' 
2023-06-06 17:59:06.673158 SRS_SR830 query : 'ISRC?' 
2023-06-06 17:59:06.709531 SRS_SR830 resp  : '1' 
2023-06-06 17:59:06.711533 SRS_SR830 query : 'OUTP? 2' 
2023-06-06 17:59:06.769766 SRS_SR830 resp  : '4.61939e-006' 
2023-06-06 17:59:06.770734 SRS_SR830 query : 'SENS?' 
2023-06-06 17:59:06.808118 SRS_SR830 resp  : '15' 
2023-06-06 17:59:06.809121 SRS_SR830 query : 'ISRC?' 
2023-06-06 17:59:06.844879 SRS_SR830 resp  : '1' 
2023-06-06 17:59:06.910742 KEPCO BOP 50-8D write : 'CURR 0.1141' 
2023-06-06 17:59:07.418619 SRS_SR830 query : 'OUTP? 1' 
2023-06-06 17:59:07.478055 SRS_SR830 resp  : '-7.40518e-005' 
2023-06-06 17:59:07.479049 SRS_SR830 query : 'SENS?' 
2023-06-06 17:59:07.515588 SRS_SR830 resp  : '15' 
2023-06-06 17:59:07.516591 SRS_SR830 query : 'ISRC?' 
2023-06-06 17:59:07.552544 SRS_SR830 resp  : '1' 
2023-06-06 17:59:07.553547 SRS_SR830 query : 'OUTP? 2' 
2023-06-06 17:59:07.610628 SRS_SR830 resp  : '9.73052e-006' 
2023-06-06 17:59:07.611627 SRS_SR830 query : 'SENS?' 
2023-06-06 17:59:07.649475 SRS_SR830 resp  : '15' 
2023-06-06 17:59:07.650480 SRS_SR830 query : 'ISRC?' 
2023-06-06 17:59:07.687005 SRS_SR830 resp  : '1' 
2023-06-06 17:59:07.750838 KEPCO BOP 50-8D write : 'CURR 0.1167' 
2023-06-06 17:59:08.253709 SRS_SR830 query : 'OUTP? 1' 
2023-06-06 17:59:08.313139 SRS_SR830 resp  : '-7.90809e-005' 
2023-06-06 17:59:08.314146 SRS_SR830 query : 'SENS?' 
2023-06-06 17:59:08.352835 SRS_SR830 resp  : '15' 
2023-06-06 17:59:08.354838 SRS_SR830 query : 'ISRC?' 
2023-06-06 17:59:08.391040 SRS_SR830 resp  : '1' 
2023-06-06 17:59:08.392036 SRS_SR830 query : 'OUTP? 2' 
2023-06-06 17:59:08.449094 SRS_SR830 resp  : '1.66447e-005' 
2023-06-06 17:59:08.450091 SRS_SR830 query : 'SENS?' 
2023-06-06 17:59:08.488244 SRS_SR830 resp  : '15' 
2023-06-06 17:59:08.489240 SRS_SR830 query : 'ISRC?' 
2023-06-06 17:59:08.525847 SRS_SR830 resp  : '1' 
2023-06-06 17:59:08.564766 KEPCO BOP 50-8D write : 'CURR 0.1193' 
2023-06-06 17:59:09.070490 SRS_SR830 query : 'OUTP? 1' 
2023-06-06 17:59:09.130476 SRS_SR830 resp  : '-8.55108e-005' 
2023-06-06 17:59:09.131467 SRS_SR830 query : 'SENS?' 
2023-06-06 17:59:09.169118 SRS_SR830 resp  : '15' 
2023-06-06 17:59:09.170113 SRS_SR830 query : 'ISRC?' 
2023-06-06 17:59:09.207719 SRS_SR830 resp  : '1' 
2023-06-06 17:59:09.208682 SRS_SR830 query : 'OUTP? 2' 
2023-06-06 17:59:09.264000 SRS_SR830 resp  : '2.6256e-005' 
2023-06-06 17:59:09.264998 SRS_SR830 query : 'SENS?' 
2023-06-06 17:59:09.304720 SRS_SR830 resp  : '15' 
2023-06-06 17:59:09.305683 SRS_SR830 query : 'ISRC?' 
2023-06-06 17:59:09.340910 SRS_SR830 resp  : '1' 
2023-06-06 17:59:09.401788 KEPCO BOP 50-8D write : 'CURR 0.1218' 
2023-06-06 17:59:09.914406 SRS_SR830 query : 'OUTP? 1' 
2023-06-06 17:59:09.974735 SRS_SR830 resp  : '-9.16054e-005' 
2023-06-06 17:59:09.975747 SRS_SR830 query : 'SENS?' 
2023-06-06 17:59:10.012971 SRS_SR830 resp  : '15' 
2023-06-06 17:59:10.013977 SRS_SR830 query : 'ISRC?' 
2023-06-06 17:59:10.050146 SRS_SR830 resp  : '1' 
2023-06-06 17:59:10.050146 SRS_SR830 query : 'OUTP? 2' 
2023-06-06 17:59:10.107183 SRS_SR830 resp  : '3.60536e-005' 
2023-06-06 17:59:10.109207 SRS_SR830 query : 'SENS?' 
2023-06-06 17:59:10.147634 SRS_SR830 resp  : '15' 
2023-06-06 17:59:10.148641 SRS_SR830 query : 'ISRC?' 
2023-06-06 17:59:10.184692 SRS_SR830 resp  : '1' 
2023-06-06 17:59:10.232794 KEPCO BOP 50-8D write : 'CURR 0.1244' 
2023-06-06 17:59:10.744972 SRS_SR830 query : 'OUTP? 1' 
2023-06-06 17:59:10.804878 SRS_SR830 resp  : '-0.000100978' 
2023-06-06 17:59:10.805933 SRS_SR830 query : 'SENS?' 
2023-06-06 17:59:10.844043 SRS_SR830 resp  : '15' 
2023-06-06 17:59:10.845040 SRS_SR830 query : 'ISRC?' 
2023-06-06 17:59:10.882892 SRS_SR830 resp  : '1' 
2023-06-06 17:59:10.883887 SRS_SR830 query : 'OUTP? 2' 
2023-06-06 17:59:10.940074 SRS_SR830 resp  : '4.69016e-005' 
2023-06-06 17:59:10.941068 SRS_SR830 query : 'SENS?' 
2023-06-06 17:59:10.979776 SRS_SR830 resp  : '15' 
2023-06-06 17:59:10.980786 SRS_SR830 query : 'ISRC?' 
2023-06-06 17:59:11.016318 SRS_SR830 resp  : '1' 
2023-06-06 17:59:11.065193 KEPCO BOP 50-8D write : 'CURR 0.1270' 
2023-06-06 17:59:11.573872 SRS_SR830 query : 'OUTP? 1' 
2023-06-06 17:59:11.631311 SRS_SR830 resp  : '-0.000111185' 
2023-06-06 17:59:11.632305 SRS_SR830 query : 'SENS?' 
2023-06-06 17:59:11.671128 SRS_SR830 resp  : '15' 
2023-06-06 17:59:11.672123 SRS_SR830 query : 'ISRC?' 
2023-06-06 17:59:11.709210 SRS_SR830 resp  : '1' 
2023-06-06 17:59:11.711260 SRS_SR830 query : 'OUTP? 2' 
2023-06-06 17:59:11.767294 SRS_SR830 resp  : '6.28387e-005' 
2023-06-06 17:59:11.767294 SRS_SR830 query : 'SENS?' 
2023-06-06 17:59:11.804531 SRS_SR830 resp  : '15' 
2023-06-06 17:59:11.805563 SRS_SR830 query : 'ISRC?' 
2023-06-06 17:59:11.842078 SRS_SR830 resp  : '1' 
2023-06-06 17:59:11.886959 KEPCO BOP 50-8D write : 'CURR 0.1295' 
2023-06-06 17:59:12.390510 SRS_SR830 query : 'OUTP? 1' 
2023-06-06 17:59:12.449916 SRS_SR830 resp  : '-0.000123926' 
2023-06-06 17:59:12.451919 SRS_SR830 query : 'SENS?' 
2023-06-06 17:59:12.497250 SRS_SR830 resp  : '15' 
2023-06-06 17:59:12.498246 SRS_SR830 query : 'ISRC?' 
2023-06-06 17:59:12.534843 SRS_SR830 resp  : '1' 
2023-06-06 17:59:12.535890 SRS_SR830 query : 'OUTP? 2' 
2023-06-06 17:59:12.593243 SRS_SR830 resp  : '7.84327e-005' 
2023-06-06 17:59:12.593243 SRS_SR830 query : 'SENS?' 
2023-06-06 17:59:12.630346 SRS_SR830 resp  : '15' 
2023-06-06 17:59:12.631330 SRS_SR830 query : 'ISRC?' 
2023-06-06 17:59:12.667884 SRS_SR830 resp  : '1' 
2023-06-06 17:59:12.736662 KEPCO BOP 50-8D write : 'CURR 0.1321' 
2023-06-06 17:59:13.251274 SRS_SR830 query : 'OUTP? 1' 
2023-06-06 17:59:13.310068 SRS_SR830 resp  : '-0.000137755' 
2023-06-06 17:59:13.311067 SRS_SR830 query : 'SENS?' 
2023-06-06 17:59:13.348536 SRS_SR830 resp  : '15' 
2023-06-06 17:59:13.350539 SRS_SR830 query : 'ISRC?' 
2023-06-06 17:59:13.387006 SRS_SR830 resp  : '1' 
2023-06-06 17:59:13.388002 SRS_SR830 query : 'OUTP? 2' 
2023-06-06 17:59:13.444885 SRS_SR830 resp  : '9.67537e-005' 
2023-06-06 17:59:13.445834 SRS_SR830 query : 'SENS?' 
2023-06-06 17:59:13.484875 SRS_SR830 resp  : '15' 
2023-06-06 17:59:13.485884 SRS_SR830 query : 'ISRC?' 
2023-06-06 17:59:13.521334 SRS_SR830 resp  : '1' 
2023-06-06 17:59:13.580126 KEPCO BOP 50-8D write : 'CURR 0.1347' 
2023-06-06 17:59:14.082469 SRS_SR830 query : 'OUTP? 1' 
2023-06-06 17:59:14.141450 SRS_SR830 resp  : '-0.000151546' 
2023-06-06 17:59:14.142444 SRS_SR830 query : 'SENS?' 
2023-06-06 17:59:14.179206 SRS_SR830 resp  : '15' 
2023-06-06 17:59:14.180198 SRS_SR830 query : 'ISRC?' 
2023-06-06 17:59:14.215939 SRS_SR830 resp  : '1' 
2023-06-06 17:59:14.216946 SRS_SR830 query : 'OUTP? 2' 
2023-06-06 17:59:14.274875 SRS_SR830 resp  : '0.000115119' 
2023-06-06 17:59:14.275880 SRS_SR830 query : 'SENS?' 
2023-06-06 17:59:14.313197 SRS_SR830 resp  : '15' 
2023-06-06 17:59:14.314193 SRS_SR830 query : 'ISRC?' 
2023-06-06 17:59:14.351441 SRS_SR830 resp  : '1' 
2023-06-06 17:59:14.416264 KEPCO BOP 50-8D write : 'CURR 0.1372' 
2023-06-06 17:59:14.919991 SRS_SR830 query : 'OUTP? 1' 
2023-06-06 17:59:14.979168 SRS_SR830 resp  : '-0.000163154' 
2023-06-06 17:59:14.980132 SRS_SR830 query : 'SENS?' 
2023-06-06 17:59:15.018306 SRS_SR830 resp  : '15' 
2023-06-06 17:59:15.019264 SRS_SR830 query : 'ISRC?' 
2023-06-06 17:59:15.056088 SRS_SR830 resp  : '1' 
2023-06-06 17:59:15.057103 SRS_SR830 query : 'OUTP? 2' 
2023-06-06 17:59:15.113643 SRS_SR830 resp  : '0.000132562' 
2023-06-06 17:59:15.114646 SRS_SR830 query : 'SENS?' 
2023-06-06 17:59:15.151192 SRS_SR830 resp  : '15' 
2023-06-06 17:59:15.152197 SRS_SR830 query : 'ISRC?' 
2023-06-06 17:59:15.187101 SRS_SR830 resp  : '1' 
2023-06-06 17:59:15.225998 KEPCO BOP 50-8D write : 'CURR 0.1398' 
2023-06-06 17:59:15.733055 SRS_SR830 query : 'OUTP? 1' 
2023-06-06 17:59:15.793035 SRS_SR830 resp  : '-0.000174665' 
2023-06-06 17:59:15.794032 SRS_SR830 query : 'SENS?' 
2023-06-06 17:59:15.832866 SRS_SR830 resp  : '15' 
2023-06-06 17:59:15.833863 SRS_SR830 query : 'ISRC?' 
2023-06-06 17:59:15.870099 SRS_SR830 resp  : '1' 
2023-06-06 17:59:15.871140 SRS_SR830 query : 'OUTP? 2' 
2023-06-06 17:59:15.928107 SRS_SR830 resp  : '0.000145034' 
2023-06-06 17:59:15.930109 SRS_SR830 query : 'SENS?' 
2023-06-06 17:59:15.967877 SRS_SR830 resp  : '15' 
2023-06-06 17:59:15.968869 SRS_SR830 query : 'ISRC?' 
2023-06-06 17:59:16.005145 SRS_SR830 resp  : '1' 
2023-06-06 17:59:16.076974 KEPCO BOP 50-8D write : 'CURR 0.1424' 
2023-06-06 17:59:16.583221 SRS_SR830 query : 'OUTP? 1' 
2023-06-06 17:59:16.640741 SRS_SR830 resp  : '-0.00018181' 
2023-06-06 17:59:16.640741 SRS_SR830 query : 'SENS?' 
2023-06-06 17:59:16.677296 SRS_SR830 resp  : '15' 
2023-06-06 17:59:16.678330 SRS_SR830 query : 'ISRC?' 
2023-06-06 17:59:16.714751 SRS_SR830 resp  : '1' 
2023-06-06 17:59:16.715714 SRS_SR830 query : 'OUTP? 2' 
2023-06-06 17:59:16.772199 SRS_SR830 resp  : '0.000153498' 
2023-06-06 17:59:16.773197 SRS_SR830 query : 'SENS?' 
2023-06-06 17:59:16.811707 SRS_SR830 resp  : '15' 
2023-06-06 17:59:16.812701 SRS_SR830 query : 'ISRC?' 
2023-06-06 17:59:16.848794 SRS_SR830 resp  : '1' 
2023-06-06 17:59:16.909626 KEPCO BOP 50-8D write : 'CURR 0.1449' 
2023-06-06 17:59:17.417249 SRS_SR830 query : 'OUTP? 1' 
2023-06-06 17:59:17.481295 SRS_SR830 resp  : '-0.000183591' 
2023-06-06 17:59:17.481295 SRS_SR830 query : 'SENS?' 
2023-06-06 17:59:17.519166 SRS_SR830 resp  : '15' 
2023-06-06 17:59:17.521168 SRS_SR830 query : 'ISRC?' 
2023-06-06 17:59:17.557056 SRS_SR830 resp  : '1' 
2023-06-06 17:59:17.558051 SRS_SR830 query : 'OUTP? 2' 
2023-06-06 17:59:17.614870 SRS_SR830 resp  : '0.000152797' 
2023-06-06 17:59:17.614870 SRS_SR830 query : 'SENS?' 
2023-06-06 17:59:17.652167 SRS_SR830 resp  : '15' 
2023-06-06 17:59:17.653169 SRS_SR830 query : 'ISRC?' 
2023-06-06 17:59:17.689376 SRS_SR830 resp  : '1' 
2023-06-06 17:59:17.732298 KEPCO BOP 50-8D write : 'CURR 0.1475' 
2023-06-06 17:59:18.242582 SRS_SR830 query : 'OUTP? 1' 
2023-06-06 17:59:18.302833 SRS_SR830 resp  : '-0.000176498' 
2023-06-06 17:59:18.303793 SRS_SR830 query : 'SENS?' 
2023-06-06 17:59:18.341211 SRS_SR830 resp  : '15' 
2023-06-06 17:59:18.342217 SRS_SR830 query : 'ISRC?' 
2023-06-06 17:59:18.378928 SRS_SR830 resp  : '1' 
2023-06-06 17:59:18.379958 SRS_SR830 query : 'OUTP? 2' 
2023-06-06 17:59:18.436083 SRS_SR830 resp  : '0.000142568' 
2023-06-06 17:59:18.437095 SRS_SR830 query : 'SENS?' 
2023-06-06 17:59:18.474877 SRS_SR830 resp  : '15' 
2023-06-06 17:59:18.475883 SRS_SR830 query : 'ISRC?' 
2023-06-06 17:59:18.511800 SRS_SR830 resp  : '1' 
2023-06-06 17:59:18.574612 KEPCO BOP 50-8D write : 'CURR 0.1501' 
2023-06-06 17:59:19.086194 SRS_SR830 query : 'OUTP? 1' 
2023-06-06 17:59:19.144435 SRS_SR830 resp  : '-0.000164242' 
2023-06-06 17:59:19.145437 SRS_SR830 query : 'SENS?' 
2023-06-06 17:59:19.182315 SRS_SR830 resp  : '15' 
2023-06-06 17:59:19.183317 SRS_SR830 query : 'ISRC?' 
2023-06-06 17:59:19.218145 SRS_SR830 resp  : '1' 
2023-06-06 17:59:19.220148 SRS_SR830 query : 'OUTP? 2' 
2023-06-06 17:59:19.276243 SRS_SR830 resp  : '0.000122757' 
2023-06-06 17:59:19.277071 SRS_SR830 query : 'SENS?' 
2023-06-06 17:59:19.313673 SRS_SR830 resp  : '15' 
2023-06-06 17:59:19.314668 SRS_SR830 query : 'ISRC?' 
2023-06-06 17:59:19.352285 SRS_SR830 resp  : '1' 
2023-06-06 17:59:19.429075 KEPCO BOP 50-8D write : 'CURR 0.1526' 
2023-06-06 17:59:19.934736 SRS_SR830 query : 'OUTP? 1' 
2023-06-06 17:59:19.993684 SRS_SR830 resp  : '-0.000143618' 
2023-06-06 17:59:19.994687 SRS_SR830 query : 'SENS?' 
2023-06-06 17:59:20.032273 SRS_SR830 resp  : '15' 
2023-06-06 17:59:20.033269 SRS_SR830 query : 'ISRC?' 
2023-06-06 17:59:20.070126 SRS_SR830 resp  : '1' 
2023-06-06 17:59:20.071088 SRS_SR830 query : 'OUTP? 2' 
2023-06-06 17:59:20.126914 SRS_SR830 resp  : '9.43025e-005' 
2023-06-06 17:59:20.127916 SRS_SR830 query : 'SENS?' 
2023-06-06 17:59:20.167128 SRS_SR830 resp  : '15' 
2023-06-06 17:59:20.168080 SRS_SR830 query : 'ISRC?' 
2023-06-06 17:59:20.214253 SRS_SR830 resp  : '1' 
2023-06-06 17:59:20.262130 KEPCO BOP 50-8D write : 'CURR 0.1552' 
2023-06-06 17:59:20.769106 SRS_SR830 query : 'OUTP? 1' 
2023-06-06 17:59:20.825228 SRS_SR830 resp  : '-0.00011684' 
2023-06-06 17:59:20.825228 SRS_SR830 query : 'SENS?' 
2023-06-06 17:59:20.863899 SRS_SR830 resp  : '15' 
2023-06-06 17:59:20.864909 SRS_SR830 query : 'ISRC?' 
2023-06-06 17:59:20.901124 SRS_SR830 resp  : '1' 
2023-06-06 17:59:20.902159 SRS_SR830 query : 'OUTP? 2' 
2023-06-06 17:59:20.959232 SRS_SR830 resp  : '5.99402e-005' 
2023-06-06 17:59:20.961234 SRS_SR830 query : 'SENS?' 
2023-06-06 17:59:20.998648 SRS_SR830 resp  : '15' 
2023-06-06 17:59:20.999643 SRS_SR830 query : 'ISRC?' 
2023-06-06 17:59:21.036241 SRS_SR830 resp  : '1' 
2023-06-06 17:59:21.109075 KEPCO BOP 50-8D write : 'CURR 0.1578' 
2023-06-06 17:59:21.612832 SRS_SR830 query : 'OUTP? 1' 
2023-06-06 17:59:21.671817 SRS_SR830 resp  : '-8.58982e-005' 
2023-06-06 17:59:21.672815 SRS_SR830 query : 'SENS?' 
2023-06-06 17:59:21.711080 SRS_SR830 resp  : '15' 
2023-06-06 17:59:21.712076 SRS_SR830 query : 'ISRC?' 
2023-06-06 17:59:21.748315 SRS_SR830 resp  : '1' 
2023-06-06 17:59:21.748315 SRS_SR830 query : 'OUTP? 2' 
2023-06-06 17:59:21.806264 SRS_SR830 resp  : '1.98485e-005' 
2023-06-06 17:59:21.807262 SRS_SR830 query : 'SENS?' 
2023-06-06 17:59:21.844811 SRS_SR830 resp  : '15' 
2023-06-06 17:59:21.844811 SRS_SR830 query : 'ISRC?' 
2023-06-06 17:59:21.881580 SRS_SR830 resp  : '1' 
2023-06-06 17:59:21.949423 KEPCO BOP 50-8D write : 'CURR 0.1603' 
2023-06-06 17:59:22.459094 SRS_SR830 query : 'OUTP? 1' 
2023-06-06 17:59:22.519316 SRS_SR830 resp  : '-5.46502e-005' 
2023-06-06 17:59:22.520312 SRS_SR830 query : 'SENS?' 
2023-06-06 17:59:22.558105 SRS_SR830 resp  : '15' 
2023-06-06 17:59:22.559102 SRS_SR830 query : 'ISRC?' 
2023-06-06 17:59:22.594988 SRS_SR830 resp  : '1' 
2023-06-06 17:59:22.595992 SRS_SR830 query : 'OUTP? 2' 
2023-06-06 17:59:22.653128 SRS_SR830 resp  : '-2.13609e-005' 
2023-06-06 17:59:22.654132 SRS_SR830 query : 'SENS?' 
2023-06-06 17:59:22.691956 SRS_SR830 resp  : '15' 
2023-06-06 17:59:22.692952 SRS_SR830 query : 'ISRC?' 
2023-06-06 17:59:22.728488 SRS_SR830 resp  : '1' 
2023-06-06 17:59:22.795303 KEPCO BOP 50-8D write : 'CURR 0.1629' 
2023-06-06 17:59:23.301739 SRS_SR830 query : 'OUTP? 1' 
2023-06-06 17:59:23.360352 SRS_SR830 resp  : '-2.53693e-005' 
2023-06-06 17:59:23.361304 SRS_SR830 query : 'SENS?' 
2023-06-06 17:59:23.400844 SRS_SR830 resp  : '15' 
2023-06-06 17:59:23.401857 SRS_SR830 query : 'ISRC?' 
2023-06-06 17:59:23.438022 SRS_SR830 resp  : '1' 
2023-06-06 17:59:23.439031 SRS_SR830 query : 'OUTP? 2' 
2023-06-06 17:59:23.497049 SRS_SR830 resp  : '-6.21383e-005' 
2023-06-06 17:59:23.498007 SRS_SR830 query : 'SENS?' 
2023-06-06 17:59:23.536087 SRS_SR830 resp  : '15' 
2023-06-06 17:59:23.537099 SRS_SR830 query : 'ISRC?' 
2023-06-06 17:59:23.573231 SRS_SR830 resp  : '1' 
2023-06-06 17:59:23.649010 KEPCO BOP 50-8D write : 'CURR 0.1655' 
2023-06-06 17:59:24.151897 SRS_SR830 query : 'OUTP? 1' 
2023-06-06 17:59:24.211529 SRS_SR830 resp  : '4.92486e-006' 
2023-06-06 17:59:24.212537 SRS_SR830 query : 'SENS?' 
2023-06-06 17:59:24.249831 SRS_SR830 resp  : '15' 
2023-06-06 17:59:24.250825 SRS_SR830 query : 'ISRC?' 
2023-06-06 17:59:24.287861 SRS_SR830 resp  : '1' 
2023-06-06 17:59:24.288823 SRS_SR830 query : 'OUTP? 2' 
2023-06-06 17:59:24.347063 SRS_SR830 resp  : '-0.000103765' 
2023-06-06 17:59:24.347063 SRS_SR830 query : 'SENS?' 
2023-06-06 17:59:24.384895 SRS_SR830 resp  : '15' 
2023-06-06 17:59:24.385935 SRS_SR830 query : 'ISRC?' 
2023-06-06 17:59:24.423727 SRS_SR830 resp  : '1' 
2023-06-06 17:59:24.491537 KEPCO BOP 50-8D write : 'CURR 0.1680' 
2023-06-06 17:59:25.007287 SRS_SR830 query : 'OUTP? 1' 
2023-06-06 17:59:25.065987 SRS_SR830 resp  : '3.37961e-005' 
2023-06-06 17:59:25.066984 SRS_SR830 query : 'SENS?' 
2023-06-06 17:59:25.104866 SRS_SR830 resp  : '15' 
2023-06-06 17:59:25.105876 SRS_SR830 query : 'ISRC?' 
2023-06-06 17:59:25.141640 SRS_SR830 resp  : '1' 
2023-06-06 17:59:25.142640 SRS_SR830 query : 'OUTP? 2' 
2023-06-06 17:59:25.200397 SRS_SR830 resp  : '-0.000140497' 
2023-06-06 17:59:25.202401 SRS_SR830 query : 'SENS?' 
2023-06-06 17:59:25.240000 SRS_SR830 resp  : '15' 
2023-06-06 17:59:25.240000 SRS_SR830 query : 'ISRC?' 
2023-06-06 17:59:25.275580 SRS_SR830 resp  : '1' 
2023-06-06 17:59:25.327463 KEPCO BOP 50-8D write : 'CURR 0.1706' 
2023-06-06 17:59:25.842123 SRS_SR830 query : 'OUTP? 1' 
2023-06-06 17:59:25.900875 SRS_SR830 resp  : '5.94186e-005' 
2023-06-06 17:59:25.901871 SRS_SR830 query : 'SENS?' 
2023-06-06 17:59:25.939396 SRS_SR830 resp  : '15' 
2023-06-06 17:59:25.940404 SRS_SR830 query : 'ISRC?' 
2023-06-06 17:59:25.977191 SRS_SR830 resp  : '1' 
2023-06-06 17:59:25.978188 SRS_SR830 query : 'OUTP? 2' 
2023-06-06 17:59:26.036950 SRS_SR830 resp  : '-0.000174955' 
2023-06-06 17:59:26.037948 SRS_SR830 query : 'SENS?' 
2023-06-06 17:59:26.074561 SRS_SR830 resp  : '15' 
2023-06-06 17:59:26.075557 SRS_SR830 query : 'ISRC?' 
2023-06-06 17:59:26.112316 SRS_SR830 resp  : '1' 
2023-06-06 17:59:26.182104 KEPCO BOP 50-8D write : 'CURR 0.1732' 
2023-06-06 17:59:26.691827 SRS_SR830 query : 'OUTP? 1' 
2023-06-06 17:59:26.751793 SRS_SR830 resp  : '8.32607e-005' 
2023-06-06 17:59:26.752788 SRS_SR830 query : 'SENS?' 
2023-06-06 17:59:26.790282 SRS_SR830 resp  : '15' 
2023-06-06 17:59:26.791293 SRS_SR830 query : 'ISRC?' 
2023-06-06 17:59:26.833814 SRS_SR830 resp  : '1' 
2023-06-06 17:59:26.834810 SRS_SR830 query : 'OUTP? 2' 
2023-06-06 17:59:26.893094 SRS_SR830 resp  : '-0.000206129' 
2023-06-06 17:59:26.894089 SRS_SR830 query : 'SENS?' 
2023-06-06 17:59:26.930914 SRS_SR830 resp  : '15' 
2023-06-06 17:59:26.931954 SRS_SR830 query : 'ISRC?' 
2023-06-06 17:59:26.968822 SRS_SR830 resp  : '1' 
2023-06-06 17:59:27.039638 KEPCO BOP 50-8D write : 'CURR 0.1757' 
2023-06-06 17:59:27.555086 SRS_SR830 query : 'OUTP? 1' 
2023-06-06 17:59:27.612440 SRS_SR830 resp  : '0.000103392' 
2023-06-06 17:59:27.613444 SRS_SR830 query : 'SENS?' 
2023-06-06 17:59:27.651485 SRS_SR830 resp  : '15' 
2023-06-06 17:59:27.651485 SRS_SR830 query : 'ISRC?' 
2023-06-06 17:59:27.687265 SRS_SR830 resp  : '1' 
2023-06-06 17:59:27.687265 SRS_SR830 query : 'OUTP? 2' 
2023-06-06 17:59:27.745042 SRS_SR830 resp  : '-0.000218445' 
2023-06-06 17:59:27.746068 SRS_SR830 query : 'SENS?' 
2023-06-06 17:59:27.784874 SRS_SR830 resp  : '15' 
2023-06-06 17:59:27.785915 SRS_SR830 query : 'ISRC?' 
2023-06-06 17:59:27.821767 SRS_SR830 resp  : '1' 
2023-06-06 17:59:27.879638 KEPCO BOP 50-8D write : 'CURR 0.1783' 
2023-06-06 17:59:28.387162 SRS_SR830 query : 'OUTP? 1' 
2023-06-06 17:59:28.445313 SRS_SR830 resp  : '0.000117667' 
2023-06-06 17:59:28.446309 SRS_SR830 query : 'SENS?' 
2023-06-06 17:59:28.490352 SRS_SR830 resp  : '15' 
2023-06-06 17:59:28.491361 SRS_SR830 query : 'ISRC?' 
2023-06-06 17:59:28.527308 SRS_SR830 resp  : '1' 
2023-06-06 17:59:28.528304 SRS_SR830 query : 'OUTP? 2' 
2023-06-06 17:59:28.586850 SRS_SR830 resp  : '-0.000218445' 
2023-06-06 17:59:28.587864 SRS_SR830 query : 'SENS?' 
2023-06-06 17:59:28.626326 SRS_SR830 resp  : '15' 
2023-06-06 17:59:28.627317 SRS_SR830 query : 'ISRC?' 
2023-06-06 17:59:28.663301 SRS_SR830 resp  : '1' 
2023-06-06 17:59:28.730149 KEPCO BOP 50-8D write : 'CURR 0.1809' 
2023-06-06 17:59:29.233966 SRS_SR830 query : 'OUTP? 1' 
2023-06-06 17:59:29.291786 SRS_SR830 resp  : '0.000126512' 
2023-06-06 17:59:29.292770 SRS_SR830 query : 'SENS?' 
2023-06-06 17:59:29.331284 SRS_SR830 resp  : '15' 
2023-06-06 17:59:29.332282 SRS_SR830 query : 'ISRC?' 
2023-06-06 17:59:29.368408 SRS_SR830 resp  : '1' 
2023-06-06 17:59:29.369355 SRS_SR830 query : 'OUTP? 2' 
2023-06-06 17:59:29.428617 SRS_SR830 resp  : '-0.000218445' 
2023-06-06 17:59:29.429613 SRS_SR830 query : 'SENS?' 
2023-06-06 17:59:29.465887 SRS_SR830 resp  : '15' 
2023-06-06 17:59:29.466832 SRS_SR830 query : 'ISRC?' 
2023-06-06 17:59:29.503296 SRS_SR830 resp  : '1' 
2023-06-06 17:59:29.569124 KEPCO BOP 50-8D write : 'CURR 0.1834' 
2023-06-06 17:59:30.078419 SRS_SR830 query : 'OUTP? 1' 
2023-06-06 17:59:30.135362 SRS_SR830 resp  : '0.000126773' 
2023-06-06 17:59:30.137358 SRS_SR830 query : 'SENS?' 
2023-06-06 17:59:30.176698 SRS_SR830 resp  : '15' 
2023-06-06 17:59:30.177648 SRS_SR830 query : 'ISRC?' 
2023-06-06 17:59:30.213621 SRS_SR830 resp  : '1' 
2023-06-06 17:59:30.214623 SRS_SR830 query : 'OUTP? 2' 
2023-06-06 17:59:30.272331 SRS_SR830 resp  : '-0.000218445' 
2023-06-06 17:59:30.273327 SRS_SR830 query : 'SENS?' 
2023-06-06 17:59:30.311130 SRS_SR830 resp  : '15' 
2023-06-06 17:59:30.311130 SRS_SR830 query : 'ISRC?' 
2023-06-06 17:59:30.347657 SRS_SR830 resp  : '1' 
2023-06-06 17:59:30.393529 KEPCO BOP 50-8D write : 'CURR 0.1860' 
2023-06-06 17:59:30.907236 SRS_SR830 query : 'OUTP? 1' 
2023-06-06 17:59:30.964875 SRS_SR830 resp  : '0.000121147' 
2023-06-06 17:59:30.965885 SRS_SR830 query : 'SENS?' 
2023-06-06 17:59:31.003084 SRS_SR830 resp  : '15' 
2023-06-06 17:59:31.004082 SRS_SR830 query : 'ISRC?' 
2023-06-06 17:59:31.038971 SRS_SR830 resp  : '1' 
2023-06-06 17:59:31.040017 SRS_SR830 query : 'OUTP? 2' 
2023-06-06 17:59:31.098907 SRS_SR830 resp  : '-0.000218445' 
2023-06-06 17:59:31.099870 SRS_SR830 query : 'SENS?' 
2023-06-06 17:59:31.137961 SRS_SR830 resp  : '15' 
2023-06-06 17:59:31.138912 SRS_SR830 query : 'ISRC?' 
2023-06-06 17:59:31.174876 SRS_SR830 resp  : '1' 
2023-06-06 17:59:31.239738 KEPCO BOP 50-8D write : 'CURR 0.1886' 
2023-06-06 17:59:31.743328 SRS_SR830 query : 'OUTP? 1' 
2023-06-06 17:59:31.800683 SRS_SR830 resp  : '0.000108295' 
2023-06-06 17:59:31.802686 SRS_SR830 query : 'SENS?' 
2023-06-06 17:59:31.840265 SRS_SR830 resp  : '15' 
2023-06-06 17:59:31.841262 SRS_SR830 query : 'ISRC?' 
2023-06-06 17:59:31.878410 SRS_SR830 resp  : '1' 
2023-06-06 17:59:31.879374 SRS_SR830 query : 'OUTP? 2' 
2023-06-06 17:59:31.937698 SRS_SR830 resp  : '-0.000218445' 
2023-06-06 17:59:31.938705 SRS_SR830 query : 'SENS?' 
2023-06-06 17:59:31.976081 SRS_SR830 resp  : '15' 
2023-06-06 17:59:31.977074 SRS_SR830 query : 'ISRC?' 
2023-06-06 17:59:32.014630 SRS_SR830 resp  : '1' 
2023-06-06 17:59:32.079451 KEPCO BOP 50-8D write : 'CURR 0.1911' 
2023-06-06 17:59:32.588235 SRS_SR830 query : 'OUTP? 1' 
2023-06-06 17:59:32.647027 SRS_SR830 resp  : '9.01599e-005' 
2023-06-06 17:59:32.648031 SRS_SR830 query : 'SENS?' 
2023-06-06 17:59:32.687265 SRS_SR830 resp  : '15' 
2023-06-06 17:59:32.688274 SRS_SR830 query : 'ISRC?' 
2023-06-06 17:59:32.724496 SRS_SR830 resp  : '1' 
2023-06-06 17:59:32.725487 SRS_SR830 query : 'OUTP? 2' 
2023-06-06 17:59:32.784610 SRS_SR830 resp  : '-0.000204892' 
2023-06-06 17:59:32.785571 SRS_SR830 query : 'SENS?' 
2023-06-06 17:59:32.823705 SRS_SR830 resp  : '15' 
2023-06-06 17:59:32.824711 SRS_SR830 query : 'ISRC?' 
2023-06-06 17:59:32.861312 SRS_SR830 resp  : '1' 
2023-06-06 17:59:32.929161 KEPCO BOP 50-8D write : 'CURR 0.1937' 
2023-06-06 17:59:33.434498 SRS_SR830 query : 'OUTP? 1' 
2023-06-06 17:59:33.491166 SRS_SR830 resp  : '7.09598e-005' 
2023-06-06 17:59:33.493169 SRS_SR830 query : 'SENS?' 
2023-06-06 17:59:33.530287 SRS_SR830 resp  : '15' 
2023-06-06 17:59:33.531284 SRS_SR830 query : 'ISRC?' 
2023-06-06 17:59:33.566511 SRS_SR830 resp  : '1' 
2023-06-06 17:59:33.566511 SRS_SR830 query : 'OUTP? 2' 
2023-06-06 17:59:33.626065 SRS_SR830 resp  : '-0.000177377' 
2023-06-06 17:59:33.627029 SRS_SR830 query : 'SENS?' 
2023-06-06 17:59:33.664712 SRS_SR830 resp  : '15' 
2023-06-06 17:59:33.665739 SRS_SR830 query : 'ISRC?' 
2023-06-06 17:59:33.703404 SRS_SR830 resp  : '1' 
2023-06-06 17:59:33.765235 KEPCO BOP 50-8D write : 'CURR 0.1963' 
2023-06-06 17:59:34.270635 SRS_SR830 query : 'OUTP? 1' 
2023-06-06 17:59:34.328822 SRS_SR830 resp  : '4.83918e-005' 
2023-06-06 17:59:34.329827 SRS_SR830 query : 'SENS?' 
2023-06-06 17:59:34.368059 SRS_SR830 resp  : '15' 
2023-06-06 17:59:34.369056 SRS_SR830 query : 'ISRC?' 
2023-06-06 17:59:34.405326 SRS_SR830 resp  : '1' 
2023-06-06 17:59:34.406333 SRS_SR830 query : 'OUTP? 2' 
2023-06-06 17:59:34.463139 SRS_SR830 resp  : '-0.00015019' 
2023-06-06 17:59:34.464133 SRS_SR830 query : 'SENS?' 
2023-06-06 17:59:34.502492 SRS_SR830 resp  : '15' 
2023-06-06 17:59:34.503506 SRS_SR830 query : 'ISRC?' 
2023-06-06 17:59:34.539086 SRS_SR830 resp  : '1' 
2023-06-06 17:59:34.613882 KEPCO BOP 50-8D write : 'CURR 0.1988' 
2023-06-06 17:59:35.117168 SRS_SR830 query : 'OUTP? 1' 
2023-06-06 17:59:35.174262 SRS_SR830 resp  : '2.97056e-005' 
2023-06-06 17:59:35.174262 SRS_SR830 query : 'SENS?' 
2023-06-06 17:59:35.210884 SRS_SR830 resp  : '15' 
2023-06-06 17:59:35.210884 SRS_SR830 query : 'ISRC?' 
2023-06-06 17:59:35.246421 SRS_SR830 resp  : '1' 
2023-06-06 17:59:35.247425 SRS_SR830 query : 'OUTP? 2' 
2023-06-06 17:59:35.305042 SRS_SR830 resp  : '-0.000125692' 
2023-06-06 17:59:35.305042 SRS_SR830 query : 'SENS?' 
2023-06-06 17:59:35.342063 SRS_SR830 resp  : '15' 
2023-06-06 17:59:35.342063 SRS_SR830 query : 'ISRC?' 
2023-06-06 17:59:35.379212 SRS_SR830 resp  : '1' 
2023-06-06 17:59:35.424086 KEPCO BOP 50-8D write : 'CURR 0.2014' 
2023-06-06 17:59:35.934363 SRS_SR830 query : 'OUTP? 1' 
2023-06-06 17:59:35.991164 SRS_SR830 resp  : '1.4484e-005' 
2023-06-06 17:59:35.992165 SRS_SR830 query : 'SENS?' 
2023-06-06 17:59:36.029013 SRS_SR830 resp  : '15' 
2023-06-06 17:59:36.030019 SRS_SR830 query : 'ISRC?' 
2023-06-06 17:59:36.067214 SRS_SR830 resp  : '1' 
2023-06-06 17:59:36.068210 SRS_SR830 query : 'OUTP? 2' 
2023-06-06 17:59:36.125895 SRS_SR830 resp  : '-0.000105769' 
2023-06-06 17:59:36.126906 SRS_SR830 query : 'SENS?' 
2023-06-06 17:59:36.164877 SRS_SR830 resp  : '15' 
2023-06-06 17:59:36.165884 SRS_SR830 query : 'ISRC?' 
2023-06-06 17:59:36.201274 SRS_SR830 resp  : '1' 
2023-06-06 17:59:36.247145 KEPCO BOP 50-8D write : 'CURR 0.2040' 
2023-06-06 17:59:36.763680 SRS_SR830 query : 'OUTP? 1' 
2023-06-06 17:59:36.821320 SRS_SR830 resp  : '2.13088e-006' 
2023-06-06 17:59:36.822325 SRS_SR830 query : 'SENS?' 
2023-06-06 17:59:36.859747 SRS_SR830 resp  : '15' 
2023-06-06 17:59:36.860745 SRS_SR830 query : 'ISRC?' 
2023-06-06 17:59:36.897268 SRS_SR830 resp  : '1' 
2023-06-06 17:59:36.898231 SRS_SR830 query : 'OUTP? 2' 
2023-06-06 17:59:36.956932 SRS_SR830 resp  : '-8.89827e-005' 
2023-06-06 17:59:36.957878 SRS_SR830 query : 'SENS?' 
2023-06-06 17:59:36.996868 SRS_SR830 resp  : '15' 
2023-06-06 17:59:36.997878 SRS_SR830 query : 'ISRC?' 
2023-06-06 17:59:37.033073 SRS_SR830 resp  : '1' 
2023-06-06 17:59:37.098919 KEPCO BOP 50-8D write : 'CURR 0.2065' 
2023-06-06 17:59:37.611239 SRS_SR830 query : 'OUTP? 1' 
2023-06-06 17:59:37.671064 SRS_SR830 resp  : '-8.80664e-006' 
2023-06-06 17:59:37.672072 SRS_SR830 query : 'SENS?' 
2023-06-06 17:59:37.709045 SRS_SR830 resp  : '15' 
2023-06-06 17:59:37.710042 SRS_SR830 query : 'ISRC?' 
2023-06-06 17:59:37.745997 SRS_SR830 resp  : '1' 
2023-06-06 17:59:37.748000 SRS_SR830 query : 'OUTP? 2' 
2023-06-06 17:59:37.806055 SRS_SR830 resp  : '-7.48937e-005' 
2023-06-06 17:59:37.807051 SRS_SR830 query : 'SENS?' 
2023-06-06 17:59:37.844464 SRS_SR830 resp  : '15' 
2023-06-06 17:59:37.844464 SRS_SR830 query : 'ISRC?' 
2023-06-06 17:59:37.880308 SRS_SR830 resp  : '1' 
2023-06-06 17:59:37.942158 KEPCO BOP 50-8D write : 'CURR 0.2091' 
2023-06-06 17:59:38.450748 SRS_SR830 query : 'OUTP? 1' 
2023-06-06 17:59:38.509454 SRS_SR830 resp  : '-1.62275e-005' 
2023-06-06 17:59:38.511457 SRS_SR830 query : 'SENS?' 
2023-06-06 17:59:38.549173 SRS_SR830 resp  : '15' 
2023-06-06 17:59:38.551176 SRS_SR830 query : 'ISRC?' 
2023-06-06 17:59:38.587396 SRS_SR830 resp  : '1' 
2023-06-06 17:59:38.589446 SRS_SR830 query : 'OUTP? 2' 
2023-06-06 17:59:38.646689 SRS_SR830 resp  : '-6.54315e-005' 
2023-06-06 17:59:38.648703 SRS_SR830 query : 'SENS?' 
2023-06-06 17:59:38.685929 SRS_SR830 resp  : '15' 
2023-06-06 17:59:38.686936 SRS_SR830 query : 'ISRC?' 
2023-06-06 17:59:38.724283 SRS_SR830 resp  : '1' 
2023-06-06 17:59:38.791096 KEPCO BOP 50-8D write : 'CURR 0.2117' 
2023-06-06 17:59:39.308271 SRS_SR830 query : 'OUTP? 1' 
2023-06-06 17:59:39.367778 SRS_SR830 resp  : '-2.25679e-005' 
2023-06-06 17:59:39.368739 SRS_SR830 query : 'SENS?' 
2023-06-06 17:59:39.407164 SRS_SR830 resp  : '15' 
2023-06-06 17:59:39.407164 SRS_SR830 query : 'ISRC?' 
2023-06-06 17:59:39.444846 SRS_SR830 resp  : '1' 
2023-06-06 17:59:39.446851 SRS_SR830 query : 'OUTP? 2' 
2023-06-06 17:59:39.504886 SRS_SR830 resp  : '-5.74442e-005' 
2023-06-06 17:59:39.504886 SRS_SR830 query : 'SENS?' 
2023-06-06 17:59:39.542891 SRS_SR830 resp  : '15' 
2023-06-06 17:59:39.543903 SRS_SR830 query : 'ISRC?' 
2023-06-06 17:59:39.580247 SRS_SR830 resp  : '1' 
2023-06-06 17:59:39.644103 KEPCO BOP 50-8D write : 'CURR 0.2143' 
2023-06-06 17:59:40.151807 SRS_SR830 query : 'OUTP? 1' 
2023-06-06 17:59:40.211370 SRS_SR830 resp  : '-2.77014e-005' 
2023-06-06 17:59:40.212366 SRS_SR830 query : 'SENS?' 
2023-06-06 17:59:40.249187 SRS_SR830 resp  : '15' 
2023-06-06 17:59:40.250052 SRS_SR830 query : 'ISRC?' 
2023-06-06 17:59:40.285733 SRS_SR830 resp  : '1' 
2023-06-06 17:59:40.286728 SRS_SR830 query : 'OUTP? 2' 
2023-06-06 17:59:40.344874 SRS_SR830 resp  : '-5.02097e-005' 
2023-06-06 17:59:40.345910 SRS_SR830 query : 'SENS?' 
2023-06-06 17:59:40.383399 SRS_SR830 resp  : '15' 
2023-06-06 17:59:40.384411 SRS_SR830 query : 'ISRC?' 
2023-06-06 17:59:40.421039 SRS_SR830 resp  : '1' 
2023-06-06 17:59:40.485864 KEPCO BOP 50-8D write : 'CURR 0.2168' 
2023-06-06 17:59:40.994553 SRS_SR830 query : 'OUTP? 1' 
2023-06-06 17:59:41.054295 SRS_SR830 resp  : '-3.21495e-005' 
2023-06-06 17:59:41.055294 SRS_SR830 query : 'SENS?' 
2023-06-06 17:59:41.093148 SRS_SR830 resp  : '15' 
2023-06-06 17:59:41.094156 SRS_SR830 query : 'ISRC?' 
2023-06-06 17:59:41.130710 SRS_SR830 resp  : '1' 
2023-06-06 17:59:41.131668 SRS_SR830 query : 'OUTP? 2' 
2023-06-06 17:59:41.194877 SRS_SR830 resp  : '-4.53519e-005' 
2023-06-06 17:59:41.195918 SRS_SR830 query : 'SENS?' 
2023-06-06 17:59:41.234226 SRS_SR830 resp  : '15' 
2023-06-06 17:59:41.236229 SRS_SR830 query : 'ISRC?' 
2023-06-06 17:59:41.272586 SRS_SR830 resp  : '1' 
2023-06-06 17:59:41.336363 KEPCO BOP 50-8D write : 'CURR 0.2194' 
2023-06-06 17:59:41.838932 SRS_SR830 query : 'OUTP? 1' 
2023-06-06 17:59:41.899413 SRS_SR830 resp  : '-3.52117e-005' 
2023-06-06 17:59:41.900376 SRS_SR830 query : 'SENS?' 
2023-06-06 17:59:41.937927 SRS_SR830 resp  : '15' 
2023-06-06 17:59:41.938935 SRS_SR830 query : 'ISRC?' 
2023-06-06 17:59:41.975501 SRS_SR830 resp  : '1' 
2023-06-06 17:59:41.976498 SRS_SR830 query : 'OUTP? 2' 
2023-06-06 17:59:42.033825 SRS_SR830 resp  : '-4.31018e-005' 
2023-06-06 17:59:42.033825 SRS_SR830 query : 'SENS?' 
2023-06-06 17:59:42.071367 SRS_SR830 resp  : '15' 
2023-06-06 17:59:42.072372 SRS_SR830 query : 'ISRC?' 
2023-06-06 17:59:42.108015 SRS_SR830 resp  : '1' 
2023-06-06 17:59:42.173834 KEPCO BOP 50-8D write : 'CURR 0.2220' 
2023-06-06 17:59:42.686280 SRS_SR830 query : 'OUTP? 1' 
2023-06-06 17:59:42.744684 SRS_SR830 resp  : '-3.16577e-005' 
2023-06-06 17:59:42.745705 SRS_SR830 query : 'SENS?' 
2023-06-06 17:59:42.784729 SRS_SR830 resp  : '15' 
2023-06-06 17:59:42.785714 SRS_SR830 query : 'ISRC?' 
2023-06-06 17:59:42.827891 SRS_SR830 resp  : '1' 
2023-06-06 17:59:42.828845 SRS_SR830 query : 'OUTP? 2' 
2023-06-06 17:59:42.887688 SRS_SR830 resp  : '-3.35055e-005' 
2023-06-06 17:59:42.888651 SRS_SR830 query : 'SENS?' 
2023-06-06 17:59:42.925228 SRS_SR830 resp  : '15' 
2023-06-06 17:59:42.927219 SRS_SR830 query : 'ISRC?' 
2023-06-06 17:59:42.963426 SRS_SR830 resp  : '1' 
2023-06-06 17:59:43.011322 KEPCO BOP 50-8D write : 'CURR 0.2245' 
2023-06-06 17:59:43.517574 SRS_SR830 query : 'OUTP? 1' 
2023-06-06 17:59:43.578125 SRS_SR830 resp  : '-3.39004e-005' 
2023-06-06 17:59:43.579119 SRS_SR830 query : 'SENS?' 
2023-06-06 17:59:43.616159 SRS_SR830 resp  : '15' 
2023-06-06 17:59:43.617156 SRS_SR830 query : 'ISRC?' 
2023-06-06 17:59:43.652066 SRS_SR830 resp  : '1' 
2023-06-06 17:59:43.652066 SRS_SR830 query : 'OUTP? 2' 
2023-06-06 17:59:43.710745 SRS_SR830 resp  : '-3.1695e-005' 
2023-06-06 17:59:43.711742 SRS_SR830 query : 'SENS?' 
2023-06-06 17:59:43.748578 SRS_SR830 resp  : '15' 
2023-06-06 17:59:43.748578 SRS_SR830 query : 'ISRC?' 
2023-06-06 17:59:43.784987 SRS_SR830 resp  : '1' 
2023-06-06 17:59:43.850839 KEPCO BOP 50-8D write : 'CURR 0.2271' 
2023-06-06 17:59:44.363966 SRS_SR830 query : 'OUTP? 1' 
2023-06-06 17:59:44.423495 SRS_SR830 resp  : '-3.98012e-005' 
2023-06-06 17:59:44.424533 SRS_SR830 query : 'SENS?' 
2023-06-06 17:59:44.462588 SRS_SR830 resp  : '15' 
2023-06-06 17:59:44.463549 SRS_SR830 query : 'ISRC?' 
2023-06-06 17:59:44.499947 SRS_SR830 resp  : '1' 
2023-06-06 17:59:44.500896 SRS_SR830 query : 'OUTP? 2' 
2023-06-06 17:59:44.559410 SRS_SR830 resp  : '-3.26487e-005' 
2023-06-06 17:59:44.560416 SRS_SR830 query : 'SENS?' 
2023-06-06 17:59:44.598177 SRS_SR830 resp  : '15' 
2023-06-06 17:59:44.599170 SRS_SR830 query : 'ISRC?' 
2023-06-06 17:59:44.635893 SRS_SR830 resp  : '1' 
2023-06-06 17:59:44.699728 KEPCO BOP 50-8D write : 'CURR 0.2297' 
2023-06-06 17:59:45.209343 SRS_SR830 query : 'OUTP? 1' 
2023-06-06 17:59:45.267247 SRS_SR830 resp  : '-3.92499e-005' 
2023-06-06 17:59:45.269243 SRS_SR830 query : 'SENS?' 
2023-06-06 17:59:45.306297 SRS_SR830 resp  : '15' 
2023-06-06 17:59:45.307343 SRS_SR830 query : 'ISRC?' 
2023-06-06 17:59:45.344876 SRS_SR830 resp  : '1' 
2023-06-06 17:59:45.345884 SRS_SR830 query : 'OUTP? 2' 
2023-06-06 17:59:45.404875 SRS_SR830 resp  : '-2.98769e-005' 
2023-06-06 17:59:45.405880 SRS_SR830 query : 'SENS?' 
2023-06-06 17:59:45.443490 SRS_SR830 resp  : '15' 
2023-06-06 17:59:45.444497 SRS_SR830 query : 'ISRC?' 
2023-06-06 17:59:45.481015 SRS_SR830 resp  : '1' 
2023-06-06 17:59:45.553825 KEPCO BOP 50-8D write : 'CURR 0.2322' 
2023-06-06 17:59:46.057478 SRS_SR830 query : 'OUTP? 1' 
2023-06-06 17:59:46.116180 SRS_SR830 resp  : '-3.40419e-005' 
2023-06-06 17:59:46.116180 SRS_SR830 query : 'SENS?' 
2023-06-06 17:59:46.153606 SRS_SR830 resp  : '15' 
2023-06-06 17:59:46.154607 SRS_SR830 query : 'ISRC?' 
2023-06-06 17:59:46.190070 SRS_SR830 resp  : '1' 
2023-06-06 17:59:46.191017 SRS_SR830 query : 'OUTP? 2' 
2023-06-06 17:59:46.250022 SRS_SR830 resp  : '-2.47658e-005' 
2023-06-06 17:59:46.251061 SRS_SR830 query : 'SENS?' 
2023-06-06 17:59:46.289444 SRS_SR830 resp  : '15' 
2023-06-06 17:59:46.290394 SRS_SR830 query : 'ISRC?' 
2023-06-06 17:59:46.326758 SRS_SR830 resp  : '1' 
2023-06-06 17:59:46.409596 KEPCO BOP 50-8D write : 'CURR 0.2348' 
2023-06-06 17:59:46.911968 SRS_SR830 query : 'OUTP? 1' 
2023-06-06 17:59:46.970273 SRS_SR830 resp  : '-4.11051e-005' 
2023-06-06 17:59:46.970273 SRS_SR830 query : 'SENS?' 
2023-06-06 17:59:47.007382 SRS_SR830 resp  : '15' 
2023-06-06 17:59:47.008378 SRS_SR830 query : 'ISRC?' 
2023-06-06 17:59:47.043957 SRS_SR830 resp  : '1' 
2023-06-06 17:59:47.044965 SRS_SR830 query : 'OUTP? 2' 
2023-06-06 17:59:47.102158 SRS_SR830 resp  : '-2.26499e-005' 
2023-06-06 17:59:47.102158 SRS_SR830 query : 'SENS?' 
2023-06-06 17:59:47.139430 SRS_SR830 resp  : '15' 
2023-06-06 17:59:47.140439 SRS_SR830 query : 'ISRC?' 
2023-06-06 17:59:47.175060 SRS_SR830 resp  : '1' 
2023-06-06 17:59:47.403195 KEPCO BOP 50-8D write : 'CURR 0.2374' 
2023-06-06 17:59:47.915607 SRS_SR830 query : 'OUTP? 1' 
2023-06-06 17:59:47.972455 SRS_SR830 resp  : '-3.77449e-005' 
2023-06-06 17:59:47.973457 SRS_SR830 query : 'SENS?' 
2023-06-06 17:59:48.011381 SRS_SR830 resp  : '15' 
2023-06-06 17:59:48.012348 SRS_SR830 query : 'ISRC?' 
2023-06-06 17:59:48.046258 SRS_SR830 resp  : '1' 
2023-06-06 17:59:48.047255 SRS_SR830 query : 'OUTP? 2' 
2023-06-06 17:59:48.104103 SRS_SR830 resp  : '-2.8655e-005' 
2023-06-06 17:59:48.104103 SRS_SR830 query : 'SENS?' 
2023-06-06 17:59:48.141038 SRS_SR830 resp  : '15' 
2023-06-06 17:59:48.141038 SRS_SR830 query : 'ISRC?' 
2023-06-06 17:59:48.176915 SRS_SR830 resp  : '1' 
2023-06-06 17:59:48.224780 KEPCO BOP 50-8D write : 'CURR 0.2399' 
2023-06-06 17:59:48.737828 SRS_SR830 query : 'OUTP? 1' 
2023-06-06 17:59:48.794833 SRS_SR830 resp  : '-4.35563e-005' 
2023-06-06 17:59:48.795771 SRS_SR830 query : 'SENS?' 
2023-06-06 17:59:48.833919 SRS_SR830 resp  : '15' 
2023-06-06 17:59:48.834840 SRS_SR830 query : 'ISRC?' 
2023-06-06 17:59:48.870217 SRS_SR830 resp  : '1' 
2023-06-06 17:59:48.870217 SRS_SR830 query : 'OUTP? 2' 
2023-06-06 17:59:48.928968 SRS_SR830 resp  : '-3.06668e-005' 
2023-06-06 17:59:48.929965 SRS_SR830 query : 'SENS?' 
2023-06-06 17:59:48.967775 SRS_SR830 resp  : '15' 
2023-06-06 17:59:48.968780 SRS_SR830 query : 'ISRC?' 
2023-06-06 17:59:49.004912 SRS_SR830 resp  : '1' 
2023-06-06 17:59:49.070731 KEPCO BOP 50-8D write : 'CURR 0.2425' 
2023-06-06 17:59:49.580407 SRS_SR830 query : 'OUTP? 1' 
2023-06-06 17:59:49.639120 SRS_SR830 resp  : '-4.3981e-005' 
2023-06-06 17:59:49.640116 SRS_SR830 query : 'SENS?' 
2023-06-06 17:59:49.678675 SRS_SR830 resp  : '15' 
2023-06-06 17:59:49.679683 SRS_SR830 query : 'ISRC?' 
2023-06-06 17:59:49.715885 SRS_SR830 resp  : '1' 
2023-06-06 17:59:49.716844 SRS_SR830 query : 'OUTP? 2' 
2023-06-06 17:59:49.775936 SRS_SR830 resp  : '-2.96013e-005' 
2023-06-06 17:59:49.776894 SRS_SR830 query : 'SENS?' 
2023-06-06 17:59:49.815110 SRS_SR830 resp  : '15' 
2023-06-06 17:59:49.816107 SRS_SR830 query : 'ISRC?' 
2023-06-06 17:59:49.851887 SRS_SR830 resp  : '1' 
2023-06-06 17:59:49.910759 KEPCO BOP 50-8D write : 'CURR 0.2451' 
2023-06-06 17:59:50.428289 SRS_SR830 query : 'OUTP? 1' 
2023-06-06 17:59:50.488107 SRS_SR830 resp  : '-4.33775e-005' 
2023-06-06 17:59:50.489104 SRS_SR830 query : 'SENS?' 
2023-06-06 17:59:50.526360 SRS_SR830 resp  : '15' 
2023-06-06 17:59:50.527356 SRS_SR830 query : 'ISRC?' 
2023-06-06 17:59:50.562667 SRS_SR830 resp  : '1' 
2023-06-06 17:59:50.564720 SRS_SR830 query : 'OUTP? 2' 
2023-06-06 17:59:50.622695 SRS_SR830 resp  : '-2.63677e-005' 
2023-06-06 17:59:50.623692 SRS_SR830 query : 'SENS?' 
2023-06-06 17:59:50.662084 SRS_SR830 resp  : '15' 
2023-06-06 17:59:50.663088 SRS_SR830 query : 'ISRC?' 
2023-06-06 17:59:50.699097 SRS_SR830 resp  : '1' 
2023-06-06 17:59:50.763871 KEPCO BOP 50-8D write : 'CURR 0.2476' 
2023-06-06 17:59:51.275129 SRS_SR830 query : 'OUTP? 1' 
2023-06-06 17:59:51.334029 SRS_SR830 resp  : '-4.20662e-005' 
2023-06-06 17:59:51.334029 SRS_SR830 query : 'SENS?' 
2023-06-06 17:59:51.371657 SRS_SR830 resp  : '15' 
2023-06-06 17:59:51.371657 SRS_SR830 query : 'ISRC?' 
2023-06-06 17:59:51.407553 SRS_SR830 resp  : '1' 
2023-06-06 17:59:51.407553 SRS_SR830 query : 'OUTP? 2' 
2023-06-06 17:59:51.465684 SRS_SR830 resp  : '-2.66285e-005' 
2023-06-06 17:59:51.465684 SRS_SR830 query : 'SENS?' 
2023-06-06 17:59:51.503131 SRS_SR830 resp  : '15' 
2023-06-06 17:59:51.504062 SRS_SR830 query : 'ISRC?' 
2023-06-06 17:59:51.539748 SRS_SR830 resp  : '1' 
2023-06-06 17:59:51.608531 KEPCO BOP 50-8D write : 'CURR 0.2502' 
2023-06-06 17:59:52.116236 SRS_SR830 query : 'OUTP? 1' 
2023-06-06 17:59:52.174818 SRS_SR830 resp  : '-4.26921e-005' 
2023-06-06 17:59:52.175780 SRS_SR830 query : 'SENS?' 
2023-06-06 17:59:52.207064 SRS_SR830 resp  : '15' 
2023-06-06 17:59:52.207064 SRS_SR830 query : 'ISRC?' 
2023-06-06 17:59:52.247092 SRS_SR830 resp  : '1' 
2023-06-06 17:59:52.247092 SRS_SR830 query : 'OUTP? 2' 
2023-06-06 17:59:52.308449 SRS_SR830 resp  : '-2.30671e-005' 
2023-06-06 17:59:52.309455 SRS_SR830 query : 'SENS?' 
2023-06-06 17:59:52.346582 SRS_SR830 resp  : '15' 
2023-06-06 17:59:52.346582 SRS_SR830 query : 'ISRC?' 
2023-06-06 17:59:52.382474 SRS_SR830 resp  : '1' 
2023-06-06 17:59:52.430967 KEPCO BOP 50-8D write : 'CURR 0.2528' 
2023-06-06 17:59:52.947043 SRS_SR830 query : 'OUTP? 1' 
2023-06-06 17:59:53.005882 SRS_SR830 resp  : '-4.65589e-005' 
2023-06-06 17:59:53.005882 SRS_SR830 query : 'SENS?' 
2023-06-06 17:59:53.042952 SRS_SR830 resp  : '15' 
2023-06-06 17:59:53.043950 SRS_SR830 query : 'ISRC?' 
2023-06-06 17:59:53.078468 SRS_SR830 resp  : '1' 
2023-06-06 17:59:53.079466 SRS_SR830 query : 'OUTP? 2' 
2023-06-06 17:59:53.136355 SRS_SR830 resp  : '-2.05861e-005' 
2023-06-06 17:59:53.136956 SRS_SR830 query : 'SENS?' 
2023-06-06 17:59:53.174257 SRS_SR830 resp  : '15' 
2023-06-06 17:59:53.174866 SRS_SR830 query : 'ISRC?' 
2023-06-06 17:59:53.210029 SRS_SR830 resp  : '1' 
2023-06-06 17:59:53.273886 KEPCO BOP 50-8D write : 'CURR 0.2553' 
2023-06-06 17:59:53.789523 SRS_SR830 query : 'OUTP? 1' 
2023-06-06 17:59:53.849085 SRS_SR830 resp  : '-4.27815e-005' 
2023-06-06 17:59:53.850082 SRS_SR830 query : 'SENS?' 
2023-06-06 17:59:53.887010 SRS_SR830 resp  : '15' 
2023-06-06 17:59:53.887978 SRS_SR830 query : 'ISRC?' 
2023-06-06 17:59:53.922883 SRS_SR830 resp  : '1' 
2023-06-06 17:59:53.922883 SRS_SR830 query : 'OUTP? 2' 
2023-06-06 17:59:53.981731 SRS_SR830 resp  : '-2.32906e-005' 
2023-06-06 17:59:53.981731 SRS_SR830 query : 'SENS?' 
2023-06-06 17:59:54.019420 SRS_SR830 resp  : '15' 
2023-06-06 17:59:54.019420 SRS_SR830 query : 'ISRC?' 
2023-06-06 17:59:54.055495 SRS_SR830 resp  : '1' 
2023-06-06 17:59:54.130268 KEPCO BOP 50-8D write : 'CURR 0.2579' 
2023-06-06 17:59:54.631872 SRS_SR830 query : 'OUTP? 1' 
2023-06-06 17:59:54.690891 SRS_SR830 resp  : '-4.75126e-005' 
2023-06-06 17:59:54.691843 SRS_SR830 query : 'SENS?' 
2023-06-06 17:59:54.730123 SRS_SR830 resp  : '15' 
2023-06-06 17:59:54.731115 SRS_SR830 query : 'ISRC?' 
2023-06-06 17:59:54.767203 SRS_SR830 resp  : '1' 
2023-06-06 17:59:54.768209 SRS_SR830 query : 'OUTP? 2' 
2023-06-06 17:59:54.826557 SRS_SR830 resp  : '-2.55854e-005' 
2023-06-06 17:59:54.826557 SRS_SR830 query : 'SENS?' 
2023-06-06 17:59:54.863463 SRS_SR830 resp  : '15' 
2023-06-06 17:59:54.863463 SRS_SR830 query : 'ISRC?' 
2023-06-06 17:59:54.899784 SRS_SR830 resp  : '1' 
2023-06-06 17:59:54.972001 KEPCO BOP 50-8D write : 'CURR 0.2605' 
2023-06-06 17:59:55.481857 SRS_SR830 query : 'OUTP? 1' 
2023-06-06 17:59:55.540284 SRS_SR830 resp  : '-4.52923e-005' 
2023-06-06 17:59:55.540284 SRS_SR830 query : 'SENS?' 
2023-06-06 17:59:55.578296 SRS_SR830 resp  : '15' 
2023-06-06 17:59:55.578296 SRS_SR830 query : 'ISRC?' 
2023-06-06 17:59:55.614152 SRS_SR830 resp  : '1' 
2023-06-06 17:59:55.614843 SRS_SR830 query : 'OUTP? 2' 
2023-06-06 17:59:55.672216 SRS_SR830 resp  : '-2.32459e-005' 
2023-06-06 17:59:55.673185 SRS_SR830 query : 'SENS?' 
2023-06-06 17:59:55.710216 SRS_SR830 resp  : '15' 
2023-06-06 17:59:55.710216 SRS_SR830 query : 'ISRC?' 
2023-06-06 17:59:55.746695 SRS_SR830 resp  : '1' 
2023-06-06 17:59:55.798703 KEPCO BOP 50-8D write : 'CURR 0.2630' 
2023-06-06 17:59:56.300808 SRS_SR830 query : 'OUTP? 1' 
2023-06-06 17:59:56.358508 SRS_SR830 resp  : '-4.19917e-005' 
2023-06-06 17:59:56.359514 SRS_SR830 query : 'SENS?' 
2023-06-06 17:59:56.387973 SRS_SR830 resp  : '15' 
2023-06-06 17:59:56.398212 SRS_SR830 query : 'ISRC?' 
2023-06-06 17:59:56.432790 SRS_SR830 resp  : '1' 
2023-06-06 17:59:56.435383 SRS_SR830 query : 'OUTP? 2' 
2023-06-06 17:59:56.491866 SRS_SR830 resp  : '-2.23817e-005' 
2023-06-06 17:59:56.491866 SRS_SR830 query : 'SENS?' 
2023-06-06 17:59:56.530465 SRS_SR830 resp  : '15' 
2023-06-06 17:59:56.530465 SRS_SR830 query : 'ISRC?' 
2023-06-06 17:59:56.566516 SRS_SR830 resp  : '1' 
2023-06-06 17:59:56.601707 KEPCO BOP 50-8D write : 'CURR 0.2656' 
2023-06-06 17:59:57.117298 SRS_SR830 query : 'OUTP? 1' 
2023-06-06 17:59:57.175843 SRS_SR830 resp  : '-4.48304e-005' 
2023-06-06 17:59:57.175843 SRS_SR830 query : 'SENS?' 
2023-06-06 17:59:57.213863 SRS_SR830 resp  : '15' 
2023-06-06 17:59:57.214838 SRS_SR830 query : 'ISRC?' 
2023-06-06 17:59:57.250438 SRS_SR830 resp  : '1' 
2023-06-06 17:59:57.251445 SRS_SR830 query : 'OUTP? 2' 
2023-06-06 17:59:57.310136 SRS_SR830 resp  : '-2.12492e-005' 
2023-06-06 17:59:57.311099 SRS_SR830 query : 'SENS?' 
2023-06-06 17:59:57.348147 SRS_SR830 resp  : '15' 
2023-06-06 17:59:57.349150 SRS_SR830 query : 'ISRC?' 
2023-06-06 17:59:57.384842 SRS_SR830 resp  : '1' 
2023-06-06 17:59:57.444686 KEPCO BOP 50-8D write : 'CURR 0.2682' 
2023-06-06 17:59:57.954243 SRS_SR830 query : 'OUTP? 1' 
2023-06-06 17:59:58.011953 SRS_SR830 resp  : '-4.40704e-005' 
2023-06-06 17:59:58.012974 SRS_SR830 query : 'SENS?' 
2023-06-06 17:59:58.049668 SRS_SR830 resp  : '15' 
2023-06-06 17:59:58.050671 SRS_SR830 query : 'ISRC?' 
2023-06-06 17:59:58.085587 SRS_SR830 resp  : '1' 
2023-06-06 17:59:58.086589 SRS_SR830 query : 'OUTP? 2' 
2023-06-06 17:59:58.143265 SRS_SR830 resp  : '-1.6682e-005' 
2023-06-06 17:59:58.144268 SRS_SR830 query : 'SENS?' 
2023-06-06 17:59:58.182002 SRS_SR830 resp  : '15' 
2023-06-06 17:59:58.183001 SRS_SR830 query : 'ISRC?' 
2023-06-06 17:59:58.218496 SRS_SR830 resp  : '1' 
2023-06-06 17:59:58.283356 KEPCO BOP 50-8D write : 'CURR 0.2707' 
2023-06-06 17:59:58.801281 SRS_SR830 query : 'OUTP? 1' 
2023-06-06 17:59:58.859932 SRS_SR830 resp  : '-4.82651e-005' 
2023-06-06 17:59:58.861935 SRS_SR830 query : 'SENS?' 
2023-06-06 17:59:58.900523 SRS_SR830 resp  : '15' 
2023-06-06 17:59:58.901519 SRS_SR830 query : 'ISRC?' 
2023-06-06 17:59:58.938196 SRS_SR830 resp  : '1' 
2023-06-06 17:59:58.938196 SRS_SR830 query : 'OUTP? 2' 
2023-06-06 17:59:58.997066 SRS_SR830 resp  : '-2.05339e-005' 
2023-06-06 17:59:58.998062 SRS_SR830 query : 'SENS?' 
2023-06-06 17:59:59.035067 SRS_SR830 resp  : '15' 
2023-06-06 17:59:59.036075 SRS_SR830 query : 'ISRC?' 
2023-06-06 17:59:59.071732 SRS_SR830 resp  : '1' 
2023-06-06 17:59:59.136562 KEPCO BOP 50-8D write : 'CURR 0.2733' 
2023-06-06 17:59:59.650161 SRS_SR830 query : 'OUTP? 1' 
2023-06-06 17:59:59.708852 SRS_SR830 resp  : '-4.73487e-005' 
2023-06-06 17:59:59.710855 SRS_SR830 query : 'SENS?' 
2023-06-06 17:59:59.748842 SRS_SR830 resp  : '15' 
2023-06-06 17:59:59.749839 SRS_SR830 query : 'ISRC?' 
2023-06-06 17:59:59.786324 SRS_SR830 resp  : '1' 
2023-06-06 17:59:59.786324 SRS_SR830 query : 'OUTP? 2' 
2023-06-06 17:59:59.844433 SRS_SR830 resp  : '-1.95504e-005' 
2023-06-06 17:59:59.844433 SRS_SR830 query : 'SENS?' 
2023-06-06 17:59:59.880313 SRS_SR830 resp  : '15' 
2023-06-06 17:59:59.881282 SRS_SR830 query : 'ISRC?' 
2023-06-06 17:59:59.917132 SRS_SR830 resp  : '1' 
2023-06-06 17:59:59.956225 KEPCO BOP 50-8D write : 'CURR 0.2759' 
2023-06-06 18:00:00.456455 SRS_SR830 query : 'OUTP? 1' 
2023-06-06 18:00:00.514295 SRS_SR830 resp  : '-4.05463e-005' 
2023-06-06 18:00:00.514838 SRS_SR830 query : 'SENS?' 
2023-06-06 18:00:00.552032 SRS_SR830 resp  : '15' 
2023-06-06 18:00:00.552032 SRS_SR830 query : 'ISRC?' 
2023-06-06 18:00:00.586902 SRS_SR830 resp  : '1' 
2023-06-06 18:00:00.586902 SRS_SR830 query : 'OUTP? 2' 
2023-06-06 18:00:00.645236 SRS_SR830 resp  : '-1.42977e-005' 
2023-06-06 18:00:00.646239 SRS_SR830 query : 'SENS?' 
2023-06-06 18:00:00.683518 SRS_SR830 resp  : '15' 
2023-06-06 18:00:00.683518 SRS_SR830 query : 'ISRC?' 
2023-06-06 18:00:00.715859 SRS_SR830 resp  : '1' 
2023-06-06 18:00:00.776022 KEPCO BOP 50-8D write : 'CURR 0.2784' 
2023-06-06 18:00:01.283412 SRS_SR830 query : 'OUTP? 1' 
2023-06-06 18:00:01.340951 SRS_SR830 resp  : '-4.03153e-005' 
2023-06-06 18:00:01.343843 SRS_SR830 query : 'SENS?' 
2023-06-06 18:00:01.380200 SRS_SR830 resp  : '15' 
2023-06-06 18:00:01.380200 SRS_SR830 query : 'ISRC?' 
2023-06-06 18:00:01.416041 SRS_SR830 resp  : '1' 
2023-06-06 18:00:01.417043 SRS_SR830 query : 'OUTP? 2' 
2023-06-06 18:00:01.474827 SRS_SR830 resp  : '-2.08319e-005' 
2023-06-06 18:00:01.474827 SRS_SR830 query : 'SENS?' 
2023-06-06 18:00:01.512805 SRS_SR830 resp  : '15' 
2023-06-06 18:00:01.512805 SRS_SR830 query : 'ISRC?' 
2023-06-06 18:00:01.548055 SRS_SR830 resp  : '1' 
2023-06-06 18:00:01.603908 KEPCO BOP 50-8D write : 'CURR 0.2810' 
2023-06-06 18:00:02.113858 SRS_SR830 query : 'OUTP? 1' 
2023-06-06 18:00:02.171704 SRS_SR830 resp  : '-4.66185e-005' 
2023-06-06 18:00:02.171704 SRS_SR830 query : 'SENS?' 
2023-06-06 18:00:02.209609 SRS_SR830 resp  : '15' 
2023-06-06 18:00:02.210610 SRS_SR830 query : 'ISRC?' 
2023-06-06 18:00:02.245669 SRS_SR830 resp  : '1' 
2023-06-06 18:00:02.247671 SRS_SR830 query : 'OUTP? 2' 
2023-06-06 18:00:02.304885 SRS_SR830 resp  : '-1.94759e-005' 
2023-06-06 18:00:02.305891 SRS_SR830 query : 'SENS?' 
2023-06-06 18:00:02.345102 SRS_SR830 resp  : '15' 
2023-06-06 18:00:02.346051 SRS_SR830 query : 'ISRC?' 
2023-06-06 18:00:02.382001 SRS_SR830 resp  : '1' 
2023-06-06 18:00:02.455521 KEPCO BOP 50-8D write : 'CURR 0.2836' 
2023-06-06 18:00:02.969222 SRS_SR830 query : 'OUTP? 1' 
2023-06-06 18:00:03.028854 SRS_SR830 resp  : '-4.38618e-005' 
2023-06-06 18:00:03.028854 SRS_SR830 query : 'SENS?' 
2023-06-06 18:00:03.066588 SRS_SR830 resp  : '15' 
2023-06-06 18:00:03.067594 SRS_SR830 query : 'ISRC?' 
2023-06-06 18:00:03.103001 SRS_SR830 resp  : '1' 
2023-06-06 18:00:03.103997 SRS_SR830 query : 'OUTP? 2' 
2023-06-06 18:00:03.161098 SRS_SR830 resp  : '-2.53097e-005' 
2023-06-06 18:00:03.162102 SRS_SR830 query : 'SENS?' 
2023-06-06 18:00:03.200216 SRS_SR830 resp  : '15' 
2023-06-06 18:00:03.201213 SRS_SR830 query : 'ISRC?' 
2023-06-06 18:00:03.237097 SRS_SR830 resp  : '1' 
2023-06-06 18:00:03.297938 KEPCO BOP 50-8D write : 'CURR 0.2861' 
2023-06-06 18:00:03.811708 SRS_SR830 query : 'OUTP? 1' 
2023-06-06 18:00:03.871805 SRS_SR830 resp  : '-4.98595e-005' 
2023-06-06 18:00:03.871805 SRS_SR830 query : 'SENS?' 
2023-06-06 18:00:03.909305 SRS_SR830 resp  : '15' 
2023-06-06 18:00:03.909305 SRS_SR830 query : 'ISRC?' 
2023-06-06 18:00:03.945184 SRS_SR830 resp  : '1' 
2023-06-06 18:00:03.945184 SRS_SR830 query : 'OUTP? 2' 
2023-06-06 18:00:04.003275 SRS_SR830 resp  : '-2.69712e-005' 
2023-06-06 18:00:04.003275 SRS_SR830 query : 'SENS?' 
2023-06-06 18:00:04.041764 SRS_SR830 resp  : '15' 
2023-06-06 18:00:04.041764 SRS_SR830 query : 'ISRC?' 
2023-06-06 18:00:04.076960 SRS_SR830 resp  : '1' 
2023-06-06 18:00:04.131847 KEPCO BOP 50-8D write : 'CURR 0.2887' 
2023-06-06 18:00:04.637100 SRS_SR830 query : 'OUTP? 1' 
2023-06-06 18:00:04.694868 SRS_SR830 resp  : '-4.9718e-005' 
2023-06-06 18:00:04.694868 SRS_SR830 query : 'SENS?' 
2023-06-06 18:00:04.733153 SRS_SR830 resp  : '15' 
2023-06-06 18:00:04.733153 SRS_SR830 query : 'ISRC?' 
2023-06-06 18:00:04.768713 SRS_SR830 resp  : '1' 
2023-06-06 18:00:04.770716 SRS_SR830 query : 'OUTP? 2' 
2023-06-06 18:00:04.828822 SRS_SR830 resp  : '-2.53172e-005' 
2023-06-06 18:00:04.828822 SRS_SR830 query : 'SENS?' 
2023-06-06 18:00:04.867360 SRS_SR830 resp  : '15' 
2023-06-06 18:00:04.867360 SRS_SR830 query : 'ISRC?' 
2023-06-06 18:00:04.899948 SRS_SR830 resp  : '1' 
2023-06-06 18:00:04.943921 KEPCO BOP 50-8D write : 'CURR 0.2913' 
2023-06-06 18:00:05.456189 SRS_SR830 query : 'OUTP? 1' 
2023-06-06 18:00:05.514423 SRS_SR830 resp  : '-4.73785e-005' 
2023-06-06 18:00:05.514423 SRS_SR830 query : 'SENS?' 
2023-06-06 18:00:05.554448 SRS_SR830 resp  : '15' 
2023-06-06 18:00:05.555494 SRS_SR830 query : 'ISRC?' 
2023-06-06 18:00:05.592665 SRS_SR830 resp  : '1' 
2023-06-06 18:00:05.593617 SRS_SR830 query : 'OUTP? 2' 
2023-06-06 18:00:05.651321 SRS_SR830 resp  : '-2.12119e-005' 
2023-06-06 18:00:05.652323 SRS_SR830 query : 'SENS?' 
2023-06-06 18:00:05.689201 SRS_SR830 resp  : '15' 
2023-06-06 18:00:05.690204 SRS_SR830 query : 'ISRC?' 
2023-06-06 18:00:05.725098 SRS_SR830 resp  : '1' 
2023-06-06 18:00:05.769043 KEPCO BOP 50-8D write : 'CURR 0.2938' 
2023-06-06 18:00:06.283234 SRS_SR830 query : 'OUTP? 1' 
2023-06-06 18:00:06.342735 SRS_SR830 resp  : '-4.67154e-005' 
2023-06-06 18:00:06.342735 SRS_SR830 query : 'SENS?' 
2023-06-06 18:00:06.380343 SRS_SR830 resp  : '15' 
2023-06-06 18:00:06.380343 SRS_SR830 query : 'ISRC?' 
2023-06-06 18:00:06.416706 SRS_SR830 resp  : '1' 
2023-06-06 18:00:06.417702 SRS_SR830 query : 'OUTP? 2' 
2023-06-06 18:00:06.474958 SRS_SR830 resp  : '-1.75835e-005' 
2023-06-06 18:00:06.475923 SRS_SR830 query : 'SENS?' 
2023-06-06 18:00:06.513478 SRS_SR830 resp  : '15' 
2023-06-06 18:00:06.513478 SRS_SR830 query : 'ISRC?' 
2023-06-06 18:00:06.550268 SRS_SR830 resp  : '1' 
2023-06-06 18:00:06.612133 KEPCO BOP 50-8D write : 'CURR 0.2964' 
2023-06-06 18:00:07.115051 SRS_SR830 query : 'OUTP? 1' 
2023-06-06 18:00:07.175676 SRS_SR830 resp  : '-4.60746e-005' 
2023-06-06 18:00:07.176628 SRS_SR830 query : 'SENS?' 
2023-06-06 18:00:07.213264 SRS_SR830 resp  : '15' 
2023-06-06 18:00:07.213264 SRS_SR830 query : 'ISRC?' 
2023-06-06 18:00:07.248637 SRS_SR830 resp  : '1' 
2023-06-06 18:00:07.248637 SRS_SR830 query : 'OUTP? 2' 
2023-06-06 18:00:07.305047 SRS_SR830 resp  : '-1.67863e-005' 
2023-06-06 18:00:07.305047 SRS_SR830 query : 'SENS?' 
2023-06-06 18:00:07.346741 SRS_SR830 resp  : '15' 
2023-06-06 18:00:07.346741 SRS_SR830 query : 'ISRC?' 
2023-06-06 18:00:07.381991 SRS_SR830 resp  : '1' 
2023-06-06 18:00:07.431246 KEPCO BOP 50-8D write : 'CURR 0.2990' 
2023-06-06 18:00:07.939395 SRS_SR830 query : 'OUTP? 1' 
2023-06-06 18:00:07.993541 SRS_SR830 resp  : '-4.3303e-005' 
2023-06-06 18:00:07.993541 SRS_SR830 query : 'SENS?' 
2023-06-06 18:00:08.033516 SRS_SR830 resp  : '15' 
2023-06-06 18:00:08.034518 SRS_SR830 query : 'ISRC?' 
2023-06-06 18:00:08.069425 SRS_SR830 resp  : '1' 
2023-06-06 18:00:08.069425 SRS_SR830 query : 'OUTP? 2' 
2023-06-06 18:00:08.127146 SRS_SR830 resp  : '-2.26722e-005' 
2023-06-06 18:00:08.127146 SRS_SR830 query : 'SENS?' 
2023-06-06 18:00:08.164023 SRS_SR830 resp  : '15' 
2023-06-06 18:00:08.164023 SRS_SR830 query : 'ISRC?' 
2023-06-06 18:00:08.200788 SRS_SR830 resp  : '1' 
2023-06-06 18:00:08.256531 KEPCO BOP 50-8D write : 'CURR 0.0000' 
